[ 2017-11-25T18:09:48+08:00 ] 113.109.161.203 /Admin/News/ajaxControl.html?flag=selNewsInfo&id=203
INFO: [ app_init ] --START--
INFO: Run Behavior\BuildLiteBehavior [ RunTime:0.000010s ]
INFO: [ app_init ] --END-- [ RunTime:0.000235s ]
INFO: [ app_begin ] --START--
INFO: Run Behavior\ReadHtmlCacheBehavior [ RunTime:0.000264s ]
INFO: [ app_begin ] --END-- [ RunTime:0.000305s ]
NOTIC: [8192] Non-static method Admin\Model\CommonModel::checkHTTP() should not be called statically, assuming $this from incompatible context /var/www/html/amigo/amigo/Admin/Controller/CommonController.class.php 第 23 行.
NOTIC: [8192] Non-static method Admin\Model\CommonModel::setUserID() should not be called statically, assuming $this from incompatible context /var/www/html/amigo/amigo/Admin/Controller/CommonController.class.php 第 24 行.
NOTIC: [8] Undefined index: adminInfo /var/www/html/amigo/amigo/Admin/Model/CommonModel.class.php 第 27 行.
NOTIC: [8] Undefined index: adminInfo /var/www/html/amigo/amigo/Admin/Controller/CommonController.class.php 第 53 行.
SQL: SHOW COLUMNS FROM `market_write_info` [ RunTime:0.0007s ]
SQL: SELECT `app_id`,`app_secret`,`mch_id`,`mch_sectet` FROM `market_write_info` WHERE `relevance_id` = 9 LIMIT 1   [ RunTime:0.0004s ]
SQL: SHOW COLUMNS FROM `market_order_form` [ RunTime:0.0007s ]
SQL: SELECT COUNT(*) AS tp_count FROM `market_order_form` WHERE `status` = 2 AND `is_send_out` = 0 AND `company_id` = 22 AND `relevance_id` = 9 AND `is_control` = 0 LIMIT 1   [ RunTime:0.0004s ]
SQL: SHOW COLUMNS FROM `market_subscribe_order_form` [ RunTime:0.0007s ]
SQL: SELECT COUNT(*) AS tp_count FROM `market_subscribe_order_form` WHERE `status` = 0 AND `company_id` = 22 AND `is_control` = 0 LIMIT 1   [ RunTime:0.0004s ]
SQL: SHOW COLUMNS FROM `market_wechat_refund` [ RunTime:0.0006s ]
SQL: SELECT COUNT(*) AS tp_count FROM `market_wechat_refund` WHERE `status` = 0 AND `company_id` = 0 AND `is_control` = 0 AND `relevance_id` = 9 LIMIT 1   [ RunTime:0.0004s ]
SQL: SELECT COUNT(*) AS tp_count FROM `market_wechat_refund` WHERE `status` = 0 AND `company_id` <> '0' AND `is_control` = 0 AND `relevance_id` = 9 LIMIT 1   [ RunTime:0.0004s ]
SQL: SELECT COUNT(*) AS tp_count FROM `market_wechat_refund` WHERE `status` = 0 AND `company_id` = 22 AND `is_control` = 0 AND `relevance_id` = 9 LIMIT 1   [ RunTime:0.0004s ]
SQL: SHOW COLUMNS FROM `market_news` [ RunTime:0.0006s ]
NOTIC: [8] Undefined index: adminInfo /var/www/html/amigo/amigo/Admin/Model/CommonModel.class.php 第 27 行.
NOTIC: [8192] Non-static method Admin\Controller\CommonController::getCompanyConfig() should not be called statically, assuming $this from incompatible context /var/www/html/amigo/amigo/Admin/Model/CommonModel.class.php 第 21 行.
SQL: SELECT `app_id`,`app_secret`,`mch_id`,`mch_sectet` FROM `market_write_info` WHERE `relevance_id` = 9 LIMIT 1   [ RunTime:0.0004s ]
SQL: SELECT `id`,`title`,`news_name`,`news_logo`,`img_path`,`status`,`addtime`,`news_author`,`is_video`,`news_classify_id`,`video`,`goods_id` FROM `market_news` WHERE `id` = 203 LIMIT 1   [ RunTime:0.0004s ]
SQL: SHOW COLUMNS FROM `market_goods` [ RunTime:0.0006s ]
SQL: SELECT `goods_name` FROM `market_goods` WHERE `id` = 1110 LIMIT 1   [ RunTime:0.0004s ]

[ 2017-11-25T18:09:48+08:00 ] 113.109.161.203 /Admin/Login/companyLogin.html
INFO: [ app_init ] --START--
INFO: Run Behavior\BuildLiteBehavior [ RunTime:0.000010s ]
INFO: [ app_init ] --END-- [ RunTime:0.000233s ]
INFO: [ app_begin ] --START--
INFO: Run Behavior\ReadHtmlCacheBehavior [ RunTime:0.000363s ]
INFO: [ app_begin ] --END-- [ RunTime:0.000400s ]

[ 2017-11-25T18:09:48+08:00 ] 113.109.161.203 /Admin/Index/companyIndex.html
INFO: [ app_init ] --START--
INFO: Run Behavior\BuildLiteBehavior [ RunTime:0.000012s ]
INFO: [ app_init ] --END-- [ RunTime:0.000234s ]
INFO: [ app_begin ] --START--
INFO: Run Behavior\ReadHtmlCacheBehavior [ RunTime:0.000334s ]
INFO: [ app_begin ] --END-- [ RunTime:0.000410s ]
NOTIC: [8192] Non-static method Admin\Model\CommonModel::checkHTTP() should not be called statically, assuming $this from incompatible context /var/www/html/amigo/amigo/Admin/Controller/CommonController.class.php 第 23 行.
NOTIC: [8192] Non-static method Admin\Model\CommonModel::setUserID() should not be called statically, assuming $this from incompatible context /var/www/html/amigo/amigo/Admin/Controller/CommonController.class.php 第 24 行.
NOTIC: [8] Undefined index: adminInfo /var/www/html/amigo/amigo/Admin/Model/CommonModel.class.php 第 27 行.
NOTIC: [8] Undefined index: adminInfo /var/www/html/amigo/amigo/Admin/Controller/CommonController.class.php 第 53 行.
SQL: SHOW COLUMNS FROM `market_write_info` [ RunTime:0.0006s ]
SQL: SELECT `app_id`,`app_secret`,`mch_id`,`mch_sectet` FROM `market_write_info` WHERE `relevance_id` = 9 LIMIT 1   [ RunTime:0.0003s ]
SQL: SHOW COLUMNS FROM `market_order_form` [ RunTime:0.0007s ]
SQL: SELECT COUNT(*) AS tp_count FROM `market_order_form` WHERE `status` = 2 AND `is_send_out` = 0 AND `company_id` = 22 AND `relevance_id` = 9 AND `is_control` = 0 LIMIT 1   [ RunTime:0.0004s ]
SQL: SHOW COLUMNS FROM `market_subscribe_order_form` [ RunTime:0.0006s ]
SQL: SELECT COUNT(*) AS tp_count FROM `market_subscribe_order_form` WHERE `status` = 0 AND `company_id` = 22 AND `is_control` = 0 LIMIT 1   [ RunTime:0.0004s ]
SQL: SHOW COLUMNS FROM `market_wechat_refund` [ RunTime:0.0006s ]
SQL: SELECT COUNT(*) AS tp_count FROM `market_wechat_refund` WHERE `status` = 0 AND `company_id` = 0 AND `is_control` = 0 AND `relevance_id` = 9 LIMIT 1   [ RunTime:0.0003s ]
SQL: SELECT COUNT(*) AS tp_count FROM `market_wechat_refund` WHERE `status` = 0 AND `company_id` <> '0' AND `is_control` = 0 AND `relevance_id` = 9 LIMIT 1   [ RunTime:0.0004s ]
SQL: SELECT COUNT(*) AS tp_count FROM `market_wechat_refund` WHERE `status` = 0 AND `company_id` = 22 AND `is_control` = 0 AND `relevance_id` = 9 LIMIT 1   [ RunTime:0.0003s ]
NOTIC: [8] Undefined index: adminInfo /var/www/html/amigo/amigo/Admin/Model/CommonModel.class.php 第 27 行.
NOTIC: [8192] Non-static method Admin\Controller\CommonController::getCompanyConfig() should not be called statically, assuming $this from incompatible context /var/www/html/amigo/amigo/Admin/Model/CommonModel.class.php 第 21 行.
SQL: SELECT `app_id`,`app_secret`,`mch_id`,`mch_sectet` FROM `market_write_info` WHERE `relevance_id` = 9 LIMIT 1   [ RunTime:0.0004s ]
INFO: [ view_parse ] --START--
INFO: [ template_filter ] --START--
INFO: Run Behavior\ContentReplaceBehavior [ RunTime:0.000069s ]
INFO: [ template_filter ] --END-- [ RunTime:0.000110s ]
SQL: SHOW COLUMNS FROM `market_auth_rule` [ RunTime:0.0006s ]
SQL: SELECT g.rules FROM `market_auth_group_access` AS a INNER JOIN `market_auth_group` AS g ON g.id=a.group_id AND a.uid='41' [ RunTime:0.0004s ]
SQL: SELECT `id` FROM `market_auth_rule` WHERE `parent_id` = 0 ORDER BY control_time desc  [ RunTime:0.0004s ]
SQL: SELECT `id` FROM `market_auth_rule` WHERE `parent_id` = 8 AND `display` = 0 AND `status` = 1 ORDER BY control_time desc  [ RunTime:0.0003s ]
SQL: SELECT `title`,`alias`,`name` FROM `market_auth_rule` WHERE `id` = 8 LIMIT 1   [ RunTime:0.0003s ]
NOTIC: [2] array_intersect(): Argument #1 is not an array /var/www/html/amigo/amigo/Common/Common/function.php 第 137 行.
NOTIC: [2] Invalid argument supplied for foreach() /var/www/html/amigo/amigo/Common/Common/function.php 第 143 行.
SQL: SELECT `id` FROM `market_auth_rule` WHERE `parent_id` = 115 AND `display` = 0 AND `status` = 1 ORDER BY control_time desc  [ RunTime:0.0003s ]
SQL: SELECT `title`,`alias`,`name` FROM `market_auth_rule` WHERE `id` = 115 LIMIT 1   [ RunTime:0.0003s ]
NOTIC: [2] array_intersect(): Argument #1 is not an array /var/www/html/amigo/amigo/Common/Common/function.php 第 137 行.
NOTIC: [2] Invalid argument supplied for foreach() /var/www/html/amigo/amigo/Common/Common/function.php 第 143 行.
SQL: SELECT `id` FROM `market_auth_rule` WHERE `parent_id` = 23 AND `display` = 0 AND `status` = 1 ORDER BY control_time desc  [ RunTime:0.0004s ]
SQL: SELECT `title`,`alias`,`name` FROM `market_auth_rule` WHERE `id` = 23 LIMIT 1   [ RunTime:0.0003s ]
SQL: SELECT `id`,`name`,`alias`,`title` FROM `market_auth_rule` WHERE `id` = 149 LIMIT 1   [ RunTime:0.0006s ]
SQL: SELECT `id`,`name`,`alias`,`title` FROM `market_auth_rule` WHERE `id` = 67 LIMIT 1   [ RunTime:0.0004s ]
SQL: SELECT `id`,`name`,`alias`,`title` FROM `market_auth_rule` WHERE `id` = 64 LIMIT 1   [ RunTime:0.0005s ]
SQL: SELECT `id`,`name`,`alias`,`title` FROM `market_auth_rule` WHERE `id` = 131 LIMIT 1   [ RunTime:0.0005s ]
SQL: SELECT `id`,`name`,`alias`,`title` FROM `market_auth_rule` WHERE `id` = 24 LIMIT 1   [ RunTime:0.0003s ]
SQL: SELECT `id` FROM `market_auth_rule` WHERE `parent_id` = 113 AND `display` = 0 AND `status` = 1 ORDER BY control_time desc  [ RunTime:0.0005s ]
SQL: SELECT `title`,`alias`,`name` FROM `market_auth_rule` WHERE `id` = 113 LIMIT 1   [ RunTime:0.0005s ]
SQL: SELECT `id`,`name`,`alias`,`title` FROM `market_auth_rule` WHERE `id` = 60 LIMIT 1   [ RunTime:0.0003s ]
SQL: SELECT `id`,`name`,`alias`,`title` FROM `market_auth_rule` WHERE `id` = 111 LIMIT 1   [ RunTime:0.0003s ]
SQL: SELECT `id` FROM `market_auth_rule` WHERE `parent_id` = 61 AND `display` = 0 AND `status` = 1 ORDER BY control_time desc  [ RunTime:0.0004s ]
SQL: SELECT `title`,`alias`,`name` FROM `market_auth_rule` WHERE `id` = 61 LIMIT 1   [ RunTime:0.0004s ]
NOTIC: [2] array_intersect(): Argument #1 is not an array /var/www/html/amigo/amigo/Common/Common/function.php 第 137 行.
NOTIC: [2] Invalid argument supplied for foreach() /var/www/html/amigo/amigo/Common/Common/function.php 第 143 行.
SQL: SELECT `id` FROM `market_auth_rule` WHERE `parent_id` = 197 AND `display` = 0 AND `status` = 1 ORDER BY control_time desc  [ RunTime:0.0003s ]
SQL: SELECT `title`,`alias`,`name` FROM `market_auth_rule` WHERE `id` = 197 LIMIT 1   [ RunTime:0.0003s ]
NOTIC: [2] array_intersect(): Argument #1 is not an array /var/www/html/amigo/amigo/Common/Common/function.php 第 137 行.
NOTIC: [2] Invalid argument supplied for foreach() /var/www/html/amigo/amigo/Common/Common/function.php 第 143 行.
SQL: SELECT `id` FROM `market_auth_rule` WHERE `parent_id` = 135 AND `display` = 0 AND `status` = 1 ORDER BY control_time desc  [ RunTime:0.0004s ]
SQL: SELECT `title`,`alias`,`name` FROM `market_auth_rule` WHERE `id` = 135 LIMIT 1   [ RunTime:0.0003s ]
SQL: SELECT `id`,`name`,`alias`,`title` FROM `market_auth_rule` WHERE `id` = 136 LIMIT 1   [ RunTime:0.0003s ]
SQL: SELECT `id` FROM `market_auth_rule` WHERE `parent_id` = 140 AND `display` = 0 AND `status` = 1 ORDER BY control_time desc  [ RunTime:0.0004s ]
SQL: SELECT `title`,`alias`,`name` FROM `market_auth_rule` WHERE `id` = 140 LIMIT 1   [ RunTime:0.0003s ]
INFO: Run Behavior\ParseTemplateBehavior [ RunTime:0.023135s ]
INFO: [ view_parse ] --END-- [ RunTime:0.023167s ]
INFO: [ view_filter ] --START--
INFO: Run Behavior\WriteHtmlCacheBehavior [ RunTime:0.000193s ]
INFO: Run Behavior\TokenBuildBehavior [ RunTime:0.000176s ]
INFO: [ view_filter ] --END-- [ RunTime:0.000421s ]
INFO: [ app_end ] --START--
INFO: Run Behavior\ShowPageTraceBehavior [ RunTime:0.000588s ]
INFO: [ app_end ] --END-- [ RunTime:0.000652s ]

[ 2017-11-25T18:10:14+08:00 ] 113.109.161.203 /Admin/News/companyNewsUpdate.html?id=203
INFO: [ app_init ] --START--
INFO: Run Behavior\BuildLiteBehavior [ RunTime:0.000014s ]
INFO: [ app_init ] --END-- [ RunTime:0.000290s ]
INFO: [ app_begin ] --START--
INFO: Run Behavior\ReadHtmlCacheBehavior [ RunTime:0.000373s ]
INFO: [ app_begin ] --END-- [ RunTime:0.000413s ]
NOTIC: [8192] Non-static method Admin\Model\CommonModel::checkHTTP() should not be called statically, assuming $this from incompatible context /var/www/html/amigo/amigo/Admin/Controller/CommonController.class.php 第 23 行.
NOTIC: [8192] Non-static method Admin\Model\CommonModel::setUserID() should not be called statically, assuming $this from incompatible context /var/www/html/amigo/amigo/Admin/Controller/CommonController.class.php 第 24 行.
NOTIC: [8] Undefined index: adminInfo /var/www/html/amigo/amigo/Admin/Model/CommonModel.class.php 第 27 行.
NOTIC: [8] Undefined index: adminInfo /var/www/html/amigo/amigo/Admin/Controller/CommonController.class.php 第 53 行.
SQL: SHOW COLUMNS FROM `market_write_info` [ RunTime:0.0006s ]
SQL: SELECT `app_id`,`app_secret`,`mch_id`,`mch_sectet` FROM `market_write_info` WHERE `relevance_id` = 9 LIMIT 1   [ RunTime:0.0004s ]
SQL: SHOW COLUMNS FROM `market_order_form` [ RunTime:0.0007s ]
SQL: SELECT COUNT(*) AS tp_count FROM `market_order_form` WHERE `status` = 2 AND `is_send_out` = 0 AND `company_id` = 22 AND `relevance_id` = 9 AND `is_control` = 0 LIMIT 1   [ RunTime:0.0004s ]
SQL: SHOW COLUMNS FROM `market_subscribe_order_form` [ RunTime:0.0006s ]
SQL: SELECT COUNT(*) AS tp_count FROM `market_subscribe_order_form` WHERE `status` = 0 AND `company_id` = 22 AND `is_control` = 0 LIMIT 1   [ RunTime:0.0004s ]
SQL: SHOW COLUMNS FROM `market_wechat_refund` [ RunTime:0.0005s ]
SQL: SELECT COUNT(*) AS tp_count FROM `market_wechat_refund` WHERE `status` = 0 AND `company_id` = 0 AND `is_control` = 0 AND `relevance_id` = 9 LIMIT 1   [ RunTime:0.0003s ]
SQL: SELECT COUNT(*) AS tp_count FROM `market_wechat_refund` WHERE `status` = 0 AND `company_id` <> '0' AND `is_control` = 0 AND `relevance_id` = 9 LIMIT 1   [ RunTime:0.0003s ]
SQL: SELECT COUNT(*) AS tp_count FROM `market_wechat_refund` WHERE `status` = 0 AND `company_id` = 22 AND `is_control` = 0 AND `relevance_id` = 9 LIMIT 1   [ RunTime:0.0003s ]
SQL: SHOW COLUMNS FROM `market_news` [ RunTime:0.0009s ]
NOTIC: [8] Undefined index: adminInfo /var/www/html/amigo/amigo/Admin/Model/CommonModel.class.php 第 27 行.
NOTIC: [8192] Non-static method Admin\Controller\CommonController::getCompanyConfig() should not be called statically, assuming $this from incompatible context /var/www/html/amigo/amigo/Admin/Model/CommonModel.class.php 第 21 行.
SQL: SELECT `app_id`,`app_secret`,`mch_id`,`mch_sectet` FROM `market_write_info` WHERE `relevance_id` = 9 LIMIT 1   [ RunTime:0.0004s ]
NOTIC: [8] Undefined index: validate /var/www/html/amigo/ThinkPHP/Library/Think/Model.class.php 第 1186 行.
NOTIC: [8] Undefined index: auto /var/www/html/amigo/ThinkPHP/Library/Think/Model.class.php 第 1129 行.
NOTIC: [8] Undefined index: video /var/www/html/amigo/amigo/Admin/Model/NewsModel.class.php 第 237 行.
SQL: UPDATE `market_news` SET `news_name`='阿密购品牌发展计划 绿意分类环保推广',`news_author`='小密',`title`='推广分类环保，传承美德，关爱下一代！',`is_video`='0',`news_classify_id`='73',`goods_id`='1110',`img_path`='&lt;p&gt;&lt;img src=&quot;http://company.chinaimigo.com/Public/JS/module/ueditor/php/./upload1/20171125/1511604078551925.jpg&quot; style=&quot;float:none;&quot; title=&quot;1.jpg&quot;/&gt;&lt;/p&gt;&lt;p&gt;&lt;img src=&quot;http://company.chinaimigo.com/Public/JS/module/ueditor/php/./upload1/20171125/1511604610592650.jpg&quot; style=&quot;float:none;&quot; title=&quot;1.jpg&quot;/&gt;&lt;/p&gt;&lt;p&gt;&lt;img src=&quot;http://company.chinaimigo.com/Public/JS/module/ueditor/php/./upload1/20171125/1511604610191606.jpg&quot; style=&quot;float:none;&quot; title=&quot;2.jpg&quot;/&gt;&lt;/p&gt;&lt;p&gt;&lt;img src=&quot;http://company.chinaimigo.com/Public/JS/module/ueditor/php/./upload1/20171125/1511604610540196.jpg&quot; style=&quot;float:none;&quot; title=&quot;3.jpg&quot;/&gt;&lt;/p&gt;&lt;p&gt;&lt;img src=&quot;http://company.chinaimigo.com/Public/JS/module/ueditor/php/./upload1/20171125/1511604610788514.jpg&quot; style=&quot;float:none;&quot; title=&quot;4.jpg&quot;/&gt;&lt;/p&gt;&lt;p&gt;&lt;img src=&quot;http://company.chinaimigo.com/Public/JS/module/ueditor/php/./upload1/20171125/1511604610168903.jpg&quot; style=&quot;float:none;&quot; title=&quot;5.jpg&quot;/&gt;&lt;/p&gt;&lt;p&gt;&amp;nbsp; &amp;nbsp; &amp;nbsp; &amp;nbsp; &amp;nbsp; &amp;nbsp; &amp;nbsp; &amp;nbsp; &amp;nbsp; &amp;nbsp; &amp;nbsp;&amp;nbsp;&lt;br/&gt;&lt;/p&gt;',`addtime`='1511604614',`control_time`='1511604614',`relevance_id`='9',`category_id`='3',`company_id`='22' WHERE `id` = 203 [ RunTime:0.0005s ]

[ 2017-11-25T18:10:17+08:00 ] 113.109.161.203 /Admin/Login/companyLogin.html
INFO: [ app_init ] --START--
INFO: Run Behavior\BuildLiteBehavior [ RunTime:0.000012s ]
INFO: [ app_init ] --END-- [ RunTime:0.000243s ]
INFO: [ app_begin ] --START--
INFO: Run Behavior\ReadHtmlCacheBehavior [ RunTime:0.000364s ]
INFO: [ app_begin ] --END-- [ RunTime:0.000396s ]

[ 2017-11-25T18:10:17+08:00 ] 113.109.161.203 /Admin/Index/companyIndex.html
INFO: [ app_init ] --START--
INFO: Run Behavior\BuildLiteBehavior [ RunTime:0.000011s ]
INFO: [ app_init ] --END-- [ RunTime:0.000207s ]
INFO: [ app_begin ] --START--
INFO: Run Behavior\ReadHtmlCacheBehavior [ RunTime:0.000268s ]
INFO: [ app_begin ] --END-- [ RunTime:0.000300s ]
NOTIC: [8192] Non-static method Admin\Model\CommonModel::checkHTTP() should not be called statically, assuming $this from incompatible context /var/www/html/amigo/amigo/Admin/Controller/CommonController.class.php 第 23 行.
NOTIC: [8192] Non-static method Admin\Model\CommonModel::setUserID() should not be called statically, assuming $this from incompatible context /var/www/html/amigo/amigo/Admin/Controller/CommonController.class.php 第 24 行.
NOTIC: [8] Undefined index: adminInfo /var/www/html/amigo/amigo/Admin/Model/CommonModel.class.php 第 27 行.
NOTIC: [8] Undefined index: adminInfo /var/www/html/amigo/amigo/Admin/Controller/CommonController.class.php 第 53 行.
SQL: SHOW COLUMNS FROM `market_write_info` [ RunTime:0.0007s ]
SQL: SELECT `app_id`,`app_secret`,`mch_id`,`mch_sectet` FROM `market_write_info` WHERE `relevance_id` = 9 LIMIT 1   [ RunTime:0.0004s ]
SQL: SHOW COLUMNS FROM `market_order_form` [ RunTime:0.0007s ]
SQL: SELECT COUNT(*) AS tp_count FROM `market_order_form` WHERE `status` = 2 AND `is_send_out` = 0 AND `company_id` = 22 AND `relevance_id` = 9 AND `is_control` = 0 LIMIT 1   [ RunTime:0.0004s ]
SQL: SHOW COLUMNS FROM `market_subscribe_order_form` [ RunTime:0.0006s ]
SQL: SELECT COUNT(*) AS tp_count FROM `market_subscribe_order_form` WHERE `status` = 0 AND `company_id` = 22 AND `is_control` = 0 LIMIT 1   [ RunTime:0.0004s ]
SQL: SHOW COLUMNS FROM `market_wechat_refund` [ RunTime:0.0006s ]
SQL: SELECT COUNT(*) AS tp_count FROM `market_wechat_refund` WHERE `status` = 0 AND `company_id` = 0 AND `is_control` = 0 AND `relevance_id` = 9 LIMIT 1   [ RunTime:0.0004s ]
SQL: SELECT COUNT(*) AS tp_count FROM `market_wechat_refund` WHERE `status` = 0 AND `company_id` <> '0' AND `is_control` = 0 AND `relevance_id` = 9 LIMIT 1   [ RunTime:0.0004s ]
SQL: SELECT COUNT(*) AS tp_count FROM `market_wechat_refund` WHERE `status` = 0 AND `company_id` = 22 AND `is_control` = 0 AND `relevance_id` = 9 LIMIT 1   [ RunTime:0.0003s ]
NOTIC: [8] Undefined index: adminInfo /var/www/html/amigo/amigo/Admin/Model/CommonModel.class.php 第 27 行.
NOTIC: [8192] Non-static method Admin\Controller\CommonController::getCompanyConfig() should not be called statically, assuming $this from incompatible context /var/www/html/amigo/amigo/Admin/Model/CommonModel.class.php 第 21 行.
SQL: SELECT `app_id`,`app_secret`,`mch_id`,`mch_sectet` FROM `market_write_info` WHERE `relevance_id` = 9 LIMIT 1   [ RunTime:0.0004s ]
INFO: [ view_parse ] --START--
INFO: [ template_filter ] --START--
INFO: Run Behavior\ContentReplaceBehavior [ RunTime:0.000074s ]
INFO: [ template_filter ] --END-- [ RunTime:0.000118s ]
SQL: SHOW COLUMNS FROM `market_auth_rule` [ RunTime:0.0006s ]
SQL: SELECT g.rules FROM `market_auth_group_access` AS a INNER JOIN `market_auth_group` AS g ON g.id=a.group_id AND a.uid='41' [ RunTime:0.0004s ]
SQL: SELECT `id` FROM `market_auth_rule` WHERE `parent_id` = 0 ORDER BY control_time desc  [ RunTime:0.0005s ]
SQL: SELECT `id` FROM `market_auth_rule` WHERE `parent_id` = 8 AND `display` = 0 AND `status` = 1 ORDER BY control_time desc  [ RunTime:0.0003s ]
SQL: SELECT `title`,`alias`,`name` FROM `market_auth_rule` WHERE `id` = 8 LIMIT 1   [ RunTime:0.0003s ]
NOTIC: [2] array_intersect(): Argument #1 is not an array /var/www/html/amigo/amigo/Common/Common/function.php 第 137 行.
NOTIC: [2] Invalid argument supplied for foreach() /var/www/html/amigo/amigo/Common/Common/function.php 第 143 行.
SQL: SELECT `id` FROM `market_auth_rule` WHERE `parent_id` = 115 AND `display` = 0 AND `status` = 1 ORDER BY control_time desc  [ RunTime:0.0004s ]
SQL: SELECT `title`,`alias`,`name` FROM `market_auth_rule` WHERE `id` = 115 LIMIT 1   [ RunTime:0.0003s ]
NOTIC: [2] array_intersect(): Argument #1 is not an array /var/www/html/amigo/amigo/Common/Common/function.php 第 137 行.
NOTIC: [2] Invalid argument supplied for foreach() /var/www/html/amigo/amigo/Common/Common/function.php 第 143 行.
SQL: SELECT `id` FROM `market_auth_rule` WHERE `parent_id` = 23 AND `display` = 0 AND `status` = 1 ORDER BY control_time desc  [ RunTime:0.0004s ]
SQL: SELECT `title`,`alias`,`name` FROM `market_auth_rule` WHERE `id` = 23 LIMIT 1   [ RunTime:0.0003s ]
SQL: SELECT `id`,`name`,`alias`,`title` FROM `market_auth_rule` WHERE `id` = 149 LIMIT 1   [ RunTime:0.0003s ]
SQL: SELECT `id`,`name`,`alias`,`title` FROM `market_auth_rule` WHERE `id` = 67 LIMIT 1   [ RunTime:0.0003s ]
SQL: SELECT `id`,`name`,`alias`,`title` FROM `market_auth_rule` WHERE `id` = 64 LIMIT 1   [ RunTime:0.0003s ]
SQL: SELECT `id`,`name`,`alias`,`title` FROM `market_auth_rule` WHERE `id` = 131 LIMIT 1   [ RunTime:0.0003s ]
SQL: SELECT `id`,`name`,`alias`,`title` FROM `market_auth_rule` WHERE `id` = 24 LIMIT 1   [ RunTime:0.0003s ]
SQL: SELECT `id` FROM `market_auth_rule` WHERE `parent_id` = 113 AND `display` = 0 AND `status` = 1 ORDER BY control_time desc  [ RunTime:0.0004s ]
SQL: SELECT `title`,`alias`,`name` FROM `market_auth_rule` WHERE `id` = 113 LIMIT 1   [ RunTime:0.0004s ]
SQL: SELECT `id`,`name`,`alias`,`title` FROM `market_auth_rule` WHERE `id` = 60 LIMIT 1   [ RunTime:0.0003s ]
SQL: SELECT `id`,`name`,`alias`,`title` FROM `market_auth_rule` WHERE `id` = 111 LIMIT 1   [ RunTime:0.0003s ]
SQL: SELECT `id` FROM `market_auth_rule` WHERE `parent_id` = 61 AND `display` = 0 AND `status` = 1 ORDER BY control_time desc  [ RunTime:0.0004s ]
SQL: SELECT `title`,`alias`,`name` FROM `market_auth_rule` WHERE `id` = 61 LIMIT 1   [ RunTime:0.0003s ]
NOTIC: [2] array_intersect(): Argument #1 is not an array /var/www/html/amigo/amigo/Common/Common/function.php 第 137 行.
NOTIC: [2] Invalid argument supplied for foreach() /var/www/html/amigo/amigo/Common/Common/function.php 第 143 行.
SQL: SELECT `id` FROM `market_auth_rule` WHERE `parent_id` = 197 AND `display` = 0 AND `status` = 1 ORDER BY control_time desc  [ RunTime:0.0003s ]
SQL: SELECT `title`,`alias`,`name` FROM `market_auth_rule` WHERE `id` = 197 LIMIT 1   [ RunTime:0.0003s ]
NOTIC: [2] array_intersect(): Argument #1 is not an array /var/www/html/amigo/amigo/Common/Common/function.php 第 137 行.
NOTIC: [2] Invalid argument supplied for foreach() /var/www/html/amigo/amigo/Common/Common/function.php 第 143 行.
SQL: SELECT `id` FROM `market_auth_rule` WHERE `parent_id` = 135 AND `display` = 0 AND `status` = 1 ORDER BY control_time desc  [ RunTime:0.0004s ]
SQL: SELECT `title`,`alias`,`name` FROM `market_auth_rule` WHERE `id` = 135 LIMIT 1   [ RunTime:0.0003s ]
SQL: SELECT `id`,`name`,`alias`,`title` FROM `market_auth_rule` WHERE `id` = 136 LIMIT 1   [ RunTime:0.0003s ]
SQL: SELECT `id` FROM `market_auth_rule` WHERE `parent_id` = 140 AND `display` = 0 AND `status` = 1 ORDER BY control_time desc  [ RunTime:0.0004s ]
SQL: SELECT `title`,`alias`,`name` FROM `market_auth_rule` WHERE `id` = 140 LIMIT 1   [ RunTime:0.0003s ]
INFO: Run Behavior\ParseTemplateBehavior [ RunTime:0.021817s ]
INFO: [ view_parse ] --END-- [ RunTime:0.021868s ]
INFO: [ view_filter ] --START--
INFO: Run Behavior\WriteHtmlCacheBehavior [ RunTime:0.000251s ]
INFO: Run Behavior\TokenBuildBehavior [ RunTime:0.000190s ]
INFO: [ view_filter ] --END-- [ RunTime:0.000505s ]
INFO: [ app_end ] --START--
INFO: Run Behavior\ShowPageTraceBehavior [ RunTime:0.000581s ]
INFO: [ app_end ] --END-- [ RunTime:0.000678s ]

[ 2017-11-25T18:56:06+08:00 ] 101.226.68.215 /Admin/Index/projectIndex/module/1.html
INFO: [ app_init ] --START--
INFO: Run Behavior\BuildLiteBehavior [ RunTime:0.000013s ]
INFO: [ app_init ] --END-- [ RunTime:0.000251s ]
INFO: [ app_begin ] --START--
INFO: Run Behavior\ReadHtmlCacheBehavior [ RunTime:0.000279s ]
INFO: [ app_begin ] --END-- [ RunTime:0.000318s ]
NOTIC: [8192] Non-static method Admin\Model\CommonModel::checkHTTP() should not be called statically, assuming $this from incompatible context /var/www/html/amigo/amigo/Admin/Controller/CommonController.class.php 第 23 行.
NOTIC: [8] Undefined index: HTTP_REFERER /var/www/html/amigo/amigo/Admin/Model/CommonModel.class.php 第 42 行.
NOTIC: [8] Undefined offset: 2 /var/www/html/amigo/amigo/Admin/Model/CommonModel.class.php 第 42 行.
NOTIC: [8192] Non-static method Admin\Model\CommonModel::setUserID() should not be called statically, assuming $this from incompatible context /var/www/html/amigo/amigo/Admin/Controller/CommonController.class.php 第 24 行.
NOTIC: [8] Undefined index: adminInfo /var/www/html/amigo/amigo/Admin/Model/CommonModel.class.php 第 27 行.
NOTIC: [8] Undefined index: companyInfo /var/www/html/amigo/amigo/Admin/Model/CommonModel.class.php 第 29 行.
NOTIC: [8] Undefined index: marketInfo /var/www/html/amigo/amigo/Admin/Model/CommonModel.class.php 第 31 行.
NOTIC: [8] Undefined index: adminInfo /var/www/html/amigo/amigo/Admin/Controller/CommonController.class.php 第 53 行.
NOTIC: [8] Undefined index: companyInfo /var/www/html/amigo/amigo/Admin/Controller/CommonController.class.php 第 59 行.
NOTIC: [8] Undefined index: marketInfo /var/www/html/amigo/amigo/Admin/Controller/CommonController.class.php 第 67 行.
SQL: SHOW COLUMNS FROM `market_company` [ RunTime:0.0007s ]
SQL: UPDATE `market_company` SET `status`='1' WHERE `end_time` < 1511607366 [ RunTime:0.0004s ]

[ 2017-11-25T18:56:06+08:00 ] 101.226.68.215 /Admin/Login/projectLogin.html
INFO: [ app_init ] --START--
INFO: Run Behavior\BuildLiteBehavior [ RunTime:0.000015s ]
INFO: [ app_init ] --END-- [ RunTime:0.000290s ]
INFO: [ app_begin ] --START--
INFO: Run Behavior\ReadHtmlCacheBehavior [ RunTime:0.000379s ]
INFO: [ app_begin ] --END-- [ RunTime:0.000421s ]
NOTIC: [8] Undefined index: marketInfo /var/www/html/amigo/amigo/Admin/Controller/LoginController.class.php 第 104 行.
INFO: [ view_parse ] --START--
INFO: [ template_filter ] --START--
INFO: Run Behavior\ContentReplaceBehavior [ RunTime:0.000043s ]
INFO: [ template_filter ] --END-- [ RunTime:0.000081s ]
INFO: Run Behavior\ParseTemplateBehavior [ RunTime:0.004676s ]
INFO: [ view_parse ] --END-- [ RunTime:0.004717s ]
INFO: [ view_filter ] --START--
INFO: Run Behavior\WriteHtmlCacheBehavior [ RunTime:0.000087s ]
INFO: Run Behavior\TokenBuildBehavior [ RunTime:0.000201s ]
INFO: [ view_filter ] --END-- [ RunTime:0.000331s ]
INFO: [ app_end ] --START--
INFO: Run Behavior\ShowPageTraceBehavior [ RunTime:0.000321s ]
INFO: [ app_end ] --END-- [ RunTime:0.000355s ]

[ 2017-11-25T19:00:45+08:00 ] 183.57.53.222 /Admin/OrderForm/orderInfo/id/423.html
INFO: [ app_init ] --START--
INFO: Run Behavior\BuildLiteBehavior [ RunTime:0.000011s ]
INFO: [ app_init ] --END-- [ RunTime:0.000241s ]
INFO: [ app_begin ] --START--
INFO: Run Behavior\ReadHtmlCacheBehavior [ RunTime:0.000262s ]
INFO: [ app_begin ] --END-- [ RunTime:0.000294s ]
NOTIC: [8192] Non-static method Admin\Model\CommonModel::checkHTTP() should not be called statically, assuming $this from incompatible context /var/www/html/amigo/amigo/Admin/Controller/CommonController.class.php 第 23 行.
NOTIC: [8] Undefined index: HTTP_REFERER /var/www/html/amigo/amigo/Admin/Model/CommonModel.class.php 第 42 行.
NOTIC: [8] Undefined offset: 2 /var/www/html/amigo/amigo/Admin/Model/CommonModel.class.php 第 42 行.
NOTIC: [8192] Non-static method Admin\Model\CommonModel::setUserID() should not be called statically, assuming $this from incompatible context /var/www/html/amigo/amigo/Admin/Controller/CommonController.class.php 第 24 行.
NOTIC: [8] Undefined index: adminInfo /var/www/html/amigo/amigo/Admin/Model/CommonModel.class.php 第 27 行.
NOTIC: [8] Undefined index: companyInfo /var/www/html/amigo/amigo/Admin/Model/CommonModel.class.php 第 29 行.
NOTIC: [8] Undefined index: marketInfo /var/www/html/amigo/amigo/Admin/Model/CommonModel.class.php 第 31 行.
NOTIC: [8] Undefined index: adminInfo /var/www/html/amigo/amigo/Admin/Controller/CommonController.class.php 第 53 行.
NOTIC: [8] Undefined index: companyInfo /var/www/html/amigo/amigo/Admin/Controller/CommonController.class.php 第 59 行.
NOTIC: [8] Undefined index: marketInfo /var/www/html/amigo/amigo/Admin/Controller/CommonController.class.php 第 67 行.
SQL: SHOW COLUMNS FROM `market_company` [ RunTime:0.0008s ]
SQL: UPDATE `market_company` SET `status`='1' WHERE `end_time` < 1511607645 [ RunTime:0.0004s ]

[ 2017-11-25T19:00:45+08:00 ] 183.57.53.222 /Admin/Login/companyLogin.html
INFO: [ app_init ] --START--
INFO: Run Behavior\BuildLiteBehavior [ RunTime:0.000018s ]
INFO: [ app_init ] --END-- [ RunTime:0.000323s ]
INFO: [ app_begin ] --START--
INFO: Run Behavior\ReadHtmlCacheBehavior [ RunTime:0.000270s ]
INFO: [ app_begin ] --END-- [ RunTime:0.000364s ]
NOTIC: [8] Undefined index: companyInfo /var/www/html/amigo/amigo/Admin/Controller/LoginController.class.php 第 131 行.
INFO: [ view_parse ] --START--
INFO: [ template_filter ] --START--
INFO: Run Behavior\ContentReplaceBehavior [ RunTime:0.000037s ]
INFO: [ template_filter ] --END-- [ RunTime:0.000073s ]
INFO: Run Behavior\ParseTemplateBehavior [ RunTime:0.004586s ]
INFO: [ view_parse ] --END-- [ RunTime:0.004627s ]
INFO: [ view_filter ] --START--
INFO: Run Behavior\WriteHtmlCacheBehavior [ RunTime:0.000087s ]
INFO: Run Behavior\TokenBuildBehavior [ RunTime:0.000152s ]
INFO: [ view_filter ] --END-- [ RunTime:0.000278s ]
INFO: [ app_end ] --START--
INFO: Run Behavior\ShowPageTraceBehavior [ RunTime:0.000276s ]
INFO: [ app_end ] --END-- [ RunTime:0.000303s ]

[ 2017-11-25T19:09:04+08:00 ] 113.109.161.203 /Admin/Goods/goodsAdd.html
INFO: [ app_init ] --START--
INFO: Run Behavior\BuildLiteBehavior [ RunTime:0.000042s ]
INFO: [ app_init ] --END-- [ RunTime:0.000261s ]
INFO: [ app_begin ] --START--
INFO: Run Behavior\ReadHtmlCacheBehavior [ RunTime:0.000276s ]
INFO: [ app_begin ] --END-- [ RunTime:0.000309s ]
NOTIC: [8192] Non-static method Admin\Model\CommonModel::checkHTTP() should not be called statically, assuming $this from incompatible context /var/www/html/amigo/amigo/Admin/Controller/CommonController.class.php 第 23 行.
NOTIC: [8] Undefined index: HTTP_REFERER /var/www/html/amigo/amigo/Admin/Model/CommonModel.class.php 第 42 行.
NOTIC: [8] Undefined offset: 2 /var/www/html/amigo/amigo/Admin/Model/CommonModel.class.php 第 42 行.
NOTIC: [8192] Non-static method Admin\Model\CommonModel::setUserID() should not be called statically, assuming $this from incompatible context /var/www/html/amigo/amigo/Admin/Controller/CommonController.class.php 第 24 行.
NOTIC: [8] Undefined index: adminInfo /var/www/html/amigo/amigo/Admin/Model/CommonModel.class.php 第 27 行.
NOTIC: [8] Undefined index: companyInfo /var/www/html/amigo/amigo/Admin/Model/CommonModel.class.php 第 29 行.
NOTIC: [8] Undefined index: marketInfo /var/www/html/amigo/amigo/Admin/Model/CommonModel.class.php 第 31 行.
NOTIC: [8] Undefined index: adminInfo /var/www/html/amigo/amigo/Admin/Controller/CommonController.class.php 第 53 行.
NOTIC: [8] Undefined index: companyInfo /var/www/html/amigo/amigo/Admin/Controller/CommonController.class.php 第 59 行.
NOTIC: [8] Undefined index: marketInfo /var/www/html/amigo/amigo/Admin/Controller/CommonController.class.php 第 67 行.
SQL: SHOW COLUMNS FROM `market_company` [ RunTime:0.0008s ]
SQL: UPDATE `market_company` SET `status`='1' WHERE `end_time` < 1511608144 [ RunTime:0.0004s ]

[ 2017-11-25T19:09:04+08:00 ] 113.109.161.203 /Admin/Login/companyLogin.html
INFO: [ app_init ] --START--
INFO: Run Behavior\BuildLiteBehavior [ RunTime:0.000012s ]
INFO: [ app_init ] --END-- [ RunTime:0.000246s ]
INFO: [ app_begin ] --START--
INFO: Run Behavior\ReadHtmlCacheBehavior [ RunTime:0.000359s ]
INFO: [ app_begin ] --END-- [ RunTime:0.000405s ]
NOTIC: [8] Undefined index: companyInfo /var/www/html/amigo/amigo/Admin/Controller/LoginController.class.php 第 131 行.
INFO: [ view_parse ] --START--
INFO: [ template_filter ] --START--
INFO: Run Behavior\ContentReplaceBehavior [ RunTime:0.000038s ]
INFO: [ template_filter ] --END-- [ RunTime:0.000080s ]
INFO: Run Behavior\ParseTemplateBehavior [ RunTime:0.004321s ]
INFO: [ view_parse ] --END-- [ RunTime:0.004359s ]
INFO: [ view_filter ] --START--
INFO: Run Behavior\WriteHtmlCacheBehavior [ RunTime:0.000112s ]
INFO: Run Behavior\TokenBuildBehavior [ RunTime:0.000231s ]
INFO: [ view_filter ] --END-- [ RunTime:0.000403s ]
INFO: [ app_end ] --START--
INFO: Run Behavior\ShowPageTraceBehavior [ RunTime:0.000405s ]
INFO: [ app_end ] --END-- [ RunTime:0.000437s ]

[ 2017-11-25T19:09:04+08:00 ] 113.109.161.203 /Admin/Login/companyLogin.html
INFO: [ app_init ] --START--
INFO: Run Behavior\BuildLiteBehavior [ RunTime:0.000014s ]
INFO: [ app_init ] --END-- [ RunTime:0.000225s ]
INFO: [ app_begin ] --START--
INFO: Run Behavior\ReadHtmlCacheBehavior [ RunTime:0.000340s ]
INFO: [ app_begin ] --END-- [ RunTime:0.000375s ]
NOTIC: [8] Undefined index: companyInfo /var/www/html/amigo/amigo/Admin/Controller/LoginController.class.php 第 131 行.
INFO: [ view_parse ] --START--
INFO: [ template_filter ] --START--
INFO: Run Behavior\ContentReplaceBehavior [ RunTime:0.000057s ]
INFO: [ template_filter ] --END-- [ RunTime:0.000103s ]
INFO: Run Behavior\ParseTemplateBehavior [ RunTime:0.004331s ]
INFO: [ view_parse ] --END-- [ RunTime:0.004360s ]
INFO: [ view_filter ] --START--
INFO: Run Behavior\WriteHtmlCacheBehavior [ RunTime:0.000111s ]
INFO: Run Behavior\TokenBuildBehavior [ RunTime:0.000178s ]
INFO: [ view_filter ] --END-- [ RunTime:0.000349s ]
INFO: [ app_end ] --START--
INFO: Run Behavior\ShowPageTraceBehavior [ RunTime:0.000410s ]
INFO: [ app_end ] --END-- [ RunTime:0.000454s ]

[ 2017-11-25T19:44:17+08:00 ] 112.90.82.218 /Admin/Login/companyLogin.html
INFO: [ app_init ] --START--
INFO: Run Behavior\BuildLiteBehavior [ RunTime:0.000013s ]
INFO: [ app_init ] --END-- [ RunTime:0.000316s ]
INFO: [ app_begin ] --START--
INFO: Run Behavior\ReadHtmlCacheBehavior [ RunTime:0.000376s ]
INFO: [ app_begin ] --END-- [ RunTime:0.000420s ]
NOTIC: [8] Undefined index: companyInfo /var/www/html/amigo/amigo/Admin/Controller/LoginController.class.php 第 131 行.
INFO: [ view_parse ] --START--
INFO: [ template_filter ] --START--
INFO: Run Behavior\ContentReplaceBehavior [ RunTime:0.000056s ]
INFO: [ template_filter ] --END-- [ RunTime:0.000118s ]
INFO: Run Behavior\ParseTemplateBehavior [ RunTime:0.005519s ]
INFO: [ view_parse ] --END-- [ RunTime:0.005577s ]
INFO: [ view_filter ] --START--
INFO: Run Behavior\WriteHtmlCacheBehavior [ RunTime:0.000107s ]
INFO: Run Behavior\TokenBuildBehavior [ RunTime:0.000278s ]
INFO: [ view_filter ] --END-- [ RunTime:0.000445s ]
INFO: [ app_end ] --START--
INFO: Run Behavior\ShowPageTraceBehavior [ RunTime:0.000399s ]
INFO: [ app_end ] --END-- [ RunTime:0.000439s ]

[ 2017-11-25T19:44:17+08:00 ] 101.226.68.215 /Admin/Goods/goodsAdd.html
INFO: [ app_init ] --START--
INFO: Run Behavior\BuildLiteBehavior [ RunTime:0.000016s ]
INFO: [ app_init ] --END-- [ RunTime:0.000310s ]
INFO: [ app_begin ] --START--
INFO: Run Behavior\ReadHtmlCacheBehavior [ RunTime:0.000387s ]
INFO: [ app_begin ] --END-- [ RunTime:0.000431s ]
NOTIC: [8192] Non-static method Admin\Model\CommonModel::checkHTTP() should not be called statically, assuming $this from incompatible context /var/www/html/amigo/amigo/Admin/Controller/CommonController.class.php 第 23 行.
NOTIC: [8] Undefined index: HTTP_REFERER /var/www/html/amigo/amigo/Admin/Model/CommonModel.class.php 第 42 行.
NOTIC: [8] Undefined offset: 2 /var/www/html/amigo/amigo/Admin/Model/CommonModel.class.php 第 42 行.
NOTIC: [8192] Non-static method Admin\Model\CommonModel::setUserID() should not be called statically, assuming $this from incompatible context /var/www/html/amigo/amigo/Admin/Controller/CommonController.class.php 第 24 行.
NOTIC: [8] Undefined index: adminInfo /var/www/html/amigo/amigo/Admin/Model/CommonModel.class.php 第 27 行.
NOTIC: [8] Undefined index: companyInfo /var/www/html/amigo/amigo/Admin/Model/CommonModel.class.php 第 29 行.
NOTIC: [8] Undefined index: marketInfo /var/www/html/amigo/amigo/Admin/Model/CommonModel.class.php 第 31 行.
NOTIC: [8] Undefined index: adminInfo /var/www/html/amigo/amigo/Admin/Controller/CommonController.class.php 第 53 行.
NOTIC: [8] Undefined index: companyInfo /var/www/html/amigo/amigo/Admin/Controller/CommonController.class.php 第 59 行.
NOTIC: [8] Undefined index: marketInfo /var/www/html/amigo/amigo/Admin/Controller/CommonController.class.php 第 67 行.
SQL: SHOW COLUMNS FROM `market_company` [ RunTime:0.0008s ]
SQL: UPDATE `market_company` SET `status`='1' WHERE `end_time` < 1511610257 [ RunTime:0.0004s ]

[ 2017-11-25T19:44:17+08:00 ] 101.226.68.215 /Admin/Login/companyLogin.html
INFO: [ app_init ] --START--
INFO: Run Behavior\BuildLiteBehavior [ RunTime:0.000024s ]
INFO: [ app_init ] --END-- [ RunTime:0.000258s ]
INFO: [ app_begin ] --START--
INFO: Run Behavior\ReadHtmlCacheBehavior [ RunTime:0.000271s ]
INFO: [ app_begin ] --END-- [ RunTime:0.000303s ]
NOTIC: [8] Undefined index: companyInfo /var/www/html/amigo/amigo/Admin/Controller/LoginController.class.php 第 131 行.
INFO: [ view_parse ] --START--
INFO: [ template_filter ] --START--
INFO: Run Behavior\ContentReplaceBehavior [ RunTime:0.000037s ]
INFO: [ template_filter ] --END-- [ RunTime:0.000070s ]
INFO: Run Behavior\ParseTemplateBehavior [ RunTime:0.003724s ]
INFO: [ view_parse ] --END-- [ RunTime:0.003751s ]
INFO: [ view_filter ] --START--
INFO: Run Behavior\WriteHtmlCacheBehavior [ RunTime:0.000098s ]
INFO: Run Behavior\TokenBuildBehavior [ RunTime:0.000165s ]
INFO: [ view_filter ] --END-- [ RunTime:0.000306s ]
INFO: [ app_end ] --START--
INFO: Run Behavior\ShowPageTraceBehavior [ RunTime:0.000323s ]
INFO: [ app_end ] --END-- [ RunTime:0.000354s ]

[ 2017-11-25T19:52:09+08:00 ] 113.109.161.203 /Admin/Login/companyLogin.html
INFO: [ app_init ] --START--
INFO: Run Behavior\BuildLiteBehavior [ RunTime:0.000012s ]
INFO: [ app_init ] --END-- [ RunTime:0.000304s ]
INFO: [ app_begin ] --START--
INFO: Run Behavior\ReadHtmlCacheBehavior [ RunTime:0.000262s ]
INFO: [ app_begin ] --END-- [ RunTime:0.000295s ]

[ 2017-11-25T19:52:09+08:00 ] 113.109.161.203 /Admin/Index/companyIndex.html
INFO: [ app_init ] --START--
INFO: Run Behavior\BuildLiteBehavior [ RunTime:0.000015s ]
INFO: [ app_init ] --END-- [ RunTime:0.000298s ]
INFO: [ app_begin ] --START--
INFO: Run Behavior\ReadHtmlCacheBehavior [ RunTime:0.000384s ]
INFO: [ app_begin ] --END-- [ RunTime:0.000426s ]
NOTIC: [8192] Non-static method Admin\Model\CommonModel::checkHTTP() should not be called statically, assuming $this from incompatible context /var/www/html/amigo/amigo/Admin/Controller/CommonController.class.php 第 23 行.
NOTIC: [8] Undefined index: HTTP_REFERER /var/www/html/amigo/amigo/Admin/Model/CommonModel.class.php 第 42 行.
NOTIC: [8] Undefined offset: 2 /var/www/html/amigo/amigo/Admin/Model/CommonModel.class.php 第 42 行.
NOTIC: [8192] Non-static method Admin\Model\CommonModel::setUserID() should not be called statically, assuming $this from incompatible context /var/www/html/amigo/amigo/Admin/Controller/CommonController.class.php 第 24 行.
NOTIC: [8] Undefined index: adminInfo /var/www/html/amigo/amigo/Admin/Model/CommonModel.class.php 第 27 行.
NOTIC: [8] Undefined index: adminInfo /var/www/html/amigo/amigo/Admin/Controller/CommonController.class.php 第 53 行.
SQL: SHOW COLUMNS FROM `market_write_info` [ RunTime:0.0007s ]
SQL: SELECT `app_id`,`app_secret`,`mch_id`,`mch_sectet` FROM `market_write_info` WHERE `relevance_id` = 9 LIMIT 1   [ RunTime:0.0004s ]
SQL: SHOW COLUMNS FROM `market_order_form` [ RunTime:0.0007s ]
SQL: SELECT COUNT(*) AS tp_count FROM `market_order_form` WHERE `status` = 2 AND `is_send_out` = 0 AND `company_id` = 22 AND `relevance_id` = 9 AND `is_control` = 0 LIMIT 1   [ RunTime:0.0004s ]
SQL: SHOW COLUMNS FROM `market_subscribe_order_form` [ RunTime:0.0006s ]
SQL: SELECT COUNT(*) AS tp_count FROM `market_subscribe_order_form` WHERE `status` = 0 AND `company_id` = 22 AND `is_control` = 0 LIMIT 1   [ RunTime:0.0004s ]
SQL: SHOW COLUMNS FROM `market_wechat_refund` [ RunTime:0.0006s ]
SQL: SELECT COUNT(*) AS tp_count FROM `market_wechat_refund` WHERE `status` = 0 AND `company_id` = 0 AND `is_control` = 0 AND `relevance_id` = 9 LIMIT 1   [ RunTime:0.0005s ]
SQL: SELECT COUNT(*) AS tp_count FROM `market_wechat_refund` WHERE `status` = 0 AND `company_id` <> '0' AND `is_control` = 0 AND `relevance_id` = 9 LIMIT 1   [ RunTime:0.0004s ]
SQL: SELECT COUNT(*) AS tp_count FROM `market_wechat_refund` WHERE `status` = 0 AND `company_id` = 22 AND `is_control` = 0 AND `relevance_id` = 9 LIMIT 1   [ RunTime:0.0004s ]
NOTIC: [8] Undefined index: adminInfo /var/www/html/amigo/amigo/Admin/Model/CommonModel.class.php 第 27 行.
NOTIC: [8] Undefined index: HTTP_REFERER /var/www/html/amigo/amigo/Admin/Model/CommonModel.class.php 第 42 行.
NOTIC: [8] Undefined offset: 2 /var/www/html/amigo/amigo/Admin/Model/CommonModel.class.php 第 42 行.
NOTIC: [8192] Non-static method Admin\Controller\CommonController::getCompanyConfig() should not be called statically, assuming $this from incompatible context /var/www/html/amigo/amigo/Admin/Model/CommonModel.class.php 第 21 行.
SQL: SELECT `app_id`,`app_secret`,`mch_id`,`mch_sectet` FROM `market_write_info` WHERE `relevance_id` = 9 LIMIT 1   [ RunTime:0.0004s ]
INFO: [ view_parse ] --START--
INFO: [ template_filter ] --START--
INFO: Run Behavior\ContentReplaceBehavior [ RunTime:0.000105s ]
INFO: [ template_filter ] --END-- [ RunTime:0.000189s ]
SQL: SHOW COLUMNS FROM `market_auth_rule` [ RunTime:0.0006s ]
SQL: SELECT g.rules FROM `market_auth_group_access` AS a INNER JOIN `market_auth_group` AS g ON g.id=a.group_id AND a.uid='41' [ RunTime:0.0004s ]
SQL: SELECT `id` FROM `market_auth_rule` WHERE `parent_id` = 0 ORDER BY control_time desc  [ RunTime:0.0004s ]
SQL: SELECT `id` FROM `market_auth_rule` WHERE `parent_id` = 8 AND `display` = 0 AND `status` = 1 ORDER BY control_time desc  [ RunTime:0.0004s ]
SQL: SELECT `title`,`alias`,`name` FROM `market_auth_rule` WHERE `id` = 8 LIMIT 1   [ RunTime:0.0003s ]
NOTIC: [2] array_intersect(): Argument #1 is not an array /var/www/html/amigo/amigo/Common/Common/function.php 第 137 行.
NOTIC: [2] Invalid argument supplied for foreach() /var/www/html/amigo/amigo/Common/Common/function.php 第 143 行.
SQL: SELECT `id` FROM `market_auth_rule` WHERE `parent_id` = 115 AND `display` = 0 AND `status` = 1 ORDER BY control_time desc  [ RunTime:0.0004s ]
SQL: SELECT `title`,`alias`,`name` FROM `market_auth_rule` WHERE `id` = 115 LIMIT 1   [ RunTime:0.0003s ]
NOTIC: [2] array_intersect(): Argument #1 is not an array /var/www/html/amigo/amigo/Common/Common/function.php 第 137 行.
NOTIC: [2] Invalid argument supplied for foreach() /var/www/html/amigo/amigo/Common/Common/function.php 第 143 行.
SQL: SELECT `id` FROM `market_auth_rule` WHERE `parent_id` = 23 AND `display` = 0 AND `status` = 1 ORDER BY control_time desc  [ RunTime:0.0004s ]
SQL: SELECT `title`,`alias`,`name` FROM `market_auth_rule` WHERE `id` = 23 LIMIT 1   [ RunTime:0.0004s ]
SQL: SELECT `id`,`name`,`alias`,`title` FROM `market_auth_rule` WHERE `id` = 149 LIMIT 1   [ RunTime:0.0004s ]
SQL: SELECT `id`,`name`,`alias`,`title` FROM `market_auth_rule` WHERE `id` = 67 LIMIT 1   [ RunTime:0.0004s ]
SQL: SELECT `id`,`name`,`alias`,`title` FROM `market_auth_rule` WHERE `id` = 64 LIMIT 1   [ RunTime:0.0003s ]
SQL: SELECT `id`,`name`,`alias`,`title` FROM `market_auth_rule` WHERE `id` = 131 LIMIT 1   [ RunTime:0.0005s ]
SQL: SELECT `id`,`name`,`alias`,`title` FROM `market_auth_rule` WHERE `id` = 24 LIMIT 1   [ RunTime:0.0003s ]
SQL: SELECT `id` FROM `market_auth_rule` WHERE `parent_id` = 113 AND `display` = 0 AND `status` = 1 ORDER BY control_time desc  [ RunTime:0.0006s ]
SQL: SELECT `title`,`alias`,`name` FROM `market_auth_rule` WHERE `id` = 113 LIMIT 1   [ RunTime:0.0003s ]
SQL: SELECT `id`,`name`,`alias`,`title` FROM `market_auth_rule` WHERE `id` = 60 LIMIT 1   [ RunTime:0.0003s ]
SQL: SELECT `id`,`name`,`alias`,`title` FROM `market_auth_rule` WHERE `id` = 111 LIMIT 1   [ RunTime:0.0004s ]
SQL: SELECT `id` FROM `market_auth_rule` WHERE `parent_id` = 61 AND `display` = 0 AND `status` = 1 ORDER BY control_time desc  [ RunTime:0.0004s ]
SQL: SELECT `title`,`alias`,`name` FROM `market_auth_rule` WHERE `id` = 61 LIMIT 1   [ RunTime:0.0003s ]
NOTIC: [2] array_intersect(): Argument #1 is not an array /var/www/html/amigo/amigo/Common/Common/function.php 第 137 行.
NOTIC: [2] Invalid argument supplied for foreach() /var/www/html/amigo/amigo/Common/Common/function.php 第 143 行.
SQL: SELECT `id` FROM `market_auth_rule` WHERE `parent_id` = 197 AND `display` = 0 AND `status` = 1 ORDER BY control_time desc  [ RunTime:0.0004s ]
SQL: SELECT `title`,`alias`,`name` FROM `market_auth_rule` WHERE `id` = 197 LIMIT 1   [ RunTime:0.0004s ]
NOTIC: [2] array_intersect(): Argument #1 is not an array /var/www/html/amigo/amigo/Common/Common/function.php 第 137 行.
NOTIC: [2] Invalid argument supplied for foreach() /var/www/html/amigo/amigo/Common/Common/function.php 第 143 行.
SQL: SELECT `id` FROM `market_auth_rule` WHERE `parent_id` = 135 AND `display` = 0 AND `status` = 1 ORDER BY control_time desc  [ RunTime:0.0004s ]
SQL: SELECT `title`,`alias`,`name` FROM `market_auth_rule` WHERE `id` = 135 LIMIT 1   [ RunTime:0.0004s ]
SQL: SELECT `id`,`name`,`alias`,`title` FROM `market_auth_rule` WHERE `id` = 136 LIMIT 1   [ RunTime:0.0004s ]
SQL: SELECT `id` FROM `market_auth_rule` WHERE `parent_id` = 140 AND `display` = 0 AND `status` = 1 ORDER BY control_time desc  [ RunTime:0.0004s ]
SQL: SELECT `title`,`alias`,`name` FROM `market_auth_rule` WHERE `id` = 140 LIMIT 1   [ RunTime:0.0004s ]
INFO: Run Behavior\ParseTemplateBehavior [ RunTime:0.032050s ]
INFO: [ view_parse ] --END-- [ RunTime:0.032134s ]
INFO: [ view_filter ] --START--
INFO: Run Behavior\WriteHtmlCacheBehavior [ RunTime:0.000196s ]
INFO: Run Behavior\TokenBuildBehavior [ RunTime:0.000180s ]
INFO: [ view_filter ] --END-- [ RunTime:0.000422s ]
INFO: [ app_end ] --START--
INFO: Run Behavior\ShowPageTraceBehavior [ RunTime:0.000651s ]
INFO: [ app_end ] --END-- [ RunTime:0.000752s ]

[ 2017-11-25T20:11:39+08:00 ] 101.226.68.215 /Admin/GoodsClassify/goodsClassifyAdd.html
INFO: [ app_init ] --START--
INFO: Run Behavior\BuildLiteBehavior [ RunTime:0.000022s ]
INFO: [ app_init ] --END-- [ RunTime:0.000397s ]
INFO: [ app_begin ] --START--
INFO: Run Behavior\ReadHtmlCacheBehavior [ RunTime:0.000337s ]
INFO: [ app_begin ] --END-- [ RunTime:0.000386s ]
NOTIC: [8192] Non-static method Admin\Model\CommonModel::checkHTTP() should not be called statically, assuming $this from incompatible context /var/www/html/amigo/amigo/Admin/Controller/CommonController.class.php 第 23 行.
NOTIC: [8] Undefined index: HTTP_REFERER /var/www/html/amigo/amigo/Admin/Model/CommonModel.class.php 第 42 行.
NOTIC: [8] Undefined offset: 2 /var/www/html/amigo/amigo/Admin/Model/CommonModel.class.php 第 42 行.
NOTIC: [8192] Non-static method Admin\Model\CommonModel::setUserID() should not be called statically, assuming $this from incompatible context /var/www/html/amigo/amigo/Admin/Controller/CommonController.class.php 第 24 行.
NOTIC: [8] Undefined index: adminInfo /var/www/html/amigo/amigo/Admin/Model/CommonModel.class.php 第 27 行.
NOTIC: [8] Undefined index: companyInfo /var/www/html/amigo/amigo/Admin/Model/CommonModel.class.php 第 29 行.
NOTIC: [8] Undefined index: marketInfo /var/www/html/amigo/amigo/Admin/Model/CommonModel.class.php 第 31 行.
NOTIC: [8] Undefined index: adminInfo /var/www/html/amigo/amigo/Admin/Controller/CommonController.class.php 第 53 行.
NOTIC: [8] Undefined index: companyInfo /var/www/html/amigo/amigo/Admin/Controller/CommonController.class.php 第 59 行.
NOTIC: [8] Undefined index: marketInfo /var/www/html/amigo/amigo/Admin/Controller/CommonController.class.php 第 67 行.
SQL: SHOW COLUMNS FROM `market_company` [ RunTime:0.0009s ]
SQL: UPDATE `market_company` SET `status`='1' WHERE `end_time` < 1511611899 [ RunTime:0.0004s ]

[ 2017-11-25T20:11:39+08:00 ] 101.226.68.215 /Admin/Login/companyLogin.html
INFO: [ app_init ] --START--
INFO: Run Behavior\BuildLiteBehavior [ RunTime:0.000016s ]
INFO: [ app_init ] --END-- [ RunTime:0.000310s ]
INFO: [ app_begin ] --START--
INFO: Run Behavior\ReadHtmlCacheBehavior [ RunTime:0.000458s ]
INFO: [ app_begin ] --END-- [ RunTime:0.000501s ]
NOTIC: [8] Undefined index: companyInfo /var/www/html/amigo/amigo/Admin/Controller/LoginController.class.php 第 131 行.
INFO: [ view_parse ] --START--
INFO: [ template_filter ] --START--
INFO: Run Behavior\ContentReplaceBehavior [ RunTime:0.000042s ]
INFO: [ template_filter ] --END-- [ RunTime:0.000086s ]
INFO: Run Behavior\ParseTemplateBehavior [ RunTime:0.005144s ]
INFO: [ view_parse ] --END-- [ RunTime:0.005177s ]
INFO: [ view_filter ] --START--
INFO: Run Behavior\WriteHtmlCacheBehavior [ RunTime:0.000090s ]
INFO: Run Behavior\TokenBuildBehavior [ RunTime:0.000210s ]
INFO: [ view_filter ] --END-- [ RunTime:0.000350s ]
INFO: [ app_end ] --START--
INFO: Run Behavior\ShowPageTraceBehavior [ RunTime:0.000359s ]
INFO: [ app_end ] --END-- [ RunTime:0.000395s ]

[ 2017-11-25T20:30:56+08:00 ] 113.108.10.5 /Admin/News/companyNewsUpdate.html?id%3D203
INFO: [ app_init ] --START--
INFO: Run Behavior\BuildLiteBehavior [ RunTime:0.000013s ]
INFO: [ app_init ] --END-- [ RunTime:0.000250s ]
INFO: [ app_begin ] --START--
INFO: Run Behavior\ReadHtmlCacheBehavior [ RunTime:0.000269s ]
INFO: [ app_begin ] --END-- [ RunTime:0.000321s ]
NOTIC: [8192] Non-static method Admin\Model\CommonModel::checkHTTP() should not be called statically, assuming $this from incompatible context /var/www/html/amigo/amigo/Admin/Controller/CommonController.class.php 第 23 行.
NOTIC: [8] Undefined index: HTTP_REFERER /var/www/html/amigo/amigo/Admin/Model/CommonModel.class.php 第 42 行.
NOTIC: [8] Undefined offset: 2 /var/www/html/amigo/amigo/Admin/Model/CommonModel.class.php 第 42 行.
NOTIC: [8192] Non-static method Admin\Model\CommonModel::setUserID() should not be called statically, assuming $this from incompatible context /var/www/html/amigo/amigo/Admin/Controller/CommonController.class.php 第 24 行.
NOTIC: [8] Undefined index: adminInfo /var/www/html/amigo/amigo/Admin/Model/CommonModel.class.php 第 27 行.
NOTIC: [8] Undefined index: companyInfo /var/www/html/amigo/amigo/Admin/Model/CommonModel.class.php 第 29 行.
NOTIC: [8] Undefined index: marketInfo /var/www/html/amigo/amigo/Admin/Model/CommonModel.class.php 第 31 行.
NOTIC: [8] Undefined index: adminInfo /var/www/html/amigo/amigo/Admin/Controller/CommonController.class.php 第 53 行.
NOTIC: [8] Undefined index: companyInfo /var/www/html/amigo/amigo/Admin/Controller/CommonController.class.php 第 59 行.
NOTIC: [8] Undefined index: marketInfo /var/www/html/amigo/amigo/Admin/Controller/CommonController.class.php 第 67 行.
SQL: SHOW COLUMNS FROM `market_company` [ RunTime:0.0008s ]
SQL: UPDATE `market_company` SET `status`='1' WHERE `end_time` < 1511613056 [ RunTime:0.0004s ]

[ 2017-11-25T20:30:56+08:00 ] 113.108.10.5 /Admin/Login/companyLogin.html
INFO: [ app_init ] --START--
INFO: Run Behavior\BuildLiteBehavior [ RunTime:0.000016s ]
INFO: [ app_init ] --END-- [ RunTime:0.000276s ]
INFO: [ app_begin ] --START--
INFO: Run Behavior\ReadHtmlCacheBehavior [ RunTime:0.000279s ]
INFO: [ app_begin ] --END-- [ RunTime:0.000311s ]
NOTIC: [8] Undefined index: companyInfo /var/www/html/amigo/amigo/Admin/Controller/LoginController.class.php 第 131 行.
INFO: [ view_parse ] --START--
INFO: [ template_filter ] --START--
INFO: Run Behavior\ContentReplaceBehavior [ RunTime:0.000044s ]
INFO: [ template_filter ] --END-- [ RunTime:0.000080s ]
INFO: Run Behavior\ParseTemplateBehavior [ RunTime:0.003938s ]
INFO: [ view_parse ] --END-- [ RunTime:0.003966s ]
INFO: [ view_filter ] --START--
INFO: Run Behavior\WriteHtmlCacheBehavior [ RunTime:0.000087s ]
INFO: Run Behavior\TokenBuildBehavior [ RunTime:0.000151s ]
INFO: [ view_filter ] --END-- [ RunTime:0.000285s ]
INFO: [ app_end ] --START--
INFO: Run Behavior\ShowPageTraceBehavior [ RunTime:0.000289s ]
INFO: [ app_end ] --END-- [ RunTime:0.000315s ]

