[ 2017-11-06T23:56:47+08:00 ] 119.131.119.247 /Admin/Goods/goodsList/classify_id/99/p/2.html
INFO: [ app_init ] --START--
INFO: Run Behavior\BuildLiteBehavior [ RunTime:0.000011s ]
INFO: [ app_init ] --END-- [ RunTime:0.000213s ]
INFO: [ app_begin ] --START--
INFO: Run Behavior\ReadHtmlCacheBehavior [ RunTime:0.000351s ]
INFO: [ app_begin ] --END-- [ RunTime:0.000384s ]
NOTIC: [8192] Non-static method Admin\Model\CommonModel::checkHTTP() should not be called statically, assuming $this from incompatible context /var/www/html/amigo/amigo/Admin/Controller/CommonController.class.php 第 23 行.
NOTIC: [8192] Non-static method Admin\Model\CommonModel::setUserID() should not be called statically, assuming $this from incompatible context /var/www/html/amigo/amigo/Admin/Controller/CommonController.class.php 第 24 行.
NOTIC: [8] Undefined index: adminInfo /var/www/html/amigo/amigo/Admin/Model/CommonModel.class.php 第 27 行.
NOTIC: [8] Undefined index: adminInfo /var/www/html/amigo/amigo/Admin/Controller/CommonController.class.php 第 53 行.
SQL: SHOW COLUMNS FROM `market_write_info` [ RunTime:0.0010s ]
SQL: SELECT `app_id`,`app_secret`,`mch_id`,`mch_sectet` FROM `market_write_info` WHERE `relevance_id` = 9 LIMIT 1   [ RunTime:0.0003s ]
SQL: SHOW COLUMNS FROM `market_order_form` [ RunTime:0.0007s ]
SQL: SELECT COUNT(*) AS tp_count FROM `market_order_form` WHERE `status` = 2 AND `is_send_out` = 0 AND `company_id` = 11 AND `relevance_id` = 9 AND `is_control` = 0 LIMIT 1   [ RunTime:0.0004s ]
SQL: SHOW COLUMNS FROM `market_subscribe_order_form` [ RunTime:0.0006s ]
SQL: SELECT COUNT(*) AS tp_count FROM `market_subscribe_order_form` WHERE `status` = 0 AND `company_id` = 11 AND `is_control` = 0 LIMIT 1   [ RunTime:0.0003s ]
SQL: SHOW COLUMNS FROM `market_wechat_refund` [ RunTime:0.0006s ]
SQL: SELECT COUNT(*) AS tp_count FROM `market_wechat_refund` WHERE `status` = 0 AND `company_id` = 0 AND `is_control` = 0 AND `relevance_id` = 9 LIMIT 1   [ RunTime:0.0005s ]
SQL: SELECT COUNT(*) AS tp_count FROM `market_wechat_refund` WHERE `status` = 0 AND `company_id` <> '0' AND `is_control` = 0 AND `relevance_id` = 9 LIMIT 1   [ RunTime:0.0003s ]
SQL: SELECT COUNT(*) AS tp_count FROM `market_wechat_refund` WHERE `status` = 0 AND `company_id` = 11 AND `is_control` = 0 AND `relevance_id` = 9 LIMIT 1   [ RunTime:0.0006s ]
SQL: SHOW COLUMNS FROM `market_goods` [ RunTime:0.0006s ]
NOTIC: [8] Undefined index: adminInfo /var/www/html/amigo/amigo/Admin/Model/CommonModel.class.php 第 27 行.
NOTIC: [8192] Non-static method Admin\Controller\CommonController::getCompanyConfig() should not be called statically, assuming $this from incompatible context /var/www/html/amigo/amigo/Admin/Model/CommonModel.class.php 第 21 行.
SQL: SELECT `app_id`,`app_secret`,`mch_id`,`mch_sectet` FROM `market_write_info` WHERE `relevance_id` = 9 LIMIT 1   [ RunTime:0.0003s ]
SQL: SHOW COLUMNS FROM `market_goods_classify` [ RunTime:0.0005s ]
SQL: SELECT * FROM `market_goods_classify` WHERE `status` NOT IN ('-1','1') AND `company_id` = 11 AND `relevance_id` = 9  [ RunTime:0.0004s ]
SQL: SELECT COUNT(*) AS tp_count FROM `market_goods` WHERE `status` <> '-1' AND `company_id` = 11 AND `classify_id` = 99 LIMIT 1   [ RunTime:0.0004s ]
SQL: SELECT `id`,`goods_name`,`status`,`price`,`classify_id`,`addtime`,`goods_logo` FROM `market_goods` WHERE `status` <> '-1' AND `company_id` = 11 AND `classify_id` = 99 ORDER BY addtime desc LIMIT 8,8   [ RunTime:0.0004s ]
SQL: SELECT `classify_name` FROM `market_goods_classify` WHERE `id` = 99 LIMIT 1   [ RunTime:0.0003s ]
SQL: SHOW COLUMNS FROM `market_goods_statistics` [ RunTime:0.0005s ]
SQL: SELECT SUM(visit_total) AS tp_sum FROM `market_goods_statistics` WHERE `relevance_id` = 552 LIMIT 1   [ RunTime:0.0003s ]
SQL: SHOW COLUMNS FROM `market_goods_stick` [ RunTime:0.0005s ]
SQL: SELECT `stick_classify`,`status` FROM `market_goods_stick` WHERE `goods_id` = 552 AND `status` <> '-1' LIMIT 1   [ RunTime:0.0003s ]
SQL: SELECT `classify_name` FROM `market_goods_classify` WHERE `id` = 99 LIMIT 1   [ RunTime:0.0003s ]
SQL: SELECT SUM(visit_total) AS tp_sum FROM `market_goods_statistics` WHERE `relevance_id` = 553 LIMIT 1   [ RunTime:0.0003s ]
SQL: SELECT `stick_classify`,`status` FROM `market_goods_stick` WHERE `goods_id` = 553 AND `status` <> '-1' LIMIT 1   [ RunTime:0.0003s ]
SQL: SELECT `classify_name` FROM `market_goods_classify` WHERE `id` = 99 LIMIT 1   [ RunTime:0.0003s ]
SQL: SELECT SUM(visit_total) AS tp_sum FROM `market_goods_statistics` WHERE `relevance_id` = 554 LIMIT 1   [ RunTime:0.0003s ]
SQL: SELECT `stick_classify`,`status` FROM `market_goods_stick` WHERE `goods_id` = 554 AND `status` <> '-1' LIMIT 1   [ RunTime:0.0003s ]
SQL: SELECT `classify_name` FROM `market_goods_classify` WHERE `id` = 99 LIMIT 1   [ RunTime:0.0003s ]
SQL: SELECT SUM(visit_total) AS tp_sum FROM `market_goods_statistics` WHERE `relevance_id` = 540 LIMIT 1   [ RunTime:0.0003s ]
SQL: SELECT `stick_classify`,`status` FROM `market_goods_stick` WHERE `goods_id` = 540 AND `status` <> '-1' LIMIT 1   [ RunTime:0.0003s ]
SQL: SELECT `classify_name` FROM `market_goods_classify` WHERE `id` = 99 LIMIT 1   [ RunTime:0.0003s ]
SQL: SELECT SUM(visit_total) AS tp_sum FROM `market_goods_statistics` WHERE `relevance_id` = 546 LIMIT 1   [ RunTime:0.0003s ]
SQL: SELECT `stick_classify`,`status` FROM `market_goods_stick` WHERE `goods_id` = 546 AND `status` <> '-1' LIMIT 1   [ RunTime:0.0003s ]
SQL: SELECT `classify_name` FROM `market_goods_classify` WHERE `id` = 99 LIMIT 1   [ RunTime:0.0003s ]
SQL: SELECT SUM(visit_total) AS tp_sum FROM `market_goods_statistics` WHERE `relevance_id` = 550 LIMIT 1   [ RunTime:0.0003s ]
SQL: SELECT `stick_classify`,`status` FROM `market_goods_stick` WHERE `goods_id` = 550 AND `status` <> '-1' LIMIT 1   [ RunTime:0.0003s ]
SQL: SELECT `classify_name` FROM `market_goods_classify` WHERE `id` = 99 LIMIT 1   [ RunTime:0.0003s ]
SQL: SELECT SUM(visit_total) AS tp_sum FROM `market_goods_statistics` WHERE `relevance_id` = 542 LIMIT 1   [ RunTime:0.0003s ]
SQL: SELECT `stick_classify`,`status` FROM `market_goods_stick` WHERE `goods_id` = 542 AND `status` <> '-1' LIMIT 1   [ RunTime:0.0004s ]
SQL: SELECT `classify_name` FROM `market_goods_classify` WHERE `id` = 99 LIMIT 1   [ RunTime:0.0004s ]
SQL: SELECT SUM(visit_total) AS tp_sum FROM `market_goods_statistics` WHERE `relevance_id` = 539 LIMIT 1   [ RunTime:0.0004s ]
SQL: SELECT `stick_classify`,`status` FROM `market_goods_stick` WHERE `goods_id` = 539 AND `status` <> '-1' LIMIT 1   [ RunTime:0.0003s ]
INFO: [ view_parse ] --START--
INFO: [ template_filter ] --START--
INFO: Run Behavior\ContentReplaceBehavior [ RunTime:0.000070s ]
INFO: [ template_filter ] --END-- [ RunTime:0.000105s ]
SQL: SHOW COLUMNS FROM `market_auth_rule` [ RunTime:0.0006s ]
SQL: SELECT g.rules FROM `market_auth_group_access` AS a INNER JOIN `market_auth_group` AS g ON g.id=a.group_id AND a.uid='29' [ RunTime:0.0003s ]
SQL: SELECT `id` FROM `market_auth_rule` WHERE `parent_id` = 0 ORDER BY control_time desc  [ RunTime:0.0004s ]
SQL: SELECT `id` FROM `market_auth_rule` WHERE `parent_id` = 8 AND `display` = 0 AND `status` = 1 ORDER BY control_time desc  [ RunTime:0.0003s ]
SQL: SELECT `title`,`alias`,`name` FROM `market_auth_rule` WHERE `id` = 8 LIMIT 1   [ RunTime:0.0003s ]
SQL: SELECT `id` FROM `market_auth_rule` WHERE `parent_id` = 115 AND `display` = 0 AND `status` = 1 ORDER BY control_time desc  [ RunTime:0.0006s ]
SQL: SELECT `title`,`alias`,`name` FROM `market_auth_rule` WHERE `id` = 115 LIMIT 1   [ RunTime:0.0003s ]
SQL: SELECT `id` FROM `market_auth_rule` WHERE `parent_id` = 23 AND `display` = 0 AND `status` = 1 ORDER BY control_time desc  [ RunTime:0.0004s ]
SQL: SELECT `title`,`alias`,`name` FROM `market_auth_rule` WHERE `id` = 23 LIMIT 1   [ RunTime:0.0003s ]
SQL: SELECT `id`,`name`,`alias`,`title` FROM `market_auth_rule` WHERE `id` = 149 LIMIT 1   [ RunTime:0.0003s ]
SQL: SELECT `id`,`name`,`alias`,`title` FROM `market_auth_rule` WHERE `id` = 67 LIMIT 1   [ RunTime:0.0003s ]
SQL: SELECT `id`,`name`,`alias`,`title` FROM `market_auth_rule` WHERE `id` = 64 LIMIT 1   [ RunTime:0.0003s ]
SQL: SELECT `id`,`name`,`alias`,`title` FROM `market_auth_rule` WHERE `id` = 131 LIMIT 1   [ RunTime:0.0003s ]
SQL: SELECT `id`,`name`,`alias`,`title` FROM `market_auth_rule` WHERE `id` = 24 LIMIT 1   [ RunTime:0.0003s ]
SQL: SELECT `id` FROM `market_auth_rule` WHERE `parent_id` = 113 AND `display` = 0 AND `status` = 1 ORDER BY control_time desc  [ RunTime:0.0004s ]
SQL: SELECT `title`,`alias`,`name` FROM `market_auth_rule` WHERE `id` = 113 LIMIT 1   [ RunTime:0.0004s ]
SQL: SELECT `id`,`name`,`alias`,`title` FROM `market_auth_rule` WHERE `id` = 60 LIMIT 1   [ RunTime:0.0003s ]
SQL: SELECT `id`,`name`,`alias`,`title` FROM `market_auth_rule` WHERE `id` = 111 LIMIT 1   [ RunTime:0.0003s ]
SQL: SELECT `id` FROM `market_auth_rule` WHERE `parent_id` = 61 AND `display` = 0 AND `status` = 1 ORDER BY control_time desc  [ RunTime:0.0003s ]
SQL: SELECT `title`,`alias`,`name` FROM `market_auth_rule` WHERE `id` = 61 LIMIT 1   [ RunTime:0.0003s ]
SQL: SELECT `id` FROM `market_auth_rule` WHERE `parent_id` = 197 AND `display` = 0 AND `status` = 1 ORDER BY control_time desc  [ RunTime:0.0003s ]
SQL: SELECT `title`,`alias`,`name` FROM `market_auth_rule` WHERE `id` = 197 LIMIT 1   [ RunTime:0.0003s ]
SQL: SELECT `id` FROM `market_auth_rule` WHERE `parent_id` = 135 AND `display` = 0 AND `status` = 1 ORDER BY control_time desc  [ RunTime:0.0004s ]
SQL: SELECT `title`,`alias`,`name` FROM `market_auth_rule` WHERE `id` = 135 LIMIT 1   [ RunTime:0.0003s ]
SQL: SELECT `id`,`name`,`alias`,`title` FROM `market_auth_rule` WHERE `id` = 136 LIMIT 1   [ RunTime:0.0003s ]
SQL: SELECT `id` FROM `market_auth_rule` WHERE `parent_id` = 140 AND `display` = 0 AND `status` = 1 ORDER BY control_time desc  [ RunTime:0.0004s ]
SQL: SELECT `title`,`alias`,`name` FROM `market_auth_rule` WHERE `id` = 140 LIMIT 1   [ RunTime:0.0003s ]
INFO: Run Behavior\ParseTemplateBehavior [ RunTime:0.074329s ]
INFO: [ view_parse ] --END-- [ RunTime:0.074372s ]
INFO: [ view_filter ] --START--
INFO: Run Behavior\WriteHtmlCacheBehavior [ RunTime:0.000153s ]
INFO: Run Behavior\TokenBuildBehavior [ RunTime:0.000204s ]
INFO: [ view_filter ] --END-- [ RunTime:0.000404s ]
INFO: [ app_end ] --START--
INFO: Run Behavior\ShowPageTraceBehavior [ RunTime:0.000398s ]
INFO: [ app_end ] --END-- [ RunTime:0.000447s ]

[ 2017-11-06T23:56:48+08:00 ] 119.131.119.247 /Admin/Login/companyLogin.html
INFO: [ app_init ] --START--
INFO: Run Behavior\BuildLiteBehavior [ RunTime:0.000012s ]
INFO: [ app_init ] --END-- [ RunTime:0.000225s ]
INFO: [ app_begin ] --START--
INFO: Run Behavior\ReadHtmlCacheBehavior [ RunTime:0.000290s ]
INFO: [ app_begin ] --END-- [ RunTime:0.000324s ]

[ 2017-11-06T23:56:48+08:00 ] 119.131.119.247 /Admin/Index/companyIndex.html
INFO: [ app_init ] --START--
INFO: Run Behavior\BuildLiteBehavior [ RunTime:0.000012s ]
INFO: [ app_init ] --END-- [ RunTime:0.000236s ]
INFO: [ app_begin ] --START--
INFO: Run Behavior\ReadHtmlCacheBehavior [ RunTime:0.000288s ]
INFO: [ app_begin ] --END-- [ RunTime:0.000333s ]
NOTIC: [8192] Non-static method Admin\Model\CommonModel::checkHTTP() should not be called statically, assuming $this from incompatible context /var/www/html/amigo/amigo/Admin/Controller/CommonController.class.php 第 23 行.
NOTIC: [8192] Non-static method Admin\Model\CommonModel::setUserID() should not be called statically, assuming $this from incompatible context /var/www/html/amigo/amigo/Admin/Controller/CommonController.class.php 第 24 行.
NOTIC: [8] Undefined index: adminInfo /var/www/html/amigo/amigo/Admin/Model/CommonModel.class.php 第 27 行.
NOTIC: [8] Undefined index: adminInfo /var/www/html/amigo/amigo/Admin/Controller/CommonController.class.php 第 53 行.
SQL: SHOW COLUMNS FROM `market_write_info` [ RunTime:0.0006s ]
SQL: SELECT `app_id`,`app_secret`,`mch_id`,`mch_sectet` FROM `market_write_info` WHERE `relevance_id` = 9 LIMIT 1   [ RunTime:0.0003s ]
SQL: SHOW COLUMNS FROM `market_order_form` [ RunTime:0.0007s ]
SQL: SELECT COUNT(*) AS tp_count FROM `market_order_form` WHERE `status` = 2 AND `is_send_out` = 0 AND `company_id` = 11 AND `relevance_id` = 9 AND `is_control` = 0 LIMIT 1   [ RunTime:0.0004s ]
SQL: SHOW COLUMNS FROM `market_subscribe_order_form` [ RunTime:0.0006s ]
SQL: SELECT COUNT(*) AS tp_count FROM `market_subscribe_order_form` WHERE `status` = 0 AND `company_id` = 11 AND `is_control` = 0 LIMIT 1   [ RunTime:0.0003s ]
SQL: SHOW COLUMNS FROM `market_wechat_refund` [ RunTime:0.0005s ]
SQL: SELECT COUNT(*) AS tp_count FROM `market_wechat_refund` WHERE `status` = 0 AND `company_id` = 0 AND `is_control` = 0 AND `relevance_id` = 9 LIMIT 1   [ RunTime:0.0003s ]
SQL: SELECT COUNT(*) AS tp_count FROM `market_wechat_refund` WHERE `status` = 0 AND `company_id` <> '0' AND `is_control` = 0 AND `relevance_id` = 9 LIMIT 1   [ RunTime:0.0004s ]
SQL: SELECT COUNT(*) AS tp_count FROM `market_wechat_refund` WHERE `status` = 0 AND `company_id` = 11 AND `is_control` = 0 AND `relevance_id` = 9 LIMIT 1   [ RunTime:0.0003s ]
NOTIC: [8] Undefined index: adminInfo /var/www/html/amigo/amigo/Admin/Model/CommonModel.class.php 第 27 行.
NOTIC: [8192] Non-static method Admin\Controller\CommonController::getCompanyConfig() should not be called statically, assuming $this from incompatible context /var/www/html/amigo/amigo/Admin/Model/CommonModel.class.php 第 21 行.
SQL: SELECT `app_id`,`app_secret`,`mch_id`,`mch_sectet` FROM `market_write_info` WHERE `relevance_id` = 9 LIMIT 1   [ RunTime:0.0003s ]
INFO: [ view_parse ] --START--
INFO: [ template_filter ] --START--
INFO: Run Behavior\ContentReplaceBehavior [ RunTime:0.000084s ]
INFO: [ template_filter ] --END-- [ RunTime:0.000121s ]
SQL: SHOW COLUMNS FROM `market_auth_rule` [ RunTime:0.0005s ]
SQL: SELECT g.rules FROM `market_auth_group_access` AS a INNER JOIN `market_auth_group` AS g ON g.id=a.group_id AND a.uid='29' [ RunTime:0.0004s ]
SQL: SELECT `id` FROM `market_auth_rule` WHERE `parent_id` = 0 ORDER BY control_time desc  [ RunTime:0.0004s ]
SQL: SELECT `id` FROM `market_auth_rule` WHERE `parent_id` = 8 AND `display` = 0 AND `status` = 1 ORDER BY control_time desc  [ RunTime:0.0004s ]
SQL: SELECT `title`,`alias`,`name` FROM `market_auth_rule` WHERE `id` = 8 LIMIT 1   [ RunTime:0.0003s ]
NOTIC: [2] array_intersect(): Argument #1 is not an array /var/www/html/amigo/amigo/Common/Common/function.php 第 137 行.
NOTIC: [2] Invalid argument supplied for foreach() /var/www/html/amigo/amigo/Common/Common/function.php 第 143 行.
SQL: SELECT `id` FROM `market_auth_rule` WHERE `parent_id` = 115 AND `display` = 0 AND `status` = 1 ORDER BY control_time desc  [ RunTime:0.0003s ]
SQL: SELECT `title`,`alias`,`name` FROM `market_auth_rule` WHERE `id` = 115 LIMIT 1   [ RunTime:0.0003s ]
NOTIC: [2] array_intersect(): Argument #1 is not an array /var/www/html/amigo/amigo/Common/Common/function.php 第 137 行.
NOTIC: [2] Invalid argument supplied for foreach() /var/www/html/amigo/amigo/Common/Common/function.php 第 143 行.
SQL: SELECT `id` FROM `market_auth_rule` WHERE `parent_id` = 23 AND `display` = 0 AND `status` = 1 ORDER BY control_time desc  [ RunTime:0.0004s ]
SQL: SELECT `title`,`alias`,`name` FROM `market_auth_rule` WHERE `id` = 23 LIMIT 1   [ RunTime:0.0003s ]
SQL: SELECT `id`,`name`,`alias`,`title` FROM `market_auth_rule` WHERE `id` = 149 LIMIT 1   [ RunTime:0.0003s ]
SQL: SELECT `id`,`name`,`alias`,`title` FROM `market_auth_rule` WHERE `id` = 67 LIMIT 1   [ RunTime:0.0003s ]
SQL: SELECT `id`,`name`,`alias`,`title` FROM `market_auth_rule` WHERE `id` = 64 LIMIT 1   [ RunTime:0.0003s ]
SQL: SELECT `id`,`name`,`alias`,`title` FROM `market_auth_rule` WHERE `id` = 131 LIMIT 1   [ RunTime:0.0003s ]
SQL: SELECT `id`,`name`,`alias`,`title` FROM `market_auth_rule` WHERE `id` = 24 LIMIT 1   [ RunTime:0.0003s ]
SQL: SELECT `id` FROM `market_auth_rule` WHERE `parent_id` = 113 AND `display` = 0 AND `status` = 1 ORDER BY control_time desc  [ RunTime:0.0004s ]
SQL: SELECT `title`,`alias`,`name` FROM `market_auth_rule` WHERE `id` = 113 LIMIT 1   [ RunTime:0.0003s ]
SQL: SELECT `id`,`name`,`alias`,`title` FROM `market_auth_rule` WHERE `id` = 60 LIMIT 1   [ RunTime:0.0003s ]
SQL: SELECT `id`,`name`,`alias`,`title` FROM `market_auth_rule` WHERE `id` = 111 LIMIT 1   [ RunTime:0.0003s ]
SQL: SELECT `id` FROM `market_auth_rule` WHERE `parent_id` = 61 AND `display` = 0 AND `status` = 1 ORDER BY control_time desc  [ RunTime:0.0004s ]
SQL: SELECT `title`,`alias`,`name` FROM `market_auth_rule` WHERE `id` = 61 LIMIT 1   [ RunTime:0.0004s ]
NOTIC: [2] array_intersect(): Argument #1 is not an array /var/www/html/amigo/amigo/Common/Common/function.php 第 137 行.
NOTIC: [2] Invalid argument supplied for foreach() /var/www/html/amigo/amigo/Common/Common/function.php 第 143 行.
SQL: SELECT `id` FROM `market_auth_rule` WHERE `parent_id` = 197 AND `display` = 0 AND `status` = 1 ORDER BY control_time desc  [ RunTime:0.0004s ]
SQL: SELECT `title`,`alias`,`name` FROM `market_auth_rule` WHERE `id` = 197 LIMIT 1   [ RunTime:0.0003s ]
NOTIC: [2] array_intersect(): Argument #1 is not an array /var/www/html/amigo/amigo/Common/Common/function.php 第 137 行.
NOTIC: [2] Invalid argument supplied for foreach() /var/www/html/amigo/amigo/Common/Common/function.php 第 143 行.
SQL: SELECT `id` FROM `market_auth_rule` WHERE `parent_id` = 135 AND `display` = 0 AND `status` = 1 ORDER BY control_time desc  [ RunTime:0.0004s ]
SQL: SELECT `title`,`alias`,`name` FROM `market_auth_rule` WHERE `id` = 135 LIMIT 1   [ RunTime:0.0003s ]
SQL: SELECT `id`,`name`,`alias`,`title` FROM `market_auth_rule` WHERE `id` = 136 LIMIT 1   [ RunTime:0.0003s ]
SQL: SELECT `id` FROM `market_auth_rule` WHERE `parent_id` = 140 AND `display` = 0 AND `status` = 1 ORDER BY control_time desc  [ RunTime:0.0004s ]
SQL: SELECT `title`,`alias`,`name` FROM `market_auth_rule` WHERE `id` = 140 LIMIT 1   [ RunTime:0.0003s ]
INFO: Run Behavior\ParseTemplateBehavior [ RunTime:0.020377s ]
INFO: [ view_parse ] --END-- [ RunTime:0.020426s ]
INFO: [ view_filter ] --START--
INFO: Run Behavior\WriteHtmlCacheBehavior [ RunTime:0.000151s ]
INFO: Run Behavior\TokenBuildBehavior [ RunTime:0.000171s ]
INFO: [ view_filter ] --END-- [ RunTime:0.000370s ]
INFO: [ app_end ] --START--
INFO: Run Behavior\ShowPageTraceBehavior [ RunTime:0.000364s ]
INFO: [ app_end ] --END-- [ RunTime:0.000414s ]

[ 2017-11-06T23:56:56+08:00 ] 119.131.119.247 /Admin/Goods/goodsUpdate/id/539.html
INFO: [ app_init ] --START--
INFO: Run Behavior\BuildLiteBehavior [ RunTime:0.000013s ]
INFO: [ app_init ] --END-- [ RunTime:0.000255s ]
INFO: [ app_begin ] --START--
INFO: Run Behavior\ReadHtmlCacheBehavior [ RunTime:0.000262s ]
INFO: [ app_begin ] --END-- [ RunTime:0.000295s ]
NOTIC: [8192] Non-static method Admin\Model\CommonModel::checkHTTP() should not be called statically, assuming $this from incompatible context /var/www/html/amigo/amigo/Admin/Controller/CommonController.class.php 第 23 行.
NOTIC: [8192] Non-static method Admin\Model\CommonModel::setUserID() should not be called statically, assuming $this from incompatible context /var/www/html/amigo/amigo/Admin/Controller/CommonController.class.php 第 24 行.
NOTIC: [8] Undefined index: adminInfo /var/www/html/amigo/amigo/Admin/Model/CommonModel.class.php 第 27 行.
NOTIC: [8] Undefined index: adminInfo /var/www/html/amigo/amigo/Admin/Controller/CommonController.class.php 第 53 行.
SQL: SHOW COLUMNS FROM `market_write_info` [ RunTime:0.0006s ]
SQL: SELECT `app_id`,`app_secret`,`mch_id`,`mch_sectet` FROM `market_write_info` WHERE `relevance_id` = 9 LIMIT 1   [ RunTime:0.0003s ]
SQL: SHOW COLUMNS FROM `market_order_form` [ RunTime:0.0006s ]
SQL: SELECT COUNT(*) AS tp_count FROM `market_order_form` WHERE `status` = 2 AND `is_send_out` = 0 AND `company_id` = 11 AND `relevance_id` = 9 AND `is_control` = 0 LIMIT 1   [ RunTime:0.0004s ]
SQL: SHOW COLUMNS FROM `market_subscribe_order_form` [ RunTime:0.0006s ]
SQL: SELECT COUNT(*) AS tp_count FROM `market_subscribe_order_form` WHERE `status` = 0 AND `company_id` = 11 AND `is_control` = 0 LIMIT 1   [ RunTime:0.0003s ]
SQL: SHOW COLUMNS FROM `market_wechat_refund` [ RunTime:0.0005s ]
SQL: SELECT COUNT(*) AS tp_count FROM `market_wechat_refund` WHERE `status` = 0 AND `company_id` = 0 AND `is_control` = 0 AND `relevance_id` = 9 LIMIT 1   [ RunTime:0.0003s ]
SQL: SELECT COUNT(*) AS tp_count FROM `market_wechat_refund` WHERE `status` = 0 AND `company_id` <> '0' AND `is_control` = 0 AND `relevance_id` = 9 LIMIT 1   [ RunTime:0.0003s ]
SQL: SELECT COUNT(*) AS tp_count FROM `market_wechat_refund` WHERE `status` = 0 AND `company_id` = 11 AND `is_control` = 0 AND `relevance_id` = 9 LIMIT 1   [ RunTime:0.0003s ]
SQL: SHOW COLUMNS FROM `market_goods` [ RunTime:0.0006s ]
NOTIC: [8] Undefined index: adminInfo /var/www/html/amigo/amigo/Admin/Model/CommonModel.class.php 第 27 行.
NOTIC: [8192] Non-static method Admin\Controller\CommonController::getCompanyConfig() should not be called statically, assuming $this from incompatible context /var/www/html/amigo/amigo/Admin/Model/CommonModel.class.php 第 21 行.
SQL: SELECT `app_id`,`app_secret`,`mch_id`,`mch_sectet` FROM `market_write_info` WHERE `relevance_id` = 9 LIMIT 1   [ RunTime:0.0003s ]
SQL: SELECT * FROM `market_goods` WHERE `id` = 539 AND `relevance_id` = 9 AND `company_id` = 11 LIMIT 1   [ RunTime:0.0004s ]
SQL: SHOW COLUMNS FROM `market_goods_attribute` [ RunTime:0.0005s ]
SQL: SELECT * FROM `market_goods_attribute` WHERE `goods_id` = 539  [ RunTime:0.0003s ]
SQL: SHOW COLUMNS FROM `market_goods_classify` [ RunTime:0.0005s ]
SQL: SELECT * FROM `market_goods_classify` WHERE `status` NOT IN ('-1','1') AND `company_id` = 11  [ RunTime:0.0004s ]
SQL: SHOW COLUMNS FROM `market_goods_brand` [ RunTime:0.0005s ]
SQL: SELECT * FROM `market_goods_brand` WHERE `status` NOT IN ('-1','1') AND `company_id` = 11  [ RunTime:0.0003s ]
INFO: [ view_parse ] --START--
INFO: [ template_filter ] --START--
INFO: Run Behavior\ContentReplaceBehavior [ RunTime:0.000151s ]
INFO: [ template_filter ] --END-- [ RunTime:0.000188s ]
SQL: SHOW COLUMNS FROM `market_auth_rule` [ RunTime:0.0005s ]
SQL: SELECT g.rules FROM `market_auth_group_access` AS a INNER JOIN `market_auth_group` AS g ON g.id=a.group_id AND a.uid='29' [ RunTime:0.0003s ]
SQL: SELECT `id` FROM `market_auth_rule` WHERE `parent_id` = 0 ORDER BY control_time desc  [ RunTime:0.0004s ]
SQL: SELECT `id` FROM `market_auth_rule` WHERE `parent_id` = 8 AND `display` = 0 AND `status` = 1 ORDER BY control_time desc  [ RunTime:0.0003s ]
SQL: SELECT `title`,`alias`,`name` FROM `market_auth_rule` WHERE `id` = 8 LIMIT 1   [ RunTime:0.0003s ]
SQL: SELECT `id` FROM `market_auth_rule` WHERE `parent_id` = 115 AND `display` = 0 AND `status` = 1 ORDER BY control_time desc  [ RunTime:0.0003s ]
SQL: SELECT `title`,`alias`,`name` FROM `market_auth_rule` WHERE `id` = 115 LIMIT 1   [ RunTime:0.0003s ]
SQL: SELECT `id` FROM `market_auth_rule` WHERE `parent_id` = 23 AND `display` = 0 AND `status` = 1 ORDER BY control_time desc  [ RunTime:0.0004s ]
SQL: SELECT `title`,`alias`,`name` FROM `market_auth_rule` WHERE `id` = 23 LIMIT 1   [ RunTime:0.0003s ]
SQL: SELECT `id`,`name`,`alias`,`title` FROM `market_auth_rule` WHERE `id` = 149 LIMIT 1   [ RunTime:0.0003s ]
SQL: SELECT `id`,`name`,`alias`,`title` FROM `market_auth_rule` WHERE `id` = 67 LIMIT 1   [ RunTime:0.0003s ]
SQL: SELECT `id`,`name`,`alias`,`title` FROM `market_auth_rule` WHERE `id` = 64 LIMIT 1   [ RunTime:0.0003s ]
SQL: SELECT `id`,`name`,`alias`,`title` FROM `market_auth_rule` WHERE `id` = 131 LIMIT 1   [ RunTime:0.0003s ]
SQL: SELECT `id`,`name`,`alias`,`title` FROM `market_auth_rule` WHERE `id` = 24 LIMIT 1   [ RunTime:0.0003s ]
SQL: SELECT `id` FROM `market_auth_rule` WHERE `parent_id` = 113 AND `display` = 0 AND `status` = 1 ORDER BY control_time desc  [ RunTime:0.0004s ]
SQL: SELECT `title`,`alias`,`name` FROM `market_auth_rule` WHERE `id` = 113 LIMIT 1   [ RunTime:0.0003s ]
SQL: SELECT `id`,`name`,`alias`,`title` FROM `market_auth_rule` WHERE `id` = 60 LIMIT 1   [ RunTime:0.0003s ]
SQL: SELECT `id`,`name`,`alias`,`title` FROM `market_auth_rule` WHERE `id` = 111 LIMIT 1   [ RunTime:0.0003s ]
SQL: SELECT `id` FROM `market_auth_rule` WHERE `parent_id` = 61 AND `display` = 0 AND `status` = 1 ORDER BY control_time desc  [ RunTime:0.0003s ]
SQL: SELECT `title`,`alias`,`name` FROM `market_auth_rule` WHERE `id` = 61 LIMIT 1   [ RunTime:0.0003s ]
SQL: SELECT `id` FROM `market_auth_rule` WHERE `parent_id` = 197 AND `display` = 0 AND `status` = 1 ORDER BY control_time desc  [ RunTime:0.0003s ]
SQL: SELECT `title`,`alias`,`name` FROM `market_auth_rule` WHERE `id` = 197 LIMIT 1   [ RunTime:0.0003s ]
SQL: SELECT `id` FROM `market_auth_rule` WHERE `parent_id` = 135 AND `display` = 0 AND `status` = 1 ORDER BY control_time desc  [ RunTime:0.0003s ]
SQL: SELECT `title`,`alias`,`name` FROM `market_auth_rule` WHERE `id` = 135 LIMIT 1   [ RunTime:0.0003s ]
SQL: SELECT `id`,`name`,`alias`,`title` FROM `market_auth_rule` WHERE `id` = 136 LIMIT 1   [ RunTime:0.0003s ]
SQL: SELECT `id` FROM `market_auth_rule` WHERE `parent_id` = 140 AND `display` = 0 AND `status` = 1 ORDER BY control_time desc  [ RunTime:0.0004s ]
SQL: SELECT `title`,`alias`,`name` FROM `market_auth_rule` WHERE `id` = 140 LIMIT 1   [ RunTime:0.0003s ]
INFO: Run Behavior\ParseTemplateBehavior [ RunTime:0.023992s ]
INFO: [ view_parse ] --END-- [ RunTime:0.024026s ]
INFO: [ view_filter ] --START--
INFO: Run Behavior\WriteHtmlCacheBehavior [ RunTime:0.000118s ]
INFO: Run Behavior\TokenBuildBehavior [ RunTime:0.000162s ]
INFO: [ view_filter ] --END-- [ RunTime:0.000324s ]
INFO: [ app_end ] --START--
INFO: Run Behavior\ShowPageTraceBehavior [ RunTime:0.000309s ]
INFO: [ app_end ] --END-- [ RunTime:0.000343s ]

[ 2017-11-06T23:56:58+08:00 ] 119.131.119.247 /Admin/Login/companyLogin.html
INFO: [ app_init ] --START--
INFO: Run Behavior\BuildLiteBehavior [ RunTime:0.000011s ]
INFO: [ app_init ] --END-- [ RunTime:0.000204s ]
INFO: [ app_begin ] --START--
INFO: Run Behavior\ReadHtmlCacheBehavior [ RunTime:0.000329s ]
INFO: [ app_begin ] --END-- [ RunTime:0.000360s ]

[ 2017-11-06T23:56:58+08:00 ] 119.131.119.247 /Admin/Index/companyIndex.html
INFO: [ app_init ] --START--
INFO: Run Behavior\BuildLiteBehavior [ RunTime:0.000011s ]
INFO: [ app_init ] --END-- [ RunTime:0.000214s ]
INFO: [ app_begin ] --START--
INFO: Run Behavior\ReadHtmlCacheBehavior [ RunTime:0.000275s ]
INFO: [ app_begin ] --END-- [ RunTime:0.000307s ]
NOTIC: [8192] Non-static method Admin\Model\CommonModel::checkHTTP() should not be called statically, assuming $this from incompatible context /var/www/html/amigo/amigo/Admin/Controller/CommonController.class.php 第 23 行.
NOTIC: [8192] Non-static method Admin\Model\CommonModel::setUserID() should not be called statically, assuming $this from incompatible context /var/www/html/amigo/amigo/Admin/Controller/CommonController.class.php 第 24 行.
NOTIC: [8] Undefined index: adminInfo /var/www/html/amigo/amigo/Admin/Model/CommonModel.class.php 第 27 行.
NOTIC: [8] Undefined index: adminInfo /var/www/html/amigo/amigo/Admin/Controller/CommonController.class.php 第 53 行.
SQL: SHOW COLUMNS FROM `market_write_info` [ RunTime:0.0006s ]
SQL: SELECT `app_id`,`app_secret`,`mch_id`,`mch_sectet` FROM `market_write_info` WHERE `relevance_id` = 9 LIMIT 1   [ RunTime:0.0003s ]
SQL: SHOW COLUMNS FROM `market_order_form` [ RunTime:0.0006s ]
SQL: SELECT COUNT(*) AS tp_count FROM `market_order_form` WHERE `status` = 2 AND `is_send_out` = 0 AND `company_id` = 11 AND `relevance_id` = 9 AND `is_control` = 0 LIMIT 1   [ RunTime:0.0004s ]
SQL: SHOW COLUMNS FROM `market_subscribe_order_form` [ RunTime:0.0006s ]
SQL: SELECT COUNT(*) AS tp_count FROM `market_subscribe_order_form` WHERE `status` = 0 AND `company_id` = 11 AND `is_control` = 0 LIMIT 1   [ RunTime:0.0003s ]
SQL: SHOW COLUMNS FROM `market_wechat_refund` [ RunTime:0.0005s ]
SQL: SELECT COUNT(*) AS tp_count FROM `market_wechat_refund` WHERE `status` = 0 AND `company_id` = 0 AND `is_control` = 0 AND `relevance_id` = 9 LIMIT 1   [ RunTime:0.0003s ]
SQL: SELECT COUNT(*) AS tp_count FROM `market_wechat_refund` WHERE `status` = 0 AND `company_id` <> '0' AND `is_control` = 0 AND `relevance_id` = 9 LIMIT 1   [ RunTime:0.0003s ]
SQL: SELECT COUNT(*) AS tp_count FROM `market_wechat_refund` WHERE `status` = 0 AND `company_id` = 11 AND `is_control` = 0 AND `relevance_id` = 9 LIMIT 1   [ RunTime:0.0003s ]
NOTIC: [8] Undefined index: adminInfo /var/www/html/amigo/amigo/Admin/Model/CommonModel.class.php 第 27 行.
NOTIC: [8192] Non-static method Admin\Controller\CommonController::getCompanyConfig() should not be called statically, assuming $this from incompatible context /var/www/html/amigo/amigo/Admin/Model/CommonModel.class.php 第 21 行.
SQL: SELECT `app_id`,`app_secret`,`mch_id`,`mch_sectet` FROM `market_write_info` WHERE `relevance_id` = 9 LIMIT 1   [ RunTime:0.0003s ]
INFO: [ view_parse ] --START--
INFO: [ template_filter ] --START--
INFO: Run Behavior\ContentReplaceBehavior [ RunTime:0.000069s ]
INFO: [ template_filter ] --END-- [ RunTime:0.000104s ]
SQL: SHOW COLUMNS FROM `market_auth_rule` [ RunTime:0.0006s ]
SQL: SELECT g.rules FROM `market_auth_group_access` AS a INNER JOIN `market_auth_group` AS g ON g.id=a.group_id AND a.uid='29' [ RunTime:0.0004s ]
SQL: SELECT `id` FROM `market_auth_rule` WHERE `parent_id` = 0 ORDER BY control_time desc  [ RunTime:0.0004s ]
SQL: SELECT `id` FROM `market_auth_rule` WHERE `parent_id` = 8 AND `display` = 0 AND `status` = 1 ORDER BY control_time desc  [ RunTime:0.0004s ]
SQL: SELECT `title`,`alias`,`name` FROM `market_auth_rule` WHERE `id` = 8 LIMIT 1   [ RunTime:0.0003s ]
NOTIC: [2] array_intersect(): Argument #1 is not an array /var/www/html/amigo/amigo/Common/Common/function.php 第 137 行.
NOTIC: [2] Invalid argument supplied for foreach() /var/www/html/amigo/amigo/Common/Common/function.php 第 143 行.
SQL: SELECT `id` FROM `market_auth_rule` WHERE `parent_id` = 115 AND `display` = 0 AND `status` = 1 ORDER BY control_time desc  [ RunTime:0.0004s ]
SQL: SELECT `title`,`alias`,`name` FROM `market_auth_rule` WHERE `id` = 115 LIMIT 1   [ RunTime:0.0003s ]
NOTIC: [2] array_intersect(): Argument #1 is not an array /var/www/html/amigo/amigo/Common/Common/function.php 第 137 行.
NOTIC: [2] Invalid argument supplied for foreach() /var/www/html/amigo/amigo/Common/Common/function.php 第 143 行.
SQL: SELECT `id` FROM `market_auth_rule` WHERE `parent_id` = 23 AND `display` = 0 AND `status` = 1 ORDER BY control_time desc  [ RunTime:0.0004s ]
SQL: SELECT `title`,`alias`,`name` FROM `market_auth_rule` WHERE `id` = 23 LIMIT 1   [ RunTime:0.0003s ]
SQL: SELECT `id`,`name`,`alias`,`title` FROM `market_auth_rule` WHERE `id` = 149 LIMIT 1   [ RunTime:0.0003s ]
SQL: SELECT `id`,`name`,`alias`,`title` FROM `market_auth_rule` WHERE `id` = 67 LIMIT 1   [ RunTime:0.0003s ]
SQL: SELECT `id`,`name`,`alias`,`title` FROM `market_auth_rule` WHERE `id` = 64 LIMIT 1   [ RunTime:0.0003s ]
SQL: SELECT `id`,`name`,`alias`,`title` FROM `market_auth_rule` WHERE `id` = 131 LIMIT 1   [ RunTime:0.0003s ]
SQL: SELECT `id`,`name`,`alias`,`title` FROM `market_auth_rule` WHERE `id` = 24 LIMIT 1   [ RunTime:0.0003s ]
SQL: SELECT `id` FROM `market_auth_rule` WHERE `parent_id` = 113 AND `display` = 0 AND `status` = 1 ORDER BY control_time desc  [ RunTime:0.0004s ]
SQL: SELECT `title`,`alias`,`name` FROM `market_auth_rule` WHERE `id` = 113 LIMIT 1   [ RunTime:0.0003s ]
SQL: SELECT `id`,`name`,`alias`,`title` FROM `market_auth_rule` WHERE `id` = 60 LIMIT 1   [ RunTime:0.0003s ]
SQL: SELECT `id`,`name`,`alias`,`title` FROM `market_auth_rule` WHERE `id` = 111 LIMIT 1   [ RunTime:0.0003s ]
SQL: SELECT `id` FROM `market_auth_rule` WHERE `parent_id` = 61 AND `display` = 0 AND `status` = 1 ORDER BY control_time desc  [ RunTime:0.0003s ]
SQL: SELECT `title`,`alias`,`name` FROM `market_auth_rule` WHERE `id` = 61 LIMIT 1   [ RunTime:0.0003s ]
NOTIC: [2] array_intersect(): Argument #1 is not an array /var/www/html/amigo/amigo/Common/Common/function.php 第 137 行.
NOTIC: [2] Invalid argument supplied for foreach() /var/www/html/amigo/amigo/Common/Common/function.php 第 143 行.
SQL: SELECT `id` FROM `market_auth_rule` WHERE `parent_id` = 197 AND `display` = 0 AND `status` = 1 ORDER BY control_time desc  [ RunTime:0.0003s ]
SQL: SELECT `title`,`alias`,`name` FROM `market_auth_rule` WHERE `id` = 197 LIMIT 1   [ RunTime:0.0003s ]
NOTIC: [2] array_intersect(): Argument #1 is not an array /var/www/html/amigo/amigo/Common/Common/function.php 第 137 行.
NOTIC: [2] Invalid argument supplied for foreach() /var/www/html/amigo/amigo/Common/Common/function.php 第 143 行.
SQL: SELECT `id` FROM `market_auth_rule` WHERE `parent_id` = 135 AND `display` = 0 AND `status` = 1 ORDER BY control_time desc  [ RunTime:0.0004s ]
SQL: SELECT `title`,`alias`,`name` FROM `market_auth_rule` WHERE `id` = 135 LIMIT 1   [ RunTime:0.0003s ]
SQL: SELECT `id`,`name`,`alias`,`title` FROM `market_auth_rule` WHERE `id` = 136 LIMIT 1   [ RunTime:0.0003s ]
SQL: SELECT `id` FROM `market_auth_rule` WHERE `parent_id` = 140 AND `display` = 0 AND `status` = 1 ORDER BY control_time desc  [ RunTime:0.0004s ]
SQL: SELECT `title`,`alias`,`name` FROM `market_auth_rule` WHERE `id` = 140 LIMIT 1   [ RunTime:0.0003s ]
INFO: Run Behavior\ParseTemplateBehavior [ RunTime:0.019817s ]
INFO: [ view_parse ] --END-- [ RunTime:0.019850s ]
INFO: [ view_filter ] --START--
INFO: Run Behavior\WriteHtmlCacheBehavior [ RunTime:0.000144s ]
INFO: Run Behavior\TokenBuildBehavior [ RunTime:0.000190s ]
INFO: [ view_filter ] --END-- [ RunTime:0.000379s ]
INFO: [ app_end ] --START--
INFO: Run Behavior\ShowPageTraceBehavior [ RunTime:0.000339s ]
INFO: [ app_end ] --END-- [ RunTime:0.000378s ]

[ 2017-11-06T23:57:05+08:00 ] 119.131.119.247 /Admin/GoodsAttribute/ajaxControl/flag/update.html
INFO: [ app_init ] --START--
INFO: Run Behavior\BuildLiteBehavior [ RunTime:0.000011s ]
INFO: [ app_init ] --END-- [ RunTime:0.000209s ]
INFO: [ app_begin ] --START--
INFO: Run Behavior\ReadHtmlCacheBehavior [ RunTime:0.000263s ]
INFO: [ app_begin ] --END-- [ RunTime:0.000295s ]
NOTIC: [8192] Non-static method Admin\Model\CommonModel::checkHTTP() should not be called statically, assuming $this from incompatible context /var/www/html/amigo/amigo/Admin/Controller/CommonController.class.php 第 23 行.
NOTIC: [8192] Non-static method Admin\Model\CommonModel::setUserID() should not be called statically, assuming $this from incompatible context /var/www/html/amigo/amigo/Admin/Controller/CommonController.class.php 第 24 行.
NOTIC: [8] Undefined index: adminInfo /var/www/html/amigo/amigo/Admin/Model/CommonModel.class.php 第 27 行.
NOTIC: [8] Undefined index: adminInfo /var/www/html/amigo/amigo/Admin/Controller/CommonController.class.php 第 53 行.
SQL: SHOW COLUMNS FROM `market_write_info` [ RunTime:0.0006s ]
SQL: SELECT `app_id`,`app_secret`,`mch_id`,`mch_sectet` FROM `market_write_info` WHERE `relevance_id` = 9 LIMIT 1   [ RunTime:0.0003s ]
SQL: SHOW COLUMNS FROM `market_order_form` [ RunTime:0.0007s ]
SQL: SELECT COUNT(*) AS tp_count FROM `market_order_form` WHERE `status` = 2 AND `is_send_out` = 0 AND `company_id` = 11 AND `relevance_id` = 9 AND `is_control` = 0 LIMIT 1   [ RunTime:0.0004s ]
SQL: SHOW COLUMNS FROM `market_subscribe_order_form` [ RunTime:0.0006s ]
SQL: SELECT COUNT(*) AS tp_count FROM `market_subscribe_order_form` WHERE `status` = 0 AND `company_id` = 11 AND `is_control` = 0 LIMIT 1   [ RunTime:0.0004s ]
SQL: SHOW COLUMNS FROM `market_wechat_refund` [ RunTime:0.0005s ]
SQL: SELECT COUNT(*) AS tp_count FROM `market_wechat_refund` WHERE `status` = 0 AND `company_id` = 0 AND `is_control` = 0 AND `relevance_id` = 9 LIMIT 1   [ RunTime:0.0003s ]
SQL: SELECT COUNT(*) AS tp_count FROM `market_wechat_refund` WHERE `status` = 0 AND `company_id` <> '0' AND `is_control` = 0 AND `relevance_id` = 9 LIMIT 1   [ RunTime:0.0004s ]
SQL: SELECT COUNT(*) AS tp_count FROM `market_wechat_refund` WHERE `status` = 0 AND `company_id` = 11 AND `is_control` = 0 AND `relevance_id` = 9 LIMIT 1   [ RunTime:0.0003s ]
SQL: SHOW COLUMNS FROM `market_goods_attribute` [ RunTime:0.0005s ]
NOTIC: [8] Undefined index: validate /var/www/html/amigo/ThinkPHP/Library/Think/Model.class.php 第 1186 行.
NOTIC: [8] Undefined index: auto /var/www/html/amigo/ThinkPHP/Library/Think/Model.class.php 第 1129 行.
SQL: UPDATE `market_goods_attribute` SET `attr_val`='700ml',`attr_price`='158',`inventory_total`='499',`attr_pic`='/Uploads/GoodsAttrImg/20171102/59fa8530ceacf_thumbnail.jpg' WHERE `id` = 628 [ RunTime:0.0004s ]

[ 2017-11-06T23:57:06+08:00 ] 61.129.7.217 /Admin/Goods/goodsUpdate/id/539.html
INFO: [ app_init ] --START--
INFO: Run Behavior\BuildLiteBehavior [ RunTime:0.000010s ]
INFO: [ app_init ] --END-- [ RunTime:0.000203s ]
INFO: [ app_begin ] --START--
INFO: Run Behavior\ReadHtmlCacheBehavior [ RunTime:0.000278s ]
INFO: [ app_begin ] --END-- [ RunTime:0.000309s ]
NOTIC: [8192] Non-static method Admin\Model\CommonModel::checkHTTP() should not be called statically, assuming $this from incompatible context /var/www/html/amigo/amigo/Admin/Controller/CommonController.class.php 第 23 行.
NOTIC: [8] Undefined offset: 2 /var/www/html/amigo/amigo/Admin/Model/CommonModel.class.php 第 42 行.
NOTIC: [8192] Non-static method Admin\Model\CommonModel::setUserID() should not be called statically, assuming $this from incompatible context /var/www/html/amigo/amigo/Admin/Controller/CommonController.class.php 第 24 行.
NOTIC: [8] Undefined index: adminInfo /var/www/html/amigo/amigo/Admin/Model/CommonModel.class.php 第 27 行.
NOTIC: [8] Undefined index: companyInfo /var/www/html/amigo/amigo/Admin/Model/CommonModel.class.php 第 29 行.
NOTIC: [8] Undefined index: marketInfo /var/www/html/amigo/amigo/Admin/Model/CommonModel.class.php 第 31 行.
NOTIC: [8] Undefined index: adminInfo /var/www/html/amigo/amigo/Admin/Controller/CommonController.class.php 第 53 行.
NOTIC: [8] Undefined index: companyInfo /var/www/html/amigo/amigo/Admin/Controller/CommonController.class.php 第 59 行.
NOTIC: [8] Undefined index: marketInfo /var/www/html/amigo/amigo/Admin/Controller/CommonController.class.php 第 67 行.
SQL: SHOW COLUMNS FROM `market_company` [ RunTime:0.0008s ]
SQL: UPDATE `market_company` SET `status`='1' WHERE `end_time` < 1509983826 [ RunTime:0.0004s ]

[ 2017-11-06T23:57:06+08:00 ] 61.129.7.217 /Admin/Login/companyLogin.html
INFO: [ app_init ] --START--
INFO: Run Behavior\BuildLiteBehavior [ RunTime:0.000011s ]
INFO: [ app_init ] --END-- [ RunTime:0.000216s ]
INFO: [ app_begin ] --START--
INFO: Run Behavior\ReadHtmlCacheBehavior [ RunTime:0.000314s ]
INFO: [ app_begin ] --END-- [ RunTime:0.000348s ]
NOTIC: [8] Undefined index: companyInfo /var/www/html/amigo/amigo/Admin/Controller/LoginController.class.php 第 131 行.
INFO: [ view_parse ] --START--
INFO: [ template_filter ] --START--
INFO: Run Behavior\ContentReplaceBehavior [ RunTime:0.000035s ]
INFO: [ template_filter ] --END-- [ RunTime:0.000067s ]
INFO: Run Behavior\ParseTemplateBehavior [ RunTime:0.003733s ]
INFO: [ view_parse ] --END-- [ RunTime:0.003762s ]
INFO: [ view_filter ] --START--
INFO: Run Behavior\WriteHtmlCacheBehavior [ RunTime:0.000088s ]
INFO: Run Behavior\TokenBuildBehavior [ RunTime:0.000160s ]
INFO: [ view_filter ] --END-- [ RunTime:0.000290s ]
INFO: [ app_end ] --START--
INFO: Run Behavior\ShowPageTraceBehavior [ RunTime:0.000288s ]
INFO: [ app_end ] --END-- [ RunTime:0.000316s ]

[ 2017-11-06T23:57:12+08:00 ] 119.131.119.247 /Admin/Goods/goodsUpdate/id/539.html
INFO: [ app_init ] --START--
INFO: Run Behavior\BuildLiteBehavior [ RunTime:0.000011s ]
INFO: [ app_init ] --END-- [ RunTime:0.000230s ]
INFO: [ app_begin ] --START--
INFO: Run Behavior\ReadHtmlCacheBehavior [ RunTime:0.000259s ]
INFO: [ app_begin ] --END-- [ RunTime:0.000292s ]
NOTIC: [8192] Non-static method Admin\Model\CommonModel::checkHTTP() should not be called statically, assuming $this from incompatible context /var/www/html/amigo/amigo/Admin/Controller/CommonController.class.php 第 23 行.
NOTIC: [8192] Non-static method Admin\Model\CommonModel::setUserID() should not be called statically, assuming $this from incompatible context /var/www/html/amigo/amigo/Admin/Controller/CommonController.class.php 第 24 行.
NOTIC: [8] Undefined index: adminInfo /var/www/html/amigo/amigo/Admin/Model/CommonModel.class.php 第 27 行.
NOTIC: [8] Undefined index: adminInfo /var/www/html/amigo/amigo/Admin/Controller/CommonController.class.php 第 53 行.
SQL: SHOW COLUMNS FROM `market_write_info` [ RunTime:0.0006s ]
SQL: SELECT `app_id`,`app_secret`,`mch_id`,`mch_sectet` FROM `market_write_info` WHERE `relevance_id` = 9 LIMIT 1   [ RunTime:0.0003s ]
SQL: SHOW COLUMNS FROM `market_order_form` [ RunTime:0.0006s ]
SQL: SELECT COUNT(*) AS tp_count FROM `market_order_form` WHERE `status` = 2 AND `is_send_out` = 0 AND `company_id` = 11 AND `relevance_id` = 9 AND `is_control` = 0 LIMIT 1   [ RunTime:0.0004s ]
SQL: SHOW COLUMNS FROM `market_subscribe_order_form` [ RunTime:0.0006s ]
SQL: SELECT COUNT(*) AS tp_count FROM `market_subscribe_order_form` WHERE `status` = 0 AND `company_id` = 11 AND `is_control` = 0 LIMIT 1   [ RunTime:0.0003s ]
SQL: SHOW COLUMNS FROM `market_wechat_refund` [ RunTime:0.0005s ]
SQL: SELECT COUNT(*) AS tp_count FROM `market_wechat_refund` WHERE `status` = 0 AND `company_id` = 0 AND `is_control` = 0 AND `relevance_id` = 9 LIMIT 1   [ RunTime:0.0003s ]
SQL: SELECT COUNT(*) AS tp_count FROM `market_wechat_refund` WHERE `status` = 0 AND `company_id` <> '0' AND `is_control` = 0 AND `relevance_id` = 9 LIMIT 1   [ RunTime:0.0003s ]
SQL: SELECT COUNT(*) AS tp_count FROM `market_wechat_refund` WHERE `status` = 0 AND `company_id` = 11 AND `is_control` = 0 AND `relevance_id` = 9 LIMIT 1   [ RunTime:0.0003s ]
SQL: SHOW COLUMNS FROM `market_goods` [ RunTime:0.0006s ]
NOTIC: [8] Undefined index: adminInfo /var/www/html/amigo/amigo/Admin/Model/CommonModel.class.php 第 27 行.
NOTIC: [8192] Non-static method Admin\Controller\CommonController::getCompanyConfig() should not be called statically, assuming $this from incompatible context /var/www/html/amigo/amigo/Admin/Model/CommonModel.class.php 第 21 行.
SQL: SELECT `app_id`,`app_secret`,`mch_id`,`mch_sectet` FROM `market_write_info` WHERE `relevance_id` = 9 LIMIT 1   [ RunTime:0.0003s ]
SQL: UPDATE `market_goods` SET `goods_name`='格兰菲迪12年',`price`='158',`is_discount`='1',`sales_start_time`='0',`sales_end_time`='0',`discount`='0.0',`classify_id`='99',`brand_id`='35',`weight`='1000',`express_price`='0',`goods_title`='&lt;p&gt;							&lt;/p&gt;&lt;p style=&quot;white-space: normal;&quot;&gt;&lt;img src=&quot;http://company.chinaimigo.com/Public/JS/module/ueditor/php/upload1/20171101/1509540361988128.jpg&quot; title=&quot;1.jpg&quot; style=&quot;float: none;&quot;/&gt;&lt;/p&gt;&lt;p style=&quot;white-space: normal;&quot;&gt;&lt;img src=&quot;http://company.chinaimigo.com/Public/JS/module/ueditor/php/upload1/20171101/1509540361627256.jpg&quot; title=&quot;2.jpg&quot; style=&quot;float: none;&quot;/&gt;&lt;/p&gt;&lt;p style=&quot;white-space: normal;&quot;&gt;&lt;img src=&quot;http://company.chinaimigo.com/Public/JS/module/ueditor/php/upload1/20171101/1509540362608070.jpg&quot; title=&quot;3.jpg&quot; style=&quot;float: none;&quot;/&gt;&lt;/p&gt;&lt;p&gt;&lt;br/&gt;&lt;/p&gt;',`addtime`='1509983832',`update_time`='1509983832',`control_time`='1509983832',`company_id`='11',`relevance_id`='9' WHERE `id` = 539 AND `status` <> '-1' [ RunTime:0.0004s ]
INFO: [ view_parse ] --START--
INFO: [ template_filter ] --START--
INFO: Run Behavior\ContentReplaceBehavior [ RunTime:0.000028s ]
INFO: [ template_filter ] --END-- [ RunTime:0.000061s ]
INFO: Run Behavior\ParseTemplateBehavior [ RunTime:0.003246s ]
INFO: [ view_parse ] --END-- [ RunTime:0.003280s ]
INFO: [ view_filter ] --START--
INFO: Run Behavior\WriteHtmlCacheBehavior [ RunTime:0.000085s ]
INFO: Run Behavior\TokenBuildBehavior [ RunTime:0.000148s ]
INFO: [ view_filter ] --END-- [ RunTime:0.000275s ]

[ 2017-11-06T23:57:13+08:00 ] 119.131.119.247 /Admin/Login/companyLogin.html
INFO: [ app_init ] --START--
INFO: Run Behavior\BuildLiteBehavior [ RunTime:0.000010s ]
INFO: [ app_init ] --END-- [ RunTime:0.000214s ]
INFO: [ app_begin ] --START--
INFO: Run Behavior\ReadHtmlCacheBehavior [ RunTime:0.000329s ]
INFO: [ app_begin ] --END-- [ RunTime:0.000362s ]

[ 2017-11-06T23:57:13+08:00 ] 119.131.119.247 /Admin/Index/companyIndex.html
INFO: [ app_init ] --START--
INFO: Run Behavior\BuildLiteBehavior [ RunTime:0.000009s ]
INFO: [ app_init ] --END-- [ RunTime:0.000205s ]
INFO: [ app_begin ] --START--
INFO: Run Behavior\ReadHtmlCacheBehavior [ RunTime:0.000281s ]
INFO: [ app_begin ] --END-- [ RunTime:0.000314s ]
NOTIC: [8192] Non-static method Admin\Model\CommonModel::checkHTTP() should not be called statically, assuming $this from incompatible context /var/www/html/amigo/amigo/Admin/Controller/CommonController.class.php 第 23 行.
NOTIC: [8192] Non-static method Admin\Model\CommonModel::setUserID() should not be called statically, assuming $this from incompatible context /var/www/html/amigo/amigo/Admin/Controller/CommonController.class.php 第 24 行.
NOTIC: [8] Undefined index: adminInfo /var/www/html/amigo/amigo/Admin/Model/CommonModel.class.php 第 27 行.
NOTIC: [8] Undefined index: adminInfo /var/www/html/amigo/amigo/Admin/Controller/CommonController.class.php 第 53 行.
SQL: SHOW COLUMNS FROM `market_write_info` [ RunTime:0.0006s ]
SQL: SELECT `app_id`,`app_secret`,`mch_id`,`mch_sectet` FROM `market_write_info` WHERE `relevance_id` = 9 LIMIT 1   [ RunTime:0.0003s ]
SQL: SHOW COLUMNS FROM `market_order_form` [ RunTime:0.0007s ]
SQL: SELECT COUNT(*) AS tp_count FROM `market_order_form` WHERE `status` = 2 AND `is_send_out` = 0 AND `company_id` = 11 AND `relevance_id` = 9 AND `is_control` = 0 LIMIT 1   [ RunTime:0.0004s ]
SQL: SHOW COLUMNS FROM `market_subscribe_order_form` [ RunTime:0.0006s ]
SQL: SELECT COUNT(*) AS tp_count FROM `market_subscribe_order_form` WHERE `status` = 0 AND `company_id` = 11 AND `is_control` = 0 LIMIT 1   [ RunTime:0.0003s ]
SQL: SHOW COLUMNS FROM `market_wechat_refund` [ RunTime:0.0005s ]
SQL: SELECT COUNT(*) AS tp_count FROM `market_wechat_refund` WHERE `status` = 0 AND `company_id` = 0 AND `is_control` = 0 AND `relevance_id` = 9 LIMIT 1   [ RunTime:0.0003s ]
SQL: SELECT COUNT(*) AS tp_count FROM `market_wechat_refund` WHERE `status` = 0 AND `company_id` <> '0' AND `is_control` = 0 AND `relevance_id` = 9 LIMIT 1   [ RunTime:0.0003s ]
SQL: SELECT COUNT(*) AS tp_count FROM `market_wechat_refund` WHERE `status` = 0 AND `company_id` = 11 AND `is_control` = 0 AND `relevance_id` = 9 LIMIT 1   [ RunTime:0.0003s ]
NOTIC: [8] Undefined index: adminInfo /var/www/html/amigo/amigo/Admin/Model/CommonModel.class.php 第 27 行.
NOTIC: [8192] Non-static method Admin\Controller\CommonController::getCompanyConfig() should not be called statically, assuming $this from incompatible context /var/www/html/amigo/amigo/Admin/Model/CommonModel.class.php 第 21 行.
SQL: SELECT `app_id`,`app_secret`,`mch_id`,`mch_sectet` FROM `market_write_info` WHERE `relevance_id` = 9 LIMIT 1   [ RunTime:0.0003s ]
INFO: [ view_parse ] --START--
INFO: [ template_filter ] --START--
INFO: Run Behavior\ContentReplaceBehavior [ RunTime:0.000081s ]
INFO: [ template_filter ] --END-- [ RunTime:0.000118s ]
SQL: SHOW COLUMNS FROM `market_auth_rule` [ RunTime:0.0006s ]
SQL: SELECT g.rules FROM `market_auth_group_access` AS a INNER JOIN `market_auth_group` AS g ON g.id=a.group_id AND a.uid='29' [ RunTime:0.0003s ]
SQL: SELECT `id` FROM `market_auth_rule` WHERE `parent_id` = 0 ORDER BY control_time desc  [ RunTime:0.0004s ]
SQL: SELECT `id` FROM `market_auth_rule` WHERE `parent_id` = 8 AND `display` = 0 AND `status` = 1 ORDER BY control_time desc  [ RunTime:0.0003s ]
SQL: SELECT `title`,`alias`,`name` FROM `market_auth_rule` WHERE `id` = 8 LIMIT 1   [ RunTime:0.0003s ]
NOTIC: [2] array_intersect(): Argument #1 is not an array /var/www/html/amigo/amigo/Common/Common/function.php 第 137 行.
NOTIC: [2] Invalid argument supplied for foreach() /var/www/html/amigo/amigo/Common/Common/function.php 第 143 行.
SQL: SELECT `id` FROM `market_auth_rule` WHERE `parent_id` = 115 AND `display` = 0 AND `status` = 1 ORDER BY control_time desc  [ RunTime:0.0003s ]
SQL: SELECT `title`,`alias`,`name` FROM `market_auth_rule` WHERE `id` = 115 LIMIT 1   [ RunTime:0.0003s ]
NOTIC: [2] array_intersect(): Argument #1 is not an array /var/www/html/amigo/amigo/Common/Common/function.php 第 137 行.
NOTIC: [2] Invalid argument supplied for foreach() /var/www/html/amigo/amigo/Common/Common/function.php 第 143 行.
SQL: SELECT `id` FROM `market_auth_rule` WHERE `parent_id` = 23 AND `display` = 0 AND `status` = 1 ORDER BY control_time desc  [ RunTime:0.0004s ]
SQL: SELECT `title`,`alias`,`name` FROM `market_auth_rule` WHERE `id` = 23 LIMIT 1   [ RunTime:0.0003s ]
SQL: SELECT `id`,`name`,`alias`,`title` FROM `market_auth_rule` WHERE `id` = 149 LIMIT 1   [ RunTime:0.0003s ]
SQL: SELECT `id`,`name`,`alias`,`title` FROM `market_auth_rule` WHERE `id` = 67 LIMIT 1   [ RunTime:0.0003s ]
SQL: SELECT `id`,`name`,`alias`,`title` FROM `market_auth_rule` WHERE `id` = 64 LIMIT 1   [ RunTime:0.0003s ]
SQL: SELECT `id`,`name`,`alias`,`title` FROM `market_auth_rule` WHERE `id` = 131 LIMIT 1   [ RunTime:0.0003s ]
SQL: SELECT `id`,`name`,`alias`,`title` FROM `market_auth_rule` WHERE `id` = 24 LIMIT 1   [ RunTime:0.0003s ]
SQL: SELECT `id` FROM `market_auth_rule` WHERE `parent_id` = 113 AND `display` = 0 AND `status` = 1 ORDER BY control_time desc  [ RunTime:0.0004s ]
SQL: SELECT `title`,`alias`,`name` FROM `market_auth_rule` WHERE `id` = 113 LIMIT 1   [ RunTime:0.0003s ]
SQL: SELECT `id`,`name`,`alias`,`title` FROM `market_auth_rule` WHERE `id` = 60 LIMIT 1   [ RunTime:0.0003s ]
SQL: SELECT `id`,`name`,`alias`,`title` FROM `market_auth_rule` WHERE `id` = 111 LIMIT 1   [ RunTime:0.0003s ]
SQL: SELECT `id` FROM `market_auth_rule` WHERE `parent_id` = 61 AND `display` = 0 AND `status` = 1 ORDER BY control_time desc  [ RunTime:0.0003s ]
SQL: SELECT `title`,`alias`,`name` FROM `market_auth_rule` WHERE `id` = 61 LIMIT 1   [ RunTime:0.0003s ]
NOTIC: [2] array_intersect(): Argument #1 is not an array /var/www/html/amigo/amigo/Common/Common/function.php 第 137 行.
NOTIC: [2] Invalid argument supplied for foreach() /var/www/html/amigo/amigo/Common/Common/function.php 第 143 行.
SQL: SELECT `id` FROM `market_auth_rule` WHERE `parent_id` = 197 AND `display` = 0 AND `status` = 1 ORDER BY control_time desc  [ RunTime:0.0003s ]
SQL: SELECT `title`,`alias`,`name` FROM `market_auth_rule` WHERE `id` = 197 LIMIT 1   [ RunTime:0.0003s ]
NOTIC: [2] array_intersect(): Argument #1 is not an array /var/www/html/amigo/amigo/Common/Common/function.php 第 137 行.
NOTIC: [2] Invalid argument supplied for foreach() /var/www/html/amigo/amigo/Common/Common/function.php 第 143 行.
SQL: SELECT `id` FROM `market_auth_rule` WHERE `parent_id` = 135 AND `display` = 0 AND `status` = 1 ORDER BY control_time desc  [ RunTime:0.0003s ]
SQL: SELECT `title`,`alias`,`name` FROM `market_auth_rule` WHERE `id` = 135 LIMIT 1   [ RunTime:0.0003s ]
SQL: SELECT `id`,`name`,`alias`,`title` FROM `market_auth_rule` WHERE `id` = 136 LIMIT 1   [ RunTime:0.0003s ]
SQL: SELECT `id` FROM `market_auth_rule` WHERE `parent_id` = 140 AND `display` = 0 AND `status` = 1 ORDER BY control_time desc  [ RunTime:0.0003s ]
SQL: SELECT `title`,`alias`,`name` FROM `market_auth_rule` WHERE `id` = 140 LIMIT 1   [ RunTime:0.0003s ]
INFO: Run Behavior\ParseTemplateBehavior [ RunTime:0.019360s ]
INFO: [ view_parse ] --END-- [ RunTime:0.019388s ]
INFO: [ view_filter ] --START--
INFO: Run Behavior\WriteHtmlCacheBehavior [ RunTime:0.000120s ]
INFO: Run Behavior\TokenBuildBehavior [ RunTime:0.000170s ]
INFO: [ view_filter ] --END-- [ RunTime:0.000334s ]
INFO: [ app_end ] --START--
INFO: Run Behavior\ShowPageTraceBehavior [ RunTime:0.000448s ]
INFO: [ app_end ] --END-- [ RunTime:0.000500s ]

[ 2017-11-06T23:57:14+08:00 ] 119.131.119.247 /Admin/Goods/goodsList.html
INFO: [ app_init ] --START--
INFO: Run Behavior\BuildLiteBehavior [ RunTime:0.000011s ]
INFO: [ app_init ] --END-- [ RunTime:0.000239s ]
INFO: [ app_begin ] --START--
INFO: Run Behavior\ReadHtmlCacheBehavior [ RunTime:0.000275s ]
INFO: [ app_begin ] --END-- [ RunTime:0.000310s ]
NOTIC: [8192] Non-static method Admin\Model\CommonModel::checkHTTP() should not be called statically, assuming $this from incompatible context /var/www/html/amigo/amigo/Admin/Controller/CommonController.class.php 第 23 行.
NOTIC: [8192] Non-static method Admin\Model\CommonModel::setUserID() should not be called statically, assuming $this from incompatible context /var/www/html/amigo/amigo/Admin/Controller/CommonController.class.php 第 24 行.
NOTIC: [8] Undefined index: adminInfo /var/www/html/amigo/amigo/Admin/Model/CommonModel.class.php 第 27 行.
NOTIC: [8] Undefined index: adminInfo /var/www/html/amigo/amigo/Admin/Controller/CommonController.class.php 第 53 行.
SQL: SHOW COLUMNS FROM `market_write_info` [ RunTime:0.0006s ]
SQL: SELECT `app_id`,`app_secret`,`mch_id`,`mch_sectet` FROM `market_write_info` WHERE `relevance_id` = 9 LIMIT 1   [ RunTime:0.0003s ]
SQL: SHOW COLUMNS FROM `market_order_form` [ RunTime:0.0007s ]
SQL: SELECT COUNT(*) AS tp_count FROM `market_order_form` WHERE `status` = 2 AND `is_send_out` = 0 AND `company_id` = 11 AND `relevance_id` = 9 AND `is_control` = 0 LIMIT 1   [ RunTime:0.0005s ]
SQL: SHOW COLUMNS FROM `market_subscribe_order_form` [ RunTime:0.0006s ]
SQL: SELECT COUNT(*) AS tp_count FROM `market_subscribe_order_form` WHERE `status` = 0 AND `company_id` = 11 AND `is_control` = 0 LIMIT 1   [ RunTime:0.0003s ]
SQL: SHOW COLUMNS FROM `market_wechat_refund` [ RunTime:0.0005s ]
SQL: SELECT COUNT(*) AS tp_count FROM `market_wechat_refund` WHERE `status` = 0 AND `company_id` = 0 AND `is_control` = 0 AND `relevance_id` = 9 LIMIT 1   [ RunTime:0.0003s ]
SQL: SELECT COUNT(*) AS tp_count FROM `market_wechat_refund` WHERE `status` = 0 AND `company_id` <> '0' AND `is_control` = 0 AND `relevance_id` = 9 LIMIT 1   [ RunTime:0.0003s ]
SQL: SELECT COUNT(*) AS tp_count FROM `market_wechat_refund` WHERE `status` = 0 AND `company_id` = 11 AND `is_control` = 0 AND `relevance_id` = 9 LIMIT 1   [ RunTime:0.0003s ]
SQL: SHOW COLUMNS FROM `market_goods` [ RunTime:0.0007s ]
NOTIC: [8] Undefined index: adminInfo /var/www/html/amigo/amigo/Admin/Model/CommonModel.class.php 第 27 行.
NOTIC: [8192] Non-static method Admin\Controller\CommonController::getCompanyConfig() should not be called statically, assuming $this from incompatible context /var/www/html/amigo/amigo/Admin/Model/CommonModel.class.php 第 21 行.
SQL: SELECT `app_id`,`app_secret`,`mch_id`,`mch_sectet` FROM `market_write_info` WHERE `relevance_id` = 9 LIMIT 1   [ RunTime:0.0003s ]
SQL: SHOW COLUMNS FROM `market_goods_classify` [ RunTime:0.0005s ]
SQL: SELECT * FROM `market_goods_classify` WHERE `status` NOT IN ('-1','1') AND `company_id` = 11 AND `relevance_id` = 9  [ RunTime:0.0004s ]
SQL: SELECT COUNT(*) AS tp_count FROM `market_goods` WHERE `status` <> '-1' AND `company_id` = 11 LIMIT 1   [ RunTime:0.0004s ]
SQL: SELECT `id`,`goods_name`,`status`,`price`,`classify_id`,`addtime`,`goods_logo` FROM `market_goods` WHERE `status` <> '-1' AND `company_id` = 11 ORDER BY addtime desc LIMIT 0,8   [ RunTime:0.0005s ]
SQL: SELECT `classify_name` FROM `market_goods_classify` WHERE `id` = 99 LIMIT 1   [ RunTime:0.0003s ]
SQL: SHOW COLUMNS FROM `market_goods_statistics` [ RunTime:0.0005s ]
SQL: SELECT SUM(visit_total) AS tp_sum FROM `market_goods_statistics` WHERE `relevance_id` = 539 LIMIT 1   [ RunTime:0.0003s ]
SQL: SHOW COLUMNS FROM `market_goods_stick` [ RunTime:0.0005s ]
SQL: SELECT `stick_classify`,`status` FROM `market_goods_stick` WHERE `goods_id` = 539 AND `status` <> '-1' LIMIT 1   [ RunTime:0.0003s ]
SQL: SELECT `classify_name` FROM `market_goods_classify` WHERE `id` = 99 LIMIT 1   [ RunTime:0.0003s ]
SQL: SELECT SUM(visit_total) AS tp_sum FROM `market_goods_statistics` WHERE `relevance_id` = 541 LIMIT 1   [ RunTime:0.0003s ]
SQL: SELECT `stick_classify`,`status` FROM `market_goods_stick` WHERE `goods_id` = 541 AND `status` <> '-1' LIMIT 1   [ RunTime:0.0003s ]
SQL: SELECT `classify_name` FROM `market_goods_classify` WHERE `id` = 99 LIMIT 1   [ RunTime:0.0003s ]
SQL: SELECT SUM(visit_total) AS tp_sum FROM `market_goods_statistics` WHERE `relevance_id` = 543 LIMIT 1   [ RunTime:0.0004s ]
SQL: SELECT `stick_classify`,`status` FROM `market_goods_stick` WHERE `goods_id` = 543 AND `status` <> '-1' LIMIT 1   [ RunTime:0.0005s ]
SQL: SELECT `classify_name` FROM `market_goods_classify` WHERE `id` = 99 LIMIT 1   [ RunTime:0.0004s ]
SQL: SELECT SUM(visit_total) AS tp_sum FROM `market_goods_statistics` WHERE `relevance_id` = 544 LIMIT 1   [ RunTime:0.0003s ]
SQL: SELECT `stick_classify`,`status` FROM `market_goods_stick` WHERE `goods_id` = 544 AND `status` <> '-1' LIMIT 1   [ RunTime:0.0003s ]
SQL: SELECT `classify_name` FROM `market_goods_classify` WHERE `id` = 99 LIMIT 1   [ RunTime:0.0003s ]
SQL: SELECT SUM(visit_total) AS tp_sum FROM `market_goods_statistics` WHERE `relevance_id` = 545 LIMIT 1   [ RunTime:0.0003s ]
SQL: SELECT `stick_classify`,`status` FROM `market_goods_stick` WHERE `goods_id` = 545 AND `status` <> '-1' LIMIT 1   [ RunTime:0.0003s ]
SQL: SELECT `classify_name` FROM `market_goods_classify` WHERE `id` = 99 LIMIT 1   [ RunTime:0.0003s ]
SQL: SELECT SUM(visit_total) AS tp_sum FROM `market_goods_statistics` WHERE `relevance_id` = 547 LIMIT 1   [ RunTime:0.0003s ]
SQL: SELECT `stick_classify`,`status` FROM `market_goods_stick` WHERE `goods_id` = 547 AND `status` <> '-1' LIMIT 1   [ RunTime:0.0003s ]
SQL: SELECT `classify_name` FROM `market_goods_classify` WHERE `id` = 99 LIMIT 1   [ RunTime:0.0003s ]
SQL: SELECT SUM(visit_total) AS tp_sum FROM `market_goods_statistics` WHERE `relevance_id` = 548 LIMIT 1   [ RunTime:0.0003s ]
SQL: SELECT `stick_classify`,`status` FROM `market_goods_stick` WHERE `goods_id` = 548 AND `status` <> '-1' LIMIT 1   [ RunTime:0.0003s ]
SQL: SELECT `classify_name` FROM `market_goods_classify` WHERE `id` = 99 LIMIT 1   [ RunTime:0.0003s ]
SQL: SELECT SUM(visit_total) AS tp_sum FROM `market_goods_statistics` WHERE `relevance_id` = 549 LIMIT 1   [ RunTime:0.0003s ]
SQL: SELECT `stick_classify`,`status` FROM `market_goods_stick` WHERE `goods_id` = 549 AND `status` <> '-1' LIMIT 1   [ RunTime:0.0003s ]
INFO: [ view_parse ] --START--
INFO: [ template_filter ] --START--
INFO: Run Behavior\ContentReplaceBehavior [ RunTime:0.000070s ]
INFO: [ template_filter ] --END-- [ RunTime:0.000116s ]
SQL: SHOW COLUMNS FROM `market_auth_rule` [ RunTime:0.0006s ]
SQL: SELECT g.rules FROM `market_auth_group_access` AS a INNER JOIN `market_auth_group` AS g ON g.id=a.group_id AND a.uid='29' [ RunTime:0.0004s ]
SQL: SELECT `id` FROM `market_auth_rule` WHERE `parent_id` = 0 ORDER BY control_time desc  [ RunTime:0.0004s ]
SQL: SELECT `id` FROM `market_auth_rule` WHERE `parent_id` = 8 AND `display` = 0 AND `status` = 1 ORDER BY control_time desc  [ RunTime:0.0004s ]
SQL: SELECT `title`,`alias`,`name` FROM `market_auth_rule` WHERE `id` = 8 LIMIT 1   [ RunTime:0.0003s ]
SQL: SELECT `id` FROM `market_auth_rule` WHERE `parent_id` = 115 AND `display` = 0 AND `status` = 1 ORDER BY control_time desc  [ RunTime:0.0004s ]
SQL: SELECT `title`,`alias`,`name` FROM `market_auth_rule` WHERE `id` = 115 LIMIT 1   [ RunTime:0.0003s ]
SQL: SELECT `id` FROM `market_auth_rule` WHERE `parent_id` = 23 AND `display` = 0 AND `status` = 1 ORDER BY control_time desc  [ RunTime:0.0004s ]
SQL: SELECT `title`,`alias`,`name` FROM `market_auth_rule` WHERE `id` = 23 LIMIT 1   [ RunTime:0.0005s ]
SQL: SELECT `id`,`name`,`alias`,`title` FROM `market_auth_rule` WHERE `id` = 149 LIMIT 1   [ RunTime:0.0004s ]
SQL: SELECT `id`,`name`,`alias`,`title` FROM `market_auth_rule` WHERE `id` = 67 LIMIT 1   [ RunTime:0.0004s ]
SQL: SELECT `id`,`name`,`alias`,`title` FROM `market_auth_rule` WHERE `id` = 64 LIMIT 1   [ RunTime:0.0003s ]
SQL: SELECT `id`,`name`,`alias`,`title` FROM `market_auth_rule` WHERE `id` = 131 LIMIT 1   [ RunTime:0.0003s ]
SQL: SELECT `id`,`name`,`alias`,`title` FROM `market_auth_rule` WHERE `id` = 24 LIMIT 1   [ RunTime:0.0003s ]
SQL: SELECT `id` FROM `market_auth_rule` WHERE `parent_id` = 113 AND `display` = 0 AND `status` = 1 ORDER BY control_time desc  [ RunTime:0.0004s ]
SQL: SELECT `title`,`alias`,`name` FROM `market_auth_rule` WHERE `id` = 113 LIMIT 1   [ RunTime:0.0003s ]
SQL: SELECT `id`,`name`,`alias`,`title` FROM `market_auth_rule` WHERE `id` = 60 LIMIT 1   [ RunTime:0.0003s ]
SQL: SELECT `id`,`name`,`alias`,`title` FROM `market_auth_rule` WHERE `id` = 111 LIMIT 1   [ RunTime:0.0003s ]
SQL: SELECT `id` FROM `market_auth_rule` WHERE `parent_id` = 61 AND `display` = 0 AND `status` = 1 ORDER BY control_time desc  [ RunTime:0.0004s ]
SQL: SELECT `title`,`alias`,`name` FROM `market_auth_rule` WHERE `id` = 61 LIMIT 1   [ RunTime:0.0003s ]
SQL: SELECT `id` FROM `market_auth_rule` WHERE `parent_id` = 197 AND `display` = 0 AND `status` = 1 ORDER BY control_time desc  [ RunTime:0.0003s ]
SQL: SELECT `title`,`alias`,`name` FROM `market_auth_rule` WHERE `id` = 197 LIMIT 1   [ RunTime:0.0003s ]
SQL: SELECT `id` FROM `market_auth_rule` WHERE `parent_id` = 135 AND `display` = 0 AND `status` = 1 ORDER BY control_time desc  [ RunTime:0.0004s ]
SQL: SELECT `title`,`alias`,`name` FROM `market_auth_rule` WHERE `id` = 135 LIMIT 1   [ RunTime:0.0003s ]
SQL: SELECT `id`,`name`,`alias`,`title` FROM `market_auth_rule` WHERE `id` = 136 LIMIT 1   [ RunTime:0.0003s ]
SQL: SELECT `id` FROM `market_auth_rule` WHERE `parent_id` = 140 AND `display` = 0 AND `status` = 1 ORDER BY control_time desc  [ RunTime:0.0004s ]
SQL: SELECT `title`,`alias`,`name` FROM `market_auth_rule` WHERE `id` = 140 LIMIT 1   [ RunTime:0.0003s ]
INFO: Run Behavior\ParseTemplateBehavior [ RunTime:0.023434s ]
INFO: [ view_parse ] --END-- [ RunTime:0.023467s ]
INFO: [ view_filter ] --START--
INFO: Run Behavior\WriteHtmlCacheBehavior [ RunTime:0.000126s ]
INFO: Run Behavior\TokenBuildBehavior [ RunTime:0.000201s ]
INFO: [ view_filter ] --END-- [ RunTime:0.000386s ]
INFO: [ app_end ] --START--
INFO: Run Behavior\ShowPageTraceBehavior [ RunTime:0.000351s ]
INFO: [ app_end ] --END-- [ RunTime:0.000406s ]

[ 2017-11-06T23:57:15+08:00 ] 119.131.119.247 /Admin/Login/companyLogin.html
INFO: [ app_init ] --START--
INFO: Run Behavior\BuildLiteBehavior [ RunTime:0.000010s ]
INFO: [ app_init ] --END-- [ RunTime:0.000207s ]
INFO: [ app_begin ] --START--
INFO: Run Behavior\ReadHtmlCacheBehavior [ RunTime:0.000278s ]
INFO: [ app_begin ] --END-- [ RunTime:0.000310s ]

[ 2017-11-06T23:57:15+08:00 ] 119.131.119.247 /Admin/Index/companyIndex.html
INFO: [ app_init ] --START--
INFO: Run Behavior\BuildLiteBehavior [ RunTime:0.000010s ]
INFO: [ app_init ] --END-- [ RunTime:0.000211s ]
INFO: [ app_begin ] --START--
INFO: Run Behavior\ReadHtmlCacheBehavior [ RunTime:0.000262s ]
INFO: [ app_begin ] --END-- [ RunTime:0.000294s ]
NOTIC: [8192] Non-static method Admin\Model\CommonModel::checkHTTP() should not be called statically, assuming $this from incompatible context /var/www/html/amigo/amigo/Admin/Controller/CommonController.class.php 第 23 行.
NOTIC: [8192] Non-static method Admin\Model\CommonModel::setUserID() should not be called statically, assuming $this from incompatible context /var/www/html/amigo/amigo/Admin/Controller/CommonController.class.php 第 24 行.
NOTIC: [8] Undefined index: adminInfo /var/www/html/amigo/amigo/Admin/Model/CommonModel.class.php 第 27 行.
NOTIC: [8] Undefined index: adminInfo /var/www/html/amigo/amigo/Admin/Controller/CommonController.class.php 第 53 行.
SQL: SHOW COLUMNS FROM `market_write_info` [ RunTime:0.0006s ]
SQL: SELECT `app_id`,`app_secret`,`mch_id`,`mch_sectet` FROM `market_write_info` WHERE `relevance_id` = 9 LIMIT 1   [ RunTime:0.0003s ]
SQL: SHOW COLUMNS FROM `market_order_form` [ RunTime:0.0006s ]
SQL: SELECT COUNT(*) AS tp_count FROM `market_order_form` WHERE `status` = 2 AND `is_send_out` = 0 AND `company_id` = 11 AND `relevance_id` = 9 AND `is_control` = 0 LIMIT 1   [ RunTime:0.0004s ]
SQL: SHOW COLUMNS FROM `market_subscribe_order_form` [ RunTime:0.0006s ]
SQL: SELECT COUNT(*) AS tp_count FROM `market_subscribe_order_form` WHERE `status` = 0 AND `company_id` = 11 AND `is_control` = 0 LIMIT 1   [ RunTime:0.0003s ]
SQL: SHOW COLUMNS FROM `market_wechat_refund` [ RunTime:0.0005s ]
SQL: SELECT COUNT(*) AS tp_count FROM `market_wechat_refund` WHERE `status` = 0 AND `company_id` = 0 AND `is_control` = 0 AND `relevance_id` = 9 LIMIT 1   [ RunTime:0.0003s ]
SQL: SELECT COUNT(*) AS tp_count FROM `market_wechat_refund` WHERE `status` = 0 AND `company_id` <> '0' AND `is_control` = 0 AND `relevance_id` = 9 LIMIT 1   [ RunTime:0.0003s ]
SQL: SELECT COUNT(*) AS tp_count FROM `market_wechat_refund` WHERE `status` = 0 AND `company_id` = 11 AND `is_control` = 0 AND `relevance_id` = 9 LIMIT 1   [ RunTime:0.0003s ]
NOTIC: [8] Undefined index: adminInfo /var/www/html/amigo/amigo/Admin/Model/CommonModel.class.php 第 27 行.
NOTIC: [8192] Non-static method Admin\Controller\CommonController::getCompanyConfig() should not be called statically, assuming $this from incompatible context /var/www/html/amigo/amigo/Admin/Model/CommonModel.class.php 第 21 行.
SQL: SELECT `app_id`,`app_secret`,`mch_id`,`mch_sectet` FROM `market_write_info` WHERE `relevance_id` = 9 LIMIT 1   [ RunTime:0.0003s ]
INFO: [ view_parse ] --START--
INFO: [ template_filter ] --START--
INFO: Run Behavior\ContentReplaceBehavior [ RunTime:0.000078s ]
INFO: [ template_filter ] --END-- [ RunTime:0.000116s ]
SQL: SHOW COLUMNS FROM `market_auth_rule` [ RunTime:0.0005s ]
SQL: SELECT g.rules FROM `market_auth_group_access` AS a INNER JOIN `market_auth_group` AS g ON g.id=a.group_id AND a.uid='29' [ RunTime:0.0004s ]
SQL: SELECT `id` FROM `market_auth_rule` WHERE `parent_id` = 0 ORDER BY control_time desc  [ RunTime:0.0004s ]
SQL: SELECT `id` FROM `market_auth_rule` WHERE `parent_id` = 8 AND `display` = 0 AND `status` = 1 ORDER BY control_time desc  [ RunTime:0.0004s ]
SQL: SELECT `title`,`alias`,`name` FROM `market_auth_rule` WHERE `id` = 8 LIMIT 1   [ RunTime:0.0003s ]
NOTIC: [2] array_intersect(): Argument #1 is not an array /var/www/html/amigo/amigo/Common/Common/function.php 第 137 行.
NOTIC: [2] Invalid argument supplied for foreach() /var/www/html/amigo/amigo/Common/Common/function.php 第 143 行.
SQL: SELECT `id` FROM `market_auth_rule` WHERE `parent_id` = 115 AND `display` = 0 AND `status` = 1 ORDER BY control_time desc  [ RunTime:0.0004s ]
SQL: SELECT `title`,`alias`,`name` FROM `market_auth_rule` WHERE `id` = 115 LIMIT 1   [ RunTime:0.0004s ]
NOTIC: [2] array_intersect(): Argument #1 is not an array /var/www/html/amigo/amigo/Common/Common/function.php 第 137 行.
NOTIC: [2] Invalid argument supplied for foreach() /var/www/html/amigo/amigo/Common/Common/function.php 第 143 行.
SQL: SELECT `id` FROM `market_auth_rule` WHERE `parent_id` = 23 AND `display` = 0 AND `status` = 1 ORDER BY control_time desc  [ RunTime:0.0004s ]
SQL: SELECT `title`,`alias`,`name` FROM `market_auth_rule` WHERE `id` = 23 LIMIT 1   [ RunTime:0.0003s ]
SQL: SELECT `id`,`name`,`alias`,`title` FROM `market_auth_rule` WHERE `id` = 149 LIMIT 1   [ RunTime:0.0003s ]
SQL: SELECT `id`,`name`,`alias`,`title` FROM `market_auth_rule` WHERE `id` = 67 LIMIT 1   [ RunTime:0.0003s ]
SQL: SELECT `id`,`name`,`alias`,`title` FROM `market_auth_rule` WHERE `id` = 64 LIMIT 1   [ RunTime:0.0003s ]
SQL: SELECT `id`,`name`,`alias`,`title` FROM `market_auth_rule` WHERE `id` = 131 LIMIT 1   [ RunTime:0.0003s ]
SQL: SELECT `id`,`name`,`alias`,`title` FROM `market_auth_rule` WHERE `id` = 24 LIMIT 1   [ RunTime:0.0004s ]
SQL: SELECT `id` FROM `market_auth_rule` WHERE `parent_id` = 113 AND `display` = 0 AND `status` = 1 ORDER BY control_time desc  [ RunTime:0.0004s ]
SQL: SELECT `title`,`alias`,`name` FROM `market_auth_rule` WHERE `id` = 113 LIMIT 1   [ RunTime:0.0003s ]
SQL: SELECT `id`,`name`,`alias`,`title` FROM `market_auth_rule` WHERE `id` = 60 LIMIT 1   [ RunTime:0.0003s ]
SQL: SELECT `id`,`name`,`alias`,`title` FROM `market_auth_rule` WHERE `id` = 111 LIMIT 1   [ RunTime:0.0003s ]
SQL: SELECT `id` FROM `market_auth_rule` WHERE `parent_id` = 61 AND `display` = 0 AND `status` = 1 ORDER BY control_time desc  [ RunTime:0.0004s ]
SQL: SELECT `title`,`alias`,`name` FROM `market_auth_rule` WHERE `id` = 61 LIMIT 1   [ RunTime:0.0003s ]
NOTIC: [2] array_intersect(): Argument #1 is not an array /var/www/html/amigo/amigo/Common/Common/function.php 第 137 行.
NOTIC: [2] Invalid argument supplied for foreach() /var/www/html/amigo/amigo/Common/Common/function.php 第 143 行.
SQL: SELECT `id` FROM `market_auth_rule` WHERE `parent_id` = 197 AND `display` = 0 AND `status` = 1 ORDER BY control_time desc  [ RunTime:0.0003s ]
SQL: SELECT `title`,`alias`,`name` FROM `market_auth_rule` WHERE `id` = 197 LIMIT 1   [ RunTime:0.0003s ]
NOTIC: [2] array_intersect(): Argument #1 is not an array /var/www/html/amigo/amigo/Common/Common/function.php 第 137 行.
NOTIC: [2] Invalid argument supplied for foreach() /var/www/html/amigo/amigo/Common/Common/function.php 第 143 行.
SQL: SELECT `id` FROM `market_auth_rule` WHERE `parent_id` = 135 AND `display` = 0 AND `status` = 1 ORDER BY control_time desc  [ RunTime:0.0008s ]
SQL: SELECT `title`,`alias`,`name` FROM `market_auth_rule` WHERE `id` = 135 LIMIT 1   [ RunTime:0.0003s ]
SQL: SELECT `id`,`name`,`alias`,`title` FROM `market_auth_rule` WHERE `id` = 136 LIMIT 1   [ RunTime:0.0003s ]
SQL: SELECT `id` FROM `market_auth_rule` WHERE `parent_id` = 140 AND `display` = 0 AND `status` = 1 ORDER BY control_time desc  [ RunTime:0.0004s ]
SQL: SELECT `title`,`alias`,`name` FROM `market_auth_rule` WHERE `id` = 140 LIMIT 1   [ RunTime:0.0003s ]
INFO: Run Behavior\ParseTemplateBehavior [ RunTime:0.021056s ]
INFO: [ view_parse ] --END-- [ RunTime:0.021087s ]
INFO: [ view_filter ] --START--
INFO: Run Behavior\WriteHtmlCacheBehavior [ RunTime:0.000156s ]
INFO: Run Behavior\TokenBuildBehavior [ RunTime:0.000172s ]
INFO: [ view_filter ] --END-- [ RunTime:0.000372s ]
INFO: [ app_end ] --START--
INFO: Run Behavior\ShowPageTraceBehavior [ RunTime:0.000438s ]
INFO: [ app_end ] --END-- [ RunTime:0.000501s ]

[ 2017-11-06T23:57:20+08:00 ] 119.131.119.247 /Admin/Goods/goodsList.html?classify_id=100
INFO: [ app_init ] --START--
INFO: Run Behavior\BuildLiteBehavior [ RunTime:0.000010s ]
INFO: [ app_init ] --END-- [ RunTime:0.000228s ]
INFO: [ app_begin ] --START--
INFO: Run Behavior\ReadHtmlCacheBehavior [ RunTime:0.000278s ]
INFO: [ app_begin ] --END-- [ RunTime:0.000319s ]
NOTIC: [8192] Non-static method Admin\Model\CommonModel::checkHTTP() should not be called statically, assuming $this from incompatible context /var/www/html/amigo/amigo/Admin/Controller/CommonController.class.php 第 23 行.
NOTIC: [8192] Non-static method Admin\Model\CommonModel::setUserID() should not be called statically, assuming $this from incompatible context /var/www/html/amigo/amigo/Admin/Controller/CommonController.class.php 第 24 行.
NOTIC: [8] Undefined index: adminInfo /var/www/html/amigo/amigo/Admin/Model/CommonModel.class.php 第 27 行.
NOTIC: [8] Undefined index: adminInfo /var/www/html/amigo/amigo/Admin/Controller/CommonController.class.php 第 53 行.
SQL: SHOW COLUMNS FROM `market_write_info` [ RunTime:0.0006s ]
SQL: SELECT `app_id`,`app_secret`,`mch_id`,`mch_sectet` FROM `market_write_info` WHERE `relevance_id` = 9 LIMIT 1   [ RunTime:0.0003s ]
SQL: SHOW COLUMNS FROM `market_order_form` [ RunTime:0.0007s ]
SQL: SELECT COUNT(*) AS tp_count FROM `market_order_form` WHERE `status` = 2 AND `is_send_out` = 0 AND `company_id` = 11 AND `relevance_id` = 9 AND `is_control` = 0 LIMIT 1   [ RunTime:0.0004s ]
SQL: SHOW COLUMNS FROM `market_subscribe_order_form` [ RunTime:0.0006s ]
SQL: SELECT COUNT(*) AS tp_count FROM `market_subscribe_order_form` WHERE `status` = 0 AND `company_id` = 11 AND `is_control` = 0 LIMIT 1   [ RunTime:0.0003s ]
SQL: SHOW COLUMNS FROM `market_wechat_refund` [ RunTime:0.0005s ]
SQL: SELECT COUNT(*) AS tp_count FROM `market_wechat_refund` WHERE `status` = 0 AND `company_id` = 0 AND `is_control` = 0 AND `relevance_id` = 9 LIMIT 1   [ RunTime:0.0003s ]
SQL: SELECT COUNT(*) AS tp_count FROM `market_wechat_refund` WHERE `status` = 0 AND `company_id` <> '0' AND `is_control` = 0 AND `relevance_id` = 9 LIMIT 1   [ RunTime:0.0004s ]
SQL: SELECT COUNT(*) AS tp_count FROM `market_wechat_refund` WHERE `status` = 0 AND `company_id` = 11 AND `is_control` = 0 AND `relevance_id` = 9 LIMIT 1   [ RunTime:0.0003s ]
SQL: SHOW COLUMNS FROM `market_goods` [ RunTime:0.0007s ]
NOTIC: [8] Undefined index: adminInfo /var/www/html/amigo/amigo/Admin/Model/CommonModel.class.php 第 27 行.
NOTIC: [8192] Non-static method Admin\Controller\CommonController::getCompanyConfig() should not be called statically, assuming $this from incompatible context /var/www/html/amigo/amigo/Admin/Model/CommonModel.class.php 第 21 行.
SQL: SELECT `app_id`,`app_secret`,`mch_id`,`mch_sectet` FROM `market_write_info` WHERE `relevance_id` = 9 LIMIT 1   [ RunTime:0.0004s ]
SQL: SHOW COLUMNS FROM `market_goods_classify` [ RunTime:0.0005s ]
SQL: SELECT * FROM `market_goods_classify` WHERE `status` NOT IN ('-1','1') AND `company_id` = 11 AND `relevance_id` = 9  [ RunTime:0.0004s ]
SQL: SELECT COUNT(*) AS tp_count FROM `market_goods` WHERE `status` <> '-1' AND `company_id` = 11 AND `classify_id` = 100 LIMIT 1   [ RunTime:0.0004s ]
SQL: SELECT `id`,`goods_name`,`status`,`price`,`classify_id`,`addtime`,`goods_logo` FROM `market_goods` WHERE `status` <> '-1' AND `company_id` = 11 AND `classify_id` = 100 ORDER BY addtime desc LIMIT 0,8   [ RunTime:0.0005s ]
SQL: SELECT `classify_name` FROM `market_goods_classify` WHERE `id` = 100 LIMIT 1   [ RunTime:0.0003s ]
SQL: SHOW COLUMNS FROM `market_goods_statistics` [ RunTime:0.0005s ]
SQL: SELECT SUM(visit_total) AS tp_sum FROM `market_goods_statistics` WHERE `relevance_id` = 560 LIMIT 1   [ RunTime:0.0003s ]
SQL: SHOW COLUMNS FROM `market_goods_stick` [ RunTime:0.0005s ]
SQL: SELECT `stick_classify`,`status` FROM `market_goods_stick` WHERE `goods_id` = 560 AND `status` <> '-1' LIMIT 1   [ RunTime:0.0003s ]
SQL: SELECT `classify_name` FROM `market_goods_classify` WHERE `id` = 100 LIMIT 1   [ RunTime:0.0003s ]
SQL: SELECT SUM(visit_total) AS tp_sum FROM `market_goods_statistics` WHERE `relevance_id` = 559 LIMIT 1   [ RunTime:0.0003s ]
SQL: SELECT `stick_classify`,`status` FROM `market_goods_stick` WHERE `goods_id` = 559 AND `status` <> '-1' LIMIT 1   [ RunTime:0.0003s ]
SQL: SELECT `classify_name` FROM `market_goods_classify` WHERE `id` = 100 LIMIT 1   [ RunTime:0.0003s ]
SQL: SELECT SUM(visit_total) AS tp_sum FROM `market_goods_statistics` WHERE `relevance_id` = 558 LIMIT 1   [ RunTime:0.0003s ]
SQL: SELECT `stick_classify`,`status` FROM `market_goods_stick` WHERE `goods_id` = 558 AND `status` <> '-1' LIMIT 1   [ RunTime:0.0003s ]
SQL: SELECT `classify_name` FROM `market_goods_classify` WHERE `id` = 100 LIMIT 1   [ RunTime:0.0003s ]
SQL: SELECT SUM(visit_total) AS tp_sum FROM `market_goods_statistics` WHERE `relevance_id` = 557 LIMIT 1   [ RunTime:0.0003s ]
SQL: SELECT `stick_classify`,`status` FROM `market_goods_stick` WHERE `goods_id` = 557 AND `status` <> '-1' LIMIT 1   [ RunTime:0.0003s ]
SQL: SELECT `classify_name` FROM `market_goods_classify` WHERE `id` = 100 LIMIT 1   [ RunTime:0.0003s ]
SQL: SELECT SUM(visit_total) AS tp_sum FROM `market_goods_statistics` WHERE `relevance_id` = 556 LIMIT 1   [ RunTime:0.0003s ]
SQL: SELECT `stick_classify`,`status` FROM `market_goods_stick` WHERE `goods_id` = 556 AND `status` <> '-1' LIMIT 1   [ RunTime:0.0004s ]
SQL: SELECT `classify_name` FROM `market_goods_classify` WHERE `id` = 100 LIMIT 1   [ RunTime:0.0003s ]
SQL: SELECT SUM(visit_total) AS tp_sum FROM `market_goods_statistics` WHERE `relevance_id` = 555 LIMIT 1   [ RunTime:0.0003s ]
SQL: SELECT `stick_classify`,`status` FROM `market_goods_stick` WHERE `goods_id` = 555 AND `status` <> '-1' LIMIT 1   [ RunTime:0.0003s ]
INFO: [ view_parse ] --START--
INFO: [ template_filter ] --START--
INFO: Run Behavior\ContentReplaceBehavior [ RunTime:0.000068s ]
INFO: [ template_filter ] --END-- [ RunTime:0.000101s ]
SQL: SHOW COLUMNS FROM `market_auth_rule` [ RunTime:0.0006s ]
SQL: SELECT g.rules FROM `market_auth_group_access` AS a INNER JOIN `market_auth_group` AS g ON g.id=a.group_id AND a.uid='29' [ RunTime:0.0004s ]
SQL: SELECT `id` FROM `market_auth_rule` WHERE `parent_id` = 0 ORDER BY control_time desc  [ RunTime:0.0004s ]
SQL: SELECT `id` FROM `market_auth_rule` WHERE `parent_id` = 8 AND `display` = 0 AND `status` = 1 ORDER BY control_time desc  [ RunTime:0.0004s ]
SQL: SELECT `title`,`alias`,`name` FROM `market_auth_rule` WHERE `id` = 8 LIMIT 1   [ RunTime:0.0003s ]
SQL: SELECT `id` FROM `market_auth_rule` WHERE `parent_id` = 115 AND `display` = 0 AND `status` = 1 ORDER BY control_time desc  [ RunTime:0.0004s ]
SQL: SELECT `title`,`alias`,`name` FROM `market_auth_rule` WHERE `id` = 115 LIMIT 1   [ RunTime:0.0003s ]
SQL: SELECT `id` FROM `market_auth_rule` WHERE `parent_id` = 23 AND `display` = 0 AND `status` = 1 ORDER BY control_time desc  [ RunTime:0.0004s ]
SQL: SELECT `title`,`alias`,`name` FROM `market_auth_rule` WHERE `id` = 23 LIMIT 1   [ RunTime:0.0003s ]
SQL: SELECT `id`,`name`,`alias`,`title` FROM `market_auth_rule` WHERE `id` = 149 LIMIT 1   [ RunTime:0.0003s ]
SQL: SELECT `id`,`name`,`alias`,`title` FROM `market_auth_rule` WHERE `id` = 67 LIMIT 1   [ RunTime:0.0003s ]
SQL: SELECT `id`,`name`,`alias`,`title` FROM `market_auth_rule` WHERE `id` = 64 LIMIT 1   [ RunTime:0.0003s ]
SQL: SELECT `id`,`name`,`alias`,`title` FROM `market_auth_rule` WHERE `id` = 131 LIMIT 1   [ RunTime:0.0003s ]
SQL: SELECT `id`,`name`,`alias`,`title` FROM `market_auth_rule` WHERE `id` = 24 LIMIT 1   [ RunTime:0.0003s ]
SQL: SELECT `id` FROM `market_auth_rule` WHERE `parent_id` = 113 AND `display` = 0 AND `status` = 1 ORDER BY control_time desc  [ RunTime:0.0004s ]
SQL: SELECT `title`,`alias`,`name` FROM `market_auth_rule` WHERE `id` = 113 LIMIT 1   [ RunTime:0.0003s ]
SQL: SELECT `id`,`name`,`alias`,`title` FROM `market_auth_rule` WHERE `id` = 60 LIMIT 1   [ RunTime:0.0003s ]
SQL: SELECT `id`,`name`,`alias`,`title` FROM `market_auth_rule` WHERE `id` = 111 LIMIT 1   [ RunTime:0.0003s ]
SQL: SELECT `id` FROM `market_auth_rule` WHERE `parent_id` = 61 AND `display` = 0 AND `status` = 1 ORDER BY control_time desc  [ RunTime:0.0004s ]
SQL: SELECT `title`,`alias`,`name` FROM `market_auth_rule` WHERE `id` = 61 LIMIT 1   [ RunTime:0.0003s ]
SQL: SELECT `id` FROM `market_auth_rule` WHERE `parent_id` = 197 AND `display` = 0 AND `status` = 1 ORDER BY control_time desc  [ RunTime:0.0003s ]
SQL: SELECT `title`,`alias`,`name` FROM `market_auth_rule` WHERE `id` = 197 LIMIT 1   [ RunTime:0.0003s ]
SQL: SELECT `id` FROM `market_auth_rule` WHERE `parent_id` = 135 AND `display` = 0 AND `status` = 1 ORDER BY control_time desc  [ RunTime:0.0004s ]
SQL: SELECT `title`,`alias`,`name` FROM `market_auth_rule` WHERE `id` = 135 LIMIT 1   [ RunTime:0.0003s ]
SQL: SELECT `id`,`name`,`alias`,`title` FROM `market_auth_rule` WHERE `id` = 136 LIMIT 1   [ RunTime:0.0003s ]
SQL: SELECT `id` FROM `market_auth_rule` WHERE `parent_id` = 140 AND `display` = 0 AND `status` = 1 ORDER BY control_time desc  [ RunTime:0.0004s ]
SQL: SELECT `title`,`alias`,`name` FROM `market_auth_rule` WHERE `id` = 140 LIMIT 1   [ RunTime:0.0003s ]
INFO: Run Behavior\ParseTemplateBehavior [ RunTime:0.023996s ]
INFO: [ view_parse ] --END-- [ RunTime:0.024053s ]
INFO: [ view_filter ] --START--
INFO: Run Behavior\WriteHtmlCacheBehavior [ RunTime:0.000173s ]
INFO: Run Behavior\TokenBuildBehavior [ RunTime:0.000246s ]
INFO: [ view_filter ] --END-- [ RunTime:0.000484s ]
INFO: [ app_end ] --START--
INFO: Run Behavior\ShowPageTraceBehavior [ RunTime:0.000506s ]
INFO: [ app_end ] --END-- [ RunTime:0.000566s ]

[ 2017-11-06T23:57:21+08:00 ] 119.131.119.247 /Admin/Login/companyLogin.html
INFO: [ app_init ] --START--
INFO: Run Behavior\BuildLiteBehavior [ RunTime:0.000011s ]
INFO: [ app_init ] --END-- [ RunTime:0.000214s ]
INFO: [ app_begin ] --START--
INFO: Run Behavior\ReadHtmlCacheBehavior [ RunTime:0.000301s ]
INFO: [ app_begin ] --END-- [ RunTime:0.000333s ]

[ 2017-11-06T23:57:21+08:00 ] 119.131.119.247 /Admin/Index/companyIndex.html
INFO: [ app_init ] --START--
INFO: Run Behavior\BuildLiteBehavior [ RunTime:0.000013s ]
INFO: [ app_init ] --END-- [ RunTime:0.000233s ]
INFO: [ app_begin ] --START--
INFO: Run Behavior\ReadHtmlCacheBehavior [ RunTime:0.000280s ]
INFO: [ app_begin ] --END-- [ RunTime:0.000322s ]
NOTIC: [8192] Non-static method Admin\Model\CommonModel::checkHTTP() should not be called statically, assuming $this from incompatible context /var/www/html/amigo/amigo/Admin/Controller/CommonController.class.php 第 23 行.
NOTIC: [8192] Non-static method Admin\Model\CommonModel::setUserID() should not be called statically, assuming $this from incompatible context /var/www/html/amigo/amigo/Admin/Controller/CommonController.class.php 第 24 行.
NOTIC: [8] Undefined index: adminInfo /var/www/html/amigo/amigo/Admin/Model/CommonModel.class.php 第 27 行.
NOTIC: [8] Undefined index: adminInfo /var/www/html/amigo/amigo/Admin/Controller/CommonController.class.php 第 53 行.
SQL: SHOW COLUMNS FROM `market_write_info` [ RunTime:0.0007s ]
SQL: SELECT `app_id`,`app_secret`,`mch_id`,`mch_sectet` FROM `market_write_info` WHERE `relevance_id` = 9 LIMIT 1   [ RunTime:0.0004s ]
SQL: SHOW COLUMNS FROM `market_order_form` [ RunTime:0.0007s ]
SQL: SELECT COUNT(*) AS tp_count FROM `market_order_form` WHERE `status` = 2 AND `is_send_out` = 0 AND `company_id` = 11 AND `relevance_id` = 9 AND `is_control` = 0 LIMIT 1   [ RunTime:0.0004s ]
SQL: SHOW COLUMNS FROM `market_subscribe_order_form` [ RunTime:0.0006s ]
SQL: SELECT COUNT(*) AS tp_count FROM `market_subscribe_order_form` WHERE `status` = 0 AND `company_id` = 11 AND `is_control` = 0 LIMIT 1   [ RunTime:0.0003s ]
SQL: SHOW COLUMNS FROM `market_wechat_refund` [ RunTime:0.0006s ]
SQL: SELECT COUNT(*) AS tp_count FROM `market_wechat_refund` WHERE `status` = 0 AND `company_id` = 0 AND `is_control` = 0 AND `relevance_id` = 9 LIMIT 1   [ RunTime:0.0004s ]
SQL: SELECT COUNT(*) AS tp_count FROM `market_wechat_refund` WHERE `status` = 0 AND `company_id` <> '0' AND `is_control` = 0 AND `relevance_id` = 9 LIMIT 1   [ RunTime:0.0004s ]
SQL: SELECT COUNT(*) AS tp_count FROM `market_wechat_refund` WHERE `status` = 0 AND `company_id` = 11 AND `is_control` = 0 AND `relevance_id` = 9 LIMIT 1   [ RunTime:0.0003s ]
NOTIC: [8] Undefined index: adminInfo /var/www/html/amigo/amigo/Admin/Model/CommonModel.class.php 第 27 行.
NOTIC: [8192] Non-static method Admin\Controller\CommonController::getCompanyConfig() should not be called statically, assuming $this from incompatible context /var/www/html/amigo/amigo/Admin/Model/CommonModel.class.php 第 21 行.
SQL: SELECT `app_id`,`app_secret`,`mch_id`,`mch_sectet` FROM `market_write_info` WHERE `relevance_id` = 9 LIMIT 1   [ RunTime:0.0003s ]
INFO: [ view_parse ] --START--
INFO: [ template_filter ] --START--
INFO: Run Behavior\ContentReplaceBehavior [ RunTime:0.000069s ]
INFO: [ template_filter ] --END-- [ RunTime:0.000101s ]
SQL: SHOW COLUMNS FROM `market_auth_rule` [ RunTime:0.0005s ]
SQL: SELECT g.rules FROM `market_auth_group_access` AS a INNER JOIN `market_auth_group` AS g ON g.id=a.group_id AND a.uid='29' [ RunTime:0.0004s ]
SQL: SELECT `id` FROM `market_auth_rule` WHERE `parent_id` = 0 ORDER BY control_time desc  [ RunTime:0.0004s ]
SQL: SELECT `id` FROM `market_auth_rule` WHERE `parent_id` = 8 AND `display` = 0 AND `status` = 1 ORDER BY control_time desc  [ RunTime:0.0003s ]
SQL: SELECT `title`,`alias`,`name` FROM `market_auth_rule` WHERE `id` = 8 LIMIT 1   [ RunTime:0.0003s ]
NOTIC: [2] array_intersect(): Argument #1 is not an array /var/www/html/amigo/amigo/Common/Common/function.php 第 137 行.
NOTIC: [2] Invalid argument supplied for foreach() /var/www/html/amigo/amigo/Common/Common/function.php 第 143 行.
SQL: SELECT `id` FROM `market_auth_rule` WHERE `parent_id` = 115 AND `display` = 0 AND `status` = 1 ORDER BY control_time desc  [ RunTime:0.0003s ]
SQL: SELECT `title`,`alias`,`name` FROM `market_auth_rule` WHERE `id` = 115 LIMIT 1   [ RunTime:0.0003s ]
NOTIC: [2] array_intersect(): Argument #1 is not an array /var/www/html/amigo/amigo/Common/Common/function.php 第 137 行.
NOTIC: [2] Invalid argument supplied for foreach() /var/www/html/amigo/amigo/Common/Common/function.php 第 143 行.
SQL: SELECT `id` FROM `market_auth_rule` WHERE `parent_id` = 23 AND `display` = 0 AND `status` = 1 ORDER BY control_time desc  [ RunTime:0.0004s ]
SQL: SELECT `title`,`alias`,`name` FROM `market_auth_rule` WHERE `id` = 23 LIMIT 1   [ RunTime:0.0003s ]
SQL: SELECT `id`,`name`,`alias`,`title` FROM `market_auth_rule` WHERE `id` = 149 LIMIT 1   [ RunTime:0.0003s ]
SQL: SELECT `id`,`name`,`alias`,`title` FROM `market_auth_rule` WHERE `id` = 67 LIMIT 1   [ RunTime:0.0003s ]
SQL: SELECT `id`,`name`,`alias`,`title` FROM `market_auth_rule` WHERE `id` = 64 LIMIT 1   [ RunTime:0.0003s ]
SQL: SELECT `id`,`name`,`alias`,`title` FROM `market_auth_rule` WHERE `id` = 131 LIMIT 1   [ RunTime:0.0003s ]
SQL: SELECT `id`,`name`,`alias`,`title` FROM `market_auth_rule` WHERE `id` = 24 LIMIT 1   [ RunTime:0.0003s ]
SQL: SELECT `id` FROM `market_auth_rule` WHERE `parent_id` = 113 AND `display` = 0 AND `status` = 1 ORDER BY control_time desc  [ RunTime:0.0004s ]
SQL: SELECT `title`,`alias`,`name` FROM `market_auth_rule` WHERE `id` = 113 LIMIT 1   [ RunTime:0.0003s ]
SQL: SELECT `id`,`name`,`alias`,`title` FROM `market_auth_rule` WHERE `id` = 60 LIMIT 1   [ RunTime:0.0004s ]
SQL: SELECT `id`,`name`,`alias`,`title` FROM `market_auth_rule` WHERE `id` = 111 LIMIT 1   [ RunTime:0.0003s ]
SQL: SELECT `id` FROM `market_auth_rule` WHERE `parent_id` = 61 AND `display` = 0 AND `status` = 1 ORDER BY control_time desc  [ RunTime:0.0003s ]
SQL: SELECT `title`,`alias`,`name` FROM `market_auth_rule` WHERE `id` = 61 LIMIT 1   [ RunTime:0.0003s ]
NOTIC: [2] array_intersect(): Argument #1 is not an array /var/www/html/amigo/amigo/Common/Common/function.php 第 137 行.
NOTIC: [2] Invalid argument supplied for foreach() /var/www/html/amigo/amigo/Common/Common/function.php 第 143 行.
SQL: SELECT `id` FROM `market_auth_rule` WHERE `parent_id` = 197 AND `display` = 0 AND `status` = 1 ORDER BY control_time desc  [ RunTime:0.0003s ]
SQL: SELECT `title`,`alias`,`name` FROM `market_auth_rule` WHERE `id` = 197 LIMIT 1   [ RunTime:0.0003s ]
NOTIC: [2] array_intersect(): Argument #1 is not an array /var/www/html/amigo/amigo/Common/Common/function.php 第 137 行.
NOTIC: [2] Invalid argument supplied for foreach() /var/www/html/amigo/amigo/Common/Common/function.php 第 143 行.
SQL: SELECT `id` FROM `market_auth_rule` WHERE `parent_id` = 135 AND `display` = 0 AND `status` = 1 ORDER BY control_time desc  [ RunTime:0.0004s ]
SQL: SELECT `title`,`alias`,`name` FROM `market_auth_rule` WHERE `id` = 135 LIMIT 1   [ RunTime:0.0003s ]
SQL: SELECT `id`,`name`,`alias`,`title` FROM `market_auth_rule` WHERE `id` = 136 LIMIT 1   [ RunTime:0.0003s ]
SQL: SELECT `id` FROM `market_auth_rule` WHERE `parent_id` = 140 AND `display` = 0 AND `status` = 1 ORDER BY control_time desc  [ RunTime:0.0004s ]
SQL: SELECT `title`,`alias`,`name` FROM `market_auth_rule` WHERE `id` = 140 LIMIT 1   [ RunTime:0.0003s ]
INFO: Run Behavior\ParseTemplateBehavior [ RunTime:0.019616s ]
INFO: [ view_parse ] --END-- [ RunTime:0.019645s ]
INFO: [ view_filter ] --START--
INFO: Run Behavior\WriteHtmlCacheBehavior [ RunTime:0.000128s ]
INFO: Run Behavior\TokenBuildBehavior [ RunTime:0.000164s ]
INFO: [ view_filter ] --END-- [ RunTime:0.000336s ]
INFO: [ app_end ] --START--
INFO: Run Behavior\ShowPageTraceBehavior [ RunTime:0.000348s ]
INFO: [ app_end ] --END-- [ RunTime:0.000394s ]

[ 2017-11-06T23:57:30+08:00 ] 101.226.33.239 /Admin/Goods/goodsList.html?classify_id=100
INFO: [ app_init ] --START--
INFO: Run Behavior\BuildLiteBehavior [ RunTime:0.000011s ]
INFO: [ app_init ] --END-- [ RunTime:0.000204s ]
INFO: [ app_begin ] --START--
INFO: Run Behavior\ReadHtmlCacheBehavior [ RunTime:0.000289s ]
INFO: [ app_begin ] --END-- [ RunTime:0.000321s ]
NOTIC: [8192] Non-static method Admin\Model\CommonModel::checkHTTP() should not be called statically, assuming $this from incompatible context /var/www/html/amigo/amigo/Admin/Controller/CommonController.class.php 第 23 行.
NOTIC: [8] Undefined offset: 2 /var/www/html/amigo/amigo/Admin/Model/CommonModel.class.php 第 42 行.
NOTIC: [8192] Non-static method Admin\Model\CommonModel::setUserID() should not be called statically, assuming $this from incompatible context /var/www/html/amigo/amigo/Admin/Controller/CommonController.class.php 第 24 行.
NOTIC: [8] Undefined index: adminInfo /var/www/html/amigo/amigo/Admin/Model/CommonModel.class.php 第 27 行.
NOTIC: [8] Undefined index: companyInfo /var/www/html/amigo/amigo/Admin/Model/CommonModel.class.php 第 29 行.
NOTIC: [8] Undefined index: marketInfo /var/www/html/amigo/amigo/Admin/Model/CommonModel.class.php 第 31 行.
NOTIC: [8] Undefined index: adminInfo /var/www/html/amigo/amigo/Admin/Controller/CommonController.class.php 第 53 行.
NOTIC: [8] Undefined index: companyInfo /var/www/html/amigo/amigo/Admin/Controller/CommonController.class.php 第 59 行.
NOTIC: [8] Undefined index: marketInfo /var/www/html/amigo/amigo/Admin/Controller/CommonController.class.php 第 67 行.
SQL: SHOW COLUMNS FROM `market_company` [ RunTime:0.0008s ]
SQL: UPDATE `market_company` SET `status`='1' WHERE `end_time` < 1509983850 [ RunTime:0.0004s ]

[ 2017-11-06T23:57:30+08:00 ] 101.226.33.239 /Admin/Login/companyLogin.html
INFO: [ app_init ] --START--
INFO: Run Behavior\BuildLiteBehavior [ RunTime:0.000011s ]
INFO: [ app_init ] --END-- [ RunTime:0.000231s ]
INFO: [ app_begin ] --START--
INFO: Run Behavior\ReadHtmlCacheBehavior [ RunTime:0.000277s ]
INFO: [ app_begin ] --END-- [ RunTime:0.000310s ]
NOTIC: [8] Undefined index: companyInfo /var/www/html/amigo/amigo/Admin/Controller/LoginController.class.php 第 131 行.
INFO: [ view_parse ] --START--
INFO: [ template_filter ] --START--
INFO: Run Behavior\ContentReplaceBehavior [ RunTime:0.000036s ]
INFO: [ template_filter ] --END-- [ RunTime:0.000068s ]
INFO: Run Behavior\ParseTemplateBehavior [ RunTime:0.003755s ]
INFO: [ view_parse ] --END-- [ RunTime:0.003785s ]
INFO: [ view_filter ] --START--
INFO: Run Behavior\WriteHtmlCacheBehavior [ RunTime:0.000094s ]
INFO: Run Behavior\TokenBuildBehavior [ RunTime:0.000176s ]
INFO: [ view_filter ] --END-- [ RunTime:0.000314s ]
INFO: [ app_end ] --START--
INFO: Run Behavior\ShowPageTraceBehavior [ RunTime:0.000305s ]
INFO: [ app_end ] --END-- [ RunTime:0.000334s ]

