[ 2017-11-28T23:51:18+08:00 ] 112.96.128.46 /Template00003/Goods/goodsList.html?companyName=yuancun
INFO: [ app_init ] --START--
INFO: Run Behavior\BuildLiteBehavior [ RunTime:0.000011s ]
INFO: [ app_init ] --END-- [ RunTime:0.000220s ]
INFO: [ app_begin ] --START--
INFO: Run Behavior\ReadHtmlCacheBehavior [ RunTime:0.000257s ]
INFO: [ app_begin ] --END-- [ RunTime:0.000288s ]
SQL: SHOW COLUMNS FROM `market_project` [ RunTime:0.0007s ]
SQL: SELECT `id`,`template_id`,`category_id`,`sx_data_base` FROM `market_project` WHERE `project_link` = 'www.chinaimigo.com' AND `status` = 0 LIMIT 1   [ RunTime:0.0004s ]
SQL: SHOW COLUMNS FROM `market_template_change` [ RunTime:0.0005s ]
SQL: SELECT `template_path` FROM `market_template_change` WHERE `id` = 2 LIMIT 1   [ RunTime:0.0003s ]
SQL: SHOW COLUMNS FROM `market_write_info` [ RunTime:0.0006s ]
SQL: SELECT `market_name`,`principal`,`phone`,`project_logo`,`email`,`address_id`,`address_info`,`abstruct`,`app_id`,`app_secret`,`mch_id`,`mch_sectet` FROM `market_write_info` WHERE `relevance_id` = 9 LIMIT 1   [ RunTime:0.0004s ]
SQL: SELECT `id` FROM `market_project` WHERE `project_link` = 'www.chinaimigo.com' LIMIT 1   [ RunTime:0.0003s ]
SQL: SHOW COLUMNS FROM `market_company` [ RunTime:0.0006s ]
SQL: SELECT `id` FROM `market_company` WHERE `web_postfix` = 'yuancun' AND `status` = 0 AND `relevance_id` = 9 LIMIT 1   [ RunTime:0.0004s ]
NOTIC: [8] Undefined index: visitor /var/www/html/amigo/amigo/Template00003/Controller/CommonController.class.php 第 58 行.
SQL: SHOW COLUMNS FROM `market_system_news` [ RunTime:0.0005s ]
SQL: SELECT COUNT(*) AS tp_count FROM `market_system_news` WHERE `obj_id` = 749 AND `obj_type` = 1 AND `status` <> '-1' AND `is_read` = 0 LIMIT 1   [ RunTime:0.0004s ]
SQL: SHOW COLUMNS FROM `market_goods` [ RunTime:0.0006s ]
SQL: SHOW COLUMNS FROM `market_visitor_collect` [ RunTime:0.0005s ]
SQL: SHOW COLUMNS FROM `market_goods_classify` [ RunTime:0.0005s ]
SQL: SELECT `id`,`classify_name` FROM `market_goods_classify` WHERE `company_id` = 20 AND `status` NOT IN ('-1','1')  [ RunTime:0.0004s ]
SQL: SELECT * FROM `market_goods` WHERE `classify_id` = 148 AND `status` NOT IN ('-1','3')  [ RunTime:0.0043s ]
SQL: SHOW COLUMNS FROM `market_goods_sales_volume` [ RunTime:0.0005s ]
SQL: SELECT SUM(sales_total) AS tp_sum FROM `market_goods_sales_volume` WHERE `goods_id` = 920 LIMIT 1   [ RunTime:0.0004s ]
SQL: SELECT SUM(sales_total) AS tp_sum FROM `market_goods_sales_volume` WHERE `goods_id` = 921 LIMIT 1   [ RunTime:0.0003s ]
SQL: SELECT SUM(sales_total) AS tp_sum FROM `market_goods_sales_volume` WHERE `goods_id` = 922 LIMIT 1   [ RunTime:0.0003s ]
SQL: SELECT SUM(sales_total) AS tp_sum FROM `market_goods_sales_volume` WHERE `goods_id` = 936 LIMIT 1   [ RunTime:0.0003s ]
SQL: SELECT SUM(sales_total) AS tp_sum FROM `market_goods_sales_volume` WHERE `goods_id` = 937 LIMIT 1   [ RunTime:0.0003s ]
SQL: SELECT SUM(sales_total) AS tp_sum FROM `market_goods_sales_volume` WHERE `goods_id` = 938 LIMIT 1   [ RunTime:0.0003s ]
SQL: SELECT SUM(sales_total) AS tp_sum FROM `market_goods_sales_volume` WHERE `goods_id` = 939 LIMIT 1   [ RunTime:0.0003s ]
SQL: SELECT SUM(sales_total) AS tp_sum FROM `market_goods_sales_volume` WHERE `goods_id` = 940 LIMIT 1   [ RunTime:0.0003s ]
SQL: SELECT SUM(sales_total) AS tp_sum FROM `market_goods_sales_volume` WHERE `goods_id` = 942 LIMIT 1   [ RunTime:0.0003s ]
SQL: SELECT SUM(sales_total) AS tp_sum FROM `market_goods_sales_volume` WHERE `goods_id` = 944 LIMIT 1   [ RunTime:0.0003s ]
SQL: SELECT SUM(sales_total) AS tp_sum FROM `market_goods_sales_volume` WHERE `goods_id` = 945 LIMIT 1   [ RunTime:0.0003s ]
SQL: SELECT SUM(sales_total) AS tp_sum FROM `market_goods_sales_volume` WHERE `goods_id` = 946 LIMIT 1   [ RunTime:0.0003s ]
SQL: SELECT SUM(sales_total) AS tp_sum FROM `market_goods_sales_volume` WHERE `goods_id` = 947 LIMIT 1   [ RunTime:0.0003s ]
SQL: SELECT SUM(sales_total) AS tp_sum FROM `market_goods_sales_volume` WHERE `goods_id` = 950 LIMIT 1   [ RunTime:0.0003s ]
SQL: SELECT SUM(sales_total) AS tp_sum FROM `market_goods_sales_volume` WHERE `goods_id` = 951 LIMIT 1   [ RunTime:0.0003s ]
SQL: SELECT SUM(sales_total) AS tp_sum FROM `market_goods_sales_volume` WHERE `goods_id` = 953 LIMIT 1   [ RunTime:0.0003s ]
SQL: SELECT SUM(sales_total) AS tp_sum FROM `market_goods_sales_volume` WHERE `goods_id` = 955 LIMIT 1   [ RunTime:0.0003s ]
SQL: SELECT SUM(sales_total) AS tp_sum FROM `market_goods_sales_volume` WHERE `goods_id` = 958 LIMIT 1   [ RunTime:0.0003s ]
SQL: SELECT SUM(sales_total) AS tp_sum FROM `market_goods_sales_volume` WHERE `goods_id` = 961 LIMIT 1   [ RunTime:0.0003s ]
SQL: SELECT SUM(sales_total) AS tp_sum FROM `market_goods_sales_volume` WHERE `goods_id` = 963 LIMIT 1   [ RunTime:0.0003s ]
SQL: SELECT SUM(sales_total) AS tp_sum FROM `market_goods_sales_volume` WHERE `goods_id` = 966 LIMIT 1   [ RunTime:0.0003s ]
SQL: SELECT SUM(sales_total) AS tp_sum FROM `market_goods_sales_volume` WHERE `goods_id` = 967 LIMIT 1   [ RunTime:0.0003s ]
SQL: SELECT SUM(sales_total) AS tp_sum FROM `market_goods_sales_volume` WHERE `goods_id` = 968 LIMIT 1   [ RunTime:0.0003s ]
SQL: SELECT SUM(sales_total) AS tp_sum FROM `market_goods_sales_volume` WHERE `goods_id` = 969 LIMIT 1   [ RunTime:0.0003s ]
SQL: SELECT SUM(sales_total) AS tp_sum FROM `market_goods_sales_volume` WHERE `goods_id` = 970 LIMIT 1   [ RunTime:0.0003s ]
SQL: SHOW COLUMNS FROM `market_shopping_cart` [ RunTime:0.0005s ]
SQL: SELECT COUNT(*) AS tp_count FROM `market_shopping_cart` WHERE `visitor_id` = 749 LIMIT 1   [ RunTime:0.0003s ]
INFO: [ view_parse ] --START--
INFO: [ template_filter ] --START--
INFO: Run Behavior\ContentReplaceBehavior [ RunTime:0.000071s ]
INFO: [ template_filter ] --END-- [ RunTime:0.000115s ]
INFO: Run Behavior\ParseTemplateBehavior [ RunTime:0.010329s ]
INFO: [ view_parse ] --END-- [ RunTime:0.010369s ]
INFO: [ view_filter ] --START--
INFO: Run Behavior\WriteHtmlCacheBehavior [ RunTime:0.000106s ]
INFO: Run Behavior\TokenBuildBehavior [ RunTime:0.000171s ]
INFO: [ view_filter ] --END-- [ RunTime:0.000320s ]
INFO: [ app_end ] --START--
INFO: Run Behavior\ShowPageTraceBehavior [ RunTime:0.000508s ]
INFO: [ app_end ] --END-- [ RunTime:0.000576s ]

[ 2017-11-28T23:51:27+08:00 ] 112.96.128.46 /Template00003/Goods/goodsList/companyName/yuancun/classify_id/149.html
INFO: [ app_init ] --START--
INFO: Run Behavior\BuildLiteBehavior [ RunTime:0.000012s ]
INFO: [ app_init ] --END-- [ RunTime:0.000235s ]
INFO: [ app_begin ] --START--
INFO: Run Behavior\ReadHtmlCacheBehavior [ RunTime:0.000272s ]
INFO: [ app_begin ] --END-- [ RunTime:0.000303s ]
SQL: SHOW COLUMNS FROM `market_project` [ RunTime:0.0007s ]
SQL: SELECT `id`,`template_id`,`category_id`,`sx_data_base` FROM `market_project` WHERE `project_link` = 'www.chinaimigo.com' AND `status` = 0 LIMIT 1   [ RunTime:0.0004s ]
SQL: SHOW COLUMNS FROM `market_template_change` [ RunTime:0.0005s ]
SQL: SELECT `template_path` FROM `market_template_change` WHERE `id` = 2 LIMIT 1   [ RunTime:0.0003s ]
SQL: SHOW COLUMNS FROM `market_write_info` [ RunTime:0.0005s ]
SQL: SELECT `market_name`,`principal`,`phone`,`project_logo`,`email`,`address_id`,`address_info`,`abstruct`,`app_id`,`app_secret`,`mch_id`,`mch_sectet` FROM `market_write_info` WHERE `relevance_id` = 9 LIMIT 1   [ RunTime:0.0004s ]
SQL: SELECT `id` FROM `market_project` WHERE `project_link` = 'www.chinaimigo.com' LIMIT 1   [ RunTime:0.0003s ]
SQL: SHOW COLUMNS FROM `market_company` [ RunTime:0.0006s ]
SQL: SELECT `id` FROM `market_company` WHERE `web_postfix` = 'yuancun' AND `status` = 0 AND `relevance_id` = 9 LIMIT 1   [ RunTime:0.0004s ]
NOTIC: [8] Undefined index: visitor /var/www/html/amigo/amigo/Template00003/Controller/CommonController.class.php 第 58 行.
SQL: SHOW COLUMNS FROM `market_system_news` [ RunTime:0.0005s ]
SQL: SELECT COUNT(*) AS tp_count FROM `market_system_news` WHERE `obj_id` = 749 AND `obj_type` = 1 AND `status` <> '-1' AND `is_read` = 0 LIMIT 1   [ RunTime:0.0004s ]
SQL: SHOW COLUMNS FROM `market_goods` [ RunTime:0.0006s ]
SQL: SHOW COLUMNS FROM `market_visitor_collect` [ RunTime:0.0005s ]
SQL: SHOW COLUMNS FROM `market_goods_classify` [ RunTime:0.0005s ]
SQL: SELECT `id`,`classify_name` FROM `market_goods_classify` WHERE `company_id` = 20 AND `status` NOT IN ('-1','1')  [ RunTime:0.0004s ]
SQL: SELECT * FROM `market_goods` WHERE `classify_id` = 149 AND `status` NOT IN ('-1','3')  [ RunTime:0.0027s ]
SQL: SHOW COLUMNS FROM `market_goods_sales_volume` [ RunTime:0.0005s ]
SQL: SELECT SUM(sales_total) AS tp_sum FROM `market_goods_sales_volume` WHERE `goods_id` = 971 LIMIT 1   [ RunTime:0.0004s ]
SQL: SELECT SUM(sales_total) AS tp_sum FROM `market_goods_sales_volume` WHERE `goods_id` = 972 LIMIT 1   [ RunTime:0.0003s ]
SQL: SELECT SUM(sales_total) AS tp_sum FROM `market_goods_sales_volume` WHERE `goods_id` = 973 LIMIT 1   [ RunTime:0.0003s ]
SQL: SELECT SUM(sales_total) AS tp_sum FROM `market_goods_sales_volume` WHERE `goods_id` = 974 LIMIT 1   [ RunTime:0.0003s ]
SQL: SELECT SUM(sales_total) AS tp_sum FROM `market_goods_sales_volume` WHERE `goods_id` = 975 LIMIT 1   [ RunTime:0.0003s ]
SQL: SELECT SUM(sales_total) AS tp_sum FROM `market_goods_sales_volume` WHERE `goods_id` = 976 LIMIT 1   [ RunTime:0.0003s ]
SQL: SELECT SUM(sales_total) AS tp_sum FROM `market_goods_sales_volume` WHERE `goods_id` = 977 LIMIT 1   [ RunTime:0.0004s ]
SQL: SELECT SUM(sales_total) AS tp_sum FROM `market_goods_sales_volume` WHERE `goods_id` = 978 LIMIT 1   [ RunTime:0.0003s ]
SQL: SELECT SUM(sales_total) AS tp_sum FROM `market_goods_sales_volume` WHERE `goods_id` = 979 LIMIT 1   [ RunTime:0.0003s ]
SQL: SELECT SUM(sales_total) AS tp_sum FROM `market_goods_sales_volume` WHERE `goods_id` = 980 LIMIT 1   [ RunTime:0.0003s ]
SQL: SELECT SUM(sales_total) AS tp_sum FROM `market_goods_sales_volume` WHERE `goods_id` = 981 LIMIT 1   [ RunTime:0.0003s ]
SQL: SELECT SUM(sales_total) AS tp_sum FROM `market_goods_sales_volume` WHERE `goods_id` = 982 LIMIT 1   [ RunTime:0.0003s ]
SQL: SELECT SUM(sales_total) AS tp_sum FROM `market_goods_sales_volume` WHERE `goods_id` = 997 LIMIT 1   [ RunTime:0.0003s ]
SQL: SELECT SUM(sales_total) AS tp_sum FROM `market_goods_sales_volume` WHERE `goods_id` = 998 LIMIT 1   [ RunTime:0.0003s ]
SQL: SELECT SUM(sales_total) AS tp_sum FROM `market_goods_sales_volume` WHERE `goods_id` = 999 LIMIT 1   [ RunTime:0.0003s ]
SQL: SELECT SUM(sales_total) AS tp_sum FROM `market_goods_sales_volume` WHERE `goods_id` = 1000 LIMIT 1   [ RunTime:0.0003s ]
SQL: SELECT SUM(sales_total) AS tp_sum FROM `market_goods_sales_volume` WHERE `goods_id` = 1001 LIMIT 1   [ RunTime:0.0003s ]
SQL: SHOW COLUMNS FROM `market_shopping_cart` [ RunTime:0.0005s ]
SQL: SELECT COUNT(*) AS tp_count FROM `market_shopping_cart` WHERE `visitor_id` = 749 LIMIT 1   [ RunTime:0.0004s ]
INFO: [ view_parse ] --START--
INFO: [ template_filter ] --START--
INFO: Run Behavior\ContentReplaceBehavior [ RunTime:0.000084s ]
INFO: [ template_filter ] --END-- [ RunTime:0.000147s ]
INFO: Run Behavior\ParseTemplateBehavior [ RunTime:0.012697s ]
INFO: [ view_parse ] --END-- [ RunTime:0.012753s ]
INFO: [ view_filter ] --START--
INFO: Run Behavior\WriteHtmlCacheBehavior [ RunTime:0.000138s ]
INFO: Run Behavior\TokenBuildBehavior [ RunTime:0.000202s ]
INFO: [ view_filter ] --END-- [ RunTime:0.000389s ]
INFO: [ app_end ] --START--
INFO: Run Behavior\ShowPageTraceBehavior [ RunTime:0.000479s ]
INFO: [ app_end ] --END-- [ RunTime:0.000556s ]

[ 2017-11-28T23:51:32+08:00 ] 14.116.137.166 /Template00003/Goods/goodsList/companyName/yuancun/classify_id/148.html
INFO: [ app_init ] --START--
INFO: Run Behavior\BuildLiteBehavior [ RunTime:0.000011s ]
INFO: [ app_init ] --END-- [ RunTime:0.000238s ]
INFO: [ app_begin ] --START--
INFO: Run Behavior\ReadHtmlCacheBehavior [ RunTime:0.000277s ]
INFO: [ app_begin ] --END-- [ RunTime:0.000308s ]
SQL: SHOW COLUMNS FROM `market_project` [ RunTime:0.0007s ]
SQL: SELECT `id`,`template_id`,`category_id`,`sx_data_base` FROM `market_project` WHERE `project_link` = 'www.chinaimigo.com' AND `status` = 0 LIMIT 1   [ RunTime:0.0005s ]
SQL: SHOW COLUMNS FROM `market_template_change` [ RunTime:0.0005s ]
SQL: SELECT `template_path` FROM `market_template_change` WHERE `id` = 2 LIMIT 1   [ RunTime:0.0004s ]
SQL: SHOW COLUMNS FROM `market_write_info` [ RunTime:0.0006s ]
SQL: SELECT `market_name`,`principal`,`phone`,`project_logo`,`email`,`address_id`,`address_info`,`abstruct`,`app_id`,`app_secret`,`mch_id`,`mch_sectet` FROM `market_write_info` WHERE `relevance_id` = 9 LIMIT 1   [ RunTime:0.0004s ]
SQL: SELECT `id` FROM `market_project` WHERE `project_link` = 'www.chinaimigo.com' LIMIT 1   [ RunTime:0.0003s ]
SQL: SHOW COLUMNS FROM `market_company` [ RunTime:0.0007s ]
SQL: SELECT `id` FROM `market_company` WHERE `web_postfix` = 'yuancun' AND `status` = 0 AND `relevance_id` = 9 LIMIT 1   [ RunTime:0.0004s ]
NOTIC: [8] Undefined index: visitor /var/www/html/amigo/amigo/Template00003/Controller/CommonController.class.php 第 58 行.
SQL: SHOW COLUMNS FROM `market_system_news` [ RunTime:0.0005s ]
SQL: SELECT COUNT(*) AS tp_count FROM `market_system_news` WHERE `obj_id` = 808 AND `obj_type` = 1 AND `status` <> '-1' AND `is_read` = 0 LIMIT 1   [ RunTime:0.0004s ]
SQL: SHOW COLUMNS FROM `market_goods` [ RunTime:0.0006s ]
SQL: SHOW COLUMNS FROM `market_visitor_collect` [ RunTime:0.0005s ]
SQL: SHOW COLUMNS FROM `market_goods_classify` [ RunTime:0.0005s ]
SQL: SELECT `id`,`classify_name` FROM `market_goods_classify` WHERE `company_id` = 20 AND `status` NOT IN ('-1','1')  [ RunTime:0.0003s ]
SQL: SELECT * FROM `market_goods` WHERE `classify_id` = 148 AND `status` NOT IN ('-1','3')  [ RunTime:0.0042s ]
SQL: SHOW COLUMNS FROM `market_goods_sales_volume` [ RunTime:0.0005s ]
SQL: SELECT SUM(sales_total) AS tp_sum FROM `market_goods_sales_volume` WHERE `goods_id` = 920 LIMIT 1   [ RunTime:0.0003s ]
SQL: SELECT SUM(sales_total) AS tp_sum FROM `market_goods_sales_volume` WHERE `goods_id` = 921 LIMIT 1   [ RunTime:0.0003s ]
SQL: SELECT SUM(sales_total) AS tp_sum FROM `market_goods_sales_volume` WHERE `goods_id` = 922 LIMIT 1   [ RunTime:0.0003s ]
SQL: SELECT SUM(sales_total) AS tp_sum FROM `market_goods_sales_volume` WHERE `goods_id` = 936 LIMIT 1   [ RunTime:0.0003s ]
SQL: SELECT SUM(sales_total) AS tp_sum FROM `market_goods_sales_volume` WHERE `goods_id` = 937 LIMIT 1   [ RunTime:0.0003s ]
SQL: SELECT SUM(sales_total) AS tp_sum FROM `market_goods_sales_volume` WHERE `goods_id` = 938 LIMIT 1   [ RunTime:0.0004s ]
SQL: SELECT SUM(sales_total) AS tp_sum FROM `market_goods_sales_volume` WHERE `goods_id` = 939 LIMIT 1   [ RunTime:0.0004s ]
SQL: SELECT SUM(sales_total) AS tp_sum FROM `market_goods_sales_volume` WHERE `goods_id` = 940 LIMIT 1   [ RunTime:0.0003s ]
SQL: SELECT SUM(sales_total) AS tp_sum FROM `market_goods_sales_volume` WHERE `goods_id` = 942 LIMIT 1   [ RunTime:0.0003s ]
SQL: SELECT SUM(sales_total) AS tp_sum FROM `market_goods_sales_volume` WHERE `goods_id` = 944 LIMIT 1   [ RunTime:0.0003s ]
SQL: SELECT SUM(sales_total) AS tp_sum FROM `market_goods_sales_volume` WHERE `goods_id` = 945 LIMIT 1   [ RunTime:0.0003s ]
SQL: SELECT SUM(sales_total) AS tp_sum FROM `market_goods_sales_volume` WHERE `goods_id` = 946 LIMIT 1   [ RunTime:0.0003s ]
SQL: SELECT SUM(sales_total) AS tp_sum FROM `market_goods_sales_volume` WHERE `goods_id` = 947 LIMIT 1   [ RunTime:0.0003s ]
SQL: SELECT SUM(sales_total) AS tp_sum FROM `market_goods_sales_volume` WHERE `goods_id` = 950 LIMIT 1   [ RunTime:0.0003s ]
SQL: SELECT SUM(sales_total) AS tp_sum FROM `market_goods_sales_volume` WHERE `goods_id` = 951 LIMIT 1   [ RunTime:0.0003s ]
SQL: SELECT SUM(sales_total) AS tp_sum FROM `market_goods_sales_volume` WHERE `goods_id` = 953 LIMIT 1   [ RunTime:0.0003s ]
SQL: SELECT SUM(sales_total) AS tp_sum FROM `market_goods_sales_volume` WHERE `goods_id` = 955 LIMIT 1   [ RunTime:0.0003s ]
SQL: SELECT SUM(sales_total) AS tp_sum FROM `market_goods_sales_volume` WHERE `goods_id` = 958 LIMIT 1   [ RunTime:0.0003s ]
SQL: SELECT SUM(sales_total) AS tp_sum FROM `market_goods_sales_volume` WHERE `goods_id` = 961 LIMIT 1   [ RunTime:0.0003s ]
SQL: SELECT SUM(sales_total) AS tp_sum FROM `market_goods_sales_volume` WHERE `goods_id` = 963 LIMIT 1   [ RunTime:0.0003s ]
SQL: SELECT SUM(sales_total) AS tp_sum FROM `market_goods_sales_volume` WHERE `goods_id` = 966 LIMIT 1   [ RunTime:0.0003s ]
SQL: SELECT SUM(sales_total) AS tp_sum FROM `market_goods_sales_volume` WHERE `goods_id` = 967 LIMIT 1   [ RunTime:0.0003s ]
SQL: SELECT SUM(sales_total) AS tp_sum FROM `market_goods_sales_volume` WHERE `goods_id` = 968 LIMIT 1   [ RunTime:0.0003s ]
SQL: SELECT SUM(sales_total) AS tp_sum FROM `market_goods_sales_volume` WHERE `goods_id` = 969 LIMIT 1   [ RunTime:0.0003s ]
SQL: SELECT SUM(sales_total) AS tp_sum FROM `market_goods_sales_volume` WHERE `goods_id` = 970 LIMIT 1   [ RunTime:0.0003s ]
SQL: SHOW COLUMNS FROM `market_shopping_cart` [ RunTime:0.0005s ]
SQL: SELECT COUNT(*) AS tp_count FROM `market_shopping_cart` WHERE `visitor_id` = 808 LIMIT 1   [ RunTime:0.0003s ]
INFO: [ view_parse ] --START--
INFO: [ template_filter ] --START--
INFO: Run Behavior\ContentReplaceBehavior [ RunTime:0.000067s ]
INFO: [ template_filter ] --END-- [ RunTime:0.000105s ]
INFO: Run Behavior\ParseTemplateBehavior [ RunTime:0.021040s ]
INFO: [ view_parse ] --END-- [ RunTime:0.021107s ]
INFO: [ view_filter ] --START--
INFO: Run Behavior\WriteHtmlCacheBehavior [ RunTime:0.000119s ]
INFO: Run Behavior\TokenBuildBehavior [ RunTime:0.000184s ]
INFO: [ view_filter ] --END-- [ RunTime:0.000349s ]
INFO: [ app_end ] --START--
INFO: Run Behavior\ShowPageTraceBehavior [ RunTime:0.000512s ]
INFO: [ app_end ] --END-- [ RunTime:0.000578s ]

[ 2017-11-28T23:51:43+08:00 ] 112.96.128.46 /Template00003/Goods/goodsList/companyName/yuancun/classify_id/153.html
INFO: [ app_init ] --START--
INFO: Run Behavior\BuildLiteBehavior [ RunTime:0.000010s ]
INFO: [ app_init ] --END-- [ RunTime:0.000212s ]
INFO: [ app_begin ] --START--
INFO: Run Behavior\ReadHtmlCacheBehavior [ RunTime:0.000258s ]
INFO: [ app_begin ] --END-- [ RunTime:0.000290s ]
SQL: SHOW COLUMNS FROM `market_project` [ RunTime:0.0006s ]
SQL: SELECT `id`,`template_id`,`category_id`,`sx_data_base` FROM `market_project` WHERE `project_link` = 'www.chinaimigo.com' AND `status` = 0 LIMIT 1   [ RunTime:0.0004s ]
SQL: SHOW COLUMNS FROM `market_template_change` [ RunTime:0.0005s ]
SQL: SELECT `template_path` FROM `market_template_change` WHERE `id` = 2 LIMIT 1   [ RunTime:0.0003s ]
SQL: SHOW COLUMNS FROM `market_write_info` [ RunTime:0.0006s ]
SQL: SELECT `market_name`,`principal`,`phone`,`project_logo`,`email`,`address_id`,`address_info`,`abstruct`,`app_id`,`app_secret`,`mch_id`,`mch_sectet` FROM `market_write_info` WHERE `relevance_id` = 9 LIMIT 1   [ RunTime:0.0004s ]
SQL: SELECT `id` FROM `market_project` WHERE `project_link` = 'www.chinaimigo.com' LIMIT 1   [ RunTime:0.0003s ]
SQL: SHOW COLUMNS FROM `market_company` [ RunTime:0.0007s ]
SQL: SELECT `id` FROM `market_company` WHERE `web_postfix` = 'yuancun' AND `status` = 0 AND `relevance_id` = 9 LIMIT 1   [ RunTime:0.0004s ]
NOTIC: [8] Undefined index: visitor /var/www/html/amigo/amigo/Template00003/Controller/CommonController.class.php 第 58 行.
SQL: SHOW COLUMNS FROM `market_system_news` [ RunTime:0.0005s ]
SQL: SELECT COUNT(*) AS tp_count FROM `market_system_news` WHERE `obj_id` = 749 AND `obj_type` = 1 AND `status` <> '-1' AND `is_read` = 0 LIMIT 1   [ RunTime:0.0004s ]
SQL: SHOW COLUMNS FROM `market_goods` [ RunTime:0.0006s ]
SQL: SHOW COLUMNS FROM `market_visitor_collect` [ RunTime:0.0005s ]
SQL: SHOW COLUMNS FROM `market_goods_classify` [ RunTime:0.0005s ]
SQL: SELECT `id`,`classify_name` FROM `market_goods_classify` WHERE `company_id` = 20 AND `status` NOT IN ('-1','1')  [ RunTime:0.0004s ]
SQL: SELECT * FROM `market_goods` WHERE `classify_id` = 153 AND `status` NOT IN ('-1','3')  [ RunTime:0.0017s ]
SQL: SHOW COLUMNS FROM `market_goods_sales_volume` [ RunTime:0.0005s ]
SQL: SELECT SUM(sales_total) AS tp_sum FROM `market_goods_sales_volume` WHERE `goods_id` = 983 LIMIT 1   [ RunTime:0.0004s ]
SQL: SELECT SUM(sales_total) AS tp_sum FROM `market_goods_sales_volume` WHERE `goods_id` = 984 LIMIT 1   [ RunTime:0.0003s ]
SQL: SELECT SUM(sales_total) AS tp_sum FROM `market_goods_sales_volume` WHERE `goods_id` = 985 LIMIT 1   [ RunTime:0.0003s ]
SQL: SELECT SUM(sales_total) AS tp_sum FROM `market_goods_sales_volume` WHERE `goods_id` = 988 LIMIT 1   [ RunTime:0.0003s ]
SQL: SELECT SUM(sales_total) AS tp_sum FROM `market_goods_sales_volume` WHERE `goods_id` = 989 LIMIT 1   [ RunTime:0.0003s ]
SQL: SELECT SUM(sales_total) AS tp_sum FROM `market_goods_sales_volume` WHERE `goods_id` = 1002 LIMIT 1   [ RunTime:0.0003s ]
SQL: SELECT SUM(sales_total) AS tp_sum FROM `market_goods_sales_volume` WHERE `goods_id` = 1003 LIMIT 1   [ RunTime:0.0003s ]
SQL: SELECT SUM(sales_total) AS tp_sum FROM `market_goods_sales_volume` WHERE `goods_id` = 1092 LIMIT 1   [ RunTime:0.0003s ]
SQL: SELECT SUM(sales_total) AS tp_sum FROM `market_goods_sales_volume` WHERE `goods_id` = 1093 LIMIT 1   [ RunTime:0.0003s ]
SQL: SELECT SUM(sales_total) AS tp_sum FROM `market_goods_sales_volume` WHERE `goods_id` = 1095 LIMIT 1   [ RunTime:0.0003s ]
SQL: SHOW COLUMNS FROM `market_shopping_cart` [ RunTime:0.0005s ]
SQL: SELECT COUNT(*) AS tp_count FROM `market_shopping_cart` WHERE `visitor_id` = 749 LIMIT 1   [ RunTime:0.0003s ]
INFO: [ view_parse ] --START--
INFO: [ template_filter ] --START--
INFO: Run Behavior\ContentReplaceBehavior [ RunTime:0.000065s ]
INFO: [ template_filter ] --END-- [ RunTime:0.000100s ]
INFO: Run Behavior\ParseTemplateBehavior [ RunTime:0.009054s ]
INFO: [ view_parse ] --END-- [ RunTime:0.009085s ]
INFO: [ view_filter ] --START--
INFO: Run Behavior\WriteHtmlCacheBehavior [ RunTime:0.000098s ]
INFO: Run Behavior\TokenBuildBehavior [ RunTime:0.000155s ]
INFO: [ view_filter ] --END-- [ RunTime:0.000294s ]
INFO: [ app_end ] --START--
INFO: Run Behavior\ShowPageTraceBehavior [ RunTime:0.000609s ]
INFO: [ app_end ] --END-- [ RunTime:0.000761s ]

[ 2017-11-28T23:51:50+08:00 ] 112.96.128.46 /Template00003/Goods/goodsList/companyName/yuancun/classify_id/155.html
INFO: [ app_init ] --START--
INFO: Run Behavior\BuildLiteBehavior [ RunTime:0.000012s ]
INFO: [ app_init ] --END-- [ RunTime:0.000257s ]
INFO: [ app_begin ] --START--
INFO: Run Behavior\ReadHtmlCacheBehavior [ RunTime:0.000331s ]
INFO: [ app_begin ] --END-- [ RunTime:0.000363s ]
SQL: SHOW COLUMNS FROM `market_project` [ RunTime:0.0007s ]
SQL: SELECT `id`,`template_id`,`category_id`,`sx_data_base` FROM `market_project` WHERE `project_link` = 'www.chinaimigo.com' AND `status` = 0 LIMIT 1   [ RunTime:0.0004s ]
SQL: SHOW COLUMNS FROM `market_template_change` [ RunTime:0.0005s ]
SQL: SELECT `template_path` FROM `market_template_change` WHERE `id` = 2 LIMIT 1   [ RunTime:0.0003s ]
SQL: SHOW COLUMNS FROM `market_write_info` [ RunTime:0.0005s ]
SQL: SELECT `market_name`,`principal`,`phone`,`project_logo`,`email`,`address_id`,`address_info`,`abstruct`,`app_id`,`app_secret`,`mch_id`,`mch_sectet` FROM `market_write_info` WHERE `relevance_id` = 9 LIMIT 1   [ RunTime:0.0004s ]
SQL: SELECT `id` FROM `market_project` WHERE `project_link` = 'www.chinaimigo.com' LIMIT 1   [ RunTime:0.0003s ]
SQL: SHOW COLUMNS FROM `market_company` [ RunTime:0.0007s ]
SQL: SELECT `id` FROM `market_company` WHERE `web_postfix` = 'yuancun' AND `status` = 0 AND `relevance_id` = 9 LIMIT 1   [ RunTime:0.0004s ]
NOTIC: [8] Undefined index: visitor /var/www/html/amigo/amigo/Template00003/Controller/CommonController.class.php 第 58 行.
SQL: SHOW COLUMNS FROM `market_system_news` [ RunTime:0.0005s ]
SQL: SELECT COUNT(*) AS tp_count FROM `market_system_news` WHERE `obj_id` = 749 AND `obj_type` = 1 AND `status` <> '-1' AND `is_read` = 0 LIMIT 1   [ RunTime:0.0004s ]
SQL: SHOW COLUMNS FROM `market_goods` [ RunTime:0.0006s ]
SQL: SHOW COLUMNS FROM `market_visitor_collect` [ RunTime:0.0005s ]
SQL: SHOW COLUMNS FROM `market_goods_classify` [ RunTime:0.0005s ]
SQL: SELECT `id`,`classify_name` FROM `market_goods_classify` WHERE `company_id` = 20 AND `status` NOT IN ('-1','1')  [ RunTime:0.0004s ]
SQL: SELECT * FROM `market_goods` WHERE `classify_id` = 155 AND `status` NOT IN ('-1','3')  [ RunTime:0.0013s ]
SQL: SHOW COLUMNS FROM `market_goods_sales_volume` [ RunTime:0.0005s ]
SQL: SELECT SUM(sales_total) AS tp_sum FROM `market_goods_sales_volume` WHERE `goods_id` = 987 LIMIT 1   [ RunTime:0.0003s ]
SQL: SELECT SUM(sales_total) AS tp_sum FROM `market_goods_sales_volume` WHERE `goods_id` = 990 LIMIT 1   [ RunTime:0.0003s ]
SQL: SELECT SUM(sales_total) AS tp_sum FROM `market_goods_sales_volume` WHERE `goods_id` = 1004 LIMIT 1   [ RunTime:0.0003s ]
SQL: SELECT SUM(sales_total) AS tp_sum FROM `market_goods_sales_volume` WHERE `goods_id` = 1098 LIMIT 1   [ RunTime:0.0003s ]
SQL: SELECT SUM(sales_total) AS tp_sum FROM `market_goods_sales_volume` WHERE `goods_id` = 1099 LIMIT 1   [ RunTime:0.0003s ]
SQL: SELECT SUM(sales_total) AS tp_sum FROM `market_goods_sales_volume` WHERE `goods_id` = 1100 LIMIT 1   [ RunTime:0.0004s ]
SQL: SHOW COLUMNS FROM `market_shopping_cart` [ RunTime:0.0005s ]
SQL: SELECT COUNT(*) AS tp_count FROM `market_shopping_cart` WHERE `visitor_id` = 749 LIMIT 1   [ RunTime:0.0004s ]
INFO: [ view_parse ] --START--
INFO: [ template_filter ] --START--
INFO: Run Behavior\ContentReplaceBehavior [ RunTime:0.000080s ]
INFO: [ template_filter ] --END-- [ RunTime:0.000121s ]
INFO: Run Behavior\ParseTemplateBehavior [ RunTime:0.009218s ]
INFO: [ view_parse ] --END-- [ RunTime:0.009259s ]
INFO: [ view_filter ] --START--
INFO: Run Behavior\WriteHtmlCacheBehavior [ RunTime:0.000111s ]
INFO: Run Behavior\TokenBuildBehavior [ RunTime:0.000324s ]
INFO: [ view_filter ] --END-- [ RunTime:0.000479s ]
INFO: [ app_end ] --START--
INFO: Run Behavior\ShowPageTraceBehavior [ RunTime:0.000493s ]
INFO: [ app_end ] --END-- [ RunTime:0.000562s ]

[ 2017-11-28T23:52:29+08:00 ] 101.226.66.174 /index.php/Template00003/Index/index/companyName/jinlongyu.html?
INFO: [ app_init ] --START--
INFO: Run Behavior\BuildLiteBehavior [ RunTime:0.000016s ]
INFO: [ app_init ] --END-- [ RunTime:0.000306s ]
INFO: [ app_begin ] --START--
INFO: Run Behavior\ReadHtmlCacheBehavior [ RunTime:0.000391s ]
INFO: [ app_begin ] --END-- [ RunTime:0.000441s ]
SQL: SHOW COLUMNS FROM `market_project` [ RunTime:0.0007s ]
SQL: SELECT `id`,`template_id`,`category_id`,`sx_data_base` FROM `market_project` WHERE `project_link` = 'www.chinaimigo.com' AND `status` = 0 LIMIT 1   [ RunTime:0.0004s ]
SQL: SHOW COLUMNS FROM `market_template_change` [ RunTime:0.0005s ]
SQL: SELECT `template_path` FROM `market_template_change` WHERE `id` = 2 LIMIT 1   [ RunTime:0.0003s ]
SQL: SHOW COLUMNS FROM `market_write_info` [ RunTime:0.0006s ]
SQL: SELECT `market_name`,`principal`,`phone`,`project_logo`,`email`,`address_id`,`address_info`,`abstruct`,`app_id`,`app_secret`,`mch_id`,`mch_sectet` FROM `market_write_info` WHERE `relevance_id` = 9 LIMIT 1   [ RunTime:0.0004s ]
SQL: SELECT `id` FROM `market_project` WHERE `project_link` = 'www.chinaimigo.com' LIMIT 1   [ RunTime:0.0003s ]
SQL: SHOW COLUMNS FROM `market_company` [ RunTime:0.0007s ]
SQL: SELECT `id` FROM `market_company` WHERE `web_postfix` = 'jinlongyu' AND `status` = 0 AND `relevance_id` = 9 LIMIT 1   [ RunTime:0.0004s ]

