[ 2017-12-07T23:43:57+08:00 ] 183.57.53.197 /Template00003/Goods/goodsDetail/id/1155/companyName/huanbao.html
INFO: [ app_init ] --START--
INFO: Run Behavior\BuildLiteBehavior [ RunTime:0.000015s ]
INFO: [ app_init ] --END-- [ RunTime:0.000260s ]
INFO: [ app_begin ] --START--
INFO: Run Behavior\ReadHtmlCacheBehavior [ RunTime:0.000332s ]
INFO: [ app_begin ] --END-- [ RunTime:0.000379s ]
SQL: SHOW COLUMNS FROM `market_project` [ RunTime:0.0007s ]
SQL: SELECT `id`,`template_id`,`category_id`,`sx_data_base` FROM `market_project` WHERE `project_link` = 'www.chinaimigo.com' AND `status` = 0 LIMIT 1   [ RunTime:0.0004s ]
SQL: SHOW COLUMNS FROM `market_template_change` [ RunTime:0.0005s ]
SQL: SELECT `template_path` FROM `market_template_change` WHERE `id` = 2 LIMIT 1   [ RunTime:0.0003s ]
SQL: SHOW COLUMNS FROM `market_write_info` [ RunTime:0.0005s ]
SQL: SELECT `market_name`,`principal`,`phone`,`project_logo`,`email`,`address_id`,`address_info`,`abstruct`,`app_id`,`app_secret`,`mch_id`,`mch_sectet` FROM `market_write_info` WHERE `relevance_id` = 9 LIMIT 1   [ RunTime:0.0004s ]
SQL: SELECT `id` FROM `market_project` WHERE `project_link` = 'www.chinaimigo.com' LIMIT 1   [ RunTime:0.0003s ]
SQL: SHOW COLUMNS FROM `market_company` [ RunTime:0.0007s ]
SQL: SELECT `id` FROM `market_company` WHERE `web_postfix` = 'huanbao' AND `status` = 0 AND `relevance_id` = 9 LIMIT 1   [ RunTime:0.0004s ]
SQL: SELECT `id`,`company_name`,`principal`,`category_id`,`relevance_id`,`region_id`,`address_info`,`business_id`,`phone`,`template_id`,`web_postfix`,`app_id` FROM `market_company` WHERE `id` = 22 LIMIT 1   [ RunTime:0.0004s ]
SQL: SHOW COLUMNS FROM `market_template_change` [ RunTime:0.0005s ]
SQL: SELECT `template_path` FROM `market_template_change` WHERE `id` = 4 LIMIT 1   [ RunTime:0.0003s ]
SQL: SHOW COLUMNS FROM `market_company_picture` [ RunTime:0.0005s ]
SQL: SELECT `company_logo` FROM `market_company_picture` WHERE `company_id` = 22 LIMIT 1   [ RunTime:0.0004s ]
NOTIC: [8] Undefined index: visitor /var/www/html/amigo/amigo/Template00003/Controller/CommonController.class.php 第 58 行.
SQL: SHOW COLUMNS FROM `market_system_news` [ RunTime:0.0005s ]
SQL: SELECT COUNT(*) AS tp_count FROM `market_system_news` WHERE `obj_id` = null AND `obj_type` = 1 AND `status` <> '-1' AND `is_read` = 0 LIMIT 1   [ RunTime:0.0003s ]
SQL: SHOW COLUMNS FROM `market_goods` [ RunTime:0.0006s ]
SQL: SHOW COLUMNS FROM `market_visitor_collect` [ RunTime:0.0005s ]
SQL: SELECT `id`,`classify_id`,`goods_name`,`goods_title`,`goods_logo`,`promotion_price`,`is_promotion`,`price`,`discount`,`sales_start_time`,`sales_end_time`,`is_discount`,`express_price`,`goods_picture` FROM `market_goods` WHERE `status` NOT IN ('-1','3') AND `company_id` = 22 AND `id` = 1155 LIMIT 1   [ RunTime:0.0006s ]
SQL: SELECT `goods_collect` FROM `market_visitor_collect` WHERE `visitor_id` = null LIMIT 1   [ RunTime:0.0003s ]
NOTIC: [2] in_array() expects parameter 2 to be array, null given /var/www/html/amigo/amigo/Template00002/Model/GoodsModel.class.php 第 75 行.
SQL: SELECT `id`,`goods_name`,`goods_logo`,`price` FROM `market_goods` WHERE `classify_id` = 161 AND `id` <> '1155' AND `status` NOT IN ('-1','3') ORDER BY addtime desc LIMIT 4   [ RunTime:0.0004s ]
SQL: SHOW COLUMNS FROM `market_goods_sales_volume` [ RunTime:0.0005s ]
SQL: SELECT SUM(sales_total) AS tp_sum FROM `market_goods_sales_volume` WHERE `goods_id` = 1155 LIMIT 1   [ RunTime:0.0003s ]
SQL: SELECT SUM(sales_total) AS tp_sum FROM `market_goods_sales_volume` WHERE `goods_id` = 1157 LIMIT 1   [ RunTime:0.0003s ]
SQL: SELECT SUM(sales_total) AS tp_sum FROM `market_goods_sales_volume` WHERE `goods_id` = 1156 LIMIT 1   [ RunTime:0.0003s ]
SQL: SHOW COLUMNS FROM `market_goods_statistics` [ RunTime:0.0005s ]
SQL: SELECT * FROM `market_goods_statistics` WHERE `relevance_id` = 1155 AND `date` = 1512576000 LIMIT 1   [ RunTime:0.0003s ]
SQL: UPDATE `market_goods_statistics` SET `visit_total`=visit_total+1 WHERE `relevance_id` = 1155 AND `date` = 1512576000 [ RunTime:0.0004s ]
SQL: SHOW COLUMNS FROM `market_visitor_track` [ RunTime:0.0005s ]
SQL: SELECT `id_aggregate` FROM `market_visitor_track` WHERE `visitor_id` = null AND `visit_date` = 1512576000 LIMIT 1   [ RunTime:0.0003s ]
ERR: 1048:Column 'visitor_id' cannot be null
 [ SQL语句 ] : INSERT INTO `market_visitor_track` (`visit_date`,`visitor_id`,`id_aggregate`) VALUES ('1512576000',NULL,'[{\"id\":1155,\"type\":1}]')
ERR: 1048:Column 'visitor_id' cannot be null
 [ SQL语句 ] : INSERT INTO `market_visitor_track` (`visit_date`,`visitor_id`,`id_aggregate`) VALUES ('1512576000',NULL,'[{\"id\":1155,\"type\":1}]')

[ 2017-12-07T23:44:36+08:00 ] 14.116.133.168 /Template00003/Goods/goodsList/companyName/yuancun/classify_id/149.html
INFO: [ app_init ] --START--
INFO: Run Behavior\BuildLiteBehavior [ RunTime:0.000015s ]
INFO: [ app_init ] --END-- [ RunTime:0.000253s ]
INFO: [ app_begin ] --START--
INFO: Run Behavior\ReadHtmlCacheBehavior [ RunTime:0.000328s ]
INFO: [ app_begin ] --END-- [ RunTime:0.000370s ]
SQL: SHOW COLUMNS FROM `market_project` [ RunTime:0.0007s ]
SQL: SELECT `id`,`template_id`,`category_id`,`sx_data_base` FROM `market_project` WHERE `project_link` = 'www.chinaimigo.com' AND `status` = 0 LIMIT 1   [ RunTime:0.0004s ]
SQL: SHOW COLUMNS FROM `market_template_change` [ RunTime:0.0005s ]
SQL: SELECT `template_path` FROM `market_template_change` WHERE `id` = 2 LIMIT 1   [ RunTime:0.0003s ]
SQL: SHOW COLUMNS FROM `market_write_info` [ RunTime:0.0006s ]
SQL: SELECT `market_name`,`principal`,`phone`,`project_logo`,`email`,`address_id`,`address_info`,`abstruct`,`app_id`,`app_secret`,`mch_id`,`mch_sectet` FROM `market_write_info` WHERE `relevance_id` = 9 LIMIT 1   [ RunTime:0.0004s ]
SQL: SELECT `id` FROM `market_project` WHERE `project_link` = 'www.chinaimigo.com' LIMIT 1   [ RunTime:0.0004s ]
SQL: SHOW COLUMNS FROM `market_company` [ RunTime:0.0007s ]
SQL: SELECT `id` FROM `market_company` WHERE `web_postfix` = 'yuancun' AND `status` = 0 AND `relevance_id` = 9 LIMIT 1   [ RunTime:0.0004s ]
NOTIC: [8] Undefined index: visitor /var/www/html/amigo/amigo/Template00003/Controller/CommonController.class.php 第 58 行.
SQL: SHOW COLUMNS FROM `market_system_news` [ RunTime:0.0007s ]
SQL: SELECT COUNT(*) AS tp_count FROM `market_system_news` WHERE `obj_id` = 808 AND `obj_type` = 1 AND `status` <> '-1' AND `is_read` = 0 LIMIT 1   [ RunTime:0.0004s ]
SQL: SHOW COLUMNS FROM `market_goods` [ RunTime:0.0006s ]
SQL: SHOW COLUMNS FROM `market_visitor_collect` [ RunTime:0.0006s ]
SQL: SHOW COLUMNS FROM `market_goods_classify` [ RunTime:0.0006s ]
SQL: SELECT `id`,`classify_name` FROM `market_goods_classify` WHERE `company_id` = 20 AND `status` NOT IN ('-1','1')  [ RunTime:0.0004s ]
SQL: SELECT * FROM `market_goods` WHERE `classify_id` = 149 AND `status` NOT IN ('-1','3')  [ RunTime:0.0022s ]
SQL: SHOW COLUMNS FROM `market_goods_sales_volume` [ RunTime:0.0005s ]
SQL: SELECT SUM(sales_total) AS tp_sum FROM `market_goods_sales_volume` WHERE `goods_id` = 971 LIMIT 1   [ RunTime:0.0003s ]
SQL: SELECT SUM(sales_total) AS tp_sum FROM `market_goods_sales_volume` WHERE `goods_id` = 976 LIMIT 1   [ RunTime:0.0003s ]
SQL: SELECT SUM(sales_total) AS tp_sum FROM `market_goods_sales_volume` WHERE `goods_id` = 977 LIMIT 1   [ RunTime:0.0003s ]
SQL: SELECT SUM(sales_total) AS tp_sum FROM `market_goods_sales_volume` WHERE `goods_id` = 978 LIMIT 1   [ RunTime:0.0008s ]
SQL: SELECT SUM(sales_total) AS tp_sum FROM `market_goods_sales_volume` WHERE `goods_id` = 979 LIMIT 1   [ RunTime:0.0003s ]
SQL: SELECT SUM(sales_total) AS tp_sum FROM `market_goods_sales_volume` WHERE `goods_id` = 982 LIMIT 1   [ RunTime:0.0004s ]
SQL: SELECT SUM(sales_total) AS tp_sum FROM `market_goods_sales_volume` WHERE `goods_id` = 997 LIMIT 1   [ RunTime:0.0003s ]
SQL: SELECT SUM(sales_total) AS tp_sum FROM `market_goods_sales_volume` WHERE `goods_id` = 1098 LIMIT 1   [ RunTime:0.0004s ]
SQL: SELECT SUM(sales_total) AS tp_sum FROM `market_goods_sales_volume` WHERE `goods_id` = 1137 LIMIT 1   [ RunTime:0.0003s ]
SQL: SELECT SUM(sales_total) AS tp_sum FROM `market_goods_sales_volume` WHERE `goods_id` = 1138 LIMIT 1   [ RunTime:0.0003s ]
SQL: SHOW COLUMNS FROM `market_shopping_cart` [ RunTime:0.0007s ]
SQL: SELECT COUNT(*) AS tp_count FROM `market_shopping_cart` WHERE `visitor_id` = 808 LIMIT 1   [ RunTime:0.0004s ]
INFO: [ view_parse ] --START--
INFO: [ template_filter ] --START--
INFO: Run Behavior\ContentReplaceBehavior [ RunTime:0.000089s ]
INFO: [ template_filter ] --END-- [ RunTime:0.000154s ]
INFO: Run Behavior\ParseTemplateBehavior [ RunTime:0.011738s ]
INFO: [ view_parse ] --END-- [ RunTime:0.011777s ]
INFO: [ view_filter ] --START--
INFO: Run Behavior\WriteHtmlCacheBehavior [ RunTime:0.000138s ]
INFO: Run Behavior\TokenBuildBehavior [ RunTime:0.000295s ]
INFO: [ view_filter ] --END-- [ RunTime:0.000490s ]
INFO: [ app_end ] --START--
INFO: Run Behavior\ShowPageTraceBehavior [ RunTime:0.000430s ]
INFO: [ app_end ] --END-- [ RunTime:0.000489s ]

[ 2017-12-07T23:45:42+08:00 ] 14.116.133.168 /Template00003/Goods/goodsList/companyName/yuancun/classify_id/148.html
INFO: [ app_init ] --START--
INFO: Run Behavior\BuildLiteBehavior [ RunTime:0.000013s ]
INFO: [ app_init ] --END-- [ RunTime:0.000228s ]
INFO: [ app_begin ] --START--
INFO: Run Behavior\ReadHtmlCacheBehavior [ RunTime:0.000284s ]
INFO: [ app_begin ] --END-- [ RunTime:0.000321s ]
SQL: SHOW COLUMNS FROM `market_project` [ RunTime:0.0007s ]
SQL: SELECT `id`,`template_id`,`category_id`,`sx_data_base` FROM `market_project` WHERE `project_link` = 'www.chinaimigo.com' AND `status` = 0 LIMIT 1   [ RunTime:0.0005s ]
SQL: SHOW COLUMNS FROM `market_template_change` [ RunTime:0.0005s ]
SQL: SELECT `template_path` FROM `market_template_change` WHERE `id` = 2 LIMIT 1   [ RunTime:0.0004s ]
SQL: SHOW COLUMNS FROM `market_write_info` [ RunTime:0.0006s ]
SQL: SELECT `market_name`,`principal`,`phone`,`project_logo`,`email`,`address_id`,`address_info`,`abstruct`,`app_id`,`app_secret`,`mch_id`,`mch_sectet` FROM `market_write_info` WHERE `relevance_id` = 9 LIMIT 1   [ RunTime:0.0004s ]
SQL: SELECT `id` FROM `market_project` WHERE `project_link` = 'www.chinaimigo.com' LIMIT 1   [ RunTime:0.0003s ]
SQL: SHOW COLUMNS FROM `market_company` [ RunTime:0.0007s ]
SQL: SELECT `id` FROM `market_company` WHERE `web_postfix` = 'yuancun' AND `status` = 0 AND `relevance_id` = 9 LIMIT 1   [ RunTime:0.0004s ]
NOTIC: [8] Undefined index: visitor /var/www/html/amigo/amigo/Template00003/Controller/CommonController.class.php 第 58 行.
SQL: SHOW COLUMNS FROM `market_system_news` [ RunTime:0.0005s ]
SQL: SELECT COUNT(*) AS tp_count FROM `market_system_news` WHERE `obj_id` = 808 AND `obj_type` = 1 AND `status` <> '-1' AND `is_read` = 0 LIMIT 1   [ RunTime:0.0004s ]
SQL: SHOW COLUMNS FROM `market_goods` [ RunTime:0.0006s ]
SQL: SHOW COLUMNS FROM `market_visitor_collect` [ RunTime:0.0005s ]
SQL: SHOW COLUMNS FROM `market_goods_classify` [ RunTime:0.0005s ]
SQL: SELECT `id`,`classify_name` FROM `market_goods_classify` WHERE `company_id` = 20 AND `status` NOT IN ('-1','1')  [ RunTime:0.0003s ]
SQL: SELECT * FROM `market_goods` WHERE `classify_id` = 148 AND `status` NOT IN ('-1','3')  [ RunTime:0.0038s ]
SQL: SHOW COLUMNS FROM `market_goods_sales_volume` [ RunTime:0.0005s ]
SQL: SELECT SUM(sales_total) AS tp_sum FROM `market_goods_sales_volume` WHERE `goods_id` = 920 LIMIT 1   [ RunTime:0.0004s ]
SQL: SELECT SUM(sales_total) AS tp_sum FROM `market_goods_sales_volume` WHERE `goods_id` = 921 LIMIT 1   [ RunTime:0.0003s ]
SQL: SELECT SUM(sales_total) AS tp_sum FROM `market_goods_sales_volume` WHERE `goods_id` = 922 LIMIT 1   [ RunTime:0.0003s ]
SQL: SELECT SUM(sales_total) AS tp_sum FROM `market_goods_sales_volume` WHERE `goods_id` = 936 LIMIT 1   [ RunTime:0.0003s ]
SQL: SELECT SUM(sales_total) AS tp_sum FROM `market_goods_sales_volume` WHERE `goods_id` = 937 LIMIT 1   [ RunTime:0.0003s ]
SQL: SELECT SUM(sales_total) AS tp_sum FROM `market_goods_sales_volume` WHERE `goods_id` = 938 LIMIT 1   [ RunTime:0.0003s ]
SQL: SELECT SUM(sales_total) AS tp_sum FROM `market_goods_sales_volume` WHERE `goods_id` = 939 LIMIT 1   [ RunTime:0.0003s ]
SQL: SELECT SUM(sales_total) AS tp_sum FROM `market_goods_sales_volume` WHERE `goods_id` = 940 LIMIT 1   [ RunTime:0.0003s ]
SQL: SELECT SUM(sales_total) AS tp_sum FROM `market_goods_sales_volume` WHERE `goods_id` = 942 LIMIT 1   [ RunTime:0.0003s ]
SQL: SELECT SUM(sales_total) AS tp_sum FROM `market_goods_sales_volume` WHERE `goods_id` = 944 LIMIT 1   [ RunTime:0.0004s ]
SQL: SELECT SUM(sales_total) AS tp_sum FROM `market_goods_sales_volume` WHERE `goods_id` = 945 LIMIT 1   [ RunTime:0.0003s ]
SQL: SELECT SUM(sales_total) AS tp_sum FROM `market_goods_sales_volume` WHERE `goods_id` = 946 LIMIT 1   [ RunTime:0.0004s ]
SQL: SELECT SUM(sales_total) AS tp_sum FROM `market_goods_sales_volume` WHERE `goods_id` = 947 LIMIT 1   [ RunTime:0.0003s ]
SQL: SELECT SUM(sales_total) AS tp_sum FROM `market_goods_sales_volume` WHERE `goods_id` = 950 LIMIT 1   [ RunTime:0.0003s ]
SQL: SELECT SUM(sales_total) AS tp_sum FROM `market_goods_sales_volume` WHERE `goods_id` = 951 LIMIT 1   [ RunTime:0.0003s ]
SQL: SELECT SUM(sales_total) AS tp_sum FROM `market_goods_sales_volume` WHERE `goods_id` = 953 LIMIT 1   [ RunTime:0.0003s ]
SQL: SELECT SUM(sales_total) AS tp_sum FROM `market_goods_sales_volume` WHERE `goods_id` = 955 LIMIT 1   [ RunTime:0.0003s ]
SQL: SELECT SUM(sales_total) AS tp_sum FROM `market_goods_sales_volume` WHERE `goods_id` = 958 LIMIT 1   [ RunTime:0.0003s ]
SQL: SELECT SUM(sales_total) AS tp_sum FROM `market_goods_sales_volume` WHERE `goods_id` = 961 LIMIT 1   [ RunTime:0.0003s ]
SQL: SELECT SUM(sales_total) AS tp_sum FROM `market_goods_sales_volume` WHERE `goods_id` = 963 LIMIT 1   [ RunTime:0.0003s ]
SQL: SELECT SUM(sales_total) AS tp_sum FROM `market_goods_sales_volume` WHERE `goods_id` = 966 LIMIT 1   [ RunTime:0.0003s ]
SQL: SELECT SUM(sales_total) AS tp_sum FROM `market_goods_sales_volume` WHERE `goods_id` = 967 LIMIT 1   [ RunTime:0.0003s ]
SQL: SELECT SUM(sales_total) AS tp_sum FROM `market_goods_sales_volume` WHERE `goods_id` = 968 LIMIT 1   [ RunTime:0.0003s ]
SQL: SELECT SUM(sales_total) AS tp_sum FROM `market_goods_sales_volume` WHERE `goods_id` = 969 LIMIT 1   [ RunTime:0.0003s ]
SQL: SELECT SUM(sales_total) AS tp_sum FROM `market_goods_sales_volume` WHERE `goods_id` = 970 LIMIT 1   [ RunTime:0.0003s ]
SQL: SHOW COLUMNS FROM `market_shopping_cart` [ RunTime:0.0005s ]
SQL: SELECT COUNT(*) AS tp_count FROM `market_shopping_cart` WHERE `visitor_id` = 808 LIMIT 1   [ RunTime:0.0004s ]
INFO: [ view_parse ] --START--
INFO: [ template_filter ] --START--
INFO: Run Behavior\ContentReplaceBehavior [ RunTime:0.000074s ]
INFO: [ template_filter ] --END-- [ RunTime:0.000118s ]
INFO: Run Behavior\ParseTemplateBehavior [ RunTime:0.011341s ]
INFO: [ view_parse ] --END-- [ RunTime:0.011387s ]
INFO: [ view_filter ] --START--
INFO: Run Behavior\WriteHtmlCacheBehavior [ RunTime:0.000127s ]
INFO: Run Behavior\TokenBuildBehavior [ RunTime:0.000173s ]
INFO: [ view_filter ] --END-- [ RunTime:0.000344s ]
INFO: [ app_end ] --START--
INFO: Run Behavior\ShowPageTraceBehavior [ RunTime:0.000496s ]
INFO: [ app_end ] --END-- [ RunTime:0.000570s ]

[ 2017-12-07T23:45:51+08:00 ] 120.204.17.70 /Template00003/Goods/goodsList/companyName/yuancun/classify_id/148.html
INFO: [ app_init ] --START--
INFO: Run Behavior\BuildLiteBehavior [ RunTime:0.000011s ]
INFO: [ app_init ] --END-- [ RunTime:0.000228s ]
INFO: [ app_begin ] --START--
INFO: Run Behavior\ReadHtmlCacheBehavior [ RunTime:0.000289s ]
INFO: [ app_begin ] --END-- [ RunTime:0.000326s ]
SQL: SHOW COLUMNS FROM `market_project` [ RunTime:0.0007s ]
SQL: SELECT `id`,`template_id`,`category_id`,`sx_data_base` FROM `market_project` WHERE `project_link` = 'www.chinaimigo.com' AND `status` = 0 LIMIT 1   [ RunTime:0.0004s ]
SQL: SHOW COLUMNS FROM `market_template_change` [ RunTime:0.0005s ]
SQL: SELECT `template_path` FROM `market_template_change` WHERE `id` = 2 LIMIT 1   [ RunTime:0.0003s ]
SQL: SHOW COLUMNS FROM `market_write_info` [ RunTime:0.0005s ]
SQL: SELECT `market_name`,`principal`,`phone`,`project_logo`,`email`,`address_id`,`address_info`,`abstruct`,`app_id`,`app_secret`,`mch_id`,`mch_sectet` FROM `market_write_info` WHERE `relevance_id` = 9 LIMIT 1   [ RunTime:0.0004s ]
SQL: SELECT `id` FROM `market_project` WHERE `project_link` = 'www.chinaimigo.com' LIMIT 1   [ RunTime:0.0003s ]
SQL: SHOW COLUMNS FROM `market_company` [ RunTime:0.0006s ]
SQL: SELECT `id` FROM `market_company` WHERE `web_postfix` = 'yuancun' AND `status` = 0 AND `relevance_id` = 9 LIMIT 1   [ RunTime:0.0004s ]

[ 2017-12-07T23:46:11+08:00 ] 14.116.133.168 /Template00003/VisitorInfo/myCenter.html?companyName=yuancun
INFO: [ app_init ] --START--
INFO: Run Behavior\BuildLiteBehavior [ RunTime:0.000013s ]
INFO: [ app_init ] --END-- [ RunTime:0.000219s ]
INFO: [ app_begin ] --START--
INFO: Run Behavior\ReadHtmlCacheBehavior [ RunTime:0.000360s ]
INFO: [ app_begin ] --END-- [ RunTime:0.000393s ]
SQL: SHOW COLUMNS FROM `market_project` [ RunTime:0.0007s ]
SQL: SELECT `id`,`template_id`,`category_id`,`sx_data_base` FROM `market_project` WHERE `project_link` = 'www.chinaimigo.com' AND `status` = 0 LIMIT 1   [ RunTime:0.0004s ]
SQL: SHOW COLUMNS FROM `market_template_change` [ RunTime:0.0005s ]
SQL: SELECT `template_path` FROM `market_template_change` WHERE `id` = 2 LIMIT 1   [ RunTime:0.0004s ]
SQL: SHOW COLUMNS FROM `market_write_info` [ RunTime:0.0006s ]
SQL: SELECT `market_name`,`principal`,`phone`,`project_logo`,`email`,`address_id`,`address_info`,`abstruct`,`app_id`,`app_secret`,`mch_id`,`mch_sectet` FROM `market_write_info` WHERE `relevance_id` = 9 LIMIT 1   [ RunTime:0.0004s ]
SQL: SELECT `id` FROM `market_project` WHERE `project_link` = 'www.chinaimigo.com' LIMIT 1   [ RunTime:0.0004s ]
SQL: SHOW COLUMNS FROM `market_company` [ RunTime:0.0006s ]
SQL: SELECT `id` FROM `market_company` WHERE `web_postfix` = 'yuancun' AND `status` = 0 AND `relevance_id` = 9 LIMIT 1   [ RunTime:0.0004s ]
NOTIC: [8] Undefined index: visitor /var/www/html/amigo/amigo/Template00003/Controller/CommonController.class.php 第 58 行.
SQL: SHOW COLUMNS FROM `market_system_news` [ RunTime:0.0005s ]
SQL: SELECT COUNT(*) AS tp_count FROM `market_system_news` WHERE `obj_id` = 808 AND `obj_type` = 1 AND `status` <> '-1' AND `is_read` = 0 LIMIT 1   [ RunTime:0.0004s ]
SQL: SHOW COLUMNS FROM `market_order_form` [ RunTime:0.0007s ]
SQL: SHOW COLUMNS FROM `market_visitor_collect` [ RunTime:0.0005s ]
SQL: SELECT `goods_collect`,`company_collect` FROM `market_visitor_collect` WHERE `visitor_id` = 808 LIMIT 1   [ RunTime:0.0003s ]
SQL: SELECT COUNT(*) AS tp_count FROM `market_company` WHERE `id` IN ('20') AND `status` NOT IN ('-1',' 1') LIMIT 1   [ RunTime:0.0003s ]
SQL: SHOW COLUMNS FROM `market_shopping_cart` [ RunTime:0.0005s ]
SQL: SELECT COUNT(*) AS tp_count FROM `market_shopping_cart` INNER JOIN market_goods ON market_goods.status not in(-1,3) AND market_shopping_cart.visitor_id=808 AND market_goods.id=market_shopping_cart.goods_id  LIMIT 1   [ RunTime:0.0004s ]
SQL: SELECT COUNT(*) AS tp_count FROM `market_order_form` WHERE `status` = 0 AND `visitor_id` = 808 AND `create_time` > 1512488771 AND `is_send_out` = 0 LIMIT 1   [ RunTime:0.0004s ]
SQL: SELECT COUNT(*) AS tp_count FROM `market_order_form` WHERE `status` = 2 AND `visitor_id` = 808 AND `is_send_out` = 0 LIMIT 1   [ RunTime:0.0004s ]
SQL: SELECT COUNT(*) AS tp_count FROM `market_order_form` WHERE `status` = 2 AND `visitor_id` = 808 AND `is_send_out` = 1 LIMIT 1   [ RunTime:0.0003s ]
SQL: SELECT COUNT(*) AS tp_count FROM `market_order_form` WHERE `status` = 2 AND `visitor_id` = 808 AND `is_send_out` = 2 LIMIT 1   [ RunTime:0.0005s ]
SQL: SELECT COUNT(*) AS tp_count FROM `market_order_form` WHERE `status` = 5 AND `visitor_id` = 808 LIMIT 1   [ RunTime:0.0004s ]
SQL: SELECT COUNT(*) AS tp_count FROM `market_order_form` WHERE `status` IN ('6','7') AND `visitor_id` = 808 LIMIT 1   [ RunTime:0.0004s ]
SQL: SELECT `id` FROM `market_order_form` WHERE `status` IN ('6','7') AND `visitor_id` = 808  [ RunTime:0.0003s ]
NOTIC: [2] array_diff(): Argument #1 is not an array /var/www/html/amigo/amigo/Template00002/Model/OrderFormModel.class.php 第 115 行.
INFO: [ view_parse ] --START--
INFO: [ template_filter ] --START--
INFO: Run Behavior\ContentReplaceBehavior [ RunTime:0.000065s ]
INFO: [ template_filter ] --END-- [ RunTime:0.000104s ]
NOTIC: [8] Use of undefined constant head_portrait - assumed 'head_portrait' /var/www/html/amigo/amigo/Runtime/Cache/Template00003/f41d7cb2ab9278c403ea171fc0c2c72d.php 第 53 行.
INFO: Run Behavior\ParseTemplateBehavior [ RunTime:0.008976s ]
INFO: [ view_parse ] --END-- [ RunTime:0.009019s ]
INFO: [ view_filter ] --START--
INFO: Run Behavior\WriteHtmlCacheBehavior [ RunTime:0.000134s ]
INFO: Run Behavior\TokenBuildBehavior [ RunTime:0.000237s ]
INFO: [ view_filter ] --END-- [ RunTime:0.000421s ]
INFO: [ app_end ] --START--
INFO: Run Behavior\ShowPageTraceBehavior [ RunTime:0.000294s ]
INFO: [ app_end ] --END-- [ RunTime:0.000325s ]

[ 2017-12-07T23:46:21+08:00 ] 120.204.17.68 /Template00003/VisitorInfo/myCenter.html?companyName=yuancun
INFO: [ app_init ] --START--
INFO: Run Behavior\BuildLiteBehavior [ RunTime:0.000012s ]
INFO: [ app_init ] --END-- [ RunTime:0.000218s ]
INFO: [ app_begin ] --START--
INFO: Run Behavior\ReadHtmlCacheBehavior [ RunTime:0.000302s ]
INFO: [ app_begin ] --END-- [ RunTime:0.000334s ]
SQL: SHOW COLUMNS FROM `market_project` [ RunTime:0.0007s ]
SQL: SELECT `id`,`template_id`,`category_id`,`sx_data_base` FROM `market_project` WHERE `project_link` = 'www.chinaimigo.com' AND `status` = 0 LIMIT 1   [ RunTime:0.0004s ]
SQL: SHOW COLUMNS FROM `market_template_change` [ RunTime:0.0005s ]
SQL: SELECT `template_path` FROM `market_template_change` WHERE `id` = 2 LIMIT 1   [ RunTime:0.0004s ]
SQL: SHOW COLUMNS FROM `market_write_info` [ RunTime:0.0006s ]
SQL: SELECT `market_name`,`principal`,`phone`,`project_logo`,`email`,`address_id`,`address_info`,`abstruct`,`app_id`,`app_secret`,`mch_id`,`mch_sectet` FROM `market_write_info` WHERE `relevance_id` = 9 LIMIT 1   [ RunTime:0.0004s ]
SQL: SELECT `id` FROM `market_project` WHERE `project_link` = 'www.chinaimigo.com' LIMIT 1   [ RunTime:0.0004s ]
SQL: SHOW COLUMNS FROM `market_company` [ RunTime:0.0008s ]
SQL: SELECT `id` FROM `market_company` WHERE `web_postfix` = 'yuancun' AND `status` = 0 AND `relevance_id` = 9 LIMIT 1   [ RunTime:0.0004s ]

[ 2017-12-07T23:46:35+08:00 ] 14.116.133.168 /Template00003/Goods/goodsList/companyName/yuancun/classify_id/155.html
INFO: [ app_init ] --START--
INFO: Run Behavior\BuildLiteBehavior [ RunTime:0.000018s ]
INFO: [ app_init ] --END-- [ RunTime:0.000471s ]
INFO: [ app_begin ] --START--
INFO: Run Behavior\ReadHtmlCacheBehavior [ RunTime:0.000546s ]
INFO: [ app_begin ] --END-- [ RunTime:0.000612s ]
SQL: SHOW COLUMNS FROM `market_project` [ RunTime:0.0008s ]
SQL: SELECT `id`,`template_id`,`category_id`,`sx_data_base` FROM `market_project` WHERE `project_link` = 'www.chinaimigo.com' AND `status` = 0 LIMIT 1   [ RunTime:0.0005s ]
SQL: SHOW COLUMNS FROM `market_template_change` [ RunTime:0.0006s ]
SQL: SELECT `template_path` FROM `market_template_change` WHERE `id` = 2 LIMIT 1   [ RunTime:0.0004s ]
SQL: SHOW COLUMNS FROM `market_write_info` [ RunTime:0.0006s ]
SQL: SELECT `market_name`,`principal`,`phone`,`project_logo`,`email`,`address_id`,`address_info`,`abstruct`,`app_id`,`app_secret`,`mch_id`,`mch_sectet` FROM `market_write_info` WHERE `relevance_id` = 9 LIMIT 1   [ RunTime:0.0004s ]
SQL: SELECT `id` FROM `market_project` WHERE `project_link` = 'www.chinaimigo.com' LIMIT 1   [ RunTime:0.0006s ]
SQL: SHOW COLUMNS FROM `market_company` [ RunTime:0.0007s ]
SQL: SELECT `id` FROM `market_company` WHERE `web_postfix` = 'yuancun' AND `status` = 0 AND `relevance_id` = 9 LIMIT 1   [ RunTime:0.0004s ]
NOTIC: [8] Undefined index: visitor /var/www/html/amigo/amigo/Template00003/Controller/CommonController.class.php 第 58 行.
SQL: SHOW COLUMNS FROM `market_system_news` [ RunTime:0.0006s ]
SQL: SELECT COUNT(*) AS tp_count FROM `market_system_news` WHERE `obj_id` = 808 AND `obj_type` = 1 AND `status` <> '-1' AND `is_read` = 0 LIMIT 1   [ RunTime:0.0004s ]
SQL: SHOW COLUMNS FROM `market_goods` [ RunTime:0.0006s ]
SQL: SHOW COLUMNS FROM `market_visitor_collect` [ RunTime:0.0005s ]
SQL: SHOW COLUMNS FROM `market_goods_classify` [ RunTime:0.0006s ]
SQL: SELECT `id`,`classify_name` FROM `market_goods_classify` WHERE `company_id` = 20 AND `status` NOT IN ('-1','1')  [ RunTime:0.0004s ]
SQL: SELECT * FROM `market_goods` WHERE `classify_id` = 155 AND `status` NOT IN ('-1','3')  [ RunTime:0.0025s ]
SQL: SHOW COLUMNS FROM `market_goods_sales_volume` [ RunTime:0.0006s ]
SQL: SELECT SUM(sales_total) AS tp_sum FROM `market_goods_sales_volume` WHERE `goods_id` = 1095 LIMIT 1   [ RunTime:0.0004s ]
SQL: SELECT SUM(sales_total) AS tp_sum FROM `market_goods_sales_volume` WHERE `goods_id` = 1122 LIMIT 1   [ RunTime:0.0004s ]
SQL: SELECT SUM(sales_total) AS tp_sum FROM `market_goods_sales_volume` WHERE `goods_id` = 1132 LIMIT 1   [ RunTime:0.0004s ]
SQL: SELECT SUM(sales_total) AS tp_sum FROM `market_goods_sales_volume` WHERE `goods_id` = 1133 LIMIT 1   [ RunTime:0.0003s ]
SQL: SELECT SUM(sales_total) AS tp_sum FROM `market_goods_sales_volume` WHERE `goods_id` = 1134 LIMIT 1   [ RunTime:0.0003s ]
SQL: SELECT SUM(sales_total) AS tp_sum FROM `market_goods_sales_volume` WHERE `goods_id` = 1135 LIMIT 1   [ RunTime:0.0003s ]
SQL: SELECT SUM(sales_total) AS tp_sum FROM `market_goods_sales_volume` WHERE `goods_id` = 1142 LIMIT 1   [ RunTime:0.0003s ]
SQL: SELECT SUM(sales_total) AS tp_sum FROM `market_goods_sales_volume` WHERE `goods_id` = 1143 LIMIT 1   [ RunTime:0.0003s ]
SQL: SELECT SUM(sales_total) AS tp_sum FROM `market_goods_sales_volume` WHERE `goods_id` = 1144 LIMIT 1   [ RunTime:0.0004s ]
SQL: SELECT SUM(sales_total) AS tp_sum FROM `market_goods_sales_volume` WHERE `goods_id` = 1152 LIMIT 1   [ RunTime:0.0003s ]
SQL: SELECT SUM(sales_total) AS tp_sum FROM `market_goods_sales_volume` WHERE `goods_id` = 1153 LIMIT 1   [ RunTime:0.0004s ]
SQL: SHOW COLUMNS FROM `market_shopping_cart` [ RunTime:0.0005s ]
SQL: SELECT COUNT(*) AS tp_count FROM `market_shopping_cart` WHERE `visitor_id` = 808 LIMIT 1   [ RunTime:0.0004s ]
INFO: [ view_parse ] --START--
INFO: [ template_filter ] --START--
INFO: Run Behavior\ContentReplaceBehavior [ RunTime:0.000086s ]
INFO: [ template_filter ] --END-- [ RunTime:0.000144s ]
INFO: Run Behavior\ParseTemplateBehavior [ RunTime:0.010303s ]
INFO: [ view_parse ] --END-- [ RunTime:0.010344s ]
INFO: [ view_filter ] --START--
INFO: Run Behavior\WriteHtmlCacheBehavior [ RunTime:0.000132s ]
INFO: Run Behavior\TokenBuildBehavior [ RunTime:0.000169s ]
INFO: [ view_filter ] --END-- [ RunTime:0.000344s ]
INFO: [ app_end ] --START--
INFO: Run Behavior\ShowPageTraceBehavior [ RunTime:0.000793s ]
INFO: [ app_end ] --END-- [ RunTime:0.000903s ]

[ 2017-12-07T23:46:39+08:00 ] 14.116.133.168 /Template00003/Goods/goodsDetail/id/1122/companyName/yuancun.html
INFO: [ app_init ] --START--
INFO: Run Behavior\BuildLiteBehavior [ RunTime:0.000014s ]
INFO: [ app_init ] --END-- [ RunTime:0.000288s ]
INFO: [ app_begin ] --START--
INFO: Run Behavior\ReadHtmlCacheBehavior [ RunTime:0.000366s ]
INFO: [ app_begin ] --END-- [ RunTime:0.000406s ]
SQL: SHOW COLUMNS FROM `market_project` [ RunTime:0.0007s ]
SQL: SELECT `id`,`template_id`,`category_id`,`sx_data_base` FROM `market_project` WHERE `project_link` = 'www.chinaimigo.com' AND `status` = 0 LIMIT 1   [ RunTime:0.0004s ]
SQL: SHOW COLUMNS FROM `market_template_change` [ RunTime:0.0005s ]
SQL: SELECT `template_path` FROM `market_template_change` WHERE `id` = 2 LIMIT 1   [ RunTime:0.0003s ]
SQL: SHOW COLUMNS FROM `market_write_info` [ RunTime:0.0006s ]
SQL: SELECT `market_name`,`principal`,`phone`,`project_logo`,`email`,`address_id`,`address_info`,`abstruct`,`app_id`,`app_secret`,`mch_id`,`mch_sectet` FROM `market_write_info` WHERE `relevance_id` = 9 LIMIT 1   [ RunTime:0.0004s ]
SQL: SELECT `id` FROM `market_project` WHERE `project_link` = 'www.chinaimigo.com' LIMIT 1   [ RunTime:0.0003s ]
SQL: SHOW COLUMNS FROM `market_company` [ RunTime:0.0007s ]
SQL: SELECT `id` FROM `market_company` WHERE `web_postfix` = 'yuancun' AND `status` = 0 AND `relevance_id` = 9 LIMIT 1   [ RunTime:0.0004s ]
NOTIC: [8] Undefined index: visitor /var/www/html/amigo/amigo/Template00003/Controller/CommonController.class.php 第 58 行.
SQL: SHOW COLUMNS FROM `market_system_news` [ RunTime:0.0005s ]
SQL: SELECT COUNT(*) AS tp_count FROM `market_system_news` WHERE `obj_id` = 808 AND `obj_type` = 1 AND `status` <> '-1' AND `is_read` = 0 LIMIT 1   [ RunTime:0.0004s ]
SQL: SHOW COLUMNS FROM `market_goods` [ RunTime:0.0006s ]
SQL: SHOW COLUMNS FROM `market_visitor_collect` [ RunTime:0.0005s ]
SQL: SELECT `id`,`classify_id`,`goods_name`,`goods_title`,`goods_logo`,`promotion_price`,`is_promotion`,`price`,`discount`,`sales_start_time`,`sales_end_time`,`is_discount`,`express_price`,`goods_picture` FROM `market_goods` WHERE `status` NOT IN ('-1','3') AND `company_id` = 20 AND `id` = 1122 LIMIT 1   [ RunTime:0.0005s ]
SQL: SELECT `goods_collect` FROM `market_visitor_collect` WHERE `visitor_id` = 808 LIMIT 1   [ RunTime:0.0003s ]
NOTIC: [2] in_array() expects parameter 2 to be array, null given /var/www/html/amigo/amigo/Template00002/Model/GoodsModel.class.php 第 75 行.
SQL: SELECT `id`,`goods_name`,`goods_logo`,`price` FROM `market_goods` WHERE `classify_id` = 155 AND `id` <> '1122' AND `status` NOT IN ('-1','3') ORDER BY addtime desc LIMIT 4   [ RunTime:0.0005s ]
SQL: SHOW COLUMNS FROM `market_goods_sales_volume` [ RunTime:0.0005s ]
SQL: SELECT SUM(sales_total) AS tp_sum FROM `market_goods_sales_volume` WHERE `goods_id` = 1122 LIMIT 1   [ RunTime:0.0003s ]
SQL: SELECT SUM(sales_total) AS tp_sum FROM `market_goods_sales_volume` WHERE `goods_id` = 1132 LIMIT 1   [ RunTime:0.0003s ]
SQL: SELECT SUM(sales_total) AS tp_sum FROM `market_goods_sales_volume` WHERE `goods_id` = 1153 LIMIT 1   [ RunTime:0.0003s ]
SQL: SELECT SUM(sales_total) AS tp_sum FROM `market_goods_sales_volume` WHERE `goods_id` = 1152 LIMIT 1   [ RunTime:0.0003s ]
SQL: SELECT SUM(sales_total) AS tp_sum FROM `market_goods_sales_volume` WHERE `goods_id` = 1095 LIMIT 1   [ RunTime:0.0003s ]
SQL: SHOW COLUMNS FROM `market_goods_statistics` [ RunTime:0.0005s ]
SQL: SELECT * FROM `market_goods_statistics` WHERE `relevance_id` = 1122 AND `date` = 1512576000 LIMIT 1   [ RunTime:0.0004s ]
SQL: INSERT INTO `market_goods_statistics` (`relevance_id`,`date`) VALUES ('1122','1512576000') [ RunTime:0.0004s ]
SQL: SHOW COLUMNS FROM `market_visitor_track` [ RunTime:0.0005s ]
SQL: SELECT `id_aggregate` FROM `market_visitor_track` WHERE `visitor_id` = 808 AND `visit_date` = 1512576000 LIMIT 1   [ RunTime:0.0004s ]
SQL: UPDATE `market_visitor_track` SET `id_aggregate`='[{\"id\":1122,\"type\":1},{\"id\":1154,\"type\":1}]' WHERE `visitor_id` = 808 AND `visit_date` = 1512576000 [ RunTime:0.0004s ]
SQL: SELECT `company_collect` FROM `market_visitor_collect` WHERE `visitor_id` = 808 LIMIT 1   [ RunTime:0.0003s ]
INFO: [ view_parse ] --START--
INFO: [ template_filter ] --START--
INFO: Run Behavior\ContentReplaceBehavior [ RunTime:0.000086s ]
INFO: [ template_filter ] --END-- [ RunTime:0.000131s ]
NOTIC: [8] Undefined variable: cartTotal /var/www/html/amigo/amigo/Runtime/Cache/Template00003/d03ff279f358fc676aae86fefc22a686.php 第 153 行.
INFO: Run Behavior\ParseTemplateBehavior [ RunTime:0.009643s ]
INFO: [ view_parse ] --END-- [ RunTime:0.009677s ]
INFO: [ view_filter ] --START--
INFO: Run Behavior\WriteHtmlCacheBehavior [ RunTime:0.000112s ]
INFO: Run Behavior\TokenBuildBehavior [ RunTime:0.000180s ]
INFO: [ view_filter ] --END-- [ RunTime:0.000339s ]
INFO: [ app_end ] --START--
INFO: Run Behavior\ShowPageTraceBehavior [ RunTime:0.000506s ]
INFO: [ app_end ] --END-- [ RunTime:0.000579s ]

[ 2017-12-07T23:46:50+08:00 ] 14.116.133.168 /Template00003/Goods/ajaxControl.html?flag=getAttr&id=1122&companyName=yuancun
INFO: [ app_init ] --START--
INFO: Run Behavior\BuildLiteBehavior [ RunTime:0.000012s ]
INFO: [ app_init ] --END-- [ RunTime:0.000224s ]
INFO: [ app_begin ] --START--
INFO: Run Behavior\ReadHtmlCacheBehavior [ RunTime:0.000307s ]
INFO: [ app_begin ] --END-- [ RunTime:0.000337s ]
SQL: SHOW COLUMNS FROM `market_project` [ RunTime:0.0007s ]
SQL: SELECT `id`,`template_id`,`category_id`,`sx_data_base` FROM `market_project` WHERE `project_link` = 'www.chinaimigo.com' AND `status` = 0 LIMIT 1   [ RunTime:0.0004s ]
SQL: SHOW COLUMNS FROM `market_template_change` [ RunTime:0.0005s ]
SQL: SELECT `template_path` FROM `market_template_change` WHERE `id` = 2 LIMIT 1   [ RunTime:0.0003s ]
SQL: SHOW COLUMNS FROM `market_write_info` [ RunTime:0.0006s ]
SQL: SELECT `market_name`,`principal`,`phone`,`project_logo`,`email`,`address_id`,`address_info`,`abstruct`,`app_id`,`app_secret`,`mch_id`,`mch_sectet` FROM `market_write_info` WHERE `relevance_id` = 9 LIMIT 1   [ RunTime:0.0004s ]
SQL: SELECT `id` FROM `market_project` WHERE `project_link` = 'www.chinaimigo.com' LIMIT 1   [ RunTime:0.0004s ]
SQL: SHOW COLUMNS FROM `market_company` [ RunTime:0.0007s ]
SQL: SELECT `id` FROM `market_company` WHERE `web_postfix` = 'yuancun' AND `status` = 0 AND `relevance_id` = 9 LIMIT 1   [ RunTime:0.0004s ]
NOTIC: [8] Undefined index: visitor /var/www/html/amigo/amigo/Template00003/Controller/CommonController.class.php 第 58 行.
SQL: SHOW COLUMNS FROM `market_system_news` [ RunTime:0.0006s ]
SQL: SELECT COUNT(*) AS tp_count FROM `market_system_news` WHERE `obj_id` = 808 AND `obj_type` = 1 AND `status` <> '-1' AND `is_read` = 0 LIMIT 1   [ RunTime:0.0005s ]
SQL: SHOW COLUMNS FROM `market_goods` [ RunTime:0.0006s ]
SQL: SHOW COLUMNS FROM `market_visitor_collect` [ RunTime:0.0005s ]
SQL: SELECT `id`,`classify_id`,`goods_name`,`goods_logo`,`price`,`discount`,`sales_start_time`,`sales_end_time`,`is_discount` FROM `market_goods` WHERE `status` NOT IN ('-1','3') AND `company_id` = 20 AND `id` = 1122 LIMIT 1   [ RunTime:0.0004s ]
SQL: SHOW COLUMNS FROM `market_goods_attribute` [ RunTime:0.0005s ]
SQL: SELECT `id`,`attr_name`,`attr_val`,`attr_pic`,`inventory_total`,`attr_price` FROM `market_goods_attribute` WHERE `goods_id` = 1122  [ RunTime:0.0004s ]

[ 2017-12-07T23:46:59+08:00 ] 14.116.133.168 /Template00003/VisitorInfo/myCenter.html?companyName=yuancun
INFO: [ app_init ] --START--
INFO: Run Behavior\BuildLiteBehavior [ RunTime:0.000012s ]
INFO: [ app_init ] --END-- [ RunTime:0.000240s ]
INFO: [ app_begin ] --START--
INFO: Run Behavior\ReadHtmlCacheBehavior [ RunTime:0.000311s ]
INFO: [ app_begin ] --END-- [ RunTime:0.000343s ]
SQL: SHOW COLUMNS FROM `market_project` [ RunTime:0.0007s ]
SQL: SELECT `id`,`template_id`,`category_id`,`sx_data_base` FROM `market_project` WHERE `project_link` = 'www.chinaimigo.com' AND `status` = 0 LIMIT 1   [ RunTime:0.0004s ]
SQL: SHOW COLUMNS FROM `market_template_change` [ RunTime:0.0006s ]
SQL: SELECT `template_path` FROM `market_template_change` WHERE `id` = 2 LIMIT 1   [ RunTime:0.0003s ]
SQL: SHOW COLUMNS FROM `market_write_info` [ RunTime:0.0006s ]
SQL: SELECT `market_name`,`principal`,`phone`,`project_logo`,`email`,`address_id`,`address_info`,`abstruct`,`app_id`,`app_secret`,`mch_id`,`mch_sectet` FROM `market_write_info` WHERE `relevance_id` = 9 LIMIT 1   [ RunTime:0.0004s ]
SQL: SELECT `id` FROM `market_project` WHERE `project_link` = 'www.chinaimigo.com' LIMIT 1   [ RunTime:0.0003s ]
SQL: SHOW COLUMNS FROM `market_company` [ RunTime:0.0007s ]
SQL: SELECT `id` FROM `market_company` WHERE `web_postfix` = 'yuancun' AND `status` = 0 AND `relevance_id` = 9 LIMIT 1   [ RunTime:0.0003s ]
NOTIC: [8] Undefined index: visitor /var/www/html/amigo/amigo/Template00003/Controller/CommonController.class.php 第 58 行.
SQL: SHOW COLUMNS FROM `market_system_news` [ RunTime:0.0006s ]
SQL: SELECT COUNT(*) AS tp_count FROM `market_system_news` WHERE `obj_id` = 808 AND `obj_type` = 1 AND `status` <> '-1' AND `is_read` = 0 LIMIT 1   [ RunTime:0.0004s ]
SQL: SHOW COLUMNS FROM `market_order_form` [ RunTime:0.0007s ]
SQL: SHOW COLUMNS FROM `market_visitor_collect` [ RunTime:0.0005s ]
SQL: SELECT `goods_collect`,`company_collect` FROM `market_visitor_collect` WHERE `visitor_id` = 808 LIMIT 1   [ RunTime:0.0003s ]
SQL: SELECT COUNT(*) AS tp_count FROM `market_company` WHERE `id` IN ('20') AND `status` NOT IN ('-1',' 1') LIMIT 1   [ RunTime:0.0004s ]
SQL: SHOW COLUMNS FROM `market_shopping_cart` [ RunTime:0.0005s ]
SQL: SELECT COUNT(*) AS tp_count FROM `market_shopping_cart` INNER JOIN market_goods ON market_goods.status not in(-1,3) AND market_shopping_cart.visitor_id=808 AND market_goods.id=market_shopping_cart.goods_id  LIMIT 1   [ RunTime:0.0004s ]
SQL: SELECT COUNT(*) AS tp_count FROM `market_order_form` WHERE `status` = 0 AND `visitor_id` = 808 AND `create_time` > 1512488819 AND `is_send_out` = 0 LIMIT 1   [ RunTime:0.0005s ]
SQL: SELECT COUNT(*) AS tp_count FROM `market_order_form` WHERE `status` = 2 AND `visitor_id` = 808 AND `is_send_out` = 0 LIMIT 1   [ RunTime:0.0004s ]
SQL: SELECT COUNT(*) AS tp_count FROM `market_order_form` WHERE `status` = 2 AND `visitor_id` = 808 AND `is_send_out` = 1 LIMIT 1   [ RunTime:0.0003s ]
SQL: SELECT COUNT(*) AS tp_count FROM `market_order_form` WHERE `status` = 2 AND `visitor_id` = 808 AND `is_send_out` = 2 LIMIT 1   [ RunTime:0.0004s ]
SQL: SELECT COUNT(*) AS tp_count FROM `market_order_form` WHERE `status` = 5 AND `visitor_id` = 808 LIMIT 1   [ RunTime:0.0003s ]
SQL: SELECT COUNT(*) AS tp_count FROM `market_order_form` WHERE `status` IN ('6','7') AND `visitor_id` = 808 LIMIT 1   [ RunTime:0.0003s ]
SQL: SELECT `id` FROM `market_order_form` WHERE `status` IN ('6','7') AND `visitor_id` = 808  [ RunTime:0.0004s ]
NOTIC: [2] array_diff(): Argument #1 is not an array /var/www/html/amigo/amigo/Template00002/Model/OrderFormModel.class.php 第 115 行.
INFO: [ view_parse ] --START--
INFO: [ template_filter ] --START--
INFO: Run Behavior\ContentReplaceBehavior [ RunTime:0.000090s ]
INFO: [ template_filter ] --END-- [ RunTime:0.000150s ]
NOTIC: [8] Use of undefined constant head_portrait - assumed 'head_portrait' /var/www/html/amigo/amigo/Runtime/Cache/Template00003/f41d7cb2ab9278c403ea171fc0c2c72d.php 第 53 行.
INFO: Run Behavior\ParseTemplateBehavior [ RunTime:0.013743s ]
INFO: [ view_parse ] --END-- [ RunTime:0.013919s ]
INFO: [ view_filter ] --START--
INFO: Run Behavior\WriteHtmlCacheBehavior [ RunTime:0.000147s ]
INFO: Run Behavior\TokenBuildBehavior [ RunTime:0.000238s ]
INFO: [ view_filter ] --END-- [ RunTime:0.000455s ]
INFO: [ app_end ] --START--
INFO: Run Behavior\ShowPageTraceBehavior [ RunTime:0.000456s ]
INFO: [ app_end ] --END-- [ RunTime:0.000501s ]

[ 2017-12-07T23:47:24+08:00 ] 14.116.133.168 /Template00003/Goods/goodsList/companyName/yuancun/classify_id/154.html
INFO: [ app_init ] --START--
INFO: Run Behavior\BuildLiteBehavior [ RunTime:0.000013s ]
INFO: [ app_init ] --END-- [ RunTime:0.000262s ]
INFO: [ app_begin ] --START--
INFO: Run Behavior\ReadHtmlCacheBehavior [ RunTime:0.000406s ]
INFO: [ app_begin ] --END-- [ RunTime:0.000451s ]
SQL: SHOW COLUMNS FROM `market_project` [ RunTime:0.0007s ]
SQL: SELECT `id`,`template_id`,`category_id`,`sx_data_base` FROM `market_project` WHERE `project_link` = 'www.chinaimigo.com' AND `status` = 0 LIMIT 1   [ RunTime:0.0004s ]
SQL: SHOW COLUMNS FROM `market_template_change` [ RunTime:0.0005s ]
SQL: SELECT `template_path` FROM `market_template_change` WHERE `id` = 2 LIMIT 1   [ RunTime:0.0004s ]
SQL: SHOW COLUMNS FROM `market_write_info` [ RunTime:0.0006s ]
SQL: SELECT `market_name`,`principal`,`phone`,`project_logo`,`email`,`address_id`,`address_info`,`abstruct`,`app_id`,`app_secret`,`mch_id`,`mch_sectet` FROM `market_write_info` WHERE `relevance_id` = 9 LIMIT 1   [ RunTime:0.0005s ]
SQL: SELECT `id` FROM `market_project` WHERE `project_link` = 'www.chinaimigo.com' LIMIT 1   [ RunTime:0.0004s ]
SQL: SHOW COLUMNS FROM `market_company` [ RunTime:0.0007s ]
SQL: SELECT `id` FROM `market_company` WHERE `web_postfix` = 'yuancun' AND `status` = 0 AND `relevance_id` = 9 LIMIT 1   [ RunTime:0.0004s ]
NOTIC: [8] Undefined index: visitor /var/www/html/amigo/amigo/Template00003/Controller/CommonController.class.php 第 58 行.
SQL: SHOW COLUMNS FROM `market_system_news` [ RunTime:0.0006s ]
SQL: SELECT COUNT(*) AS tp_count FROM `market_system_news` WHERE `obj_id` = 808 AND `obj_type` = 1 AND `status` <> '-1' AND `is_read` = 0 LIMIT 1   [ RunTime:0.0004s ]
SQL: SHOW COLUMNS FROM `market_goods` [ RunTime:0.0007s ]
SQL: SHOW COLUMNS FROM `market_visitor_collect` [ RunTime:0.0005s ]
SQL: SHOW COLUMNS FROM `market_goods_classify` [ RunTime:0.0005s ]
SQL: SELECT `id`,`classify_name` FROM `market_goods_classify` WHERE `company_id` = 20 AND `status` NOT IN ('-1','1')  [ RunTime:0.0004s ]
SQL: SELECT * FROM `market_goods` WHERE `classify_id` = 154 AND `status` NOT IN ('-1','3')  [ RunTime:0.0024s ]
SQL: SHOW COLUMNS FROM `market_goods_sales_volume` [ RunTime:0.0006s ]
SQL: SELECT SUM(sales_total) AS tp_sum FROM `market_goods_sales_volume` WHERE `goods_id` = 994 LIMIT 1   [ RunTime:0.0004s ]
SQL: SELECT SUM(sales_total) AS tp_sum FROM `market_goods_sales_volume` WHERE `goods_id` = 995 LIMIT 1   [ RunTime:0.0003s ]
SQL: SELECT SUM(sales_total) AS tp_sum FROM `market_goods_sales_volume` WHERE `goods_id` = 996 LIMIT 1   [ RunTime:0.0004s ]
SQL: SELECT SUM(sales_total) AS tp_sum FROM `market_goods_sales_volume` WHERE `goods_id` = 1094 LIMIT 1   [ RunTime:0.0004s ]
SQL: SELECT SUM(sales_total) AS tp_sum FROM `market_goods_sales_volume` WHERE `goods_id` = 1096 LIMIT 1   [ RunTime:0.0005s ]
SQL: SELECT SUM(sales_total) AS tp_sum FROM `market_goods_sales_volume` WHERE `goods_id` = 1120 LIMIT 1   [ RunTime:0.0003s ]
SQL: SELECT SUM(sales_total) AS tp_sum FROM `market_goods_sales_volume` WHERE `goods_id` = 1124 LIMIT 1   [ RunTime:0.0003s ]
SQL: SELECT SUM(sales_total) AS tp_sum FROM `market_goods_sales_volume` WHERE `goods_id` = 1136 LIMIT 1   [ RunTime:0.0004s ]
SQL: SELECT SUM(sales_total) AS tp_sum FROM `market_goods_sales_volume` WHERE `goods_id` = 1141 LIMIT 1   [ RunTime:0.0004s ]
SQL: SELECT SUM(sales_total) AS tp_sum FROM `market_goods_sales_volume` WHERE `goods_id` = 1145 LIMIT 1   [ RunTime:0.0003s ]
SQL: SHOW COLUMNS FROM `market_shopping_cart` [ RunTime:0.0005s ]
SQL: SELECT COUNT(*) AS tp_count FROM `market_shopping_cart` WHERE `visitor_id` = 808 LIMIT 1   [ RunTime:0.0004s ]
INFO: [ view_parse ] --START--
INFO: [ template_filter ] --START--
INFO: Run Behavior\ContentReplaceBehavior [ RunTime:0.000068s ]
INFO: [ template_filter ] --END-- [ RunTime:0.000113s ]
INFO: Run Behavior\ParseTemplateBehavior [ RunTime:0.009946s ]
INFO: [ view_parse ] --END-- [ RunTime:0.009981s ]
INFO: [ view_filter ] --START--
INFO: Run Behavior\WriteHtmlCacheBehavior [ RunTime:0.000142s ]
INFO: Run Behavior\TokenBuildBehavior [ RunTime:0.000169s ]
INFO: [ view_filter ] --END-- [ RunTime:0.000352s ]
INFO: [ app_end ] --START--
INFO: Run Behavior\ShowPageTraceBehavior [ RunTime:0.000615s ]
INFO: [ app_end ] --END-- [ RunTime:0.000725s ]

[ 2017-12-07T23:47:25+08:00 ] 14.116.133.168 /index.php/Template00003/Goods/goodsList/companyName/yuancun/classify_id/155.html
INFO: [ app_init ] --START--
INFO: Run Behavior\BuildLiteBehavior [ RunTime:0.000012s ]
INFO: [ app_init ] --END-- [ RunTime:0.000217s ]
INFO: [ app_begin ] --START--
INFO: Run Behavior\ReadHtmlCacheBehavior [ RunTime:0.000267s ]
INFO: [ app_begin ] --END-- [ RunTime:0.000312s ]
SQL: SHOW COLUMNS FROM `market_project` [ RunTime:0.0007s ]
SQL: SELECT `id`,`template_id`,`category_id`,`sx_data_base` FROM `market_project` WHERE `project_link` = 'www.chinaimigo.com' AND `status` = 0 LIMIT 1   [ RunTime:0.0004s ]
SQL: SHOW COLUMNS FROM `market_template_change` [ RunTime:0.0005s ]
SQL: SELECT `template_path` FROM `market_template_change` WHERE `id` = 2 LIMIT 1   [ RunTime:0.0004s ]
SQL: SHOW COLUMNS FROM `market_write_info` [ RunTime:0.0007s ]
SQL: SELECT `market_name`,`principal`,`phone`,`project_logo`,`email`,`address_id`,`address_info`,`abstruct`,`app_id`,`app_secret`,`mch_id`,`mch_sectet` FROM `market_write_info` WHERE `relevance_id` = 9 LIMIT 1   [ RunTime:0.0004s ]
SQL: SELECT `id` FROM `market_project` WHERE `project_link` = 'www.chinaimigo.com' LIMIT 1   [ RunTime:0.0003s ]
SQL: SHOW COLUMNS FROM `market_company` [ RunTime:0.0012s ]
SQL: SELECT `id` FROM `market_company` WHERE `web_postfix` = 'yuancun' AND `status` = 0 AND `relevance_id` = 9 LIMIT 1   [ RunTime:0.0004s ]
NOTIC: [8] Undefined index: visitor /var/www/html/amigo/amigo/Template00003/Controller/CommonController.class.php 第 58 行.
SQL: SHOW COLUMNS FROM `market_system_news` [ RunTime:0.0005s ]
SQL: SELECT COUNT(*) AS tp_count FROM `market_system_news` WHERE `obj_id` = 808 AND `obj_type` = 1 AND `status` <> '-1' AND `is_read` = 0 LIMIT 1   [ RunTime:0.0004s ]
SQL: SHOW COLUMNS FROM `market_goods` [ RunTime:0.0006s ]
SQL: SHOW COLUMNS FROM `market_visitor_collect` [ RunTime:0.0005s ]
SQL: SHOW COLUMNS FROM `market_goods_classify` [ RunTime:0.0005s ]
SQL: SELECT `id`,`classify_name` FROM `market_goods_classify` WHERE `company_id` = 20 AND `status` NOT IN ('-1','1')  [ RunTime:0.0004s ]
SQL: SELECT * FROM `market_goods` WHERE `classify_id` = 155 AND `status` NOT IN ('-1','3')  [ RunTime:0.0019s ]
SQL: SHOW COLUMNS FROM `market_goods_sales_volume` [ RunTime:0.0005s ]
SQL: SELECT SUM(sales_total) AS tp_sum FROM `market_goods_sales_volume` WHERE `goods_id` = 1095 LIMIT 1   [ RunTime:0.0003s ]
SQL: SELECT SUM(sales_total) AS tp_sum FROM `market_goods_sales_volume` WHERE `goods_id` = 1122 LIMIT 1   [ RunTime:0.0004s ]
SQL: SELECT SUM(sales_total) AS tp_sum FROM `market_goods_sales_volume` WHERE `goods_id` = 1132 LIMIT 1   [ RunTime:0.0004s ]
SQL: SELECT SUM(sales_total) AS tp_sum FROM `market_goods_sales_volume` WHERE `goods_id` = 1133 LIMIT 1   [ RunTime:0.0003s ]
SQL: SELECT SUM(sales_total) AS tp_sum FROM `market_goods_sales_volume` WHERE `goods_id` = 1134 LIMIT 1   [ RunTime:0.0003s ]
SQL: SELECT SUM(sales_total) AS tp_sum FROM `market_goods_sales_volume` WHERE `goods_id` = 1135 LIMIT 1   [ RunTime:0.0003s ]
SQL: SELECT SUM(sales_total) AS tp_sum FROM `market_goods_sales_volume` WHERE `goods_id` = 1142 LIMIT 1   [ RunTime:0.0003s ]
SQL: SELECT SUM(sales_total) AS tp_sum FROM `market_goods_sales_volume` WHERE `goods_id` = 1143 LIMIT 1   [ RunTime:0.0003s ]
SQL: SELECT SUM(sales_total) AS tp_sum FROM `market_goods_sales_volume` WHERE `goods_id` = 1144 LIMIT 1   [ RunTime:0.0003s ]
SQL: SELECT SUM(sales_total) AS tp_sum FROM `market_goods_sales_volume` WHERE `goods_id` = 1152 LIMIT 1   [ RunTime:0.0003s ]
SQL: SELECT SUM(sales_total) AS tp_sum FROM `market_goods_sales_volume` WHERE `goods_id` = 1153 LIMIT 1   [ RunTime:0.0003s ]
SQL: SHOW COLUMNS FROM `market_shopping_cart` [ RunTime:0.0005s ]
SQL: SELECT COUNT(*) AS tp_count FROM `market_shopping_cart` WHERE `visitor_id` = 808 LIMIT 1   [ RunTime:0.0003s ]
INFO: [ view_parse ] --START--
INFO: [ template_filter ] --START--
INFO: Run Behavior\ContentReplaceBehavior [ RunTime:0.000089s ]
INFO: [ template_filter ] --END-- [ RunTime:0.000139s ]
INFO: Run Behavior\ParseTemplateBehavior [ RunTime:0.010288s ]
INFO: [ view_parse ] --END-- [ RunTime:0.010327s ]
INFO: [ view_filter ] --START--
INFO: Run Behavior\WriteHtmlCacheBehavior [ RunTime:0.000113s ]
INFO: Run Behavior\TokenBuildBehavior [ RunTime:0.000195s ]
INFO: [ view_filter ] --END-- [ RunTime:0.000359s ]
INFO: [ app_end ] --START--
INFO: Run Behavior\ShowPageTraceBehavior [ RunTime:0.000547s ]
INFO: [ app_end ] --END-- [ RunTime:0.000640s ]

[ 2017-12-07T23:48:56+08:00 ] 101.226.65.107 /Template00003/VisitorInfo/myCenter.html?companyName=yuancun
INFO: [ app_init ] --START--
INFO: Run Behavior\BuildLiteBehavior [ RunTime:0.000012s ]
INFO: [ app_init ] --END-- [ RunTime:0.000220s ]
INFO: [ app_begin ] --START--
INFO: Run Behavior\ReadHtmlCacheBehavior [ RunTime:0.000408s ]
INFO: [ app_begin ] --END-- [ RunTime:0.000449s ]
SQL: SHOW COLUMNS FROM `market_project` [ RunTime:0.0296s ]
SQL: SELECT `id`,`template_id`,`category_id`,`sx_data_base` FROM `market_project` WHERE `project_link` = 'www.chinaimigo.com' AND `status` = 0 LIMIT 1   [ RunTime:0.0333s ]
SQL: SHOW COLUMNS FROM `market_template_change` [ RunTime:0.0237s ]
SQL: SELECT `template_path` FROM `market_template_change` WHERE `id` = 2 LIMIT 1   [ RunTime:0.0193s ]
SQL: SHOW COLUMNS FROM `market_write_info` [ RunTime:0.0161s ]
SQL: SELECT `market_name`,`principal`,`phone`,`project_logo`,`email`,`address_id`,`address_info`,`abstruct`,`app_id`,`app_secret`,`mch_id`,`mch_sectet` FROM `market_write_info` WHERE `relevance_id` = 9 LIMIT 1   [ RunTime:0.0187s ]
SQL: SELECT `id` FROM `market_project` WHERE `project_link` = 'www.chinaimigo.com' LIMIT 1   [ RunTime:0.0251s ]
SQL: SHOW COLUMNS FROM `market_company` [ RunTime:0.0218s ]
SQL: SELECT `id` FROM `market_company` WHERE `web_postfix` = 'yuancun' AND `status` = 0 AND `relevance_id` = 9 LIMIT 1   [ RunTime:0.0209s ]

