[ 2017-11-15T01:57:55+08:00 ] 112.90.82.236 /Template00002/Index/ajaxControl.html?companyName%3D003%26flag%3DindexButtonClickStatistics%26button%3D2
INFO: [ app_init ] --START--
INFO: Run Behavior\BuildLiteBehavior [ RunTime:0.000012s ]
INFO: [ app_init ] --END-- [ RunTime:0.000245s ]
INFO: [ app_begin ] --START--
INFO: Run Behavior\ReadHtmlCacheBehavior [ RunTime:0.000274s ]
INFO: [ app_begin ] --END-- [ RunTime:0.000306s ]
SQL: SHOW COLUMNS FROM `market_project` [ RunTime:0.0007s ]
SQL: SELECT `id`,`template_id`,`category_id` FROM `market_project` WHERE `project_link` = 'www.chinaimigo.com' AND `status` = 0 LIMIT 1   [ RunTime:0.0004s ]
SQL: SHOW COLUMNS FROM `market_template_change` [ RunTime:0.0006s ]
SQL: SELECT `template_path` FROM `market_template_change` WHERE `id` = 2 LIMIT 1   [ RunTime:0.0003s ]
SQL: SHOW COLUMNS FROM `market_write_info` [ RunTime:0.0006s ]
SQL: SELECT `market_name`,`principal`,`phone`,`project_logo`,`email`,`address_id`,`address_info`,`abstruct`,`app_id`,`app_secret`,`mch_id`,`mch_sectet` FROM `market_write_info` WHERE `relevance_id` = 9 LIMIT 1   [ RunTime:0.0004s ]
INFO: [ view_parse ] --START--
INFO: [ template_filter ] --START--
INFO: Run Behavior\ContentReplaceBehavior [ RunTime:0.000030s ]
INFO: [ template_filter ] --END-- [ RunTime:0.000069s ]
INFO: Run Behavior\ParseTemplateBehavior [ RunTime:0.003607s ]
INFO: [ view_parse ] --END-- [ RunTime:0.003656s ]
INFO: [ view_filter ] --START--
INFO: Run Behavior\WriteHtmlCacheBehavior [ RunTime:0.000095s ]
INFO: Run Behavior\TokenBuildBehavior [ RunTime:0.000150s ]
INFO: [ view_filter ] --END-- [ RunTime:0.000288s ]

[ 2017-11-15T05:17:38+08:00 ] 101.226.64.174 /Template00002/Index/ajaxControl.html?companyName%253D003%2526flag%253DindexButtonClickStatistics%2526button%253D2
INFO: [ app_init ] --START--
INFO: Run Behavior\BuildLiteBehavior [ RunTime:0.000011s ]
INFO: [ app_init ] --END-- [ RunTime:0.000237s ]
INFO: [ app_begin ] --START--
INFO: Run Behavior\ReadHtmlCacheBehavior [ RunTime:0.000338s ]
INFO: [ app_begin ] --END-- [ RunTime:0.000379s ]
SQL: SHOW COLUMNS FROM `market_project` [ RunTime:0.0007s ]
SQL: SELECT `id`,`template_id`,`category_id` FROM `market_project` WHERE `project_link` = 'www.chinaimigo.com' AND `status` = 0 LIMIT 1   [ RunTime:0.0004s ]
SQL: SHOW COLUMNS FROM `market_template_change` [ RunTime:0.0005s ]
SQL: SELECT `template_path` FROM `market_template_change` WHERE `id` = 2 LIMIT 1   [ RunTime:0.0003s ]
SQL: SHOW COLUMNS FROM `market_write_info` [ RunTime:0.0006s ]
SQL: SELECT `market_name`,`principal`,`phone`,`project_logo`,`email`,`address_id`,`address_info`,`abstruct`,`app_id`,`app_secret`,`mch_id`,`mch_sectet` FROM `market_write_info` WHERE `relevance_id` = 9 LIMIT 1   [ RunTime:0.0004s ]
INFO: [ view_parse ] --START--
INFO: [ template_filter ] --START--
INFO: Run Behavior\ContentReplaceBehavior [ RunTime:0.000030s ]
INFO: [ template_filter ] --END-- [ RunTime:0.000066s ]
INFO: Run Behavior\ParseTemplateBehavior [ RunTime:0.003318s ]
INFO: [ view_parse ] --END-- [ RunTime:0.003353s ]
INFO: [ view_filter ] --START--
INFO: Run Behavior\WriteHtmlCacheBehavior [ RunTime:0.000089s ]
INFO: Run Behavior\TokenBuildBehavior [ RunTime:0.000150s ]
INFO: [ view_filter ] --END-- [ RunTime:0.000277s ]

[ 2017-11-15T07:45:50+08:00 ] 14.17.3.65 /Template00002/Index/ajaxControl.html?companyName%25253D003%252526flag%25253DindexButtonClickStatistics%252526button%25253D2
INFO: [ app_init ] --START--
INFO: Run Behavior\BuildLiteBehavior [ RunTime:0.000011s ]
INFO: [ app_init ] --END-- [ RunTime:0.000225s ]
INFO: [ app_begin ] --START--
INFO: Run Behavior\ReadHtmlCacheBehavior [ RunTime:0.000275s ]
INFO: [ app_begin ] --END-- [ RunTime:0.000315s ]
SQL: SHOW COLUMNS FROM `market_project` [ RunTime:0.0008s ]
SQL: SELECT `id`,`template_id`,`category_id` FROM `market_project` WHERE `project_link` = 'www.chinaimigo.com' AND `status` = 0 LIMIT 1   [ RunTime:0.0004s ]
SQL: SHOW COLUMNS FROM `market_template_change` [ RunTime:0.0006s ]
SQL: SELECT `template_path` FROM `market_template_change` WHERE `id` = 2 LIMIT 1   [ RunTime:0.0003s ]
SQL: SHOW COLUMNS FROM `market_write_info` [ RunTime:0.0007s ]
SQL: SELECT `market_name`,`principal`,`phone`,`project_logo`,`email`,`address_id`,`address_info`,`abstruct`,`app_id`,`app_secret`,`mch_id`,`mch_sectet` FROM `market_write_info` WHERE `relevance_id` = 9 LIMIT 1   [ RunTime:0.0005s ]
INFO: [ view_parse ] --START--
INFO: [ template_filter ] --START--
INFO: Run Behavior\ContentReplaceBehavior [ RunTime:0.000032s ]
INFO: [ template_filter ] --END-- [ RunTime:0.000067s ]
INFO: Run Behavior\ParseTemplateBehavior [ RunTime:0.003551s ]
INFO: [ view_parse ] --END-- [ RunTime:0.003590s ]
INFO: [ view_filter ] --START--
INFO: Run Behavior\WriteHtmlCacheBehavior [ RunTime:0.000095s ]
INFO: Run Behavior\TokenBuildBehavior [ RunTime:0.000176s ]
INFO: [ view_filter ] --END-- [ RunTime:0.000310s ]

[ 2017-11-15T08:27:25+08:00 ] 183.36.112.205 /Template00002/Index/ajaxControl.html?companyName=rili&flag=indexButtonClickStatistics&button=2
INFO: [ app_init ] --START--
INFO: Run Behavior\BuildLiteBehavior [ RunTime:0.000011s ]
INFO: [ app_init ] --END-- [ RunTime:0.000210s ]
INFO: [ app_begin ] --START--
INFO: Run Behavior\ReadHtmlCacheBehavior [ RunTime:0.000275s ]
INFO: [ app_begin ] --END-- [ RunTime:0.000305s ]
SQL: SHOW COLUMNS FROM `market_project` [ RunTime:0.0007s ]
SQL: SELECT `id`,`template_id`,`category_id` FROM `market_project` WHERE `project_link` = 'www.chinaimigo.com' AND `status` = 0 LIMIT 1   [ RunTime:0.0004s ]
SQL: SHOW COLUMNS FROM `market_template_change` [ RunTime:0.0005s ]
SQL: SELECT `template_path` FROM `market_template_change` WHERE `id` = 2 LIMIT 1   [ RunTime:0.0003s ]
SQL: SHOW COLUMNS FROM `market_write_info` [ RunTime:0.0006s ]
SQL: SELECT `market_name`,`principal`,`phone`,`project_logo`,`email`,`address_id`,`address_info`,`abstruct`,`app_id`,`app_secret`,`mch_id`,`mch_sectet` FROM `market_write_info` WHERE `relevance_id` = 9 LIMIT 1   [ RunTime:0.0004s ]
SQL: SELECT `id` FROM `market_project` WHERE `project_link` = 'www.chinaimigo.com' LIMIT 1   [ RunTime:0.0004s ]
SQL: SHOW COLUMNS FROM `market_company` [ RunTime:0.0007s ]
SQL: SELECT `id` FROM `market_company` WHERE `web_postfix` = 'rili' AND `status` = 0 AND `relevance_id` = 9 LIMIT 1   [ RunTime:0.0004s ]
NOTIC: [8] Undefined index: visitor /var/www/html/amigo/amigo/Template00002/Controller/CommonController.class.php 第 56 行.
NOTIC: [8192] Non-static method Template00002\Model\CommonModel::saveStatis() should not be called statically, assuming $this from incompatible context /var/www/html/amigo/amigo/Template00002/Controller/CommonController.class.php 第 64 行.
SQL: SHOW COLUMNS FROM `market_company_statistics` [ RunTime:0.0005s ]
SQL: SELECT * FROM `market_company_statistics` WHERE `relevance_id` = 17 AND `date` = 1510675200 LIMIT 1   [ RunTime:0.0004s ]
SQL: UPDATE `market_company_statistics` SET `visit_total`=visit_total+1 WHERE `relevance_id` = 17 AND `date` = 1510675200 [ RunTime:0.0004s ]
SQL: SHOW COLUMNS FROM `market_system_news` [ RunTime:0.0005s ]
SQL: SELECT COUNT(*) AS tp_count FROM `market_system_news` WHERE `obj_id` = 744 AND `obj_type` = 1 AND `status` <> '-1' AND `is_read` = 0 LIMIT 1   [ RunTime:0.0004s ]
SQL: SHOW COLUMNS FROM `market_button_click_statistics` [ RunTime:0.0005s ]
SQL: SELECT * FROM `market_button_click_statistics` WHERE `company_id` = 17 AND `date` = 1510675200 AND `button_type` = 2 LIMIT 1   [ RunTime:0.0004s ]
SQL: INSERT INTO `market_button_click_statistics` (`company_id`,`date`,`button_type`) VALUES ('17','1510675200','2') [ RunTime:0.0004s ]

[ 2017-11-15T09:27:33+08:00 ] 183.36.112.205 /Template00002/Index/ajaxControl.html?companyName=yumigou&flag=indexButtonClickStatistics&button=2
INFO: [ app_init ] --START--
INFO: Run Behavior\BuildLiteBehavior [ RunTime:0.000011s ]
INFO: [ app_init ] --END-- [ RunTime:0.000286s ]
INFO: [ app_begin ] --START--
INFO: Run Behavior\ReadHtmlCacheBehavior [ RunTime:0.000287s ]
INFO: [ app_begin ] --END-- [ RunTime:0.000318s ]
SQL: SHOW COLUMNS FROM `market_project` [ RunTime:0.0007s ]
SQL: SELECT `id`,`template_id`,`category_id` FROM `market_project` WHERE `project_link` = 'www.chinaimigo.com' AND `status` = 0 LIMIT 1   [ RunTime:0.0004s ]
SQL: SHOW COLUMNS FROM `market_template_change` [ RunTime:0.0005s ]
SQL: SELECT `template_path` FROM `market_template_change` WHERE `id` = 2 LIMIT 1   [ RunTime:0.0003s ]
SQL: SHOW COLUMNS FROM `market_write_info` [ RunTime:0.0005s ]
SQL: SELECT `market_name`,`principal`,`phone`,`project_logo`,`email`,`address_id`,`address_info`,`abstruct`,`app_id`,`app_secret`,`mch_id`,`mch_sectet` FROM `market_write_info` WHERE `relevance_id` = 9 LIMIT 1   [ RunTime:0.0004s ]
SQL: SELECT `id` FROM `market_project` WHERE `project_link` = 'www.chinaimigo.com' LIMIT 1   [ RunTime:0.0003s ]
SQL: SHOW COLUMNS FROM `market_company` [ RunTime:0.0007s ]
SQL: SELECT `id` FROM `market_company` WHERE `web_postfix` = 'yumigou' AND `status` = 0 AND `relevance_id` = 9 LIMIT 1   [ RunTime:0.0004s ]
NOTIC: [8] Undefined index: visitor /var/www/html/amigo/amigo/Template00002/Controller/CommonController.class.php 第 56 行.
NOTIC: [8192] Non-static method Template00002\Model\CommonModel::saveStatis() should not be called statically, assuming $this from incompatible context /var/www/html/amigo/amigo/Template00002/Controller/CommonController.class.php 第 64 行.
SQL: SHOW COLUMNS FROM `market_company_statistics` [ RunTime:0.0005s ]
SQL: SELECT * FROM `market_company_statistics` WHERE `relevance_id` = 18 AND `date` = 1510675200 LIMIT 1   [ RunTime:0.0004s ]
SQL: UPDATE `market_company_statistics` SET `visit_total`=visit_total+1 WHERE `relevance_id` = 18 AND `date` = 1510675200 [ RunTime:0.0004s ]
SQL: SHOW COLUMNS FROM `market_system_news` [ RunTime:0.0005s ]
SQL: SELECT COUNT(*) AS tp_count FROM `market_system_news` WHERE `obj_id` = 744 AND `obj_type` = 1 AND `status` <> '-1' AND `is_read` = 0 LIMIT 1   [ RunTime:0.0004s ]
SQL: SHOW COLUMNS FROM `market_button_click_statistics` [ RunTime:0.0005s ]
SQL: SELECT * FROM `market_button_click_statistics` WHERE `company_id` = 18 AND `date` = 1510675200 AND `button_type` = 2 LIMIT 1   [ RunTime:0.0004s ]
SQL: INSERT INTO `market_button_click_statistics` (`company_id`,`date`,`button_type`) VALUES ('18','1510675200','2') [ RunTime:0.0004s ]

[ 2017-11-15T09:34:03+08:00 ] 183.36.112.205 /Template00002/Index/ajaxControl.html?companyName=yumigou&flag=indexButtonClickStatistics&button=5
INFO: [ app_init ] --START--
INFO: Run Behavior\BuildLiteBehavior [ RunTime:0.000013s ]
INFO: [ app_init ] --END-- [ RunTime:0.000259s ]
INFO: [ app_begin ] --START--
INFO: Run Behavior\ReadHtmlCacheBehavior [ RunTime:0.000259s ]
INFO: [ app_begin ] --END-- [ RunTime:0.000288s ]
SQL: SHOW COLUMNS FROM `market_project` [ RunTime:0.0008s ]
SQL: SELECT `id`,`template_id`,`category_id` FROM `market_project` WHERE `project_link` = 'www.chinaimigo.com' AND `status` = 0 LIMIT 1   [ RunTime:0.0004s ]
SQL: SHOW COLUMNS FROM `market_template_change` [ RunTime:0.0005s ]
SQL: SELECT `template_path` FROM `market_template_change` WHERE `id` = 2 LIMIT 1   [ RunTime:0.0010s ]
SQL: SHOW COLUMNS FROM `market_write_info` [ RunTime:0.0005s ]
SQL: SELECT `market_name`,`principal`,`phone`,`project_logo`,`email`,`address_id`,`address_info`,`abstruct`,`app_id`,`app_secret`,`mch_id`,`mch_sectet` FROM `market_write_info` WHERE `relevance_id` = 9 LIMIT 1   [ RunTime:0.0004s ]
SQL: SELECT `id` FROM `market_project` WHERE `project_link` = 'www.chinaimigo.com' LIMIT 1   [ RunTime:0.0003s ]
SQL: SHOW COLUMNS FROM `market_company` [ RunTime:0.0006s ]
SQL: SELECT `id` FROM `market_company` WHERE `web_postfix` = 'yumigou' AND `status` = 0 AND `relevance_id` = 9 LIMIT 1   [ RunTime:0.0003s ]
NOTIC: [8] Undefined index: visitor /var/www/html/amigo/amigo/Template00002/Controller/CommonController.class.php 第 56 行.
NOTIC: [8192] Non-static method Template00002\Model\CommonModel::saveStatis() should not be called statically, assuming $this from incompatible context /var/www/html/amigo/amigo/Template00002/Controller/CommonController.class.php 第 64 行.
SQL: SHOW COLUMNS FROM `market_system_news` [ RunTime:0.0005s ]
SQL: SELECT COUNT(*) AS tp_count FROM `market_system_news` WHERE `obj_id` = 744 AND `obj_type` = 1 AND `status` <> '-1' AND `is_read` = 0 LIMIT 1   [ RunTime:0.0004s ]
SQL: SHOW COLUMNS FROM `market_button_click_statistics` [ RunTime:0.0005s ]
SQL: SELECT * FROM `market_button_click_statistics` WHERE `company_id` = 18 AND `date` = 1510675200 AND `button_type` = 5 LIMIT 1   [ RunTime:0.0004s ]
SQL: INSERT INTO `market_button_click_statistics` (`company_id`,`date`,`button_type`) VALUES ('18','1510675200','5') [ RunTime:0.0004s ]

[ 2017-11-15T09:34:07+08:00 ] 183.36.112.205 /Template00002/Index/ajaxControl.html?companyName=003&flag=indexButtonClickStatistics&button=2
INFO: [ app_init ] --START--
INFO: Run Behavior\BuildLiteBehavior [ RunTime:0.000011s ]
INFO: [ app_init ] --END-- [ RunTime:0.000231s ]
INFO: [ app_begin ] --START--
INFO: Run Behavior\ReadHtmlCacheBehavior [ RunTime:0.000354s ]
INFO: [ app_begin ] --END-- [ RunTime:0.000401s ]
SQL: SHOW COLUMNS FROM `market_project` [ RunTime:0.0007s ]
SQL: SELECT `id`,`template_id`,`category_id` FROM `market_project` WHERE `project_link` = 'www.chinaimigo.com' AND `status` = 0 LIMIT 1   [ RunTime:0.0004s ]
SQL: SHOW COLUMNS FROM `market_template_change` [ RunTime:0.0005s ]
SQL: SELECT `template_path` FROM `market_template_change` WHERE `id` = 2 LIMIT 1   [ RunTime:0.0003s ]
SQL: SHOW COLUMNS FROM `market_write_info` [ RunTime:0.0005s ]
SQL: SELECT `market_name`,`principal`,`phone`,`project_logo`,`email`,`address_id`,`address_info`,`abstruct`,`app_id`,`app_secret`,`mch_id`,`mch_sectet` FROM `market_write_info` WHERE `relevance_id` = 9 LIMIT 1   [ RunTime:0.0004s ]
SQL: SELECT `id` FROM `market_project` WHERE `project_link` = 'www.chinaimigo.com' LIMIT 1   [ RunTime:0.0005s ]
SQL: SHOW COLUMNS FROM `market_company` [ RunTime:0.0007s ]
SQL: SELECT `id` FROM `market_company` WHERE `web_postfix` = '003' AND `status` = 0 AND `relevance_id` = 9 LIMIT 1   [ RunTime:0.0004s ]
NOTIC: [8] Undefined index: visitor /var/www/html/amigo/amigo/Template00002/Controller/CommonController.class.php 第 56 行.
NOTIC: [8192] Non-static method Template00002\Model\CommonModel::saveStatis() should not be called statically, assuming $this from incompatible context /var/www/html/amigo/amigo/Template00002/Controller/CommonController.class.php 第 64 行.
SQL: SHOW COLUMNS FROM `market_system_news` [ RunTime:0.0005s ]
SQL: SELECT COUNT(*) AS tp_count FROM `market_system_news` WHERE `obj_id` = 744 AND `obj_type` = 1 AND `status` <> '-1' AND `is_read` = 0 LIMIT 1   [ RunTime:0.0004s ]
SQL: SHOW COLUMNS FROM `market_button_click_statistics` [ RunTime:0.0005s ]
SQL: SELECT * FROM `market_button_click_statistics` WHERE `company_id` = 12 AND `date` = 1510675200 AND `button_type` = 2 LIMIT 1   [ RunTime:0.0004s ]
SQL: INSERT INTO `market_button_click_statistics` (`company_id`,`date`,`button_type`) VALUES ('12','1510675200','2') [ RunTime:0.0004s ]

[ 2017-11-15T09:35:04+08:00 ] 183.36.112.205 /Template00002/Index/ajaxControl.html?companyName=003&flag=indexButtonClickStatistics&button=5
INFO: [ app_init ] --START--
INFO: Run Behavior\BuildLiteBehavior [ RunTime:0.000011s ]
INFO: [ app_init ] --END-- [ RunTime:0.000211s ]
INFO: [ app_begin ] --START--
INFO: Run Behavior\ReadHtmlCacheBehavior [ RunTime:0.000326s ]
INFO: [ app_begin ] --END-- [ RunTime:0.000356s ]
SQL: SHOW COLUMNS FROM `market_project` [ RunTime:0.0007s ]
SQL: SELECT `id`,`template_id`,`category_id` FROM `market_project` WHERE `project_link` = 'www.chinaimigo.com' AND `status` = 0 LIMIT 1   [ RunTime:0.0004s ]
SQL: SHOW COLUMNS FROM `market_template_change` [ RunTime:0.0005s ]
SQL: SELECT `template_path` FROM `market_template_change` WHERE `id` = 2 LIMIT 1   [ RunTime:0.0004s ]
SQL: SHOW COLUMNS FROM `market_write_info` [ RunTime:0.0006s ]
SQL: SELECT `market_name`,`principal`,`phone`,`project_logo`,`email`,`address_id`,`address_info`,`abstruct`,`app_id`,`app_secret`,`mch_id`,`mch_sectet` FROM `market_write_info` WHERE `relevance_id` = 9 LIMIT 1   [ RunTime:0.0007s ]
SQL: SELECT `id` FROM `market_project` WHERE `project_link` = 'www.chinaimigo.com' LIMIT 1   [ RunTime:0.0003s ]
SQL: SHOW COLUMNS FROM `market_company` [ RunTime:0.0007s ]
SQL: SELECT `id` FROM `market_company` WHERE `web_postfix` = '003' AND `status` = 0 AND `relevance_id` = 9 LIMIT 1   [ RunTime:0.0004s ]
NOTIC: [8] Undefined index: visitor /var/www/html/amigo/amigo/Template00002/Controller/CommonController.class.php 第 56 行.
NOTIC: [8192] Non-static method Template00002\Model\CommonModel::saveStatis() should not be called statically, assuming $this from incompatible context /var/www/html/amigo/amigo/Template00002/Controller/CommonController.class.php 第 64 行.
SQL: SHOW COLUMNS FROM `market_system_news` [ RunTime:0.0007s ]
SQL: SELECT COUNT(*) AS tp_count FROM `market_system_news` WHERE `obj_id` = 744 AND `obj_type` = 1 AND `status` <> '-1' AND `is_read` = 0 LIMIT 1   [ RunTime:0.0004s ]
SQL: SHOW COLUMNS FROM `market_button_click_statistics` [ RunTime:0.0005s ]
SQL: SELECT * FROM `market_button_click_statistics` WHERE `company_id` = 12 AND `date` = 1510675200 AND `button_type` = 5 LIMIT 1   [ RunTime:0.0004s ]
SQL: INSERT INTO `market_button_click_statistics` (`company_id`,`date`,`button_type`) VALUES ('12','1510675200','5') [ RunTime:0.0004s ]

[ 2017-11-15T09:35:06+08:00 ] 183.36.112.205 /Template00002/Index/ajaxControl.html?companyName=003&flag=indexButtonClickStatistics&button=1
INFO: [ app_init ] --START--
INFO: Run Behavior\BuildLiteBehavior [ RunTime:0.000014s ]
INFO: [ app_init ] --END-- [ RunTime:0.000335s ]
INFO: [ app_begin ] --START--
INFO: Run Behavior\ReadHtmlCacheBehavior [ RunTime:0.000318s ]
INFO: [ app_begin ] --END-- [ RunTime:0.000370s ]
SQL: SHOW COLUMNS FROM `market_project` [ RunTime:0.0007s ]
SQL: SELECT `id`,`template_id`,`category_id` FROM `market_project` WHERE `project_link` = 'www.chinaimigo.com' AND `status` = 0 LIMIT 1   [ RunTime:0.0004s ]
SQL: SHOW COLUMNS FROM `market_template_change` [ RunTime:0.0005s ]
SQL: SELECT `template_path` FROM `market_template_change` WHERE `id` = 2 LIMIT 1   [ RunTime:0.0003s ]
SQL: SHOW COLUMNS FROM `market_write_info` [ RunTime:0.0005s ]
SQL: SELECT `market_name`,`principal`,`phone`,`project_logo`,`email`,`address_id`,`address_info`,`abstruct`,`app_id`,`app_secret`,`mch_id`,`mch_sectet` FROM `market_write_info` WHERE `relevance_id` = 9 LIMIT 1   [ RunTime:0.0004s ]
SQL: SELECT `id` FROM `market_project` WHERE `project_link` = 'www.chinaimigo.com' LIMIT 1   [ RunTime:0.0003s ]
SQL: SHOW COLUMNS FROM `market_company` [ RunTime:0.0007s ]
SQL: SELECT `id` FROM `market_company` WHERE `web_postfix` = '003' AND `status` = 0 AND `relevance_id` = 9 LIMIT 1   [ RunTime:0.0004s ]
NOTIC: [8] Undefined index: visitor /var/www/html/amigo/amigo/Template00002/Controller/CommonController.class.php 第 56 行.
NOTIC: [8192] Non-static method Template00002\Model\CommonModel::saveStatis() should not be called statically, assuming $this from incompatible context /var/www/html/amigo/amigo/Template00002/Controller/CommonController.class.php 第 64 行.
SQL: SHOW COLUMNS FROM `market_system_news` [ RunTime:0.0006s ]
SQL: SELECT COUNT(*) AS tp_count FROM `market_system_news` WHERE `obj_id` = 744 AND `obj_type` = 1 AND `status` <> '-1' AND `is_read` = 0 LIMIT 1   [ RunTime:0.0005s ]
SQL: SHOW COLUMNS FROM `market_button_click_statistics` [ RunTime:0.0005s ]
SQL: SELECT * FROM `market_button_click_statistics` WHERE `company_id` = 12 AND `date` = 1510675200 AND `button_type` = 1 LIMIT 1   [ RunTime:0.0003s ]
SQL: INSERT INTO `market_button_click_statistics` (`company_id`,`date`,`button_type`) VALUES ('12','1510675200','1') [ RunTime:0.0004s ]

[ 2017-11-15T09:36:13+08:00 ] 183.36.112.205 /Template00002/Index/ajaxControl.html?companyName=003&flag=indexButtonClickStatistics&button=2
INFO: [ app_init ] --START--
INFO: Run Behavior\BuildLiteBehavior [ RunTime:0.000011s ]
INFO: [ app_init ] --END-- [ RunTime:0.000207s ]
INFO: [ app_begin ] --START--
INFO: Run Behavior\ReadHtmlCacheBehavior [ RunTime:0.000299s ]
INFO: [ app_begin ] --END-- [ RunTime:0.000329s ]
SQL: SHOW COLUMNS FROM `market_project` [ RunTime:0.0007s ]
SQL: SELECT `id`,`template_id`,`category_id` FROM `market_project` WHERE `project_link` = 'www.chinaimigo.com' AND `status` = 0 LIMIT 1   [ RunTime:0.0004s ]
SQL: SHOW COLUMNS FROM `market_template_change` [ RunTime:0.0005s ]
SQL: SELECT `template_path` FROM `market_template_change` WHERE `id` = 2 LIMIT 1   [ RunTime:0.0003s ]
SQL: SHOW COLUMNS FROM `market_write_info` [ RunTime:0.0013s ]
SQL: SELECT `market_name`,`principal`,`phone`,`project_logo`,`email`,`address_id`,`address_info`,`abstruct`,`app_id`,`app_secret`,`mch_id`,`mch_sectet` FROM `market_write_info` WHERE `relevance_id` = 9 LIMIT 1   [ RunTime:0.0004s ]
SQL: SELECT `id` FROM `market_project` WHERE `project_link` = 'www.chinaimigo.com' LIMIT 1   [ RunTime:0.0003s ]
SQL: SHOW COLUMNS FROM `market_company` [ RunTime:0.0007s ]
SQL: SELECT `id` FROM `market_company` WHERE `web_postfix` = '003' AND `status` = 0 AND `relevance_id` = 9 LIMIT 1   [ RunTime:0.0004s ]
NOTIC: [8] Undefined index: visitor /var/www/html/amigo/amigo/Template00002/Controller/CommonController.class.php 第 56 行.
NOTIC: [8192] Non-static method Template00002\Model\CommonModel::saveStatis() should not be called statically, assuming $this from incompatible context /var/www/html/amigo/amigo/Template00002/Controller/CommonController.class.php 第 64 行.
SQL: SHOW COLUMNS FROM `market_system_news` [ RunTime:0.0005s ]
SQL: SELECT COUNT(*) AS tp_count FROM `market_system_news` WHERE `obj_id` = 744 AND `obj_type` = 1 AND `status` <> '-1' AND `is_read` = 0 LIMIT 1   [ RunTime:0.0005s ]
SQL: SHOW COLUMNS FROM `market_button_click_statistics` [ RunTime:0.0005s ]
SQL: SELECT * FROM `market_button_click_statistics` WHERE `company_id` = 12 AND `date` = 1510675200 AND `button_type` = 2 LIMIT 1   [ RunTime:0.0004s ]
SQL: UPDATE `market_button_click_statistics` SET `click_total`=click_total+1 WHERE `company_id` = 12 AND `date` = 1510675200 AND `button_type` = 2 [ RunTime:0.0005s ]

[ 2017-11-15T09:42:19+08:00 ] 183.36.112.205 /Template00002/Index/ajaxControl.html?companyName=003&flag=indexButtonClickStatistics&button=2
INFO: [ app_init ] --START--
INFO: Run Behavior\BuildLiteBehavior [ RunTime:0.000011s ]
INFO: [ app_init ] --END-- [ RunTime:0.000220s ]
INFO: [ app_begin ] --START--
INFO: Run Behavior\ReadHtmlCacheBehavior [ RunTime:0.000261s ]
INFO: [ app_begin ] --END-- [ RunTime:0.000290s ]
SQL: SHOW COLUMNS FROM `market_project` [ RunTime:0.0007s ]
SQL: SELECT `id`,`template_id`,`category_id` FROM `market_project` WHERE `project_link` = 'www.chinaimigo.com' AND `status` = 0 LIMIT 1   [ RunTime:0.0004s ]
SQL: SHOW COLUMNS FROM `market_template_change` [ RunTime:0.0005s ]
SQL: SELECT `template_path` FROM `market_template_change` WHERE `id` = 2 LIMIT 1   [ RunTime:0.0003s ]
SQL: SHOW COLUMNS FROM `market_write_info` [ RunTime:0.0010s ]
SQL: SELECT `market_name`,`principal`,`phone`,`project_logo`,`email`,`address_id`,`address_info`,`abstruct`,`app_id`,`app_secret`,`mch_id`,`mch_sectet` FROM `market_write_info` WHERE `relevance_id` = 9 LIMIT 1   [ RunTime:0.0004s ]
SQL: SELECT `id` FROM `market_project` WHERE `project_link` = 'www.chinaimigo.com' LIMIT 1   [ RunTime:0.0003s ]
SQL: SHOW COLUMNS FROM `market_company` [ RunTime:0.0006s ]
SQL: SELECT `id` FROM `market_company` WHERE `web_postfix` = '003' AND `status` = 0 AND `relevance_id` = 9 LIMIT 1   [ RunTime:0.0003s ]
NOTIC: [8] Undefined index: visitor /var/www/html/amigo/amigo/Template00002/Controller/CommonController.class.php 第 56 行.
NOTIC: [8192] Non-static method Template00002\Model\CommonModel::saveStatis() should not be called statically, assuming $this from incompatible context /var/www/html/amigo/amigo/Template00002/Controller/CommonController.class.php 第 64 行.
SQL: SHOW COLUMNS FROM `market_system_news` [ RunTime:0.0005s ]
SQL: SELECT COUNT(*) AS tp_count FROM `market_system_news` WHERE `obj_id` = 744 AND `obj_type` = 1 AND `status` <> '-1' AND `is_read` = 0 LIMIT 1   [ RunTime:0.0004s ]
SQL: SHOW COLUMNS FROM `market_button_click_statistics` [ RunTime:0.0005s ]
SQL: SELECT * FROM `market_button_click_statistics` WHERE `company_id` = 12 AND `date` = 1510675200 AND `button_type` = 2 LIMIT 1   [ RunTime:0.0004s ]
SQL: UPDATE `market_button_click_statistics` SET `click_total`=click_total+1 WHERE `company_id` = 12 AND `date` = 1510675200 AND `button_type` = 2 [ RunTime:0.0005s ]

[ 2017-11-15T09:56:54+08:00 ] 183.36.112.205 /Template00002/Index/ajaxControl.html?companyName=yumigou&flag=indexButtonClickStatistics&button=2
INFO: [ app_init ] --START--
INFO: Run Behavior\BuildLiteBehavior [ RunTime:0.000011s ]
INFO: [ app_init ] --END-- [ RunTime:0.000212s ]
INFO: [ app_begin ] --START--
INFO: Run Behavior\ReadHtmlCacheBehavior [ RunTime:0.000277s ]
INFO: [ app_begin ] --END-- [ RunTime:0.000307s ]
SQL: SHOW COLUMNS FROM `market_project` [ RunTime:0.0007s ]
SQL: SELECT `id`,`template_id`,`category_id` FROM `market_project` WHERE `project_link` = 'www.chinaimigo.com' AND `status` = 0 LIMIT 1   [ RunTime:0.0004s ]
SQL: SHOW COLUMNS FROM `market_template_change` [ RunTime:0.0006s ]
SQL: SELECT `template_path` FROM `market_template_change` WHERE `id` = 2 LIMIT 1   [ RunTime:0.0003s ]
SQL: SHOW COLUMNS FROM `market_write_info` [ RunTime:0.0005s ]
SQL: SELECT `market_name`,`principal`,`phone`,`project_logo`,`email`,`address_id`,`address_info`,`abstruct`,`app_id`,`app_secret`,`mch_id`,`mch_sectet` FROM `market_write_info` WHERE `relevance_id` = 9 LIMIT 1   [ RunTime:0.0004s ]
SQL: SELECT `id` FROM `market_project` WHERE `project_link` = 'www.chinaimigo.com' LIMIT 1   [ RunTime:0.0003s ]
SQL: SHOW COLUMNS FROM `market_company` [ RunTime:0.0006s ]
SQL: SELECT `id` FROM `market_company` WHERE `web_postfix` = 'yumigou' AND `status` = 0 AND `relevance_id` = 9 LIMIT 1   [ RunTime:0.0004s ]
NOTIC: [8] Undefined index: visitor /var/www/html/amigo/amigo/Template00002/Controller/CommonController.class.php 第 56 行.
NOTIC: [8192] Non-static method Template00002\Model\CommonModel::saveStatis() should not be called statically, assuming $this from incompatible context /var/www/html/amigo/amigo/Template00002/Controller/CommonController.class.php 第 64 行.
SQL: SHOW COLUMNS FROM `market_system_news` [ RunTime:0.0005s ]
SQL: SELECT COUNT(*) AS tp_count FROM `market_system_news` WHERE `obj_id` = 744 AND `obj_type` = 1 AND `status` <> '-1' AND `is_read` = 0 LIMIT 1   [ RunTime:0.0004s ]
SQL: SHOW COLUMNS FROM `market_button_click_statistics` [ RunTime:0.0005s ]
SQL: SELECT * FROM `market_button_click_statistics` WHERE `company_id` = 18 AND `date` = 1510675200 AND `button_type` = 2 LIMIT 1   [ RunTime:0.0004s ]
SQL: UPDATE `market_button_click_statistics` SET `click_total`=click_total+1 WHERE `company_id` = 18 AND `date` = 1510675200 AND `button_type` = 2 [ RunTime:0.0005s ]

[ 2017-11-15T09:56:56+08:00 ] 183.36.112.205 /Template00002/Index/ajaxControl.html?companyName=yumigou&flag=indexButtonClickStatistics&button=2
INFO: [ app_init ] --START--
INFO: Run Behavior\BuildLiteBehavior [ RunTime:0.000015s ]
INFO: [ app_init ] --END-- [ RunTime:0.000306s ]
INFO: [ app_begin ] --START--
INFO: Run Behavior\ReadHtmlCacheBehavior [ RunTime:0.000335s ]
INFO: [ app_begin ] --END-- [ RunTime:0.000376s ]
SQL: SHOW COLUMNS FROM `market_project` [ RunTime:0.0007s ]
SQL: SELECT `id`,`template_id`,`category_id` FROM `market_project` WHERE `project_link` = 'www.chinaimigo.com' AND `status` = 0 LIMIT 1   [ RunTime:0.0004s ]
SQL: SHOW COLUMNS FROM `market_template_change` [ RunTime:0.0005s ]
SQL: SELECT `template_path` FROM `market_template_change` WHERE `id` = 2 LIMIT 1   [ RunTime:0.0003s ]
SQL: SHOW COLUMNS FROM `market_write_info` [ RunTime:0.0005s ]
SQL: SELECT `market_name`,`principal`,`phone`,`project_logo`,`email`,`address_id`,`address_info`,`abstruct`,`app_id`,`app_secret`,`mch_id`,`mch_sectet` FROM `market_write_info` WHERE `relevance_id` = 9 LIMIT 1   [ RunTime:0.0003s ]
SQL: SELECT `id` FROM `market_project` WHERE `project_link` = 'www.chinaimigo.com' LIMIT 1   [ RunTime:0.0003s ]
SQL: SHOW COLUMNS FROM `market_company` [ RunTime:0.0006s ]
SQL: SELECT `id` FROM `market_company` WHERE `web_postfix` = 'yumigou' AND `status` = 0 AND `relevance_id` = 9 LIMIT 1   [ RunTime:0.0003s ]
NOTIC: [8] Undefined index: visitor /var/www/html/amigo/amigo/Template00002/Controller/CommonController.class.php 第 56 行.
NOTIC: [8192] Non-static method Template00002\Model\CommonModel::saveStatis() should not be called statically, assuming $this from incompatible context /var/www/html/amigo/amigo/Template00002/Controller/CommonController.class.php 第 64 行.
SQL: SHOW COLUMNS FROM `market_system_news` [ RunTime:0.0005s ]
SQL: SELECT COUNT(*) AS tp_count FROM `market_system_news` WHERE `obj_id` = 744 AND `obj_type` = 1 AND `status` <> '-1' AND `is_read` = 0 LIMIT 1   [ RunTime:0.0004s ]
SQL: SHOW COLUMNS FROM `market_button_click_statistics` [ RunTime:0.0005s ]
SQL: SELECT * FROM `market_button_click_statistics` WHERE `company_id` = 18 AND `date` = 1510675200 AND `button_type` = 2 LIMIT 1   [ RunTime:0.0004s ]
SQL: UPDATE `market_button_click_statistics` SET `click_total`=click_total+1 WHERE `company_id` = 18 AND `date` = 1510675200 AND `button_type` = 2 [ RunTime:0.0004s ]

[ 2017-11-15T10:09:49+08:00 ] 183.36.112.205 /Template00002/Index/ajaxControl.html?companyName=003&flag=indexButtonClickStatistics&button=2
INFO: [ app_init ] --START--
INFO: Run Behavior\BuildLiteBehavior [ RunTime:0.000010s ]
INFO: [ app_init ] --END-- [ RunTime:0.000201s ]
INFO: [ app_begin ] --START--
INFO: Run Behavior\ReadHtmlCacheBehavior [ RunTime:0.000277s ]
INFO: [ app_begin ] --END-- [ RunTime:0.000306s ]
SQL: SHOW COLUMNS FROM `market_project` [ RunTime:0.0006s ]
SQL: SELECT `id`,`template_id`,`category_id` FROM `market_project` WHERE `project_link` = 'www.chinaimigo.com' AND `status` = 0 LIMIT 1   [ RunTime:0.0004s ]
SQL: SHOW COLUMNS FROM `market_template_change` [ RunTime:0.0005s ]
SQL: SELECT `template_path` FROM `market_template_change` WHERE `id` = 2 LIMIT 1   [ RunTime:0.0004s ]
SQL: SHOW COLUMNS FROM `market_write_info` [ RunTime:0.0006s ]
SQL: SELECT `market_name`,`principal`,`phone`,`project_logo`,`email`,`address_id`,`address_info`,`abstruct`,`app_id`,`app_secret`,`mch_id`,`mch_sectet` FROM `market_write_info` WHERE `relevance_id` = 9 LIMIT 1   [ RunTime:0.0004s ]
SQL: SELECT `id` FROM `market_project` WHERE `project_link` = 'www.chinaimigo.com' LIMIT 1   [ RunTime:0.0003s ]
SQL: SHOW COLUMNS FROM `market_company` [ RunTime:0.0007s ]
SQL: SELECT `id` FROM `market_company` WHERE `web_postfix` = '003' AND `status` = 0 AND `relevance_id` = 9 LIMIT 1   [ RunTime:0.0004s ]
NOTIC: [8] Undefined index: visitor /var/www/html/amigo/amigo/Template00002/Controller/CommonController.class.php 第 56 行.
NOTIC: [8192] Non-static method Template00002\Model\CommonModel::saveStatis() should not be called statically, assuming $this from incompatible context /var/www/html/amigo/amigo/Template00002/Controller/CommonController.class.php 第 64 行.
SQL: SHOW COLUMNS FROM `market_system_news` [ RunTime:0.0005s ]
SQL: SELECT COUNT(*) AS tp_count FROM `market_system_news` WHERE `obj_id` = 744 AND `obj_type` = 1 AND `status` <> '-1' AND `is_read` = 0 LIMIT 1   [ RunTime:0.0005s ]
SQL: SHOW COLUMNS FROM `market_button_click_statistics` [ RunTime:0.0005s ]
SQL: SELECT * FROM `market_button_click_statistics` WHERE `company_id` = 12 AND `date` = 1510675200 AND `button_type` = 2 LIMIT 1   [ RunTime:0.0004s ]
SQL: UPDATE `market_button_click_statistics` SET `click_total`=click_total+1 WHERE `company_id` = 12 AND `date` = 1510675200 AND `button_type` = 2 [ RunTime:0.0005s ]

[ 2017-11-15T12:24:27+08:00 ] 183.36.112.205 /Template00002/Index/ajaxControl.html?companyName=004&flag=indexButtonClickStatistics&button=2
INFO: [ app_init ] --START--
INFO: Run Behavior\BuildLiteBehavior [ RunTime:0.000010s ]
INFO: [ app_init ] --END-- [ RunTime:0.000234s ]
INFO: [ app_begin ] --START--
INFO: Run Behavior\ReadHtmlCacheBehavior [ RunTime:0.000277s ]
INFO: [ app_begin ] --END-- [ RunTime:0.000306s ]
SQL: SHOW COLUMNS FROM `market_project` [ RunTime:0.0006s ]
SQL: SELECT `id`,`template_id`,`category_id` FROM `market_project` WHERE `project_link` = 'www.chinaimigo.com' AND `status` = 0 LIMIT 1   [ RunTime:0.0003s ]
SQL: SHOW COLUMNS FROM `market_template_change` [ RunTime:0.0005s ]
SQL: SELECT `template_path` FROM `market_template_change` WHERE `id` = 2 LIMIT 1   [ RunTime:0.0003s ]
SQL: SHOW COLUMNS FROM `market_write_info` [ RunTime:0.0005s ]
SQL: SELECT `market_name`,`principal`,`phone`,`project_logo`,`email`,`address_id`,`address_info`,`abstruct`,`app_id`,`app_secret`,`mch_id`,`mch_sectet` FROM `market_write_info` WHERE `relevance_id` = 9 LIMIT 1   [ RunTime:0.0004s ]
SQL: SELECT `id` FROM `market_project` WHERE `project_link` = 'www.chinaimigo.com' LIMIT 1   [ RunTime:0.0003s ]
SQL: SHOW COLUMNS FROM `market_company` [ RunTime:0.0007s ]
SQL: SELECT `id` FROM `market_company` WHERE `web_postfix` = '004' AND `status` = 0 AND `relevance_id` = 9 LIMIT 1   [ RunTime:0.0003s ]
NOTIC: [8] Undefined index: visitor /var/www/html/amigo/amigo/Template00002/Controller/CommonController.class.php 第 56 行.
NOTIC: [8192] Non-static method Template00002\Model\CommonModel::saveStatis() should not be called statically, assuming $this from incompatible context /var/www/html/amigo/amigo/Template00002/Controller/CommonController.class.php 第 64 行.
SQL: SHOW COLUMNS FROM `market_company_statistics` [ RunTime:0.0005s ]
SQL: SELECT * FROM `market_company_statistics` WHERE `relevance_id` = 13 AND `date` = 1510675200 LIMIT 1   [ RunTime:0.0004s ]
SQL: UPDATE `market_company_statistics` SET `visit_total`=visit_total+1 WHERE `relevance_id` = 13 AND `date` = 1510675200 [ RunTime:0.0004s ]
SQL: SHOW COLUMNS FROM `market_system_news` [ RunTime:0.0005s ]
SQL: SELECT COUNT(*) AS tp_count FROM `market_system_news` WHERE `obj_id` = 744 AND `obj_type` = 1 AND `status` <> '-1' AND `is_read` = 0 LIMIT 1   [ RunTime:0.0004s ]
SQL: SHOW COLUMNS FROM `market_button_click_statistics` [ RunTime:0.0005s ]
SQL: SELECT * FROM `market_button_click_statistics` WHERE `company_id` = 13 AND `date` = 1510675200 AND `button_type` = 2 LIMIT 1   [ RunTime:0.0004s ]
SQL: INSERT INTO `market_button_click_statistics` (`company_id`,`date`,`button_type`) VALUES ('13','1510675200','2') [ RunTime:0.0004s ]

[ 2017-11-15T15:48:35+08:00 ] 183.36.112.205 /Template00002/Index/ajaxControl.html?companyName=001&flag=indexButtonClickStatistics&button=2
INFO: [ app_init ] --START--
INFO: Run Behavior\BuildLiteBehavior [ RunTime:0.000010s ]
INFO: [ app_init ] --END-- [ RunTime:0.000234s ]
INFO: [ app_begin ] --START--
INFO: Run Behavior\ReadHtmlCacheBehavior [ RunTime:0.000283s ]
INFO: [ app_begin ] --END-- [ RunTime:0.000313s ]
SQL: SHOW COLUMNS FROM `market_project` [ RunTime:0.0006s ]
SQL: SELECT `id`,`template_id`,`category_id` FROM `market_project` WHERE `project_link` = 'www.chinaimigo.com' AND `status` = 0 LIMIT 1   [ RunTime:0.0004s ]
SQL: SHOW COLUMNS FROM `market_template_change` [ RunTime:0.0005s ]
SQL: SELECT `template_path` FROM `market_template_change` WHERE `id` = 2 LIMIT 1   [ RunTime:0.0003s ]
SQL: SHOW COLUMNS FROM `market_write_info` [ RunTime:0.0005s ]
SQL: SELECT `market_name`,`principal`,`phone`,`project_logo`,`email`,`address_id`,`address_info`,`abstruct`,`app_id`,`app_secret`,`mch_id`,`mch_sectet` FROM `market_write_info` WHERE `relevance_id` = 9 LIMIT 1   [ RunTime:0.0004s ]
SQL: SELECT `id` FROM `market_project` WHERE `project_link` = 'www.chinaimigo.com' LIMIT 1   [ RunTime:0.0003s ]
SQL: SHOW COLUMNS FROM `market_company` [ RunTime:0.0007s ]
SQL: SELECT `id` FROM `market_company` WHERE `web_postfix` = '001' AND `status` = 0 AND `relevance_id` = 9 LIMIT 1   [ RunTime:0.0004s ]
NOTIC: [8] Undefined index: visitor /var/www/html/amigo/amigo/Template00002/Controller/CommonController.class.php 第 56 行.
NOTIC: [8192] Non-static method Template00002\Model\CommonModel::saveStatis() should not be called statically, assuming $this from incompatible context /var/www/html/amigo/amigo/Template00002/Controller/CommonController.class.php 第 64 行.
SQL: SHOW COLUMNS FROM `market_company_statistics` [ RunTime:0.0006s ]
SQL: SELECT * FROM `market_company_statistics` WHERE `relevance_id` = 10 AND `date` = 1510675200 LIMIT 1   [ RunTime:0.0004s ]
SQL: UPDATE `market_company_statistics` SET `visit_total`=visit_total+1 WHERE `relevance_id` = 10 AND `date` = 1510675200 [ RunTime:0.0005s ]
SQL: SHOW COLUMNS FROM `market_system_news` [ RunTime:0.0005s ]
SQL: SELECT COUNT(*) AS tp_count FROM `market_system_news` WHERE `obj_id` = 744 AND `obj_type` = 1 AND `status` <> '-1' AND `is_read` = 0 LIMIT 1   [ RunTime:0.0004s ]
SQL: SHOW COLUMNS FROM `market_button_click_statistics` [ RunTime:0.0005s ]
SQL: SELECT * FROM `market_button_click_statistics` WHERE `company_id` = 10 AND `date` = 1510675200 AND `button_type` = 2 LIMIT 1   [ RunTime:0.0004s ]
SQL: INSERT INTO `market_button_click_statistics` (`company_id`,`date`,`button_type`) VALUES ('10','1510675200','2') [ RunTime:0.0004s ]

[ 2017-11-15T16:09:54+08:00 ] 183.36.112.205 /Template00002/Index/ajaxControl.html?companyName=yumigou&flag=indexButtonClickStatistics&button=2
INFO: [ app_init ] --START--
INFO: Run Behavior\BuildLiteBehavior [ RunTime:0.000012s ]
INFO: [ app_init ] --END-- [ RunTime:0.000274s ]
INFO: [ app_begin ] --START--
INFO: Run Behavior\ReadHtmlCacheBehavior [ RunTime:0.000283s ]
INFO: [ app_begin ] --END-- [ RunTime:0.000313s ]
SQL: SHOW COLUMNS FROM `market_project` [ RunTime:0.0007s ]
SQL: SELECT `id`,`template_id`,`category_id` FROM `market_project` WHERE `project_link` = 'www.chinaimigo.com' AND `status` = 0 LIMIT 1   [ RunTime:0.0004s ]
SQL: SHOW COLUMNS FROM `market_template_change` [ RunTime:0.0005s ]
SQL: SELECT `template_path` FROM `market_template_change` WHERE `id` = 2 LIMIT 1   [ RunTime:0.0003s ]
SQL: SHOW COLUMNS FROM `market_write_info` [ RunTime:0.0006s ]
SQL: SELECT `market_name`,`principal`,`phone`,`project_logo`,`email`,`address_id`,`address_info`,`abstruct`,`app_id`,`app_secret`,`mch_id`,`mch_sectet` FROM `market_write_info` WHERE `relevance_id` = 9 LIMIT 1   [ RunTime:0.0004s ]
SQL: SELECT `id` FROM `market_project` WHERE `project_link` = 'www.chinaimigo.com' LIMIT 1   [ RunTime:0.0003s ]
SQL: SHOW COLUMNS FROM `market_company` [ RunTime:0.0007s ]
SQL: SELECT `id` FROM `market_company` WHERE `web_postfix` = 'yumigou' AND `status` = 0 AND `relevance_id` = 9 LIMIT 1   [ RunTime:0.0003s ]
NOTIC: [8] Undefined index: visitor /var/www/html/amigo/amigo/Template00002/Controller/CommonController.class.php 第 56 行.
NOTIC: [8192] Non-static method Template00002\Model\CommonModel::saveStatis() should not be called statically, assuming $this from incompatible context /var/www/html/amigo/amigo/Template00002/Controller/CommonController.class.php 第 64 行.
SQL: SHOW COLUMNS FROM `market_system_news` [ RunTime:0.0005s ]
SQL: SELECT COUNT(*) AS tp_count FROM `market_system_news` WHERE `obj_id` = 744 AND `obj_type` = 1 AND `status` <> '-1' AND `is_read` = 0 LIMIT 1   [ RunTime:0.0005s ]
SQL: SHOW COLUMNS FROM `market_button_click_statistics` [ RunTime:0.0006s ]
SQL: SELECT * FROM `market_button_click_statistics` WHERE `company_id` = 18 AND `date` = 1510675200 AND `button_type` = 2 LIMIT 1   [ RunTime:0.0004s ]
SQL: UPDATE `market_button_click_statistics` SET `click_total`=click_total+1 WHERE `company_id` = 18 AND `date` = 1510675200 AND `button_type` = 2 [ RunTime:0.0004s ]

[ 2017-11-15T19:12:51+08:00 ] 163.177.90.152 /Template00002/Index/ajaxControl.html?companyName%3Dyumigou%26flag%3DindexButtonClickStatistics%26button%3D2
INFO: [ app_init ] --START--
INFO: Run Behavior\BuildLiteBehavior [ RunTime:0.000011s ]
INFO: [ app_init ] --END-- [ RunTime:0.000234s ]
INFO: [ app_begin ] --START--
INFO: Run Behavior\ReadHtmlCacheBehavior [ RunTime:0.000277s ]
INFO: [ app_begin ] --END-- [ RunTime:0.000311s ]
SQL: SHOW COLUMNS FROM `market_project` [ RunTime:0.0007s ]
SQL: SELECT `id`,`template_id`,`category_id` FROM `market_project` WHERE `project_link` = 'www.chinaimigo.com' AND `status` = 0 LIMIT 1   [ RunTime:0.0004s ]
SQL: SHOW COLUMNS FROM `market_template_change` [ RunTime:0.0005s ]
SQL: SELECT `template_path` FROM `market_template_change` WHERE `id` = 2 LIMIT 1   [ RunTime:0.0003s ]
SQL: SHOW COLUMNS FROM `market_write_info` [ RunTime:0.0005s ]
SQL: SELECT `market_name`,`principal`,`phone`,`project_logo`,`email`,`address_id`,`address_info`,`abstruct`,`app_id`,`app_secret`,`mch_id`,`mch_sectet` FROM `market_write_info` WHERE `relevance_id` = 9 LIMIT 1   [ RunTime:0.0004s ]
INFO: [ view_parse ] --START--
INFO: [ template_filter ] --START--
INFO: Run Behavior\ContentReplaceBehavior [ RunTime:0.000053s ]
INFO: [ template_filter ] --END-- [ RunTime:0.000130s ]
INFO: Run Behavior\ParseTemplateBehavior [ RunTime:0.004691s ]
INFO: [ view_parse ] --END-- [ RunTime:0.004731s ]
INFO: [ view_filter ] --START--
INFO: Run Behavior\WriteHtmlCacheBehavior [ RunTime:0.000095s ]
INFO: Run Behavior\TokenBuildBehavior [ RunTime:0.000189s ]
INFO: [ view_filter ] --END-- [ RunTime:0.000324s ]

[ 2017-11-15T21:41:57+08:00 ] 183.36.112.205 /Template00002/Index/ajaxControl.html?companyName=rili&flag=indexButtonClickStatistics&button=2
INFO: [ app_init ] --START--
INFO: Run Behavior\BuildLiteBehavior [ RunTime:0.000012s ]
INFO: [ app_init ] --END-- [ RunTime:0.000258s ]
INFO: [ app_begin ] --START--
INFO: Run Behavior\ReadHtmlCacheBehavior [ RunTime:0.000265s ]
INFO: [ app_begin ] --END-- [ RunTime:0.000294s ]
SQL: SHOW COLUMNS FROM `market_project` [ RunTime:0.0007s ]
SQL: SELECT `id`,`template_id`,`category_id` FROM `market_project` WHERE `project_link` = 'www.chinaimigo.com' AND `status` = 0 LIMIT 1   [ RunTime:0.0004s ]
SQL: SHOW COLUMNS FROM `market_template_change` [ RunTime:0.0005s ]
SQL: SELECT `template_path` FROM `market_template_change` WHERE `id` = 2 LIMIT 1   [ RunTime:0.0003s ]
SQL: SHOW COLUMNS FROM `market_write_info` [ RunTime:0.0005s ]
SQL: SELECT `market_name`,`principal`,`phone`,`project_logo`,`email`,`address_id`,`address_info`,`abstruct`,`app_id`,`app_secret`,`mch_id`,`mch_sectet` FROM `market_write_info` WHERE `relevance_id` = 9 LIMIT 1   [ RunTime:0.0004s ]
SQL: SELECT `id` FROM `market_project` WHERE `project_link` = 'www.chinaimigo.com' LIMIT 1   [ RunTime:0.0004s ]
SQL: SHOW COLUMNS FROM `market_company` [ RunTime:0.0007s ]
SQL: SELECT `id` FROM `market_company` WHERE `web_postfix` = 'rili' AND `status` = 0 AND `relevance_id` = 9 LIMIT 1   [ RunTime:0.0004s ]
NOTIC: [8] Undefined index: visitor /var/www/html/amigo/amigo/Template00002/Controller/CommonController.class.php 第 56 行.
NOTIC: [8192] Non-static method Template00002\Model\CommonModel::saveStatis() should not be called statically, assuming $this from incompatible context /var/www/html/amigo/amigo/Template00002/Controller/CommonController.class.php 第 64 行.
SQL: SHOW COLUMNS FROM `market_company_statistics` [ RunTime:0.0005s ]
SQL: SELECT * FROM `market_company_statistics` WHERE `relevance_id` = 17 AND `date` = 1510675200 LIMIT 1   [ RunTime:0.0004s ]
SQL: UPDATE `market_company_statistics` SET `visit_total`=visit_total+1 WHERE `relevance_id` = 17 AND `date` = 1510675200 [ RunTime:0.0004s ]
SQL: SHOW COLUMNS FROM `market_system_news` [ RunTime:0.0005s ]
SQL: SELECT COUNT(*) AS tp_count FROM `market_system_news` WHERE `obj_id` = 744 AND `obj_type` = 1 AND `status` <> '-1' AND `is_read` = 0 LIMIT 1   [ RunTime:0.0004s ]
SQL: SHOW COLUMNS FROM `market_button_click_statistics` [ RunTime:0.0005s ]
SQL: SELECT * FROM `market_button_click_statistics` WHERE `company_id` = 17 AND `date` = 1510675200 AND `button_type` = 2 LIMIT 1   [ RunTime:0.0004s ]
SQL: UPDATE `market_button_click_statistics` SET `click_total`=click_total+1 WHERE `company_id` = 17 AND `date` = 1510675200 AND `button_type` = 2 [ RunTime:0.0004s ]

[ 2017-11-15T21:42:07+08:00 ] 183.36.112.205 /Template00002/Index/ajaxControl.html?companyName=rili&flag=indexButtonClickStatistics&button=3
INFO: [ app_init ] --START--
INFO: Run Behavior\BuildLiteBehavior [ RunTime:0.000010s ]
INFO: [ app_init ] --END-- [ RunTime:0.000227s ]
INFO: [ app_begin ] --START--
INFO: Run Behavior\ReadHtmlCacheBehavior [ RunTime:0.000303s ]
INFO: [ app_begin ] --END-- [ RunTime:0.000337s ]
SQL: SHOW COLUMNS FROM `market_project` [ RunTime:0.0007s ]
SQL: SELECT `id`,`template_id`,`category_id` FROM `market_project` WHERE `project_link` = 'www.chinaimigo.com' AND `status` = 0 LIMIT 1   [ RunTime:0.0004s ]
SQL: SHOW COLUMNS FROM `market_template_change` [ RunTime:0.0006s ]
SQL: SELECT `template_path` FROM `market_template_change` WHERE `id` = 2 LIMIT 1   [ RunTime:0.0003s ]
SQL: SHOW COLUMNS FROM `market_write_info` [ RunTime:0.0006s ]
SQL: SELECT `market_name`,`principal`,`phone`,`project_logo`,`email`,`address_id`,`address_info`,`abstruct`,`app_id`,`app_secret`,`mch_id`,`mch_sectet` FROM `market_write_info` WHERE `relevance_id` = 9 LIMIT 1   [ RunTime:0.0004s ]
SQL: SELECT `id` FROM `market_project` WHERE `project_link` = 'www.chinaimigo.com' LIMIT 1   [ RunTime:0.0003s ]
SQL: SHOW COLUMNS FROM `market_company` [ RunTime:0.0007s ]
SQL: SELECT `id` FROM `market_company` WHERE `web_postfix` = 'rili' AND `status` = 0 AND `relevance_id` = 9 LIMIT 1   [ RunTime:0.0004s ]
NOTIC: [8] Undefined index: visitor /var/www/html/amigo/amigo/Template00002/Controller/CommonController.class.php 第 56 行.
NOTIC: [8192] Non-static method Template00002\Model\CommonModel::saveStatis() should not be called statically, assuming $this from incompatible context /var/www/html/amigo/amigo/Template00002/Controller/CommonController.class.php 第 64 行.
SQL: SHOW COLUMNS FROM `market_system_news` [ RunTime:0.0005s ]
SQL: SELECT COUNT(*) AS tp_count FROM `market_system_news` WHERE `obj_id` = 744 AND `obj_type` = 1 AND `status` <> '-1' AND `is_read` = 0 LIMIT 1   [ RunTime:0.0004s ]
SQL: SHOW COLUMNS FROM `market_button_click_statistics` [ RunTime:0.0005s ]
SQL: SELECT * FROM `market_button_click_statistics` WHERE `company_id` = 17 AND `date` = 1510675200 AND `button_type` = 3 LIMIT 1   [ RunTime:0.0004s ]
SQL: INSERT INTO `market_button_click_statistics` (`company_id`,`date`,`button_type`) VALUES ('17','1510675200','3') [ RunTime:0.0005s ]

[ 2017-11-15T21:42:08+08:00 ] 183.36.112.205 /Template00002/Index/ajaxControl.html?companyName=rili&flag=indexButtonClickStatistics&button=1
INFO: [ app_init ] --START--
INFO: Run Behavior\BuildLiteBehavior [ RunTime:0.000016s ]
INFO: [ app_init ] --END-- [ RunTime:0.000349s ]
INFO: [ app_begin ] --START--
INFO: Run Behavior\ReadHtmlCacheBehavior [ RunTime:0.000294s ]
INFO: [ app_begin ] --END-- [ RunTime:0.000331s ]
SQL: SHOW COLUMNS FROM `market_project` [ RunTime:0.0007s ]
SQL: SELECT `id`,`template_id`,`category_id` FROM `market_project` WHERE `project_link` = 'www.chinaimigo.com' AND `status` = 0 LIMIT 1   [ RunTime:0.0004s ]
SQL: SHOW COLUMNS FROM `market_template_change` [ RunTime:0.0005s ]
SQL: SELECT `template_path` FROM `market_template_change` WHERE `id` = 2 LIMIT 1   [ RunTime:0.0003s ]
SQL: SHOW COLUMNS FROM `market_write_info` [ RunTime:0.0006s ]
SQL: SELECT `market_name`,`principal`,`phone`,`project_logo`,`email`,`address_id`,`address_info`,`abstruct`,`app_id`,`app_secret`,`mch_id`,`mch_sectet` FROM `market_write_info` WHERE `relevance_id` = 9 LIMIT 1   [ RunTime:0.0004s ]
SQL: SELECT `id` FROM `market_project` WHERE `project_link` = 'www.chinaimigo.com' LIMIT 1   [ RunTime:0.0004s ]
SQL: SHOW COLUMNS FROM `market_company` [ RunTime:0.0008s ]
SQL: SELECT `id` FROM `market_company` WHERE `web_postfix` = 'rili' AND `status` = 0 AND `relevance_id` = 9 LIMIT 1   [ RunTime:0.0004s ]
NOTIC: [8] Undefined index: visitor /var/www/html/amigo/amigo/Template00002/Controller/CommonController.class.php 第 56 行.
NOTIC: [8192] Non-static method Template00002\Model\CommonModel::saveStatis() should not be called statically, assuming $this from incompatible context /var/www/html/amigo/amigo/Template00002/Controller/CommonController.class.php 第 64 行.
SQL: SHOW COLUMNS FROM `market_system_news` [ RunTime:0.0006s ]
SQL: SELECT COUNT(*) AS tp_count FROM `market_system_news` WHERE `obj_id` = 744 AND `obj_type` = 1 AND `status` <> '-1' AND `is_read` = 0 LIMIT 1   [ RunTime:0.0004s ]
SQL: SHOW COLUMNS FROM `market_button_click_statistics` [ RunTime:0.0005s ]
SQL: SELECT * FROM `market_button_click_statistics` WHERE `company_id` = 17 AND `date` = 1510675200 AND `button_type` = 1 LIMIT 1   [ RunTime:0.0005s ]
SQL: INSERT INTO `market_button_click_statistics` (`company_id`,`date`,`button_type`) VALUES ('17','1510675200','1') [ RunTime:0.0004s ]

[ 2017-11-15T21:42:19+08:00 ] 183.36.112.205 /Template00002/Index/ajaxControl.html?companyName=rili&flag=indexButtonClickStatistics&button=5
INFO: [ app_init ] --START--
INFO: Run Behavior\BuildLiteBehavior [ RunTime:0.000009s ]
INFO: [ app_init ] --END-- [ RunTime:0.000214s ]
INFO: [ app_begin ] --START--
INFO: Run Behavior\ReadHtmlCacheBehavior [ RunTime:0.000342s ]
INFO: [ app_begin ] --END-- [ RunTime:0.000375s ]
SQL: SHOW COLUMNS FROM `market_project` [ RunTime:0.0006s ]
SQL: SELECT `id`,`template_id`,`category_id` FROM `market_project` WHERE `project_link` = 'www.chinaimigo.com' AND `status` = 0 LIMIT 1   [ RunTime:0.0004s ]
SQL: SHOW COLUMNS FROM `market_template_change` [ RunTime:0.0005s ]
SQL: SELECT `template_path` FROM `market_template_change` WHERE `id` = 2 LIMIT 1   [ RunTime:0.0003s ]
SQL: SHOW COLUMNS FROM `market_write_info` [ RunTime:0.0007s ]
SQL: SELECT `market_name`,`principal`,`phone`,`project_logo`,`email`,`address_id`,`address_info`,`abstruct`,`app_id`,`app_secret`,`mch_id`,`mch_sectet` FROM `market_write_info` WHERE `relevance_id` = 9 LIMIT 1   [ RunTime:0.0004s ]
SQL: SELECT `id` FROM `market_project` WHERE `project_link` = 'www.chinaimigo.com' LIMIT 1   [ RunTime:0.0004s ]
SQL: SHOW COLUMNS FROM `market_company` [ RunTime:0.0007s ]
SQL: SELECT `id` FROM `market_company` WHERE `web_postfix` = 'rili' AND `status` = 0 AND `relevance_id` = 9 LIMIT 1   [ RunTime:0.0004s ]
NOTIC: [8] Undefined index: visitor /var/www/html/amigo/amigo/Template00002/Controller/CommonController.class.php 第 56 行.
NOTIC: [8192] Non-static method Template00002\Model\CommonModel::saveStatis() should not be called statically, assuming $this from incompatible context /var/www/html/amigo/amigo/Template00002/Controller/CommonController.class.php 第 64 行.
SQL: SHOW COLUMNS FROM `market_system_news` [ RunTime:0.0006s ]
SQL: SELECT COUNT(*) AS tp_count FROM `market_system_news` WHERE `obj_id` = 744 AND `obj_type` = 1 AND `status` <> '-1' AND `is_read` = 0 LIMIT 1   [ RunTime:0.0004s ]
SQL: SHOW COLUMNS FROM `market_button_click_statistics` [ RunTime:0.0006s ]
SQL: SELECT * FROM `market_button_click_statistics` WHERE `company_id` = 17 AND `date` = 1510675200 AND `button_type` = 5 LIMIT 1   [ RunTime:0.0004s ]
SQL: INSERT INTO `market_button_click_statistics` (`company_id`,`date`,`button_type`) VALUES ('17','1510675200','5') [ RunTime:0.0004s ]

[ 2017-11-15T21:57:10+08:00 ] 183.36.112.205 /Template00002/Index/ajaxControl.html?companyName=yumigou&flag=indexButtonClickStatistics&button=2
INFO: [ app_init ] --START--
INFO: Run Behavior\BuildLiteBehavior [ RunTime:0.000017s ]
INFO: [ app_init ] --END-- [ RunTime:0.000291s ]
INFO: [ app_begin ] --START--
INFO: Run Behavior\ReadHtmlCacheBehavior [ RunTime:0.000952s ]
INFO: [ app_begin ] --END-- [ RunTime:0.000991s ]
SQL: SHOW COLUMNS FROM `market_project` [ RunTime:0.0007s ]
SQL: SELECT `id`,`template_id`,`category_id` FROM `market_project` WHERE `project_link` = 'www.chinaimigo.com' AND `status` = 0 LIMIT 1   [ RunTime:0.0004s ]
SQL: SHOW COLUMNS FROM `market_template_change` [ RunTime:0.0005s ]
SQL: SELECT `template_path` FROM `market_template_change` WHERE `id` = 2 LIMIT 1   [ RunTime:0.0004s ]
SQL: SHOW COLUMNS FROM `market_write_info` [ RunTime:0.0005s ]
SQL: SELECT `market_name`,`principal`,`phone`,`project_logo`,`email`,`address_id`,`address_info`,`abstruct`,`app_id`,`app_secret`,`mch_id`,`mch_sectet` FROM `market_write_info` WHERE `relevance_id` = 9 LIMIT 1   [ RunTime:0.0004s ]
SQL: SELECT `id` FROM `market_project` WHERE `project_link` = 'www.chinaimigo.com' LIMIT 1   [ RunTime:0.0004s ]
SQL: SHOW COLUMNS FROM `market_company` [ RunTime:0.0007s ]
SQL: SELECT `id` FROM `market_company` WHERE `web_postfix` = 'yumigou' AND `status` = 0 AND `relevance_id` = 9 LIMIT 1   [ RunTime:0.0004s ]
NOTIC: [8] Undefined index: visitor /var/www/html/amigo/amigo/Template00002/Controller/CommonController.class.php 第 56 行.
NOTIC: [8192] Non-static method Template00002\Model\CommonModel::saveStatis() should not be called statically, assuming $this from incompatible context /var/www/html/amigo/amigo/Template00002/Controller/CommonController.class.php 第 64 行.
SQL: SHOW COLUMNS FROM `market_company_statistics` [ RunTime:0.0006s ]
SQL: SELECT * FROM `market_company_statistics` WHERE `relevance_id` = 18 AND `date` = 1510675200 LIMIT 1   [ RunTime:0.0004s ]
SQL: UPDATE `market_company_statistics` SET `visit_total`=visit_total+1 WHERE `relevance_id` = 18 AND `date` = 1510675200 [ RunTime:0.0004s ]
SQL: SHOW COLUMNS FROM `market_system_news` [ RunTime:0.0005s ]
SQL: SELECT COUNT(*) AS tp_count FROM `market_system_news` WHERE `obj_id` = 744 AND `obj_type` = 1 AND `status` <> '-1' AND `is_read` = 0 LIMIT 1   [ RunTime:0.0004s ]
SQL: SHOW COLUMNS FROM `market_button_click_statistics` [ RunTime:0.0005s ]
SQL: SELECT * FROM `market_button_click_statistics` WHERE `company_id` = 18 AND `date` = 1510675200 AND `button_type` = 2 LIMIT 1   [ RunTime:0.0004s ]
SQL: UPDATE `market_button_click_statistics` SET `click_total`=click_total+1 WHERE `company_id` = 18 AND `date` = 1510675200 AND `button_type` = 2 [ RunTime:0.0004s ]

[ 2017-11-15T22:03:59+08:00 ] 183.36.112.205 /Template00002/Index/ajaxControl.html?companyName=yumigou&flag=indexButtonClickStatistics&button=1
INFO: [ app_init ] --START--
INFO: Run Behavior\BuildLiteBehavior [ RunTime:0.000012s ]
INFO: [ app_init ] --END-- [ RunTime:0.000217s ]
INFO: [ app_begin ] --START--
INFO: Run Behavior\ReadHtmlCacheBehavior [ RunTime:0.000281s ]
INFO: [ app_begin ] --END-- [ RunTime:0.000311s ]
SQL: SHOW COLUMNS FROM `market_project` [ RunTime:0.0006s ]
SQL: SELECT `id`,`template_id`,`category_id` FROM `market_project` WHERE `project_link` = 'www.chinaimigo.com' AND `status` = 0 LIMIT 1   [ RunTime:0.0003s ]
SQL: SHOW COLUMNS FROM `market_template_change` [ RunTime:0.0005s ]
SQL: SELECT `template_path` FROM `market_template_change` WHERE `id` = 2 LIMIT 1   [ RunTime:0.0003s ]
SQL: SHOW COLUMNS FROM `market_write_info` [ RunTime:0.0005s ]
SQL: SELECT `market_name`,`principal`,`phone`,`project_logo`,`email`,`address_id`,`address_info`,`abstruct`,`app_id`,`app_secret`,`mch_id`,`mch_sectet` FROM `market_write_info` WHERE `relevance_id` = 9 LIMIT 1   [ RunTime:0.0004s ]
SQL: SELECT `id` FROM `market_project` WHERE `project_link` = 'www.chinaimigo.com' LIMIT 1   [ RunTime:0.0004s ]
SQL: SHOW COLUMNS FROM `market_company` [ RunTime:0.0007s ]
SQL: SELECT `id` FROM `market_company` WHERE `web_postfix` = 'yumigou' AND `status` = 0 AND `relevance_id` = 9 LIMIT 1   [ RunTime:0.0005s ]
NOTIC: [8] Undefined index: visitor /var/www/html/amigo/amigo/Template00002/Controller/CommonController.class.php 第 56 行.
NOTIC: [8192] Non-static method Template00002\Model\CommonModel::saveStatis() should not be called statically, assuming $this from incompatible context /var/www/html/amigo/amigo/Template00002/Controller/CommonController.class.php 第 64 行.
SQL: SHOW COLUMNS FROM `market_system_news` [ RunTime:0.0005s ]
SQL: SELECT COUNT(*) AS tp_count FROM `market_system_news` WHERE `obj_id` = 744 AND `obj_type` = 1 AND `status` <> '-1' AND `is_read` = 0 LIMIT 1   [ RunTime:0.0004s ]
SQL: SHOW COLUMNS FROM `market_button_click_statistics` [ RunTime:0.0005s ]
SQL: SELECT * FROM `market_button_click_statistics` WHERE `company_id` = 18 AND `date` = 1510675200 AND `button_type` = 1 LIMIT 1   [ RunTime:0.0004s ]
SQL: INSERT INTO `market_button_click_statistics` (`company_id`,`date`,`button_type`) VALUES ('18','1510675200','1') [ RunTime:0.0004s ]

[ 2017-11-15T23:36:02+08:00 ] 183.36.112.205 /Template00002/Index/ajaxControl.html?companyName=yumigou&flag=indexButtonClickStatistics&button=2
INFO: [ app_init ] --START--
INFO: Run Behavior\BuildLiteBehavior [ RunTime:0.000015s ]
INFO: [ app_init ] --END-- [ RunTime:0.000302s ]
INFO: [ app_begin ] --START--
INFO: Run Behavior\ReadHtmlCacheBehavior [ RunTime:0.000385s ]
INFO: [ app_begin ] --END-- [ RunTime:0.000428s ]
SQL: SHOW COLUMNS FROM `market_project` [ RunTime:0.0007s ]
SQL: SELECT `id`,`template_id`,`category_id` FROM `market_project` WHERE `project_link` = 'www.chinaimigo.com' AND `status` = 0 LIMIT 1   [ RunTime:0.0004s ]
SQL: SHOW COLUMNS FROM `market_template_change` [ RunTime:0.0005s ]
SQL: SELECT `template_path` FROM `market_template_change` WHERE `id` = 2 LIMIT 1   [ RunTime:0.0003s ]
SQL: SHOW COLUMNS FROM `market_write_info` [ RunTime:0.0005s ]
SQL: SELECT `market_name`,`principal`,`phone`,`project_logo`,`email`,`address_id`,`address_info`,`abstruct`,`app_id`,`app_secret`,`mch_id`,`mch_sectet` FROM `market_write_info` WHERE `relevance_id` = 9 LIMIT 1   [ RunTime:0.0004s ]
SQL: SELECT `id` FROM `market_project` WHERE `project_link` = 'www.chinaimigo.com' LIMIT 1   [ RunTime:0.0004s ]
SQL: SHOW COLUMNS FROM `market_company` [ RunTime:0.0006s ]
SQL: SELECT `id` FROM `market_company` WHERE `web_postfix` = 'yumigou' AND `status` = 0 AND `relevance_id` = 9 LIMIT 1   [ RunTime:0.0004s ]
NOTIC: [8] Undefined index: visitor /var/www/html/amigo/amigo/Template00002/Controller/CommonController.class.php 第 56 行.
NOTIC: [8192] Non-static method Template00002\Model\CommonModel::saveStatis() should not be called statically, assuming $this from incompatible context /var/www/html/amigo/amigo/Template00002/Controller/CommonController.class.php 第 64 行.
SQL: SHOW COLUMNS FROM `market_system_news` [ RunTime:0.0005s ]
SQL: SELECT COUNT(*) AS tp_count FROM `market_system_news` WHERE `obj_id` = 744 AND `obj_type` = 1 AND `status` <> '-1' AND `is_read` = 0 LIMIT 1   [ RunTime:0.0004s ]
SQL: SHOW COLUMNS FROM `market_button_click_statistics` [ RunTime:0.0005s ]
SQL: SELECT * FROM `market_button_click_statistics` WHERE `company_id` = 18 AND `date` = 1510675200 AND `button_type` = 2 LIMIT 1   [ RunTime:0.0004s ]
SQL: UPDATE `market_button_click_statistics` SET `click_total`=click_total+1 WHERE `company_id` = 18 AND `date` = 1510675200 AND `button_type` = 2 [ RunTime:0.0004s ]

[ 2017-11-15T23:37:09+08:00 ] 183.36.112.205 /Template00002/Index/ajaxControl.html?companyName=003&flag=indexButtonClickStatistics&button=2
INFO: [ app_init ] --START--
INFO: Run Behavior\BuildLiteBehavior [ RunTime:0.000011s ]
INFO: [ app_init ] --END-- [ RunTime:0.000232s ]
INFO: [ app_begin ] --START--
INFO: Run Behavior\ReadHtmlCacheBehavior [ RunTime:0.000282s ]
INFO: [ app_begin ] --END-- [ RunTime:0.000319s ]
SQL: SHOW COLUMNS FROM `market_project` [ RunTime:0.0007s ]
SQL: SELECT `id`,`template_id`,`category_id` FROM `market_project` WHERE `project_link` = 'www.chinaimigo.com' AND `status` = 0 LIMIT 1   [ RunTime:0.0004s ]
SQL: SHOW COLUMNS FROM `market_template_change` [ RunTime:0.0005s ]
SQL: SELECT `template_path` FROM `market_template_change` WHERE `id` = 2 LIMIT 1   [ RunTime:0.0003s ]
SQL: SHOW COLUMNS FROM `market_write_info` [ RunTime:0.0006s ]
SQL: SELECT `market_name`,`principal`,`phone`,`project_logo`,`email`,`address_id`,`address_info`,`abstruct`,`app_id`,`app_secret`,`mch_id`,`mch_sectet` FROM `market_write_info` WHERE `relevance_id` = 9 LIMIT 1   [ RunTime:0.0004s ]
SQL: SELECT `id` FROM `market_project` WHERE `project_link` = 'www.chinaimigo.com' LIMIT 1   [ RunTime:0.0003s ]
SQL: SHOW COLUMNS FROM `market_company` [ RunTime:0.0007s ]
SQL: SELECT `id` FROM `market_company` WHERE `web_postfix` = '003' AND `status` = 0 AND `relevance_id` = 9 LIMIT 1   [ RunTime:0.0004s ]
NOTIC: [8] Undefined index: visitor /var/www/html/amigo/amigo/Template00002/Controller/CommonController.class.php 第 56 行.
NOTIC: [8192] Non-static method Template00002\Model\CommonModel::saveStatis() should not be called statically, assuming $this from incompatible context /var/www/html/amigo/amigo/Template00002/Controller/CommonController.class.php 第 64 行.
SQL: SHOW COLUMNS FROM `market_company_statistics` [ RunTime:0.0005s ]
SQL: SELECT * FROM `market_company_statistics` WHERE `relevance_id` = 12 AND `date` = 1510675200 LIMIT 1   [ RunTime:0.0004s ]
SQL: UPDATE `market_company_statistics` SET `visit_total`=visit_total+1 WHERE `relevance_id` = 12 AND `date` = 1510675200 [ RunTime:0.0004s ]
SQL: SHOW COLUMNS FROM `market_system_news` [ RunTime:0.0005s ]
SQL: SELECT COUNT(*) AS tp_count FROM `market_system_news` WHERE `obj_id` = 744 AND `obj_type` = 1 AND `status` <> '-1' AND `is_read` = 0 LIMIT 1   [ RunTime:0.0004s ]
SQL: SHOW COLUMNS FROM `market_button_click_statistics` [ RunTime:0.0005s ]
SQL: SELECT * FROM `market_button_click_statistics` WHERE `company_id` = 12 AND `date` = 1510675200 AND `button_type` = 2 LIMIT 1   [ RunTime:0.0005s ]
SQL: UPDATE `market_button_click_statistics` SET `click_total`=click_total+1 WHERE `company_id` = 12 AND `date` = 1510675200 AND `button_type` = 2 [ RunTime:0.0005s ]

