[ 2017-11-10T08:17:25+08:00 ] 183.36.112.205 /Template00002/Index/ajaxControl.html?companyName=002&flag=indexButtonClickStatistics&button=2
INFO: [ app_init ] --START--
INFO: Run Behavior\BuildLiteBehavior [ RunTime:0.000010s ]
INFO: [ app_init ] --END-- [ RunTime:0.000217s ]
INFO: [ app_begin ] --START--
INFO: Run Behavior\ReadHtmlCacheBehavior [ RunTime:0.000258s ]
INFO: [ app_begin ] --END-- [ RunTime:0.000286s ]
SQL: SHOW COLUMNS FROM `market_project` [ RunTime:0.0007s ]
SQL: SELECT `id`,`template_id`,`category_id` FROM `market_project` WHERE `project_link` = 'www.chinaimigo.com' AND `status` = 0 LIMIT 1   [ RunTime:0.0004s ]
SQL: SHOW COLUMNS FROM `market_template_change` [ RunTime:0.0005s ]
SQL: SELECT `template_path` FROM `market_template_change` WHERE `id` = 2 LIMIT 1   [ RunTime:0.0003s ]
SQL: SHOW COLUMNS FROM `market_write_info` [ RunTime:0.0007s ]
SQL: SELECT `market_name`,`principal`,`phone`,`project_logo`,`email`,`address_id`,`address_info`,`abstruct`,`app_id`,`app_secret`,`mch_id`,`mch_sectet` FROM `market_write_info` WHERE `relevance_id` = 9 LIMIT 1   [ RunTime:0.0004s ]
SQL: SELECT `id` FROM `market_project` WHERE `project_link` = 'www.chinaimigo.com' LIMIT 1   [ RunTime:0.0003s ]
SQL: SHOW COLUMNS FROM `market_company` [ RunTime:0.0006s ]
SQL: SELECT `id` FROM `market_company` WHERE `web_postfix` = '002' AND `status` = 0 AND `relevance_id` = 9 LIMIT 1   [ RunTime:0.0003s ]
NOTIC: [8] Undefined index: visitor /var/www/html/amigo/amigo/Template00002/Controller/CommonController.class.php 第 56 行.
NOTIC: [8192] Non-static method Template00002\Model\CommonModel::saveStatis() should not be called statically, assuming $this from incompatible context /var/www/html/amigo/amigo/Template00002/Controller/CommonController.class.php 第 64 行.
SQL: SHOW COLUMNS FROM `market_company_statistics` [ RunTime:0.0005s ]
SQL: SELECT * FROM `market_company_statistics` WHERE `relevance_id` = 11 AND `date` = 1510243200 LIMIT 1   [ RunTime:0.0004s ]
SQL: UPDATE `market_company_statistics` SET `visit_total`=visit_total+1 WHERE `relevance_id` = 11 AND `date` = 1510243200 [ RunTime:0.0004s ]
SQL: SHOW COLUMNS FROM `market_system_news` [ RunTime:0.0005s ]
SQL: SELECT COUNT(*) AS tp_count FROM `market_system_news` WHERE `obj_id` = 744 AND `obj_type` = 1 AND `status` <> '-1' AND `is_read` = 0 LIMIT 1   [ RunTime:0.0004s ]
SQL: SHOW COLUMNS FROM `market_button_click_statistics` [ RunTime:0.0005s ]
SQL: SELECT * FROM `market_button_click_statistics` WHERE `company_id` = 11 AND `date` = 1510243200 AND `button_type` = 2 LIMIT 1   [ RunTime:0.0004s ]
SQL: INSERT INTO `market_button_click_statistics` (`company_id`,`date`,`button_type`) VALUES ('11','1510243200','2') [ RunTime:0.0003s ]

[ 2017-11-10T08:23:16+08:00 ] 183.36.112.205 /Template00002/Index/ajaxControl.html?companyName=002&flag=indexButtonClickStatistics&button=5
INFO: [ app_init ] --START--
INFO: Run Behavior\BuildLiteBehavior [ RunTime:0.000010s ]
INFO: [ app_init ] --END-- [ RunTime:0.000222s ]
INFO: [ app_begin ] --START--
INFO: Run Behavior\ReadHtmlCacheBehavior [ RunTime:0.000270s ]
INFO: [ app_begin ] --END-- [ RunTime:0.000300s ]
SQL: SHOW COLUMNS FROM `market_project` [ RunTime:0.0006s ]
SQL: SELECT `id`,`template_id`,`category_id` FROM `market_project` WHERE `project_link` = 'www.chinaimigo.com' AND `status` = 0 LIMIT 1   [ RunTime:0.0003s ]
SQL: SHOW COLUMNS FROM `market_template_change` [ RunTime:0.0005s ]
SQL: SELECT `template_path` FROM `market_template_change` WHERE `id` = 2 LIMIT 1   [ RunTime:0.0003s ]
SQL: SHOW COLUMNS FROM `market_write_info` [ RunTime:0.0005s ]
SQL: SELECT `market_name`,`principal`,`phone`,`project_logo`,`email`,`address_id`,`address_info`,`abstruct`,`app_id`,`app_secret`,`mch_id`,`mch_sectet` FROM `market_write_info` WHERE `relevance_id` = 9 LIMIT 1   [ RunTime:0.0003s ]
SQL: SELECT `id` FROM `market_project` WHERE `project_link` = 'www.chinaimigo.com' LIMIT 1   [ RunTime:0.0003s ]
SQL: SHOW COLUMNS FROM `market_company` [ RunTime:0.0007s ]
SQL: SELECT `id` FROM `market_company` WHERE `web_postfix` = '002' AND `status` = 0 AND `relevance_id` = 9 LIMIT 1   [ RunTime:0.0003s ]
NOTIC: [8] Undefined index: visitor /var/www/html/amigo/amigo/Template00002/Controller/CommonController.class.php 第 56 行.
NOTIC: [8192] Non-static method Template00002\Model\CommonModel::saveStatis() should not be called statically, assuming $this from incompatible context /var/www/html/amigo/amigo/Template00002/Controller/CommonController.class.php 第 64 行.
SQL: SHOW COLUMNS FROM `market_system_news` [ RunTime:0.0005s ]
SQL: SELECT COUNT(*) AS tp_count FROM `market_system_news` WHERE `obj_id` = 744 AND `obj_type` = 1 AND `status` <> '-1' AND `is_read` = 0 LIMIT 1   [ RunTime:0.0004s ]
SQL: SHOW COLUMNS FROM `market_button_click_statistics` [ RunTime:0.0005s ]
SQL: SELECT * FROM `market_button_click_statistics` WHERE `company_id` = 11 AND `date` = 1510243200 AND `button_type` = 5 LIMIT 1   [ RunTime:0.0003s ]
SQL: INSERT INTO `market_button_click_statistics` (`company_id`,`date`,`button_type`) VALUES ('11','1510243200','5') [ RunTime:0.0004s ]

[ 2017-11-10T10:46:12+08:00 ] 101.226.64.174 /Template00002/Index/ajaxControl.html?companyName%3D002%26flag%3DindexButtonClickStatistics%26button%3D5
INFO: [ app_init ] --START--
INFO: Run Behavior\BuildLiteBehavior [ RunTime:0.000012s ]
INFO: [ app_init ] --END-- [ RunTime:0.000239s ]
INFO: [ app_begin ] --START--
INFO: Run Behavior\ReadHtmlCacheBehavior [ RunTime:0.000284s ]
INFO: [ app_begin ] --END-- [ RunTime:0.000315s ]
SQL: SHOW COLUMNS FROM `market_project` [ RunTime:0.0006s ]
SQL: SELECT `id`,`template_id`,`category_id` FROM `market_project` WHERE `project_link` = 'www.chinaimigo.com' AND `status` = 0 LIMIT 1   [ RunTime:0.0004s ]
SQL: SHOW COLUMNS FROM `market_template_change` [ RunTime:0.0005s ]
SQL: SELECT `template_path` FROM `market_template_change` WHERE `id` = 2 LIMIT 1   [ RunTime:0.0003s ]
SQL: SHOW COLUMNS FROM `market_write_info` [ RunTime:0.0006s ]
SQL: SELECT `market_name`,`principal`,`phone`,`project_logo`,`email`,`address_id`,`address_info`,`abstruct`,`app_id`,`app_secret`,`mch_id`,`mch_sectet` FROM `market_write_info` WHERE `relevance_id` = 9 LIMIT 1   [ RunTime:0.0004s ]
INFO: [ view_parse ] --START--
INFO: [ template_filter ] --START--
INFO: Run Behavior\ContentReplaceBehavior [ RunTime:0.000034s ]
INFO: [ template_filter ] --END-- [ RunTime:0.000076s ]
INFO: Run Behavior\ParseTemplateBehavior [ RunTime:0.003608s ]
INFO: [ view_parse ] --END-- [ RunTime:0.003650s ]
INFO: [ view_filter ] --START--
INFO: Run Behavior\WriteHtmlCacheBehavior [ RunTime:0.000092s ]
INFO: Run Behavior\TokenBuildBehavior [ RunTime:0.000152s ]
INFO: [ view_filter ] --END-- [ RunTime:0.000284s ]

[ 2017-11-10T10:59:55+08:00 ] 183.36.112.205 /Template00002/Index/ajaxControl.html?companyName=001&flag=indexButtonClickStatistics&button=2
INFO: [ app_init ] --START--
INFO: Run Behavior\BuildLiteBehavior [ RunTime:0.000013s ]
INFO: [ app_init ] --END-- [ RunTime:0.000217s ]
INFO: [ app_begin ] --START--
INFO: Run Behavior\ReadHtmlCacheBehavior [ RunTime:0.000311s ]
INFO: [ app_begin ] --END-- [ RunTime:0.000347s ]
SQL: SHOW COLUMNS FROM `market_project` [ RunTime:0.0007s ]
SQL: SELECT `id`,`template_id`,`category_id` FROM `market_project` WHERE `project_link` = 'www.chinaimigo.com' AND `status` = 0 LIMIT 1   [ RunTime:0.0004s ]
SQL: SHOW COLUMNS FROM `market_template_change` [ RunTime:0.0005s ]
SQL: SELECT `template_path` FROM `market_template_change` WHERE `id` = 2 LIMIT 1   [ RunTime:0.0003s ]
SQL: SHOW COLUMNS FROM `market_write_info` [ RunTime:0.0005s ]
SQL: SELECT `market_name`,`principal`,`phone`,`project_logo`,`email`,`address_id`,`address_info`,`abstruct`,`app_id`,`app_secret`,`mch_id`,`mch_sectet` FROM `market_write_info` WHERE `relevance_id` = 9 LIMIT 1   [ RunTime:0.0004s ]
SQL: SELECT `id` FROM `market_project` WHERE `project_link` = 'www.chinaimigo.com' LIMIT 1   [ RunTime:0.0003s ]
SQL: SHOW COLUMNS FROM `market_company` [ RunTime:0.0007s ]
SQL: SELECT `id` FROM `market_company` WHERE `web_postfix` = '001' AND `status` = 0 AND `relevance_id` = 9 LIMIT 1   [ RunTime:0.0004s ]
NOTIC: [8] Undefined index: visitor /var/www/html/amigo/amigo/Template00002/Controller/CommonController.class.php 第 56 行.
NOTIC: [8192] Non-static method Template00002\Model\CommonModel::saveStatis() should not be called statically, assuming $this from incompatible context /var/www/html/amigo/amigo/Template00002/Controller/CommonController.class.php 第 64 行.
SQL: SHOW COLUMNS FROM `market_company_statistics` [ RunTime:0.0005s ]
SQL: SELECT * FROM `market_company_statistics` WHERE `relevance_id` = 10 AND `date` = 1510243200 LIMIT 1   [ RunTime:0.0005s ]
SQL: UPDATE `market_company_statistics` SET `visit_total`=visit_total+1 WHERE `relevance_id` = 10 AND `date` = 1510243200 [ RunTime:0.0004s ]
SQL: SHOW COLUMNS FROM `market_system_news` [ RunTime:0.0005s ]
SQL: SELECT COUNT(*) AS tp_count FROM `market_system_news` WHERE `obj_id` = 744 AND `obj_type` = 1 AND `status` <> '-1' AND `is_read` = 0 LIMIT 1   [ RunTime:0.0004s ]
SQL: SHOW COLUMNS FROM `market_button_click_statistics` [ RunTime:0.0005s ]
SQL: SELECT * FROM `market_button_click_statistics` WHERE `company_id` = 10 AND `date` = 1510243200 AND `button_type` = 2 LIMIT 1   [ RunTime:0.0004s ]
SQL: INSERT INTO `market_button_click_statistics` (`company_id`,`date`,`button_type`) VALUES ('10','1510243200','2') [ RunTime:0.0004s ]

[ 2017-11-10T11:00:11+08:00 ] 183.36.112.205 /Template00002/Index/ajaxControl.html?companyName=001&flag=indexButtonClickStatistics&button=5
INFO: [ app_init ] --START--
INFO: Run Behavior\BuildLiteBehavior [ RunTime:0.000011s ]
INFO: [ app_init ] --END-- [ RunTime:0.000212s ]
INFO: [ app_begin ] --START--
INFO: Run Behavior\ReadHtmlCacheBehavior [ RunTime:0.000279s ]
INFO: [ app_begin ] --END-- [ RunTime:0.000307s ]
SQL: SHOW COLUMNS FROM `market_project` [ RunTime:0.0006s ]
SQL: SELECT `id`,`template_id`,`category_id` FROM `market_project` WHERE `project_link` = 'www.chinaimigo.com' AND `status` = 0 LIMIT 1   [ RunTime:0.0004s ]
SQL: SHOW COLUMNS FROM `market_template_change` [ RunTime:0.0005s ]
SQL: SELECT `template_path` FROM `market_template_change` WHERE `id` = 2 LIMIT 1   [ RunTime:0.0003s ]
SQL: SHOW COLUMNS FROM `market_write_info` [ RunTime:0.0005s ]
SQL: SELECT `market_name`,`principal`,`phone`,`project_logo`,`email`,`address_id`,`address_info`,`abstruct`,`app_id`,`app_secret`,`mch_id`,`mch_sectet` FROM `market_write_info` WHERE `relevance_id` = 9 LIMIT 1   [ RunTime:0.0004s ]
SQL: SELECT `id` FROM `market_project` WHERE `project_link` = 'www.chinaimigo.com' LIMIT 1   [ RunTime:0.0004s ]
SQL: SHOW COLUMNS FROM `market_company` [ RunTime:0.0007s ]
SQL: SELECT `id` FROM `market_company` WHERE `web_postfix` = '001' AND `status` = 0 AND `relevance_id` = 9 LIMIT 1   [ RunTime:0.0003s ]
NOTIC: [8] Undefined index: visitor /var/www/html/amigo/amigo/Template00002/Controller/CommonController.class.php 第 56 行.
NOTIC: [8192] Non-static method Template00002\Model\CommonModel::saveStatis() should not be called statically, assuming $this from incompatible context /var/www/html/amigo/amigo/Template00002/Controller/CommonController.class.php 第 64 行.
SQL: SHOW COLUMNS FROM `market_system_news` [ RunTime:0.0006s ]
SQL: SELECT COUNT(*) AS tp_count FROM `market_system_news` WHERE `obj_id` = 744 AND `obj_type` = 1 AND `status` <> '-1' AND `is_read` = 0 LIMIT 1   [ RunTime:0.0005s ]
SQL: SHOW COLUMNS FROM `market_button_click_statistics` [ RunTime:0.0006s ]
SQL: SELECT * FROM `market_button_click_statistics` WHERE `company_id` = 10 AND `date` = 1510243200 AND `button_type` = 5 LIMIT 1   [ RunTime:0.0004s ]
SQL: INSERT INTO `market_button_click_statistics` (`company_id`,`date`,`button_type`) VALUES ('10','1510243200','5') [ RunTime:0.0004s ]

[ 2017-11-10T14:02:50+08:00 ] 183.36.112.205 /Template00002/Index/ajaxControl.html?companyName=001&flag=indexButtonClickStatistics&button=2
INFO: [ app_init ] --START--
INFO: Run Behavior\BuildLiteBehavior [ RunTime:0.000009s ]
INFO: [ app_init ] --END-- [ RunTime:0.000200s ]
INFO: [ app_begin ] --START--
INFO: Run Behavior\ReadHtmlCacheBehavior [ RunTime:0.000386s ]
INFO: [ app_begin ] --END-- [ RunTime:0.000420s ]
SQL: SHOW COLUMNS FROM `market_project` [ RunTime:0.0007s ]
SQL: SELECT `id`,`template_id`,`category_id` FROM `market_project` WHERE `project_link` = 'www.chinaimigo.com' AND `status` = 0 LIMIT 1   [ RunTime:0.0004s ]
SQL: SHOW COLUMNS FROM `market_template_change` [ RunTime:0.0005s ]
SQL: SELECT `template_path` FROM `market_template_change` WHERE `id` = 2 LIMIT 1   [ RunTime:0.0003s ]
SQL: SHOW COLUMNS FROM `market_write_info` [ RunTime:0.0005s ]
SQL: SELECT `market_name`,`principal`,`phone`,`project_logo`,`email`,`address_id`,`address_info`,`abstruct`,`app_id`,`app_secret`,`mch_id`,`mch_sectet` FROM `market_write_info` WHERE `relevance_id` = 9 LIMIT 1   [ RunTime:0.0004s ]
SQL: SELECT `id` FROM `market_project` WHERE `project_link` = 'www.chinaimigo.com' LIMIT 1   [ RunTime:0.0003s ]
SQL: SHOW COLUMNS FROM `market_company` [ RunTime:0.0007s ]
SQL: SELECT `id` FROM `market_company` WHERE `web_postfix` = '001' AND `status` = 0 AND `relevance_id` = 9 LIMIT 1   [ RunTime:0.0004s ]
NOTIC: [8] Undefined index: visitor /var/www/html/amigo/amigo/Template00002/Controller/CommonController.class.php 第 56 行.
NOTIC: [8192] Non-static method Template00002\Model\CommonModel::saveStatis() should not be called statically, assuming $this from incompatible context /var/www/html/amigo/amigo/Template00002/Controller/CommonController.class.php 第 64 行.
SQL: SHOW COLUMNS FROM `market_system_news` [ RunTime:0.0005s ]
SQL: SELECT COUNT(*) AS tp_count FROM `market_system_news` WHERE `obj_id` = 744 AND `obj_type` = 1 AND `status` <> '-1' AND `is_read` = 0 LIMIT 1   [ RunTime:0.0004s ]
SQL: SHOW COLUMNS FROM `market_button_click_statistics` [ RunTime:0.0005s ]
SQL: SELECT * FROM `market_button_click_statistics` WHERE `company_id` = 10 AND `date` = 1510243200 AND `button_type` = 2 LIMIT 1   [ RunTime:0.0004s ]
SQL: UPDATE `market_button_click_statistics` SET `click_total`=click_total+1 WHERE `company_id` = 10 AND `date` = 1510243200 AND `button_type` = 2 [ RunTime:0.0005s ]

[ 2017-11-10T14:18:09+08:00 ] 119.131.119.153 /Template00002/Index/ajaxControl.html?companyName=001&flag=indexButtonClickStatistics&button=2
INFO: [ app_init ] --START--
INFO: Run Behavior\BuildLiteBehavior [ RunTime:0.000012s ]
INFO: [ app_init ] --END-- [ RunTime:0.000224s ]
INFO: [ app_begin ] --START--
INFO: Run Behavior\ReadHtmlCacheBehavior [ RunTime:0.000280s ]
INFO: [ app_begin ] --END-- [ RunTime:0.000313s ]
SQL: SHOW COLUMNS FROM `market_project` [ RunTime:0.0007s ]
SQL: SELECT `id`,`template_id`,`category_id` FROM `market_project` WHERE `project_link` = 'www.chinaimigo.com' AND `status` = 0 LIMIT 1   [ RunTime:0.0004s ]
SQL: SHOW COLUMNS FROM `market_template_change` [ RunTime:0.0006s ]
SQL: SELECT `template_path` FROM `market_template_change` WHERE `id` = 2 LIMIT 1   [ RunTime:0.0004s ]
SQL: SHOW COLUMNS FROM `market_write_info` [ RunTime:0.0006s ]
SQL: SELECT `market_name`,`principal`,`phone`,`project_logo`,`email`,`address_id`,`address_info`,`abstruct`,`app_id`,`app_secret`,`mch_id`,`mch_sectet` FROM `market_write_info` WHERE `relevance_id` = 9 LIMIT 1   [ RunTime:0.0005s ]
SQL: SELECT `id` FROM `market_project` WHERE `project_link` = 'www.chinaimigo.com' LIMIT 1   [ RunTime:0.0004s ]
SQL: SHOW COLUMNS FROM `market_company` [ RunTime:0.0007s ]
SQL: SELECT `id` FROM `market_company` WHERE `web_postfix` = '001' AND `status` = 0 AND `relevance_id` = 9 LIMIT 1   [ RunTime:0.0004s ]
NOTIC: [8] Undefined index: visitor /var/www/html/amigo/amigo/Template00002/Controller/CommonController.class.php 第 56 行.
NOTIC: [8192] Non-static method Template00002\Model\CommonModel::saveStatis() should not be called statically, assuming $this from incompatible context /var/www/html/amigo/amigo/Template00002/Controller/CommonController.class.php 第 64 行.
SQL: SHOW COLUMNS FROM `market_system_news` [ RunTime:0.0005s ]
SQL: SELECT COUNT(*) AS tp_count FROM `market_system_news` WHERE `obj_id` = 746 AND `obj_type` = 1 AND `status` <> '-1' AND `is_read` = 0 LIMIT 1   [ RunTime:0.0004s ]
SQL: SHOW COLUMNS FROM `market_button_click_statistics` [ RunTime:0.0006s ]
SQL: SELECT * FROM `market_button_click_statistics` WHERE `company_id` = 10 AND `date` = 1510243200 AND `button_type` = 2 LIMIT 1   [ RunTime:0.0004s ]
SQL: UPDATE `market_button_click_statistics` SET `click_total`=click_total+1 WHERE `company_id` = 10 AND `date` = 1510243200 AND `button_type` = 2 [ RunTime:0.0005s ]

[ 2017-11-10T14:32:50+08:00 ] 119.131.119.153 /Template00002/Index/ajaxControl.html?companyName=001&flag=indexButtonClickStatistics&button=2
INFO: [ app_init ] --START--
INFO: Run Behavior\BuildLiteBehavior [ RunTime:0.000012s ]
INFO: [ app_init ] --END-- [ RunTime:0.000248s ]
INFO: [ app_begin ] --START--
INFO: Run Behavior\ReadHtmlCacheBehavior [ RunTime:0.000264s ]
INFO: [ app_begin ] --END-- [ RunTime:0.000293s ]
SQL: SHOW COLUMNS FROM `market_project` [ RunTime:0.0007s ]
SQL: SELECT `id`,`template_id`,`category_id` FROM `market_project` WHERE `project_link` = 'www.chinaimigo.com' AND `status` = 0 LIMIT 1   [ RunTime:0.0004s ]
SQL: SHOW COLUMNS FROM `market_template_change` [ RunTime:0.0005s ]
SQL: SELECT `template_path` FROM `market_template_change` WHERE `id` = 2 LIMIT 1   [ RunTime:0.0003s ]
SQL: SHOW COLUMNS FROM `market_write_info` [ RunTime:0.0006s ]
SQL: SELECT `market_name`,`principal`,`phone`,`project_logo`,`email`,`address_id`,`address_info`,`abstruct`,`app_id`,`app_secret`,`mch_id`,`mch_sectet` FROM `market_write_info` WHERE `relevance_id` = 9 LIMIT 1   [ RunTime:0.0004s ]
SQL: SELECT `id` FROM `market_project` WHERE `project_link` = 'www.chinaimigo.com' LIMIT 1   [ RunTime:0.0003s ]
SQL: SHOW COLUMNS FROM `market_company` [ RunTime:0.0007s ]
SQL: SELECT `id` FROM `market_company` WHERE `web_postfix` = '001' AND `status` = 0 AND `relevance_id` = 9 LIMIT 1   [ RunTime:0.0004s ]
NOTIC: [8] Undefined index: visitor /var/www/html/amigo/amigo/Template00002/Controller/CommonController.class.php 第 56 行.
NOTIC: [8192] Non-static method Template00002\Model\CommonModel::saveStatis() should not be called statically, assuming $this from incompatible context /var/www/html/amigo/amigo/Template00002/Controller/CommonController.class.php 第 64 行.
SQL: SHOW COLUMNS FROM `market_system_news` [ RunTime:0.0006s ]
SQL: SELECT COUNT(*) AS tp_count FROM `market_system_news` WHERE `obj_id` = 746 AND `obj_type` = 1 AND `status` <> '-1' AND `is_read` = 0 LIMIT 1   [ RunTime:0.0005s ]
SQL: SHOW COLUMNS FROM `market_button_click_statistics` [ RunTime:0.0006s ]
SQL: SELECT * FROM `market_button_click_statistics` WHERE `company_id` = 10 AND `date` = 1510243200 AND `button_type` = 2 LIMIT 1   [ RunTime:0.0004s ]
SQL: UPDATE `market_button_click_statistics` SET `click_total`=click_total+1 WHERE `company_id` = 10 AND `date` = 1510243200 AND `button_type` = 2 [ RunTime:0.0005s ]

[ 2017-11-10T16:28:21+08:00 ] 119.131.119.153 /Template00002/Index/ajaxControl.html?companyName=001&flag=indexButtonClickStatistics&button=5
INFO: [ app_init ] --START--
INFO: Run Behavior\BuildLiteBehavior [ RunTime:0.000010s ]
INFO: [ app_init ] --END-- [ RunTime:0.000219s ]
INFO: [ app_begin ] --START--
INFO: Run Behavior\ReadHtmlCacheBehavior [ RunTime:0.000319s ]
INFO: [ app_begin ] --END-- [ RunTime:0.000352s ]
SQL: SHOW COLUMNS FROM `market_project` [ RunTime:0.0007s ]
SQL: SELECT `id`,`template_id`,`category_id` FROM `market_project` WHERE `project_link` = 'www.chinaimigo.com' AND `status` = 0 LIMIT 1   [ RunTime:0.0004s ]
SQL: SHOW COLUMNS FROM `market_template_change` [ RunTime:0.0006s ]
SQL: SELECT `template_path` FROM `market_template_change` WHERE `id` = 2 LIMIT 1   [ RunTime:0.0003s ]
SQL: SHOW COLUMNS FROM `market_write_info` [ RunTime:0.0006s ]
SQL: SELECT `market_name`,`principal`,`phone`,`project_logo`,`email`,`address_id`,`address_info`,`abstruct`,`app_id`,`app_secret`,`mch_id`,`mch_sectet` FROM `market_write_info` WHERE `relevance_id` = 9 LIMIT 1   [ RunTime:0.0004s ]
SQL: SELECT `id` FROM `market_project` WHERE `project_link` = 'www.chinaimigo.com' LIMIT 1   [ RunTime:0.0003s ]
SQL: SHOW COLUMNS FROM `market_company` [ RunTime:0.0006s ]
SQL: SELECT `id` FROM `market_company` WHERE `web_postfix` = '001' AND `status` = 0 AND `relevance_id` = 9 LIMIT 1   [ RunTime:0.0005s ]
NOTIC: [8] Undefined index: visitor /var/www/html/amigo/amigo/Template00002/Controller/CommonController.class.php 第 56 行.
NOTIC: [8192] Non-static method Template00002\Model\CommonModel::saveStatis() should not be called statically, assuming $this from incompatible context /var/www/html/amigo/amigo/Template00002/Controller/CommonController.class.php 第 64 行.
SQL: SHOW COLUMNS FROM `market_system_news` [ RunTime:0.0006s ]
SQL: SELECT COUNT(*) AS tp_count FROM `market_system_news` WHERE `obj_id` = 746 AND `obj_type` = 1 AND `status` <> '-1' AND `is_read` = 0 LIMIT 1   [ RunTime:0.0004s ]
SQL: SHOW COLUMNS FROM `market_button_click_statistics` [ RunTime:0.0005s ]
SQL: SELECT * FROM `market_button_click_statistics` WHERE `company_id` = 10 AND `date` = 1510243200 AND `button_type` = 5 LIMIT 1   [ RunTime:0.0005s ]
SQL: UPDATE `market_button_click_statistics` SET `click_total`=click_total+1 WHERE `company_id` = 10 AND `date` = 1510243200 AND `button_type` = 5 [ RunTime:0.0005s ]

[ 2017-11-10T18:29:16+08:00 ] 113.96.219.250 /Template00002/Index/ajaxControl.html?companyName=001&flag=indexButtonClickStatistics&button=2
INFO: [ app_init ] --START--
INFO: Run Behavior\BuildLiteBehavior [ RunTime:0.000013s ]
INFO: [ app_init ] --END-- [ RunTime:0.000218s ]
INFO: [ app_begin ] --START--
INFO: Run Behavior\ReadHtmlCacheBehavior [ RunTime:0.000299s ]
INFO: [ app_begin ] --END-- [ RunTime:0.000335s ]
SQL: SHOW COLUMNS FROM `market_project` [ RunTime:0.0007s ]
SQL: SELECT `id`,`template_id`,`category_id` FROM `market_project` WHERE `project_link` = 'www.chinaimigo.com' AND `status` = 0 LIMIT 1   [ RunTime:0.0004s ]
SQL: SHOW COLUMNS FROM `market_template_change` [ RunTime:0.0005s ]
SQL: SELECT `template_path` FROM `market_template_change` WHERE `id` = 2 LIMIT 1   [ RunTime:0.0003s ]
SQL: SHOW COLUMNS FROM `market_write_info` [ RunTime:0.0007s ]
SQL: SELECT `market_name`,`principal`,`phone`,`project_logo`,`email`,`address_id`,`address_info`,`abstruct`,`app_id`,`app_secret`,`mch_id`,`mch_sectet` FROM `market_write_info` WHERE `relevance_id` = 9 LIMIT 1   [ RunTime:0.0004s ]
SQL: SELECT `id` FROM `market_project` WHERE `project_link` = 'www.chinaimigo.com' LIMIT 1   [ RunTime:0.0004s ]
SQL: SHOW COLUMNS FROM `market_company` [ RunTime:0.0007s ]
SQL: SELECT `id` FROM `market_company` WHERE `web_postfix` = '001' AND `status` = 0 AND `relevance_id` = 9 LIMIT 1   [ RunTime:0.0004s ]
NOTIC: [8] Undefined index: visitor /var/www/html/amigo/amigo/Template00002/Controller/CommonController.class.php 第 56 行.
NOTIC: [8192] Non-static method Template00002\Model\CommonModel::saveStatis() should not be called statically, assuming $this from incompatible context /var/www/html/amigo/amigo/Template00002/Controller/CommonController.class.php 第 64 行.
SQL: SHOW COLUMNS FROM `market_system_news` [ RunTime:0.0007s ]
SQL: SELECT COUNT(*) AS tp_count FROM `market_system_news` WHERE `obj_id` = 745 AND `obj_type` = 1 AND `status` <> '-1' AND `is_read` = 0 LIMIT 1   [ RunTime:0.0005s ]
SQL: SHOW COLUMNS FROM `market_button_click_statistics` [ RunTime:0.0007s ]
SQL: SELECT * FROM `market_button_click_statistics` WHERE `company_id` = 10 AND `date` = 1510243200 AND `button_type` = 2 LIMIT 1   [ RunTime:0.0004s ]
SQL: UPDATE `market_button_click_statistics` SET `click_total`=click_total+1 WHERE `company_id` = 10 AND `date` = 1510243200 AND `button_type` = 2 [ RunTime:0.0006s ]

[ 2017-11-10T20:40:07+08:00 ] 119.147.207.152 /Template00002/Index/ajaxControl.html?companyName%3D001%26flag%3DindexButtonClickStatistics%26button%3D2
INFO: [ app_init ] --START--
INFO: Run Behavior\BuildLiteBehavior [ RunTime:0.000017s ]
INFO: [ app_init ] --END-- [ RunTime:0.000304s ]
INFO: [ app_begin ] --START--
INFO: Run Behavior\ReadHtmlCacheBehavior [ RunTime:0.000350s ]
INFO: [ app_begin ] --END-- [ RunTime:0.000385s ]
SQL: SHOW COLUMNS FROM `market_project` [ RunTime:0.0007s ]
SQL: SELECT `id`,`template_id`,`category_id` FROM `market_project` WHERE `project_link` = 'www.chinaimigo.com' AND `status` = 0 LIMIT 1   [ RunTime:0.0004s ]
SQL: SHOW COLUMNS FROM `market_template_change` [ RunTime:0.0005s ]
SQL: SELECT `template_path` FROM `market_template_change` WHERE `id` = 2 LIMIT 1   [ RunTime:0.0003s ]
SQL: SHOW COLUMNS FROM `market_write_info` [ RunTime:0.0005s ]
SQL: SELECT `market_name`,`principal`,`phone`,`project_logo`,`email`,`address_id`,`address_info`,`abstruct`,`app_id`,`app_secret`,`mch_id`,`mch_sectet` FROM `market_write_info` WHERE `relevance_id` = 9 LIMIT 1   [ RunTime:0.0004s ]
INFO: [ view_parse ] --START--
INFO: [ template_filter ] --START--
INFO: Run Behavior\ContentReplaceBehavior [ RunTime:0.000033s ]
INFO: [ template_filter ] --END-- [ RunTime:0.000075s ]
INFO: Run Behavior\ParseTemplateBehavior [ RunTime:0.003804s ]
INFO: [ view_parse ] --END-- [ RunTime:0.003845s ]
INFO: [ view_filter ] --START--
INFO: Run Behavior\WriteHtmlCacheBehavior [ RunTime:0.000107s ]
INFO: Run Behavior\TokenBuildBehavior [ RunTime:0.000191s ]
INFO: [ view_filter ] --END-- [ RunTime:0.000384s ]

