[ 2017-12-09T02:26:02+08:00 ] 14.17.3.65 /Template00002/Index/ajaxControl.html?companyName%3Dyuancun%26flag%3DindexButtonClickStatistics%26button%3D5
INFO: [ app_init ] --START--
INFO: Run Behavior\BuildLiteBehavior [ RunTime:0.000016s ]
INFO: [ app_init ] --END-- [ RunTime:0.000307s ]
INFO: [ app_begin ] --START--
INFO: Run Behavior\ReadHtmlCacheBehavior [ RunTime:0.000411s ]
INFO: [ app_begin ] --END-- [ RunTime:0.000458s ]
SQL: SHOW COLUMNS FROM `market_project` [ RunTime:0.0007s ]
SQL: SELECT `id`,`template_id`,`category_id` FROM `market_project` WHERE `project_link` = 'www.chinaimigo.com' AND `status` = 0 LIMIT 1   [ RunTime:0.0004s ]
SQL: SHOW COLUMNS FROM `market_template_change` [ RunTime:0.0006s ]
SQL: SELECT `template_path` FROM `market_template_change` WHERE `id` = 2 LIMIT 1   [ RunTime:0.0003s ]
SQL: SHOW COLUMNS FROM `market_write_info` [ RunTime:0.0005s ]
SQL: SELECT `market_name`,`principal`,`phone`,`project_logo`,`email`,`address_id`,`address_info`,`abstruct`,`app_id`,`app_secret`,`mch_id`,`mch_sectet` FROM `market_write_info` WHERE `relevance_id` = 9 LIMIT 1   [ RunTime:0.0004s ]
INFO: [ view_parse ] --START--
INFO: [ template_filter ] --START--
INFO: Run Behavior\ContentReplaceBehavior [ RunTime:0.000044s ]
INFO: [ template_filter ] --END-- [ RunTime:0.000096s ]
INFO: Run Behavior\ParseTemplateBehavior [ RunTime:0.004596s ]
INFO: [ view_parse ] --END-- [ RunTime:0.004639s ]
INFO: [ view_filter ] --START--
INFO: Run Behavior\WriteHtmlCacheBehavior [ RunTime:0.000115s ]
INFO: Run Behavior\TokenBuildBehavior [ RunTime:0.000159s ]
INFO: [ view_filter ] --END-- [ RunTime:0.000323s ]

[ 2017-12-09T08:11:49+08:00 ] 113.96.218.51 /Template00002/Index/ajaxControl.html?companyName=yuancun&flag=indexButtonClickStatistics&button=2
INFO: [ app_init ] --START--
INFO: Run Behavior\BuildLiteBehavior [ RunTime:0.000009s ]
INFO: [ app_init ] --END-- [ RunTime:0.000203s ]
INFO: [ app_begin ] --START--
INFO: Run Behavior\ReadHtmlCacheBehavior [ RunTime:0.000284s ]
INFO: [ app_begin ] --END-- [ RunTime:0.000313s ]
SQL: SHOW COLUMNS FROM `market_project` [ RunTime:0.0007s ]
SQL: SELECT `id`,`template_id`,`category_id` FROM `market_project` WHERE `project_link` = 'www.chinaimigo.com' AND `status` = 0 LIMIT 1   [ RunTime:0.0004s ]
SQL: SHOW COLUMNS FROM `market_template_change` [ RunTime:0.0005s ]
SQL: SELECT `template_path` FROM `market_template_change` WHERE `id` = 2 LIMIT 1   [ RunTime:0.0003s ]
SQL: SHOW COLUMNS FROM `market_write_info` [ RunTime:0.0006s ]
SQL: SELECT `market_name`,`principal`,`phone`,`project_logo`,`email`,`address_id`,`address_info`,`abstruct`,`app_id`,`app_secret`,`mch_id`,`mch_sectet` FROM `market_write_info` WHERE `relevance_id` = 9 LIMIT 1   [ RunTime:0.0004s ]
SQL: SELECT `id` FROM `market_project` WHERE `project_link` = 'www.chinaimigo.com' LIMIT 1   [ RunTime:0.0004s ]
SQL: SHOW COLUMNS FROM `market_company` [ RunTime:0.0007s ]
SQL: SELECT `id` FROM `market_company` WHERE `web_postfix` = 'yuancun' AND `status` = 0 AND `relevance_id` = 9 LIMIT 1   [ RunTime:0.0004s ]
NOTIC: [8] Undefined index: visitor /var/www/html/amigo/amigo/Template00002/Controller/CommonController.class.php 第 56 行.
NOTIC: [8192] Non-static method Template00002\Model\CommonModel::saveStatis() should not be called statically, assuming $this from incompatible context /var/www/html/amigo/amigo/Template00002/Controller/CommonController.class.php 第 64 行.
SQL: SHOW COLUMNS FROM `market_company_statistics` [ RunTime:0.0005s ]
SQL: SELECT * FROM `market_company_statistics` WHERE `relevance_id` = 20 AND `date` = 1512748800 LIMIT 1   [ RunTime:0.0004s ]
SQL: UPDATE `market_company_statistics` SET `visit_total`=visit_total+1 WHERE `relevance_id` = 20 AND `date` = 1512748800 [ RunTime:0.0004s ]
SQL: SHOW COLUMNS FROM `market_system_news` [ RunTime:0.0005s ]
SQL: SELECT COUNT(*) AS tp_count FROM `market_system_news` WHERE `obj_id` = 841 AND `obj_type` = 1 AND `status` <> '-1' AND `is_read` = 0 LIMIT 1   [ RunTime:0.0004s ]
SQL: SHOW COLUMNS FROM `market_button_click_statistics` [ RunTime:0.0006s ]
SQL: SELECT * FROM `market_button_click_statistics` WHERE `company_id` = 20 AND `date` = 1512748800 AND `button_type` = 2 LIMIT 1   [ RunTime:0.0005s ]
SQL: INSERT INTO `market_button_click_statistics` (`company_id`,`date`,`button_type`) VALUES ('20','1512748800','2') [ RunTime:0.0005s ]

[ 2017-12-09T09:04:41+08:00 ] 121.51.14.20 /Template00002/Index/ajaxControl.html?companyName=huanbao&flag=indexButtonClickStatistics&button=2
INFO: [ app_init ] --START--
INFO: Run Behavior\BuildLiteBehavior [ RunTime:0.000017s ]
INFO: [ app_init ] --END-- [ RunTime:0.000306s ]
INFO: [ app_begin ] --START--
INFO: Run Behavior\ReadHtmlCacheBehavior [ RunTime:0.000392s ]
INFO: [ app_begin ] --END-- [ RunTime:0.000435s ]
SQL: SHOW COLUMNS FROM `market_project` [ RunTime:0.0006s ]
SQL: SELECT `id`,`template_id`,`category_id` FROM `market_project` WHERE `project_link` = 'www.chinaimigo.com' AND `status` = 0 LIMIT 1   [ RunTime:0.0004s ]
SQL: SHOW COLUMNS FROM `market_template_change` [ RunTime:0.0005s ]
SQL: SELECT `template_path` FROM `market_template_change` WHERE `id` = 2 LIMIT 1   [ RunTime:0.0003s ]
SQL: SHOW COLUMNS FROM `market_write_info` [ RunTime:0.0005s ]
SQL: SELECT `market_name`,`principal`,`phone`,`project_logo`,`email`,`address_id`,`address_info`,`abstruct`,`app_id`,`app_secret`,`mch_id`,`mch_sectet` FROM `market_write_info` WHERE `relevance_id` = 9 LIMIT 1   [ RunTime:0.0004s ]
SQL: SELECT `id` FROM `market_project` WHERE `project_link` = 'www.chinaimigo.com' LIMIT 1   [ RunTime:0.0004s ]
SQL: SHOW COLUMNS FROM `market_company` [ RunTime:0.0008s ]
SQL: SELECT `id` FROM `market_company` WHERE `web_postfix` = 'huanbao' AND `status` = 0 AND `relevance_id` = 9 LIMIT 1   [ RunTime:0.0005s ]
NOTIC: [8] Undefined index: visitor /var/www/html/amigo/amigo/Template00002/Controller/CommonController.class.php 第 56 行.
NOTIC: [8192] Non-static method Template00002\Model\CommonModel::saveStatis() should not be called statically, assuming $this from incompatible context /var/www/html/amigo/amigo/Template00002/Controller/CommonController.class.php 第 64 行.
SQL: SHOW COLUMNS FROM `market_company_statistics` [ RunTime:0.0005s ]
SQL: SELECT * FROM `market_company_statistics` WHERE `relevance_id` = 22 AND `date` = 1512748800 LIMIT 1   [ RunTime:0.0005s ]
SQL: UPDATE `market_company_statistics` SET `visit_total`=visit_total+1 WHERE `relevance_id` = 22 AND `date` = 1512748800 [ RunTime:0.0005s ]
SQL: SHOW COLUMNS FROM `market_system_news` [ RunTime:0.0006s ]
SQL: SELECT COUNT(*) AS tp_count FROM `market_system_news` WHERE `obj_id` = 744 AND `obj_type` = 1 AND `status` <> '-1' AND `is_read` = 0 LIMIT 1   [ RunTime:0.0005s ]
SQL: SHOW COLUMNS FROM `market_button_click_statistics` [ RunTime:0.0005s ]
SQL: SELECT * FROM `market_button_click_statistics` WHERE `company_id` = 22 AND `date` = 1512748800 AND `button_type` = 2 LIMIT 1   [ RunTime:0.0004s ]
SQL: INSERT INTO `market_button_click_statistics` (`company_id`,`date`,`button_type`) VALUES ('22','1512748800','2') [ RunTime:0.0004s ]

[ 2017-12-09T13:03:07+08:00 ] 113.96.219.248 /Template00002/Index/ajaxControl.html?companyName=huanbao&flag=indexButtonClickStatistics&button=2
INFO: [ app_init ] --START--
INFO: Run Behavior\BuildLiteBehavior [ RunTime:0.000014s ]
INFO: [ app_init ] --END-- [ RunTime:0.000265s ]
INFO: [ app_begin ] --START--
INFO: Run Behavior\ReadHtmlCacheBehavior [ RunTime:0.000332s ]
INFO: [ app_begin ] --END-- [ RunTime:0.000364s ]
SQL: SHOW COLUMNS FROM `market_project` [ RunTime:0.0007s ]
SQL: SELECT `id`,`template_id`,`category_id` FROM `market_project` WHERE `project_link` = 'www.chinaimigo.com' AND `status` = 0 LIMIT 1   [ RunTime:0.0004s ]
SQL: SHOW COLUMNS FROM `market_template_change` [ RunTime:0.0005s ]
SQL: SELECT `template_path` FROM `market_template_change` WHERE `id` = 2 LIMIT 1   [ RunTime:0.0004s ]
SQL: SHOW COLUMNS FROM `market_write_info` [ RunTime:0.0018s ]
SQL: SELECT `market_name`,`principal`,`phone`,`project_logo`,`email`,`address_id`,`address_info`,`abstruct`,`app_id`,`app_secret`,`mch_id`,`mch_sectet` FROM `market_write_info` WHERE `relevance_id` = 9 LIMIT 1   [ RunTime:0.0005s ]
SQL: SELECT `id` FROM `market_project` WHERE `project_link` = 'www.chinaimigo.com' LIMIT 1   [ RunTime:0.0004s ]
SQL: SHOW COLUMNS FROM `market_company` [ RunTime:0.0007s ]
SQL: SELECT `id` FROM `market_company` WHERE `web_postfix` = 'huanbao' AND `status` = 0 AND `relevance_id` = 9 LIMIT 1   [ RunTime:0.0004s ]
NOTIC: [8] Undefined index: visitor /var/www/html/amigo/amigo/Template00002/Controller/CommonController.class.php 第 56 行.
NOTIC: [8192] Non-static method Template00002\Model\CommonModel::saveStatis() should not be called statically, assuming $this from incompatible context /var/www/html/amigo/amigo/Template00002/Controller/CommonController.class.php 第 64 行.
SQL: SHOW COLUMNS FROM `market_system_news` [ RunTime:0.0006s ]
SQL: SELECT COUNT(*) AS tp_count FROM `market_system_news` WHERE `obj_id` = 811 AND `obj_type` = 1 AND `status` <> '-1' AND `is_read` = 0 LIMIT 1   [ RunTime:0.0004s ]
SQL: SHOW COLUMNS FROM `market_button_click_statistics` [ RunTime:0.0005s ]
SQL: SELECT * FROM `market_button_click_statistics` WHERE `company_id` = 22 AND `date` = 1512748800 AND `button_type` = 2 LIMIT 1   [ RunTime:0.0004s ]
SQL: UPDATE `market_button_click_statistics` SET `click_total`=click_total+1 WHERE `company_id` = 22 AND `date` = 1512748800 AND `button_type` = 2 [ RunTime:0.0006s ]

[ 2017-12-09T13:03:09+08:00 ] 113.96.219.248 /Template00002/Index/ajaxControl.html?companyName=huanbao&flag=indexButtonClickStatistics&button=5
INFO: [ app_init ] --START--
INFO: Run Behavior\BuildLiteBehavior [ RunTime:0.000015s ]
INFO: [ app_init ] --END-- [ RunTime:0.000261s ]
INFO: [ app_begin ] --START--
INFO: Run Behavior\ReadHtmlCacheBehavior [ RunTime:0.000295s ]
INFO: [ app_begin ] --END-- [ RunTime:0.000326s ]
SQL: SHOW COLUMNS FROM `market_project` [ RunTime:0.0008s ]
SQL: SELECT `id`,`template_id`,`category_id` FROM `market_project` WHERE `project_link` = 'www.chinaimigo.com' AND `status` = 0 LIMIT 1   [ RunTime:0.0004s ]
SQL: SHOW COLUMNS FROM `market_template_change` [ RunTime:0.0006s ]
SQL: SELECT `template_path` FROM `market_template_change` WHERE `id` = 2 LIMIT 1   [ RunTime:0.0004s ]
SQL: SHOW COLUMNS FROM `market_write_info` [ RunTime:0.0006s ]
SQL: SELECT `market_name`,`principal`,`phone`,`project_logo`,`email`,`address_id`,`address_info`,`abstruct`,`app_id`,`app_secret`,`mch_id`,`mch_sectet` FROM `market_write_info` WHERE `relevance_id` = 9 LIMIT 1   [ RunTime:0.0004s ]
SQL: SELECT `id` FROM `market_project` WHERE `project_link` = 'www.chinaimigo.com' LIMIT 1   [ RunTime:0.0003s ]
SQL: SHOW COLUMNS FROM `market_company` [ RunTime:0.0007s ]
SQL: SELECT `id` FROM `market_company` WHERE `web_postfix` = 'huanbao' AND `status` = 0 AND `relevance_id` = 9 LIMIT 1   [ RunTime:0.0004s ]
NOTIC: [8] Undefined index: visitor /var/www/html/amigo/amigo/Template00002/Controller/CommonController.class.php 第 56 行.
NOTIC: [8192] Non-static method Template00002\Model\CommonModel::saveStatis() should not be called statically, assuming $this from incompatible context /var/www/html/amigo/amigo/Template00002/Controller/CommonController.class.php 第 64 行.
SQL: SHOW COLUMNS FROM `market_system_news` [ RunTime:0.0005s ]
SQL: SELECT COUNT(*) AS tp_count FROM `market_system_news` WHERE `obj_id` = 811 AND `obj_type` = 1 AND `status` <> '-1' AND `is_read` = 0 LIMIT 1   [ RunTime:0.0004s ]
SQL: SHOW COLUMNS FROM `market_button_click_statistics` [ RunTime:0.0005s ]
SQL: SELECT * FROM `market_button_click_statistics` WHERE `company_id` = 22 AND `date` = 1512748800 AND `button_type` = 5 LIMIT 1   [ RunTime:0.0004s ]
SQL: INSERT INTO `market_button_click_statistics` (`company_id`,`date`,`button_type`) VALUES ('22','1512748800','5') [ RunTime:0.0004s ]

[ 2017-12-09T14:16:37+08:00 ] 183.36.112.205 /Template00002/Index/ajaxControl.html?companyName=huanbao&flag=indexButtonClickStatistics&button=2
INFO: [ app_init ] --START--
INFO: Run Behavior\BuildLiteBehavior [ RunTime:0.000011s ]
INFO: [ app_init ] --END-- [ RunTime:0.000217s ]
INFO: [ app_begin ] --START--
INFO: Run Behavior\ReadHtmlCacheBehavior [ RunTime:0.000273s ]
INFO: [ app_begin ] --END-- [ RunTime:0.000378s ]
SQL: SHOW COLUMNS FROM `market_project` [ RunTime:0.0007s ]
SQL: SELECT `id`,`template_id`,`category_id` FROM `market_project` WHERE `project_link` = 'www.chinaimigo.com' AND `status` = 0 LIMIT 1   [ RunTime:0.0004s ]
SQL: SHOW COLUMNS FROM `market_template_change` [ RunTime:0.0005s ]
SQL: SELECT `template_path` FROM `market_template_change` WHERE `id` = 2 LIMIT 1   [ RunTime:0.0003s ]
SQL: SHOW COLUMNS FROM `market_write_info` [ RunTime:0.0005s ]
SQL: SELECT `market_name`,`principal`,`phone`,`project_logo`,`email`,`address_id`,`address_info`,`abstruct`,`app_id`,`app_secret`,`mch_id`,`mch_sectet` FROM `market_write_info` WHERE `relevance_id` = 9 LIMIT 1   [ RunTime:0.0004s ]
SQL: SELECT `id` FROM `market_project` WHERE `project_link` = 'www.chinaimigo.com' LIMIT 1   [ RunTime:0.0003s ]
SQL: SHOW COLUMNS FROM `market_company` [ RunTime:0.0006s ]
SQL: SELECT `id` FROM `market_company` WHERE `web_postfix` = 'huanbao' AND `status` = 0 AND `relevance_id` = 9 LIMIT 1   [ RunTime:0.0004s ]
NOTIC: [8] Undefined index: visitor /var/www/html/amigo/amigo/Template00002/Controller/CommonController.class.php 第 56 行.
NOTIC: [8192] Non-static method Template00002\Model\CommonModel::saveStatis() should not be called statically, assuming $this from incompatible context /var/www/html/amigo/amigo/Template00002/Controller/CommonController.class.php 第 64 行.
SQL: SHOW COLUMNS FROM `market_system_news` [ RunTime:0.0005s ]
SQL: SELECT COUNT(*) AS tp_count FROM `market_system_news` WHERE `obj_id` = 744 AND `obj_type` = 1 AND `status` <> '-1' AND `is_read` = 0 LIMIT 1   [ RunTime:0.0004s ]
SQL: SHOW COLUMNS FROM `market_button_click_statistics` [ RunTime:0.0005s ]
SQL: SELECT * FROM `market_button_click_statistics` WHERE `company_id` = 22 AND `date` = 1512748800 AND `button_type` = 2 LIMIT 1   [ RunTime:0.0004s ]
SQL: UPDATE `market_button_click_statistics` SET `click_total`=click_total+1 WHERE `company_id` = 22 AND `date` = 1512748800 AND `button_type` = 2 [ RunTime:0.0005s ]

[ 2017-12-09T14:23:42+08:00 ] 183.36.112.205 /Template00002/Index/ajaxControl.html?companyName=huanbao&flag=indexButtonClickStatistics&button=2
INFO: [ app_init ] --START--
INFO: Run Behavior\BuildLiteBehavior [ RunTime:0.000010s ]
INFO: [ app_init ] --END-- [ RunTime:0.000218s ]
INFO: [ app_begin ] --START--
INFO: Run Behavior\ReadHtmlCacheBehavior [ RunTime:0.000304s ]
INFO: [ app_begin ] --END-- [ RunTime:0.000355s ]
SQL: SHOW COLUMNS FROM `market_project` [ RunTime:0.0007s ]
SQL: SELECT `id`,`template_id`,`category_id` FROM `market_project` WHERE `project_link` = 'www.chinaimigo.com' AND `status` = 0 LIMIT 1   [ RunTime:0.0004s ]
SQL: SHOW COLUMNS FROM `market_template_change` [ RunTime:0.0005s ]
SQL: SELECT `template_path` FROM `market_template_change` WHERE `id` = 2 LIMIT 1   [ RunTime:0.0004s ]
SQL: SHOW COLUMNS FROM `market_write_info` [ RunTime:0.0006s ]
SQL: SELECT `market_name`,`principal`,`phone`,`project_logo`,`email`,`address_id`,`address_info`,`abstruct`,`app_id`,`app_secret`,`mch_id`,`mch_sectet` FROM `market_write_info` WHERE `relevance_id` = 9 LIMIT 1   [ RunTime:0.0005s ]
SQL: SELECT `id` FROM `market_project` WHERE `project_link` = 'www.chinaimigo.com' LIMIT 1   [ RunTime:0.0003s ]
SQL: SHOW COLUMNS FROM `market_company` [ RunTime:0.0007s ]
SQL: SELECT `id` FROM `market_company` WHERE `web_postfix` = 'huanbao' AND `status` = 0 AND `relevance_id` = 9 LIMIT 1   [ RunTime:0.0004s ]
NOTIC: [8] Undefined index: visitor /var/www/html/amigo/amigo/Template00002/Controller/CommonController.class.php 第 56 行.
NOTIC: [8192] Non-static method Template00002\Model\CommonModel::saveStatis() should not be called statically, assuming $this from incompatible context /var/www/html/amigo/amigo/Template00002/Controller/CommonController.class.php 第 64 行.
SQL: SHOW COLUMNS FROM `market_system_news` [ RunTime:0.0006s ]
SQL: SELECT COUNT(*) AS tp_count FROM `market_system_news` WHERE `obj_id` = 744 AND `obj_type` = 1 AND `status` <> '-1' AND `is_read` = 0 LIMIT 1   [ RunTime:0.0005s ]
SQL: SHOW COLUMNS FROM `market_button_click_statistics` [ RunTime:0.0006s ]
SQL: SELECT * FROM `market_button_click_statistics` WHERE `company_id` = 22 AND `date` = 1512748800 AND `button_type` = 2 LIMIT 1   [ RunTime:0.0012s ]
SQL: UPDATE `market_button_click_statistics` SET `click_total`=click_total+1 WHERE `company_id` = 22 AND `date` = 1512748800 AND `button_type` = 2 [ RunTime:0.0005s ]

[ 2017-12-09T14:23:58+08:00 ] 183.36.112.205 /Template00002/Index/ajaxControl.html?companyName=huanbao&flag=indexButtonClickStatistics&button=3
INFO: [ app_init ] --START--
INFO: Run Behavior\BuildLiteBehavior [ RunTime:0.000014s ]
INFO: [ app_init ] --END-- [ RunTime:0.000267s ]
INFO: [ app_begin ] --START--
INFO: Run Behavior\ReadHtmlCacheBehavior [ RunTime:0.000261s ]
INFO: [ app_begin ] --END-- [ RunTime:0.000304s ]
SQL: SHOW COLUMNS FROM `market_project` [ RunTime:0.0007s ]
SQL: SELECT `id`,`template_id`,`category_id` FROM `market_project` WHERE `project_link` = 'www.chinaimigo.com' AND `status` = 0 LIMIT 1   [ RunTime:0.0004s ]
SQL: SHOW COLUMNS FROM `market_template_change` [ RunTime:0.0005s ]
SQL: SELECT `template_path` FROM `market_template_change` WHERE `id` = 2 LIMIT 1   [ RunTime:0.0004s ]
SQL: SHOW COLUMNS FROM `market_write_info` [ RunTime:0.0006s ]
SQL: SELECT `market_name`,`principal`,`phone`,`project_logo`,`email`,`address_id`,`address_info`,`abstruct`,`app_id`,`app_secret`,`mch_id`,`mch_sectet` FROM `market_write_info` WHERE `relevance_id` = 9 LIMIT 1   [ RunTime:0.0004s ]
SQL: SELECT `id` FROM `market_project` WHERE `project_link` = 'www.chinaimigo.com' LIMIT 1   [ RunTime:0.0003s ]
SQL: SHOW COLUMNS FROM `market_company` [ RunTime:0.0006s ]
SQL: SELECT `id` FROM `market_company` WHERE `web_postfix` = 'huanbao' AND `status` = 0 AND `relevance_id` = 9 LIMIT 1   [ RunTime:0.0004s ]
NOTIC: [8] Undefined index: visitor /var/www/html/amigo/amigo/Template00002/Controller/CommonController.class.php 第 56 行.
NOTIC: [8192] Non-static method Template00002\Model\CommonModel::saveStatis() should not be called statically, assuming $this from incompatible context /var/www/html/amigo/amigo/Template00002/Controller/CommonController.class.php 第 64 行.
SQL: SHOW COLUMNS FROM `market_system_news` [ RunTime:0.0005s ]
SQL: SELECT COUNT(*) AS tp_count FROM `market_system_news` WHERE `obj_id` = 744 AND `obj_type` = 1 AND `status` <> '-1' AND `is_read` = 0 LIMIT 1   [ RunTime:0.0004s ]
SQL: SHOW COLUMNS FROM `market_button_click_statistics` [ RunTime:0.0005s ]
SQL: SELECT * FROM `market_button_click_statistics` WHERE `company_id` = 22 AND `date` = 1512748800 AND `button_type` = 3 LIMIT 1   [ RunTime:0.0004s ]
SQL: INSERT INTO `market_button_click_statistics` (`company_id`,`date`,`button_type`) VALUES ('22','1512748800','3') [ RunTime:0.0014s ]

[ 2017-12-09T15:00:18+08:00 ] 14.116.137.167 /Template00002/Index/ajaxControl.html?companyName=huanbao&flag=indexButtonClickStatistics&button=1
INFO: [ app_init ] --START--
INFO: Run Behavior\BuildLiteBehavior [ RunTime:0.000012s ]
INFO: [ app_init ] --END-- [ RunTime:0.000327s ]
INFO: [ app_begin ] --START--
INFO: Run Behavior\ReadHtmlCacheBehavior [ RunTime:0.000411s ]
INFO: [ app_begin ] --END-- [ RunTime:0.000452s ]
SQL: SHOW COLUMNS FROM `market_project` [ RunTime:0.0007s ]
SQL: SELECT `id`,`template_id`,`category_id` FROM `market_project` WHERE `project_link` = 'www.chinaimigo.com' AND `status` = 0 LIMIT 1   [ RunTime:0.0004s ]
SQL: SHOW COLUMNS FROM `market_template_change` [ RunTime:0.0005s ]
SQL: SELECT `template_path` FROM `market_template_change` WHERE `id` = 2 LIMIT 1   [ RunTime:0.0003s ]
SQL: SHOW COLUMNS FROM `market_write_info` [ RunTime:0.0006s ]
SQL: SELECT `market_name`,`principal`,`phone`,`project_logo`,`email`,`address_id`,`address_info`,`abstruct`,`app_id`,`app_secret`,`mch_id`,`mch_sectet` FROM `market_write_info` WHERE `relevance_id` = 9 LIMIT 1   [ RunTime:0.0004s ]
SQL: SELECT `id` FROM `market_project` WHERE `project_link` = 'www.chinaimigo.com' LIMIT 1   [ RunTime:0.0003s ]
SQL: SHOW COLUMNS FROM `market_company` [ RunTime:0.0007s ]
SQL: SELECT `id` FROM `market_company` WHERE `web_postfix` = 'huanbao' AND `status` = 0 AND `relevance_id` = 9 LIMIT 1   [ RunTime:0.0004s ]
NOTIC: [8] Undefined index: visitor /var/www/html/amigo/amigo/Template00002/Controller/CommonController.class.php 第 56 行.
NOTIC: [8192] Non-static method Template00002\Model\CommonModel::saveStatis() should not be called statically, assuming $this from incompatible context /var/www/html/amigo/amigo/Template00002/Controller/CommonController.class.php 第 64 行.
SQL: SHOW COLUMNS FROM `market_system_news` [ RunTime:0.0006s ]
SQL: SELECT COUNT(*) AS tp_count FROM `market_system_news` WHERE `obj_id` = 836 AND `obj_type` = 1 AND `status` <> '-1' AND `is_read` = 0 LIMIT 1   [ RunTime:0.0004s ]
SQL: SHOW COLUMNS FROM `market_button_click_statistics` [ RunTime:0.0009s ]
SQL: SELECT * FROM `market_button_click_statistics` WHERE `company_id` = 22 AND `date` = 1512748800 AND `button_type` = 1 LIMIT 1   [ RunTime:0.0008s ]
SQL: INSERT INTO `market_button_click_statistics` (`company_id`,`date`,`button_type`) VALUES ('22','1512748800','1') [ RunTime:0.0004s ]

[ 2017-12-09T15:00:19+08:00 ] 14.116.137.167 /Template00002/Index/ajaxControl.html?companyName=huanbao&flag=indexButtonClickStatistics&button=1
INFO: [ app_init ] --START--
INFO: Run Behavior\BuildLiteBehavior [ RunTime:0.000012s ]
INFO: [ app_init ] --END-- [ RunTime:0.000289s ]
INFO: [ app_begin ] --START--
INFO: Run Behavior\ReadHtmlCacheBehavior [ RunTime:0.000302s ]
INFO: [ app_begin ] --END-- [ RunTime:0.000331s ]
SQL: SHOW COLUMNS FROM `market_project` [ RunTime:0.0008s ]
SQL: SELECT `id`,`template_id`,`category_id` FROM `market_project` WHERE `project_link` = 'www.chinaimigo.com' AND `status` = 0 LIMIT 1   [ RunTime:0.0004s ]
SQL: SHOW COLUMNS FROM `market_template_change` [ RunTime:0.0006s ]
SQL: SELECT `template_path` FROM `market_template_change` WHERE `id` = 2 LIMIT 1   [ RunTime:0.0003s ]
SQL: SHOW COLUMNS FROM `market_write_info` [ RunTime:0.0008s ]
SQL: SELECT `market_name`,`principal`,`phone`,`project_logo`,`email`,`address_id`,`address_info`,`abstruct`,`app_id`,`app_secret`,`mch_id`,`mch_sectet` FROM `market_write_info` WHERE `relevance_id` = 9 LIMIT 1   [ RunTime:0.0004s ]
SQL: SELECT `id` FROM `market_project` WHERE `project_link` = 'www.chinaimigo.com' LIMIT 1   [ RunTime:0.0009s ]
SQL: SHOW COLUMNS FROM `market_company` [ RunTime:0.0007s ]
SQL: SELECT `id` FROM `market_company` WHERE `web_postfix` = 'huanbao' AND `status` = 0 AND `relevance_id` = 9 LIMIT 1   [ RunTime:0.0004s ]
NOTIC: [8] Undefined index: visitor /var/www/html/amigo/amigo/Template00002/Controller/CommonController.class.php 第 56 行.
NOTIC: [8192] Non-static method Template00002\Model\CommonModel::saveStatis() should not be called statically, assuming $this from incompatible context /var/www/html/amigo/amigo/Template00002/Controller/CommonController.class.php 第 64 行.
SQL: SHOW COLUMNS FROM `market_system_news` [ RunTime:0.0005s ]
SQL: SELECT COUNT(*) AS tp_count FROM `market_system_news` WHERE `obj_id` = 836 AND `obj_type` = 1 AND `status` <> '-1' AND `is_read` = 0 LIMIT 1   [ RunTime:0.0004s ]
SQL: SHOW COLUMNS FROM `market_button_click_statistics` [ RunTime:0.0005s ]
SQL: SELECT * FROM `market_button_click_statistics` WHERE `company_id` = 22 AND `date` = 1512748800 AND `button_type` = 1 LIMIT 1   [ RunTime:0.0004s ]
SQL: UPDATE `market_button_click_statistics` SET `click_total`=click_total+1 WHERE `company_id` = 22 AND `date` = 1512748800 AND `button_type` = 1 [ RunTime:0.0004s ]

[ 2017-12-09T15:05:41+08:00 ] 183.36.112.205 /Template00002/Index/ajaxControl.html?companyName=huanbao&flag=indexButtonClickStatistics&button=2
INFO: [ app_init ] --START--
INFO: Run Behavior\BuildLiteBehavior [ RunTime:0.000011s ]
INFO: [ app_init ] --END-- [ RunTime:0.000264s ]
INFO: [ app_begin ] --START--
INFO: Run Behavior\ReadHtmlCacheBehavior [ RunTime:0.000277s ]
INFO: [ app_begin ] --END-- [ RunTime:0.000322s ]
SQL: SHOW COLUMNS FROM `market_project` [ RunTime:0.0007s ]
SQL: SELECT `id`,`template_id`,`category_id` FROM `market_project` WHERE `project_link` = 'www.chinaimigo.com' AND `status` = 0 LIMIT 1   [ RunTime:0.0004s ]
SQL: SHOW COLUMNS FROM `market_template_change` [ RunTime:0.0005s ]
SQL: SELECT `template_path` FROM `market_template_change` WHERE `id` = 2 LIMIT 1   [ RunTime:0.0004s ]
SQL: SHOW COLUMNS FROM `market_write_info` [ RunTime:0.0006s ]
SQL: SELECT `market_name`,`principal`,`phone`,`project_logo`,`email`,`address_id`,`address_info`,`abstruct`,`app_id`,`app_secret`,`mch_id`,`mch_sectet` FROM `market_write_info` WHERE `relevance_id` = 9 LIMIT 1   [ RunTime:0.0004s ]
SQL: SELECT `id` FROM `market_project` WHERE `project_link` = 'www.chinaimigo.com' LIMIT 1   [ RunTime:0.0003s ]
SQL: SHOW COLUMNS FROM `market_company` [ RunTime:0.0007s ]
SQL: SELECT `id` FROM `market_company` WHERE `web_postfix` = 'huanbao' AND `status` = 0 AND `relevance_id` = 9 LIMIT 1   [ RunTime:0.0004s ]
NOTIC: [8] Undefined index: visitor /var/www/html/amigo/amigo/Template00002/Controller/CommonController.class.php 第 56 行.
NOTIC: [8192] Non-static method Template00002\Model\CommonModel::saveStatis() should not be called statically, assuming $this from incompatible context /var/www/html/amigo/amigo/Template00002/Controller/CommonController.class.php 第 64 行.
SQL: SHOW COLUMNS FROM `market_system_news` [ RunTime:0.0005s ]
SQL: SELECT COUNT(*) AS tp_count FROM `market_system_news` WHERE `obj_id` = 744 AND `obj_type` = 1 AND `status` <> '-1' AND `is_read` = 0 LIMIT 1   [ RunTime:0.0004s ]
SQL: SHOW COLUMNS FROM `market_button_click_statistics` [ RunTime:0.0005s ]
SQL: SELECT * FROM `market_button_click_statistics` WHERE `company_id` = 22 AND `date` = 1512748800 AND `button_type` = 2 LIMIT 1   [ RunTime:0.0005s ]
SQL: UPDATE `market_button_click_statistics` SET `click_total`=click_total+1 WHERE `company_id` = 22 AND `date` = 1512748800 AND `button_type` = 2 [ RunTime:0.0005s ]

[ 2017-12-09T15:05:41+08:00 ] 183.36.112.205 /Template00002/Index/ajaxControl.html?companyName=huanbao&flag=indexButtonClickStatistics&button=2
INFO: [ app_init ] --START--
INFO: Run Behavior\BuildLiteBehavior [ RunTime:0.000010s ]
INFO: [ app_init ] --END-- [ RunTime:0.000239s ]
INFO: [ app_begin ] --START--
INFO: Run Behavior\ReadHtmlCacheBehavior [ RunTime:0.000282s ]
INFO: [ app_begin ] --END-- [ RunTime:0.000312s ]
SQL: SHOW COLUMNS FROM `market_project` [ RunTime:0.0006s ]
SQL: SELECT `id`,`template_id`,`category_id` FROM `market_project` WHERE `project_link` = 'www.chinaimigo.com' AND `status` = 0 LIMIT 1   [ RunTime:0.0004s ]
SQL: SHOW COLUMNS FROM `market_template_change` [ RunTime:0.0005s ]
SQL: SELECT `template_path` FROM `market_template_change` WHERE `id` = 2 LIMIT 1   [ RunTime:0.0003s ]
SQL: SHOW COLUMNS FROM `market_write_info` [ RunTime:0.0006s ]
SQL: SELECT `market_name`,`principal`,`phone`,`project_logo`,`email`,`address_id`,`address_info`,`abstruct`,`app_id`,`app_secret`,`mch_id`,`mch_sectet` FROM `market_write_info` WHERE `relevance_id` = 9 LIMIT 1   [ RunTime:0.0004s ]
SQL: SELECT `id` FROM `market_project` WHERE `project_link` = 'www.chinaimigo.com' LIMIT 1   [ RunTime:0.0004s ]
SQL: SHOW COLUMNS FROM `market_company` [ RunTime:0.0007s ]
SQL: SELECT `id` FROM `market_company` WHERE `web_postfix` = 'huanbao' AND `status` = 0 AND `relevance_id` = 9 LIMIT 1   [ RunTime:0.0004s ]
NOTIC: [8] Undefined index: visitor /var/www/html/amigo/amigo/Template00002/Controller/CommonController.class.php 第 56 行.
NOTIC: [8192] Non-static method Template00002\Model\CommonModel::saveStatis() should not be called statically, assuming $this from incompatible context /var/www/html/amigo/amigo/Template00002/Controller/CommonController.class.php 第 64 行.
SQL: SHOW COLUMNS FROM `market_system_news` [ RunTime:0.0006s ]
SQL: SELECT COUNT(*) AS tp_count FROM `market_system_news` WHERE `obj_id` = 744 AND `obj_type` = 1 AND `status` <> '-1' AND `is_read` = 0 LIMIT 1   [ RunTime:0.0005s ]
SQL: SHOW COLUMNS FROM `market_button_click_statistics` [ RunTime:0.0005s ]
SQL: SELECT * FROM `market_button_click_statistics` WHERE `company_id` = 22 AND `date` = 1512748800 AND `button_type` = 2 LIMIT 1   [ RunTime:0.0004s ]
SQL: UPDATE `market_button_click_statistics` SET `click_total`=click_total+1 WHERE `company_id` = 22 AND `date` = 1512748800 AND `button_type` = 2 [ RunTime:0.0005s ]

[ 2017-12-09T15:05:42+08:00 ] 183.36.112.205 /Template00002/Index/ajaxControl.html?companyName=huanbao&flag=indexButtonClickStatistics&button=2
INFO: [ app_init ] --START--
INFO: Run Behavior\BuildLiteBehavior [ RunTime:0.000011s ]
INFO: [ app_init ] --END-- [ RunTime:0.000233s ]
INFO: [ app_begin ] --START--
INFO: Run Behavior\ReadHtmlCacheBehavior [ RunTime:0.000313s ]
INFO: [ app_begin ] --END-- [ RunTime:0.000343s ]
SQL: SHOW COLUMNS FROM `market_project` [ RunTime:0.0006s ]
SQL: SELECT `id`,`template_id`,`category_id` FROM `market_project` WHERE `project_link` = 'www.chinaimigo.com' AND `status` = 0 LIMIT 1   [ RunTime:0.0004s ]
SQL: SHOW COLUMNS FROM `market_template_change` [ RunTime:0.0005s ]
SQL: SELECT `template_path` FROM `market_template_change` WHERE `id` = 2 LIMIT 1   [ RunTime:0.0003s ]
SQL: SHOW COLUMNS FROM `market_write_info` [ RunTime:0.0005s ]
SQL: SELECT `market_name`,`principal`,`phone`,`project_logo`,`email`,`address_id`,`address_info`,`abstruct`,`app_id`,`app_secret`,`mch_id`,`mch_sectet` FROM `market_write_info` WHERE `relevance_id` = 9 LIMIT 1   [ RunTime:0.0004s ]
SQL: SELECT `id` FROM `market_project` WHERE `project_link` = 'www.chinaimigo.com' LIMIT 1   [ RunTime:0.0004s ]
SQL: SHOW COLUMNS FROM `market_company` [ RunTime:0.0007s ]
SQL: SELECT `id` FROM `market_company` WHERE `web_postfix` = 'huanbao' AND `status` = 0 AND `relevance_id` = 9 LIMIT 1   [ RunTime:0.0004s ]
NOTIC: [8] Undefined index: visitor /var/www/html/amigo/amigo/Template00002/Controller/CommonController.class.php 第 56 行.
NOTIC: [8192] Non-static method Template00002\Model\CommonModel::saveStatis() should not be called statically, assuming $this from incompatible context /var/www/html/amigo/amigo/Template00002/Controller/CommonController.class.php 第 64 行.
SQL: SHOW COLUMNS FROM `market_system_news` [ RunTime:0.0006s ]
SQL: SELECT COUNT(*) AS tp_count FROM `market_system_news` WHERE `obj_id` = 744 AND `obj_type` = 1 AND `status` <> '-1' AND `is_read` = 0 LIMIT 1   [ RunTime:0.0004s ]
SQL: SHOW COLUMNS FROM `market_button_click_statistics` [ RunTime:0.0006s ]
SQL: SELECT * FROM `market_button_click_statistics` WHERE `company_id` = 22 AND `date` = 1512748800 AND `button_type` = 2 LIMIT 1   [ RunTime:0.0005s ]
SQL: UPDATE `market_button_click_statistics` SET `click_total`=click_total+1 WHERE `company_id` = 22 AND `date` = 1512748800 AND `button_type` = 2 [ RunTime:0.0005s ]

[ 2017-12-09T15:16:14+08:00 ] 183.3.227.102 /Template00002/Index/ajaxControl.html?companyName=yuancun&flag=indexButtonClickStatistics&button=2
INFO: [ app_init ] --START--
INFO: Run Behavior\BuildLiteBehavior [ RunTime:0.000011s ]
INFO: [ app_init ] --END-- [ RunTime:0.000265s ]
INFO: [ app_begin ] --START--
INFO: Run Behavior\ReadHtmlCacheBehavior [ RunTime:0.000303s ]
INFO: [ app_begin ] --END-- [ RunTime:0.000342s ]
SQL: SHOW COLUMNS FROM `market_project` [ RunTime:0.0007s ]
SQL: SELECT `id`,`template_id`,`category_id` FROM `market_project` WHERE `project_link` = 'www.chinaimigo.com' AND `status` = 0 LIMIT 1   [ RunTime:0.0005s ]
SQL: SHOW COLUMNS FROM `market_template_change` [ RunTime:0.0007s ]
SQL: SELECT `template_path` FROM `market_template_change` WHERE `id` = 2 LIMIT 1   [ RunTime:0.0006s ]
SQL: SHOW COLUMNS FROM `market_write_info` [ RunTime:0.0007s ]
SQL: SELECT `market_name`,`principal`,`phone`,`project_logo`,`email`,`address_id`,`address_info`,`abstruct`,`app_id`,`app_secret`,`mch_id`,`mch_sectet` FROM `market_write_info` WHERE `relevance_id` = 9 LIMIT 1   [ RunTime:0.0007s ]
SQL: SELECT `id` FROM `market_project` WHERE `project_link` = 'www.chinaimigo.com' LIMIT 1   [ RunTime:0.0004s ]
SQL: SHOW COLUMNS FROM `market_company` [ RunTime:0.0009s ]
SQL: SELECT `id` FROM `market_company` WHERE `web_postfix` = 'yuancun' AND `status` = 0 AND `relevance_id` = 9 LIMIT 1   [ RunTime:0.0004s ]
NOTIC: [8] Undefined index: visitor /var/www/html/amigo/amigo/Template00002/Controller/CommonController.class.php 第 56 行.
NOTIC: [8192] Non-static method Template00002\Model\CommonModel::saveStatis() should not be called statically, assuming $this from incompatible context /var/www/html/amigo/amigo/Template00002/Controller/CommonController.class.php 第 64 行.
SQL: SHOW COLUMNS FROM `market_system_news` [ RunTime:0.0007s ]
SQL: SELECT COUNT(*) AS tp_count FROM `market_system_news` WHERE `obj_id` = 821 AND `obj_type` = 1 AND `status` <> '-1' AND `is_read` = 0 LIMIT 1   [ RunTime:0.0004s ]
SQL: SHOW COLUMNS FROM `market_button_click_statistics` [ RunTime:0.0006s ]
SQL: SELECT * FROM `market_button_click_statistics` WHERE `company_id` = 20 AND `date` = 1512748800 AND `button_type` = 2 LIMIT 1   [ RunTime:0.0004s ]
SQL: UPDATE `market_button_click_statistics` SET `click_total`=click_total+1 WHERE `company_id` = 20 AND `date` = 1512748800 AND `button_type` = 2 [ RunTime:0.0005s ]

[ 2017-12-09T15:19:13+08:00 ] 183.36.112.205 /Template00002/Index/ajaxControl.html?companyName=huanbao&flag=indexButtonClickStatistics&button=1
INFO: [ app_init ] --START--
INFO: Run Behavior\BuildLiteBehavior [ RunTime:0.000011s ]
INFO: [ app_init ] --END-- [ RunTime:0.000224s ]
INFO: [ app_begin ] --START--
INFO: Run Behavior\ReadHtmlCacheBehavior [ RunTime:0.000293s ]
INFO: [ app_begin ] --END-- [ RunTime:0.000327s ]
SQL: SHOW COLUMNS FROM `market_project` [ RunTime:0.0007s ]
SQL: SELECT `id`,`template_id`,`category_id` FROM `market_project` WHERE `project_link` = 'www.chinaimigo.com' AND `status` = 0 LIMIT 1   [ RunTime:0.0004s ]
SQL: SHOW COLUMNS FROM `market_template_change` [ RunTime:0.0005s ]
SQL: SELECT `template_path` FROM `market_template_change` WHERE `id` = 2 LIMIT 1   [ RunTime:0.0004s ]
SQL: SHOW COLUMNS FROM `market_write_info` [ RunTime:0.0006s ]
SQL: SELECT `market_name`,`principal`,`phone`,`project_logo`,`email`,`address_id`,`address_info`,`abstruct`,`app_id`,`app_secret`,`mch_id`,`mch_sectet` FROM `market_write_info` WHERE `relevance_id` = 9 LIMIT 1   [ RunTime:0.0004s ]
SQL: SELECT `id` FROM `market_project` WHERE `project_link` = 'www.chinaimigo.com' LIMIT 1   [ RunTime:0.0003s ]
SQL: SHOW COLUMNS FROM `market_company` [ RunTime:0.0007s ]
SQL: SELECT `id` FROM `market_company` WHERE `web_postfix` = 'huanbao' AND `status` = 0 AND `relevance_id` = 9 LIMIT 1   [ RunTime:0.0004s ]
NOTIC: [8] Undefined index: visitor /var/www/html/amigo/amigo/Template00002/Controller/CommonController.class.php 第 56 行.
NOTIC: [8192] Non-static method Template00002\Model\CommonModel::saveStatis() should not be called statically, assuming $this from incompatible context /var/www/html/amigo/amigo/Template00002/Controller/CommonController.class.php 第 64 行.
SQL: SHOW COLUMNS FROM `market_system_news` [ RunTime:0.0006s ]
SQL: SELECT COUNT(*) AS tp_count FROM `market_system_news` WHERE `obj_id` = 744 AND `obj_type` = 1 AND `status` <> '-1' AND `is_read` = 0 LIMIT 1   [ RunTime:0.0005s ]
SQL: SHOW COLUMNS FROM `market_button_click_statistics` [ RunTime:0.0006s ]
SQL: SELECT * FROM `market_button_click_statistics` WHERE `company_id` = 22 AND `date` = 1512748800 AND `button_type` = 1 LIMIT 1   [ RunTime:0.0004s ]
SQL: UPDATE `market_button_click_statistics` SET `click_total`=click_total+1 WHERE `company_id` = 22 AND `date` = 1512748800 AND `button_type` = 1 [ RunTime:0.0005s ]

[ 2017-12-09T17:23:21+08:00 ] 183.3.227.102 /Template00002/Index/ajaxControl.html?companyName=yuancun&flag=indexButtonClickStatistics&button=5
INFO: [ app_init ] --START--
INFO: Run Behavior\BuildLiteBehavior [ RunTime:0.000012s ]
INFO: [ app_init ] --END-- [ RunTime:0.000300s ]
INFO: [ app_begin ] --START--
INFO: Run Behavior\ReadHtmlCacheBehavior [ RunTime:0.000290s ]
INFO: [ app_begin ] --END-- [ RunTime:0.000321s ]
SQL: SHOW COLUMNS FROM `market_project` [ RunTime:0.0007s ]
SQL: SELECT `id`,`template_id`,`category_id` FROM `market_project` WHERE `project_link` = 'www.chinaimigo.com' AND `status` = 0 LIMIT 1   [ RunTime:0.0004s ]
SQL: SHOW COLUMNS FROM `market_template_change` [ RunTime:0.0005s ]
SQL: SELECT `template_path` FROM `market_template_change` WHERE `id` = 2 LIMIT 1   [ RunTime:0.0003s ]
SQL: SHOW COLUMNS FROM `market_write_info` [ RunTime:0.0006s ]
SQL: SELECT `market_name`,`principal`,`phone`,`project_logo`,`email`,`address_id`,`address_info`,`abstruct`,`app_id`,`app_secret`,`mch_id`,`mch_sectet` FROM `market_write_info` WHERE `relevance_id` = 9 LIMIT 1   [ RunTime:0.0004s ]
SQL: SELECT `id` FROM `market_project` WHERE `project_link` = 'www.chinaimigo.com' LIMIT 1   [ RunTime:0.0004s ]
SQL: SHOW COLUMNS FROM `market_company` [ RunTime:0.0007s ]
SQL: SELECT `id` FROM `market_company` WHERE `web_postfix` = 'yuancun' AND `status` = 0 AND `relevance_id` = 9 LIMIT 1   [ RunTime:0.0004s ]
NOTIC: [8] Undefined index: visitor /var/www/html/amigo/amigo/Template00002/Controller/CommonController.class.php 第 56 行.
NOTIC: [8192] Non-static method Template00002\Model\CommonModel::saveStatis() should not be called statically, assuming $this from incompatible context /var/www/html/amigo/amigo/Template00002/Controller/CommonController.class.php 第 64 行.
SQL: SHOW COLUMNS FROM `market_system_news` [ RunTime:0.0005s ]
SQL: SELECT COUNT(*) AS tp_count FROM `market_system_news` WHERE `obj_id` = 844 AND `obj_type` = 1 AND `status` <> '-1' AND `is_read` = 0 LIMIT 1   [ RunTime:0.0004s ]
SQL: SHOW COLUMNS FROM `market_button_click_statistics` [ RunTime:0.0005s ]
SQL: SELECT * FROM `market_button_click_statistics` WHERE `company_id` = 20 AND `date` = 1512748800 AND `button_type` = 5 LIMIT 1   [ RunTime:0.0005s ]
SQL: INSERT INTO `market_button_click_statistics` (`company_id`,`date`,`button_type`) VALUES ('20','1512748800','5') [ RunTime:0.0005s ]

[ 2017-12-09T18:14:37+08:00 ] 183.3.226.234 /Template00002/Index/ajaxControl.html?companyName=huanbao&flag=indexButtonClickStatistics&button=5
INFO: [ app_init ] --START--
INFO: Run Behavior\BuildLiteBehavior [ RunTime:0.000011s ]
INFO: [ app_init ] --END-- [ RunTime:0.000259s ]
INFO: [ app_begin ] --START--
INFO: Run Behavior\ReadHtmlCacheBehavior [ RunTime:0.000278s ]
INFO: [ app_begin ] --END-- [ RunTime:0.000307s ]
SQL: SHOW COLUMNS FROM `market_project` [ RunTime:0.0007s ]
SQL: SELECT `id`,`template_id`,`category_id` FROM `market_project` WHERE `project_link` = 'www.chinaimigo.com' AND `status` = 0 LIMIT 1   [ RunTime:0.0004s ]
SQL: SHOW COLUMNS FROM `market_template_change` [ RunTime:0.0006s ]
SQL: SELECT `template_path` FROM `market_template_change` WHERE `id` = 2 LIMIT 1   [ RunTime:0.0004s ]
SQL: SHOW COLUMNS FROM `market_write_info` [ RunTime:0.0006s ]
SQL: SELECT `market_name`,`principal`,`phone`,`project_logo`,`email`,`address_id`,`address_info`,`abstruct`,`app_id`,`app_secret`,`mch_id`,`mch_sectet` FROM `market_write_info` WHERE `relevance_id` = 9 LIMIT 1   [ RunTime:0.0004s ]
SQL: SELECT `id` FROM `market_project` WHERE `project_link` = 'www.chinaimigo.com' LIMIT 1   [ RunTime:0.0004s ]
SQL: SHOW COLUMNS FROM `market_company` [ RunTime:0.0007s ]
SQL: SELECT `id` FROM `market_company` WHERE `web_postfix` = 'huanbao' AND `status` = 0 AND `relevance_id` = 9 LIMIT 1   [ RunTime:0.0004s ]
NOTIC: [8] Undefined index: visitor /var/www/html/amigo/amigo/Template00002/Controller/CommonController.class.php 第 56 行.
NOTIC: [8192] Non-static method Template00002\Model\CommonModel::saveStatis() should not be called statically, assuming $this from incompatible context /var/www/html/amigo/amigo/Template00002/Controller/CommonController.class.php 第 64 行.
SQL: SHOW COLUMNS FROM `market_system_news` [ RunTime:0.0006s ]
SQL: SELECT COUNT(*) AS tp_count FROM `market_system_news` WHERE `obj_id` = 843 AND `obj_type` = 1 AND `status` <> '-1' AND `is_read` = 0 LIMIT 1   [ RunTime:0.0004s ]
SQL: SHOW COLUMNS FROM `market_button_click_statistics` [ RunTime:0.0006s ]
SQL: SELECT * FROM `market_button_click_statistics` WHERE `company_id` = 22 AND `date` = 1512748800 AND `button_type` = 5 LIMIT 1   [ RunTime:0.0005s ]
SQL: UPDATE `market_button_click_statistics` SET `click_total`=click_total+1 WHERE `company_id` = 22 AND `date` = 1512748800 AND `button_type` = 5 [ RunTime:0.0005s ]

[ 2017-12-09T19:20:12+08:00 ] 183.3.255.32 /Template00002/Index/ajaxControl.html?companyName=yuancun&flag=indexButtonClickStatistics&button=2
INFO: [ app_init ] --START--
INFO: Run Behavior\BuildLiteBehavior [ RunTime:0.000027s ]
INFO: [ app_init ] --END-- [ RunTime:0.000509s ]
INFO: [ app_begin ] --START--
INFO: Run Behavior\ReadHtmlCacheBehavior [ RunTime:0.000552s ]
INFO: [ app_begin ] --END-- [ RunTime:0.000606s ]
SQL: SHOW COLUMNS FROM `market_project` [ RunTime:0.0006s ]
SQL: SELECT `id`,`template_id`,`category_id` FROM `market_project` WHERE `project_link` = 'www.chinaimigo.com' AND `status` = 0 LIMIT 1   [ RunTime:0.0004s ]
SQL: SHOW COLUMNS FROM `market_template_change` [ RunTime:0.0005s ]
SQL: SELECT `template_path` FROM `market_template_change` WHERE `id` = 2 LIMIT 1   [ RunTime:0.0004s ]
SQL: SHOW COLUMNS FROM `market_write_info` [ RunTime:0.0006s ]
SQL: SELECT `market_name`,`principal`,`phone`,`project_logo`,`email`,`address_id`,`address_info`,`abstruct`,`app_id`,`app_secret`,`mch_id`,`mch_sectet` FROM `market_write_info` WHERE `relevance_id` = 9 LIMIT 1   [ RunTime:0.0005s ]
SQL: SELECT `id` FROM `market_project` WHERE `project_link` = 'www.chinaimigo.com' LIMIT 1   [ RunTime:0.0003s ]
SQL: SHOW COLUMNS FROM `market_company` [ RunTime:0.0007s ]
SQL: SELECT `id` FROM `market_company` WHERE `web_postfix` = 'yuancun' AND `status` = 0 AND `relevance_id` = 9 LIMIT 1   [ RunTime:0.0003s ]
NOTIC: [8] Undefined index: visitor /var/www/html/amigo/amigo/Template00002/Controller/CommonController.class.php 第 56 行.
NOTIC: [8192] Non-static method Template00002\Model\CommonModel::saveStatis() should not be called statically, assuming $this from incompatible context /var/www/html/amigo/amigo/Template00002/Controller/CommonController.class.php 第 64 行.
SQL: SHOW COLUMNS FROM `market_system_news` [ RunTime:0.0005s ]
SQL: SELECT COUNT(*) AS tp_count FROM `market_system_news` WHERE `obj_id` = 766 AND `obj_type` = 1 AND `status` <> '-1' AND `is_read` = 0 LIMIT 1   [ RunTime:0.0008s ]
SQL: SHOW COLUMNS FROM `market_button_click_statistics` [ RunTime:0.0005s ]
SQL: SELECT * FROM `market_button_click_statistics` WHERE `company_id` = 20 AND `date` = 1512748800 AND `button_type` = 2 LIMIT 1   [ RunTime:0.0005s ]
SQL: UPDATE `market_button_click_statistics` SET `click_total`=click_total+1 WHERE `company_id` = 20 AND `date` = 1512748800 AND `button_type` = 2 [ RunTime:0.0005s ]

[ 2017-12-09T19:20:30+08:00 ] 183.3.255.32 /Template00002/Index/ajaxControl.html?companyName=yuancun&flag=indexButtonClickStatistics&button=5
INFO: [ app_init ] --START--
INFO: Run Behavior\BuildLiteBehavior [ RunTime:0.000014s ]
INFO: [ app_init ] --END-- [ RunTime:0.000347s ]
INFO: [ app_begin ] --START--
INFO: Run Behavior\ReadHtmlCacheBehavior [ RunTime:0.000407s ]
INFO: [ app_begin ] --END-- [ RunTime:0.000450s ]
SQL: SHOW COLUMNS FROM `market_project` [ RunTime:0.0007s ]
SQL: SELECT `id`,`template_id`,`category_id` FROM `market_project` WHERE `project_link` = 'www.chinaimigo.com' AND `status` = 0 LIMIT 1   [ RunTime:0.0004s ]
SQL: SHOW COLUMNS FROM `market_template_change` [ RunTime:0.0005s ]
SQL: SELECT `template_path` FROM `market_template_change` WHERE `id` = 2 LIMIT 1   [ RunTime:0.0005s ]
SQL: SHOW COLUMNS FROM `market_write_info` [ RunTime:0.0005s ]
SQL: SELECT `market_name`,`principal`,`phone`,`project_logo`,`email`,`address_id`,`address_info`,`abstruct`,`app_id`,`app_secret`,`mch_id`,`mch_sectet` FROM `market_write_info` WHERE `relevance_id` = 9 LIMIT 1   [ RunTime:0.0004s ]
SQL: SELECT `id` FROM `market_project` WHERE `project_link` = 'www.chinaimigo.com' LIMIT 1   [ RunTime:0.0004s ]
SQL: SHOW COLUMNS FROM `market_company` [ RunTime:0.0007s ]
SQL: SELECT `id` FROM `market_company` WHERE `web_postfix` = 'yuancun' AND `status` = 0 AND `relevance_id` = 9 LIMIT 1   [ RunTime:0.0004s ]
NOTIC: [8] Undefined index: visitor /var/www/html/amigo/amigo/Template00002/Controller/CommonController.class.php 第 56 行.
NOTIC: [8192] Non-static method Template00002\Model\CommonModel::saveStatis() should not be called statically, assuming $this from incompatible context /var/www/html/amigo/amigo/Template00002/Controller/CommonController.class.php 第 64 行.
SQL: SHOW COLUMNS FROM `market_system_news` [ RunTime:0.0006s ]
SQL: SELECT COUNT(*) AS tp_count FROM `market_system_news` WHERE `obj_id` = 766 AND `obj_type` = 1 AND `status` <> '-1' AND `is_read` = 0 LIMIT 1   [ RunTime:0.0004s ]
SQL: SHOW COLUMNS FROM `market_button_click_statistics` [ RunTime:0.0006s ]
SQL: SELECT * FROM `market_button_click_statistics` WHERE `company_id` = 20 AND `date` = 1512748800 AND `button_type` = 5 LIMIT 1   [ RunTime:0.0004s ]
SQL: UPDATE `market_button_click_statistics` SET `click_total`=click_total+1 WHERE `company_id` = 20 AND `date` = 1512748800 AND `button_type` = 5 [ RunTime:0.0005s ]

[ 2017-12-09T19:20:36+08:00 ] 183.3.255.32 /Template00002/Index/ajaxControl.html?companyName=003&flag=indexButtonClickStatistics&button=2
INFO: [ app_init ] --START--
INFO: Run Behavior\BuildLiteBehavior [ RunTime:0.000018s ]
INFO: [ app_init ] --END-- [ RunTime:0.000330s ]
INFO: [ app_begin ] --START--
INFO: Run Behavior\ReadHtmlCacheBehavior [ RunTime:0.000486s ]
INFO: [ app_begin ] --END-- [ RunTime:0.000537s ]
SQL: SHOW COLUMNS FROM `market_project` [ RunTime:0.0007s ]
SQL: SELECT `id`,`template_id`,`category_id` FROM `market_project` WHERE `project_link` = 'www.chinaimigo.com' AND `status` = 0 LIMIT 1   [ RunTime:0.0005s ]
SQL: SHOW COLUMNS FROM `market_template_change` [ RunTime:0.0006s ]
SQL: SELECT `template_path` FROM `market_template_change` WHERE `id` = 2 LIMIT 1   [ RunTime:0.0004s ]
SQL: SHOW COLUMNS FROM `market_write_info` [ RunTime:0.0006s ]
SQL: SELECT `market_name`,`principal`,`phone`,`project_logo`,`email`,`address_id`,`address_info`,`abstruct`,`app_id`,`app_secret`,`mch_id`,`mch_sectet` FROM `market_write_info` WHERE `relevance_id` = 9 LIMIT 1   [ RunTime:0.0004s ]
SQL: SELECT `id` FROM `market_project` WHERE `project_link` = 'www.chinaimigo.com' LIMIT 1   [ RunTime:0.0004s ]
SQL: SHOW COLUMNS FROM `market_company` [ RunTime:0.0009s ]
SQL: SELECT `id` FROM `market_company` WHERE `web_postfix` = '003' AND `status` = 0 AND `relevance_id` = 9 LIMIT 1   [ RunTime:0.0004s ]
NOTIC: [8] Undefined index: visitor /var/www/html/amigo/amigo/Template00002/Controller/CommonController.class.php 第 56 行.
NOTIC: [8192] Non-static method Template00002\Model\CommonModel::saveStatis() should not be called statically, assuming $this from incompatible context /var/www/html/amigo/amigo/Template00002/Controller/CommonController.class.php 第 64 行.
SQL: SHOW COLUMNS FROM `market_company_statistics` [ RunTime:0.0005s ]
SQL: SELECT * FROM `market_company_statistics` WHERE `relevance_id` = 12 AND `date` = 1512748800 LIMIT 1   [ RunTime:0.0004s ]
SQL: UPDATE `market_company_statistics` SET `visit_total`=visit_total+1 WHERE `relevance_id` = 12 AND `date` = 1512748800 [ RunTime:0.0005s ]
SQL: SHOW COLUMNS FROM `market_system_news` [ RunTime:0.0006s ]
SQL: SELECT COUNT(*) AS tp_count FROM `market_system_news` WHERE `obj_id` = 766 AND `obj_type` = 1 AND `status` <> '-1' AND `is_read` = 0 LIMIT 1   [ RunTime:0.0004s ]
SQL: SHOW COLUMNS FROM `market_button_click_statistics` [ RunTime:0.0005s ]
SQL: SELECT * FROM `market_button_click_statistics` WHERE `company_id` = 12 AND `date` = 1512748800 AND `button_type` = 2 LIMIT 1   [ RunTime:0.0004s ]
SQL: INSERT INTO `market_button_click_statistics` (`company_id`,`date`,`button_type`) VALUES ('12','1512748800','2') [ RunTime:0.0004s ]

[ 2017-12-09T19:21:37+08:00 ] 183.3.255.32 /Template00002/Index/ajaxControl.html?companyName=003&flag=indexButtonClickStatistics&button=5
INFO: [ app_init ] --START--
INFO: Run Behavior\BuildLiteBehavior [ RunTime:0.000012s ]
INFO: [ app_init ] --END-- [ RunTime:0.000292s ]
INFO: [ app_begin ] --START--
INFO: Run Behavior\ReadHtmlCacheBehavior [ RunTime:0.000389s ]
INFO: [ app_begin ] --END-- [ RunTime:0.000433s ]
SQL: SHOW COLUMNS FROM `market_project` [ RunTime:0.0006s ]
SQL: SELECT `id`,`template_id`,`category_id` FROM `market_project` WHERE `project_link` = 'www.chinaimigo.com' AND `status` = 0 LIMIT 1   [ RunTime:0.0004s ]
SQL: SHOW COLUMNS FROM `market_template_change` [ RunTime:0.0005s ]
SQL: SELECT `template_path` FROM `market_template_change` WHERE `id` = 2 LIMIT 1   [ RunTime:0.0004s ]
SQL: SHOW COLUMNS FROM `market_write_info` [ RunTime:0.0006s ]
SQL: SELECT `market_name`,`principal`,`phone`,`project_logo`,`email`,`address_id`,`address_info`,`abstruct`,`app_id`,`app_secret`,`mch_id`,`mch_sectet` FROM `market_write_info` WHERE `relevance_id` = 9 LIMIT 1   [ RunTime:0.0005s ]
SQL: SELECT `id` FROM `market_project` WHERE `project_link` = 'www.chinaimigo.com' LIMIT 1   [ RunTime:0.0004s ]
SQL: SHOW COLUMNS FROM `market_company` [ RunTime:0.0007s ]
SQL: SELECT `id` FROM `market_company` WHERE `web_postfix` = '003' AND `status` = 0 AND `relevance_id` = 9 LIMIT 1   [ RunTime:0.0004s ]
NOTIC: [8] Undefined index: visitor /var/www/html/amigo/amigo/Template00002/Controller/CommonController.class.php 第 56 行.
NOTIC: [8192] Non-static method Template00002\Model\CommonModel::saveStatis() should not be called statically, assuming $this from incompatible context /var/www/html/amigo/amigo/Template00002/Controller/CommonController.class.php 第 64 行.
SQL: SHOW COLUMNS FROM `market_system_news` [ RunTime:0.0006s ]
SQL: SELECT COUNT(*) AS tp_count FROM `market_system_news` WHERE `obj_id` = 766 AND `obj_type` = 1 AND `status` <> '-1' AND `is_read` = 0 LIMIT 1   [ RunTime:0.0004s ]
SQL: SHOW COLUMNS FROM `market_button_click_statistics` [ RunTime:0.0005s ]
SQL: SELECT * FROM `market_button_click_statistics` WHERE `company_id` = 12 AND `date` = 1512748800 AND `button_type` = 5 LIMIT 1   [ RunTime:0.0004s ]
SQL: INSERT INTO `market_button_click_statistics` (`company_id`,`date`,`button_type`) VALUES ('12','1512748800','5') [ RunTime:0.0004s ]

[ 2017-12-09T19:21:45+08:00 ] 121.51.14.26 /Template00002/Index/ajaxControl.html?companyName=yuancun&flag=indexButtonClickStatistics&button=2
INFO: [ app_init ] --START--
INFO: Run Behavior\BuildLiteBehavior [ RunTime:0.000016s ]
INFO: [ app_init ] --END-- [ RunTime:0.000304s ]
INFO: [ app_begin ] --START--
INFO: Run Behavior\ReadHtmlCacheBehavior [ RunTime:0.000388s ]
INFO: [ app_begin ] --END-- [ RunTime:0.000428s ]
SQL: SHOW COLUMNS FROM `market_project` [ RunTime:0.0007s ]
SQL: SELECT `id`,`template_id`,`category_id` FROM `market_project` WHERE `project_link` = 'www.chinaimigo.com' AND `status` = 0 LIMIT 1   [ RunTime:0.0007s ]
SQL: SHOW COLUMNS FROM `market_template_change` [ RunTime:0.0005s ]
SQL: SELECT `template_path` FROM `market_template_change` WHERE `id` = 2 LIMIT 1   [ RunTime:0.0004s ]
SQL: SHOW COLUMNS FROM `market_write_info` [ RunTime:0.0007s ]
SQL: SELECT `market_name`,`principal`,`phone`,`project_logo`,`email`,`address_id`,`address_info`,`abstruct`,`app_id`,`app_secret`,`mch_id`,`mch_sectet` FROM `market_write_info` WHERE `relevance_id` = 9 LIMIT 1   [ RunTime:0.0004s ]
SQL: SELECT `id` FROM `market_project` WHERE `project_link` = 'www.chinaimigo.com' LIMIT 1   [ RunTime:0.0004s ]
SQL: SHOW COLUMNS FROM `market_company` [ RunTime:0.0007s ]
SQL: SELECT `id` FROM `market_company` WHERE `web_postfix` = 'yuancun' AND `status` = 0 AND `relevance_id` = 9 LIMIT 1   [ RunTime:0.0004s ]
NOTIC: [8] Undefined index: visitor /var/www/html/amigo/amigo/Template00002/Controller/CommonController.class.php 第 56 行.
NOTIC: [8192] Non-static method Template00002\Model\CommonModel::saveStatis() should not be called statically, assuming $this from incompatible context /var/www/html/amigo/amigo/Template00002/Controller/CommonController.class.php 第 64 行.
SQL: SHOW COLUMNS FROM `market_system_news` [ RunTime:0.0006s ]
SQL: SELECT COUNT(*) AS tp_count FROM `market_system_news` WHERE `obj_id` = 766 AND `obj_type` = 1 AND `status` <> '-1' AND `is_read` = 0 LIMIT 1   [ RunTime:0.0006s ]
SQL: SHOW COLUMNS FROM `market_button_click_statistics` [ RunTime:0.0005s ]
SQL: SELECT * FROM `market_button_click_statistics` WHERE `company_id` = 20 AND `date` = 1512748800 AND `button_type` = 2 LIMIT 1   [ RunTime:0.0004s ]
SQL: UPDATE `market_button_click_statistics` SET `click_total`=click_total+1 WHERE `company_id` = 20 AND `date` = 1512748800 AND `button_type` = 2 [ RunTime:0.0005s ]

