[ 2017-11-26T10:02:17+08:00 ] 183.3.255.32 /Template00002/Index/ajaxControl.html?companyName=huanbao&flag=indexButtonClickStatistics&button=2
INFO: [ app_init ] --START--
INFO: Run Behavior\BuildLiteBehavior [ RunTime:0.000013s ]
INFO: [ app_init ] --END-- [ RunTime:0.000226s ]
INFO: [ app_begin ] --START--
INFO: Run Behavior\ReadHtmlCacheBehavior [ RunTime:0.000282s ]
INFO: [ app_begin ] --END-- [ RunTime:0.000312s ]
SQL: SHOW COLUMNS FROM `market_project` [ RunTime:0.0008s ]
SQL: SELECT `id`,`template_id`,`category_id` FROM `market_project` WHERE `project_link` = 'www.chinaimigo.com' AND `status` = 0 LIMIT 1   [ RunTime:0.0004s ]
SQL: SHOW COLUMNS FROM `market_template_change` [ RunTime:0.0005s ]
SQL: SELECT `template_path` FROM `market_template_change` WHERE `id` = 2 LIMIT 1   [ RunTime:0.0003s ]
SQL: SHOW COLUMNS FROM `market_write_info` [ RunTime:0.0005s ]
SQL: SELECT `market_name`,`principal`,`phone`,`project_logo`,`email`,`address_id`,`address_info`,`abstruct`,`app_id`,`app_secret`,`mch_id`,`mch_sectet` FROM `market_write_info` WHERE `relevance_id` = 9 LIMIT 1   [ RunTime:0.0004s ]
SQL: SELECT `id` FROM `market_project` WHERE `project_link` = 'www.chinaimigo.com' LIMIT 1   [ RunTime:0.0003s ]
SQL: SHOW COLUMNS FROM `market_company` [ RunTime:0.0007s ]
SQL: SELECT `id` FROM `market_company` WHERE `web_postfix` = 'huanbao' AND `status` = 0 AND `relevance_id` = 9 LIMIT 1   [ RunTime:0.0004s ]
NOTIC: [8] Undefined index: visitor /var/www/html/amigo/amigo/Template00002/Controller/CommonController.class.php 第 56 行.
NOTIC: [8192] Non-static method Template00002\Model\CommonModel::saveStatis() should not be called statically, assuming $this from incompatible context /var/www/html/amigo/amigo/Template00002/Controller/CommonController.class.php 第 64 行.
SQL: SHOW COLUMNS FROM `market_company_statistics` [ RunTime:0.0005s ]
SQL: SELECT * FROM `market_company_statistics` WHERE `relevance_id` = 22 AND `date` = 1511625600 LIMIT 1   [ RunTime:0.0004s ]
SQL: UPDATE `market_company_statistics` SET `visit_total`=visit_total+1 WHERE `relevance_id` = 22 AND `date` = 1511625600 [ RunTime:0.0004s ]
SQL: SHOW COLUMNS FROM `market_system_news` [ RunTime:0.0005s ]
SQL: SELECT COUNT(*) AS tp_count FROM `market_system_news` WHERE `obj_id` = 803 AND `obj_type` = 1 AND `status` <> '-1' AND `is_read` = 0 LIMIT 1   [ RunTime:0.0004s ]
SQL: SHOW COLUMNS FROM `market_button_click_statistics` [ RunTime:0.0005s ]
SQL: SELECT * FROM `market_button_click_statistics` WHERE `company_id` = 22 AND `date` = 1511625600 AND `button_type` = 2 LIMIT 1   [ RunTime:0.0004s ]
SQL: INSERT INTO `market_button_click_statistics` (`company_id`,`date`,`button_type`) VALUES ('22','1511625600','2') [ RunTime:0.0004s ]

[ 2017-11-26T10:55:03+08:00 ] 121.51.14.20 /Template00002/Index/ajaxControl.html?companyName=huanbao&flag=indexButtonClickStatistics&button=2
INFO: [ app_init ] --START--
INFO: Run Behavior\BuildLiteBehavior [ RunTime:0.000012s ]
INFO: [ app_init ] --END-- [ RunTime:0.000275s ]
INFO: [ app_begin ] --START--
INFO: Run Behavior\ReadHtmlCacheBehavior [ RunTime:0.000277s ]
INFO: [ app_begin ] --END-- [ RunTime:0.000305s ]
SQL: SHOW COLUMNS FROM `market_project` [ RunTime:0.0008s ]
SQL: SELECT `id`,`template_id`,`category_id` FROM `market_project` WHERE `project_link` = 'www.chinaimigo.com' AND `status` = 0 LIMIT 1   [ RunTime:0.0007s ]
SQL: SHOW COLUMNS FROM `market_template_change` [ RunTime:0.0006s ]
SQL: SELECT `template_path` FROM `market_template_change` WHERE `id` = 2 LIMIT 1   [ RunTime:0.0003s ]
SQL: SHOW COLUMNS FROM `market_write_info` [ RunTime:0.0006s ]
SQL: SELECT `market_name`,`principal`,`phone`,`project_logo`,`email`,`address_id`,`address_info`,`abstruct`,`app_id`,`app_secret`,`mch_id`,`mch_sectet` FROM `market_write_info` WHERE `relevance_id` = 9 LIMIT 1   [ RunTime:0.0004s ]
SQL: SELECT `id` FROM `market_project` WHERE `project_link` = 'www.chinaimigo.com' LIMIT 1   [ RunTime:0.0004s ]
SQL: SHOW COLUMNS FROM `market_company` [ RunTime:0.0007s ]
SQL: SELECT `id` FROM `market_company` WHERE `web_postfix` = 'huanbao' AND `status` = 0 AND `relevance_id` = 9 LIMIT 1   [ RunTime:0.0004s ]
NOTIC: [8] Undefined index: visitor /var/www/html/amigo/amigo/Template00002/Controller/CommonController.class.php 第 56 行.
NOTIC: [8192] Non-static method Template00002\Model\CommonModel::saveStatis() should not be called statically, assuming $this from incompatible context /var/www/html/amigo/amigo/Template00002/Controller/CommonController.class.php 第 64 行.
SQL: SHOW COLUMNS FROM `market_system_news` [ RunTime:0.0006s ]
SQL: SELECT COUNT(*) AS tp_count FROM `market_system_news` WHERE `obj_id` = 744 AND `obj_type` = 1 AND `status` <> '-1' AND `is_read` = 0 LIMIT 1   [ RunTime:0.0004s ]
SQL: SHOW COLUMNS FROM `market_button_click_statistics` [ RunTime:0.0007s ]
SQL: SELECT * FROM `market_button_click_statistics` WHERE `company_id` = 22 AND `date` = 1511625600 AND `button_type` = 2 LIMIT 1   [ RunTime:0.0005s ]
SQL: UPDATE `market_button_click_statistics` SET `click_total`=click_total+1 WHERE `company_id` = 22 AND `date` = 1511625600 AND `button_type` = 2 [ RunTime:0.0005s ]

[ 2017-11-26T10:55:03+08:00 ] 183.3.226.234 /Template00002/Index/ajaxControl.html?companyName=huanbao&flag=indexButtonClickStatistics&button=2
INFO: [ app_init ] --START--
INFO: Run Behavior\BuildLiteBehavior [ RunTime:0.000017s ]
INFO: [ app_init ] --END-- [ RunTime:0.000361s ]
INFO: [ app_begin ] --START--
INFO: Run Behavior\ReadHtmlCacheBehavior [ RunTime:0.000431s ]
INFO: [ app_begin ] --END-- [ RunTime:0.000495s ]
SQL: SHOW COLUMNS FROM `market_project` [ RunTime:0.0007s ]
SQL: SELECT `id`,`template_id`,`category_id` FROM `market_project` WHERE `project_link` = 'www.chinaimigo.com' AND `status` = 0 LIMIT 1   [ RunTime:0.0005s ]
SQL: SHOW COLUMNS FROM `market_template_change` [ RunTime:0.0006s ]
SQL: SELECT `template_path` FROM `market_template_change` WHERE `id` = 2 LIMIT 1   [ RunTime:0.0004s ]
SQL: SHOW COLUMNS FROM `market_write_info` [ RunTime:0.0006s ]
SQL: SELECT `market_name`,`principal`,`phone`,`project_logo`,`email`,`address_id`,`address_info`,`abstruct`,`app_id`,`app_secret`,`mch_id`,`mch_sectet` FROM `market_write_info` WHERE `relevance_id` = 9 LIMIT 1   [ RunTime:0.0004s ]
SQL: SELECT `id` FROM `market_project` WHERE `project_link` = 'www.chinaimigo.com' LIMIT 1   [ RunTime:0.0004s ]
SQL: SHOW COLUMNS FROM `market_company` [ RunTime:0.0008s ]
SQL: SELECT `id` FROM `market_company` WHERE `web_postfix` = 'huanbao' AND `status` = 0 AND `relevance_id` = 9 LIMIT 1   [ RunTime:0.0004s ]
NOTIC: [8] Undefined index: visitor /var/www/html/amigo/amigo/Template00002/Controller/CommonController.class.php 第 56 行.
NOTIC: [8192] Non-static method Template00002\Model\CommonModel::saveStatis() should not be called statically, assuming $this from incompatible context /var/www/html/amigo/amigo/Template00002/Controller/CommonController.class.php 第 64 行.
SQL: SHOW COLUMNS FROM `market_system_news` [ RunTime:0.0006s ]
SQL: SELECT COUNT(*) AS tp_count FROM `market_system_news` WHERE `obj_id` = 744 AND `obj_type` = 1 AND `status` <> '-1' AND `is_read` = 0 LIMIT 1   [ RunTime:0.0004s ]
SQL: SHOW COLUMNS FROM `market_button_click_statistics` [ RunTime:0.0005s ]
SQL: SELECT * FROM `market_button_click_statistics` WHERE `company_id` = 22 AND `date` = 1511625600 AND `button_type` = 2 LIMIT 1   [ RunTime:0.0004s ]
SQL: UPDATE `market_button_click_statistics` SET `click_total`=click_total+1 WHERE `company_id` = 22 AND `date` = 1511625600 AND `button_type` = 2 [ RunTime:0.0005s ]

[ 2017-11-26T10:55:07+08:00 ] 183.3.226.234 /Template00002/Index/ajaxControl.html?companyName=huanbao&flag=indexButtonClickStatistics&button=2
INFO: [ app_init ] --START--
INFO: Run Behavior\BuildLiteBehavior [ RunTime:0.000033s ]
INFO: [ app_init ] --END-- [ RunTime:0.000399s ]
INFO: [ app_begin ] --START--
INFO: Run Behavior\ReadHtmlCacheBehavior [ RunTime:0.000306s ]
INFO: [ app_begin ] --END-- [ RunTime:0.000338s ]
SQL: SHOW COLUMNS FROM `market_project` [ RunTime:0.0007s ]
SQL: SELECT `id`,`template_id`,`category_id` FROM `market_project` WHERE `project_link` = 'www.chinaimigo.com' AND `status` = 0 LIMIT 1   [ RunTime:0.0005s ]
SQL: SHOW COLUMNS FROM `market_template_change` [ RunTime:0.0006s ]
SQL: SELECT `template_path` FROM `market_template_change` WHERE `id` = 2 LIMIT 1   [ RunTime:0.0004s ]
SQL: SHOW COLUMNS FROM `market_write_info` [ RunTime:0.0006s ]
SQL: SELECT `market_name`,`principal`,`phone`,`project_logo`,`email`,`address_id`,`address_info`,`abstruct`,`app_id`,`app_secret`,`mch_id`,`mch_sectet` FROM `market_write_info` WHERE `relevance_id` = 9 LIMIT 1   [ RunTime:0.0005s ]
SQL: SELECT `id` FROM `market_project` WHERE `project_link` = 'www.chinaimigo.com' LIMIT 1   [ RunTime:0.0004s ]
SQL: SHOW COLUMNS FROM `market_company` [ RunTime:0.0007s ]
SQL: SELECT `id` FROM `market_company` WHERE `web_postfix` = 'huanbao' AND `status` = 0 AND `relevance_id` = 9 LIMIT 1   [ RunTime:0.0005s ]
NOTIC: [8] Undefined index: visitor /var/www/html/amigo/amigo/Template00002/Controller/CommonController.class.php 第 56 行.
NOTIC: [8192] Non-static method Template00002\Model\CommonModel::saveStatis() should not be called statically, assuming $this from incompatible context /var/www/html/amigo/amigo/Template00002/Controller/CommonController.class.php 第 64 行.
SQL: SHOW COLUMNS FROM `market_system_news` [ RunTime:0.0006s ]
SQL: SELECT COUNT(*) AS tp_count FROM `market_system_news` WHERE `obj_id` = 744 AND `obj_type` = 1 AND `status` <> '-1' AND `is_read` = 0 LIMIT 1   [ RunTime:0.0004s ]
SQL: SHOW COLUMNS FROM `market_button_click_statistics` [ RunTime:0.0005s ]
SQL: SELECT * FROM `market_button_click_statistics` WHERE `company_id` = 22 AND `date` = 1511625600 AND `button_type` = 2 LIMIT 1   [ RunTime:0.0004s ]
SQL: UPDATE `market_button_click_statistics` SET `click_total`=click_total+1 WHERE `company_id` = 22 AND `date` = 1511625600 AND `button_type` = 2 [ RunTime:0.0004s ]

[ 2017-11-26T10:55:15+08:00 ] 183.3.226.234 /Template00002/Index/ajaxControl.html?companyName=huanbao&flag=indexButtonClickStatistics&button=5
INFO: [ app_init ] --START--
INFO: Run Behavior\BuildLiteBehavior [ RunTime:0.000013s ]
INFO: [ app_init ] --END-- [ RunTime:0.000230s ]
INFO: [ app_begin ] --START--
INFO: Run Behavior\ReadHtmlCacheBehavior [ RunTime:0.000363s ]
INFO: [ app_begin ] --END-- [ RunTime:0.000394s ]
SQL: SHOW COLUMNS FROM `market_project` [ RunTime:0.0007s ]
SQL: SELECT `id`,`template_id`,`category_id` FROM `market_project` WHERE `project_link` = 'www.chinaimigo.com' AND `status` = 0 LIMIT 1   [ RunTime:0.0004s ]
SQL: SHOW COLUMNS FROM `market_template_change` [ RunTime:0.0005s ]
SQL: SELECT `template_path` FROM `market_template_change` WHERE `id` = 2 LIMIT 1   [ RunTime:0.0003s ]
SQL: SHOW COLUMNS FROM `market_write_info` [ RunTime:0.0005s ]
SQL: SELECT `market_name`,`principal`,`phone`,`project_logo`,`email`,`address_id`,`address_info`,`abstruct`,`app_id`,`app_secret`,`mch_id`,`mch_sectet` FROM `market_write_info` WHERE `relevance_id` = 9 LIMIT 1   [ RunTime:0.0004s ]
SQL: SELECT `id` FROM `market_project` WHERE `project_link` = 'www.chinaimigo.com' LIMIT 1   [ RunTime:0.0052s ]
SQL: SHOW COLUMNS FROM `market_company` [ RunTime:0.0007s ]
SQL: SELECT `id` FROM `market_company` WHERE `web_postfix` = 'huanbao' AND `status` = 0 AND `relevance_id` = 9 LIMIT 1   [ RunTime:0.0004s ]
NOTIC: [8] Undefined index: visitor /var/www/html/amigo/amigo/Template00002/Controller/CommonController.class.php 第 56 行.
NOTIC: [8192] Non-static method Template00002\Model\CommonModel::saveStatis() should not be called statically, assuming $this from incompatible context /var/www/html/amigo/amigo/Template00002/Controller/CommonController.class.php 第 64 行.
SQL: SHOW COLUMNS FROM `market_system_news` [ RunTime:0.0005s ]
SQL: SELECT COUNT(*) AS tp_count FROM `market_system_news` WHERE `obj_id` = 744 AND `obj_type` = 1 AND `status` <> '-1' AND `is_read` = 0 LIMIT 1   [ RunTime:0.0004s ]
SQL: SHOW COLUMNS FROM `market_button_click_statistics` [ RunTime:0.0005s ]
SQL: SELECT * FROM `market_button_click_statistics` WHERE `company_id` = 22 AND `date` = 1511625600 AND `button_type` = 5 LIMIT 1   [ RunTime:0.0004s ]
SQL: INSERT INTO `market_button_click_statistics` (`company_id`,`date`,`button_type`) VALUES ('22','1511625600','5') [ RunTime:0.0004s ]

[ 2017-11-26T10:55:17+08:00 ] 183.3.226.234 /Template00002/Index/ajaxControl.html?companyName=huanbao&flag=indexButtonClickStatistics&button=1
INFO: [ app_init ] --START--
INFO: Run Behavior\BuildLiteBehavior [ RunTime:0.000016s ]
INFO: [ app_init ] --END-- [ RunTime:0.000326s ]
INFO: [ app_begin ] --START--
INFO: Run Behavior\ReadHtmlCacheBehavior [ RunTime:0.000279s ]
INFO: [ app_begin ] --END-- [ RunTime:0.000309s ]
SQL: SHOW COLUMNS FROM `market_project` [ RunTime:0.0007s ]
SQL: SELECT `id`,`template_id`,`category_id` FROM `market_project` WHERE `project_link` = 'www.chinaimigo.com' AND `status` = 0 LIMIT 1   [ RunTime:0.0004s ]
SQL: SHOW COLUMNS FROM `market_template_change` [ RunTime:0.0006s ]
SQL: SELECT `template_path` FROM `market_template_change` WHERE `id` = 2 LIMIT 1   [ RunTime:0.0003s ]
SQL: SHOW COLUMNS FROM `market_write_info` [ RunTime:0.0006s ]
SQL: SELECT `market_name`,`principal`,`phone`,`project_logo`,`email`,`address_id`,`address_info`,`abstruct`,`app_id`,`app_secret`,`mch_id`,`mch_sectet` FROM `market_write_info` WHERE `relevance_id` = 9 LIMIT 1   [ RunTime:0.0007s ]
SQL: SELECT `id` FROM `market_project` WHERE `project_link` = 'www.chinaimigo.com' LIMIT 1   [ RunTime:0.0003s ]
SQL: SHOW COLUMNS FROM `market_company` [ RunTime:0.0006s ]
SQL: SELECT `id` FROM `market_company` WHERE `web_postfix` = 'huanbao' AND `status` = 0 AND `relevance_id` = 9 LIMIT 1   [ RunTime:0.0004s ]
NOTIC: [8] Undefined index: visitor /var/www/html/amigo/amigo/Template00002/Controller/CommonController.class.php 第 56 行.
NOTIC: [8192] Non-static method Template00002\Model\CommonModel::saveStatis() should not be called statically, assuming $this from incompatible context /var/www/html/amigo/amigo/Template00002/Controller/CommonController.class.php 第 64 行.
SQL: SHOW COLUMNS FROM `market_system_news` [ RunTime:0.0007s ]
SQL: SELECT COUNT(*) AS tp_count FROM `market_system_news` WHERE `obj_id` = 744 AND `obj_type` = 1 AND `status` <> '-1' AND `is_read` = 0 LIMIT 1   [ RunTime:0.0004s ]
SQL: SHOW COLUMNS FROM `market_button_click_statistics` [ RunTime:0.0005s ]
SQL: SELECT * FROM `market_button_click_statistics` WHERE `company_id` = 22 AND `date` = 1511625600 AND `button_type` = 1 LIMIT 1   [ RunTime:0.0004s ]
SQL: INSERT INTO `market_button_click_statistics` (`company_id`,`date`,`button_type`) VALUES ('22','1511625600','1') [ RunTime:0.0004s ]

[ 2017-11-26T11:37:37+08:00 ] 183.3.226.234 /Template00002/Index/ajaxControl.html?companyName=huanbao&flag=indexButtonClickStatistics&button=2
INFO: [ app_init ] --START--
INFO: Run Behavior\BuildLiteBehavior [ RunTime:0.000024s ]
INFO: [ app_init ] --END-- [ RunTime:0.000260s ]
INFO: [ app_begin ] --START--
INFO: Run Behavior\ReadHtmlCacheBehavior [ RunTime:0.000333s ]
INFO: [ app_begin ] --END-- [ RunTime:0.000365s ]
SQL: SHOW COLUMNS FROM `market_project` [ RunTime:0.0007s ]
SQL: SELECT `id`,`template_id`,`category_id` FROM `market_project` WHERE `project_link` = 'www.chinaimigo.com' AND `status` = 0 LIMIT 1   [ RunTime:0.0004s ]
SQL: SHOW COLUMNS FROM `market_template_change` [ RunTime:0.0006s ]
SQL: SELECT `template_path` FROM `market_template_change` WHERE `id` = 2 LIMIT 1   [ RunTime:0.0004s ]
SQL: SHOW COLUMNS FROM `market_write_info` [ RunTime:0.0006s ]
SQL: SELECT `market_name`,`principal`,`phone`,`project_logo`,`email`,`address_id`,`address_info`,`abstruct`,`app_id`,`app_secret`,`mch_id`,`mch_sectet` FROM `market_write_info` WHERE `relevance_id` = 9 LIMIT 1   [ RunTime:0.0004s ]
SQL: SELECT `id` FROM `market_project` WHERE `project_link` = 'www.chinaimigo.com' LIMIT 1   [ RunTime:0.0003s ]
SQL: SHOW COLUMNS FROM `market_company` [ RunTime:0.0007s ]
SQL: SELECT `id` FROM `market_company` WHERE `web_postfix` = 'huanbao' AND `status` = 0 AND `relevance_id` = 9 LIMIT 1   [ RunTime:0.0003s ]
NOTIC: [8] Undefined index: visitor /var/www/html/amigo/amigo/Template00002/Controller/CommonController.class.php 第 56 行.
NOTIC: [8192] Non-static method Template00002\Model\CommonModel::saveStatis() should not be called statically, assuming $this from incompatible context /var/www/html/amigo/amigo/Template00002/Controller/CommonController.class.php 第 64 行.
SQL: SHOW COLUMNS FROM `market_system_news` [ RunTime:0.0005s ]
SQL: SELECT COUNT(*) AS tp_count FROM `market_system_news` WHERE `obj_id` = 744 AND `obj_type` = 1 AND `status` <> '-1' AND `is_read` = 0 LIMIT 1   [ RunTime:0.0004s ]
SQL: SHOW COLUMNS FROM `market_button_click_statistics` [ RunTime:0.0011s ]
SQL: SELECT * FROM `market_button_click_statistics` WHERE `company_id` = 22 AND `date` = 1511625600 AND `button_type` = 2 LIMIT 1   [ RunTime:0.0004s ]
SQL: UPDATE `market_button_click_statistics` SET `click_total`=click_total+1 WHERE `company_id` = 22 AND `date` = 1511625600 AND `button_type` = 2 [ RunTime:0.0005s ]

[ 2017-11-26T11:40:05+08:00 ] 183.3.226.234 /Template00002/Index/ajaxControl.html?companyName=huanbao&flag=indexButtonClickStatistics&button=2
INFO: [ app_init ] --START--
INFO: Run Behavior\BuildLiteBehavior [ RunTime:0.000018s ]
INFO: [ app_init ] --END-- [ RunTime:0.000382s ]
INFO: [ app_begin ] --START--
INFO: Run Behavior\ReadHtmlCacheBehavior [ RunTime:0.000427s ]
INFO: [ app_begin ] --END-- [ RunTime:0.000470s ]
SQL: SHOW COLUMNS FROM `market_project` [ RunTime:0.0007s ]
SQL: SELECT `id`,`template_id`,`category_id` FROM `market_project` WHERE `project_link` = 'www.chinaimigo.com' AND `status` = 0 LIMIT 1   [ RunTime:0.0004s ]
SQL: SHOW COLUMNS FROM `market_template_change` [ RunTime:0.0010s ]
SQL: SELECT `template_path` FROM `market_template_change` WHERE `id` = 2 LIMIT 1   [ RunTime:0.0003s ]
SQL: SHOW COLUMNS FROM `market_write_info` [ RunTime:0.0006s ]
SQL: SELECT `market_name`,`principal`,`phone`,`project_logo`,`email`,`address_id`,`address_info`,`abstruct`,`app_id`,`app_secret`,`mch_id`,`mch_sectet` FROM `market_write_info` WHERE `relevance_id` = 9 LIMIT 1   [ RunTime:0.0004s ]
SQL: SELECT `id` FROM `market_project` WHERE `project_link` = 'www.chinaimigo.com' LIMIT 1   [ RunTime:0.0004s ]
SQL: SHOW COLUMNS FROM `market_company` [ RunTime:0.0007s ]
SQL: SELECT `id` FROM `market_company` WHERE `web_postfix` = 'huanbao' AND `status` = 0 AND `relevance_id` = 9 LIMIT 1   [ RunTime:0.0004s ]
NOTIC: [8] Undefined index: visitor /var/www/html/amigo/amigo/Template00002/Controller/CommonController.class.php 第 56 行.
NOTIC: [8192] Non-static method Template00002\Model\CommonModel::saveStatis() should not be called statically, assuming $this from incompatible context /var/www/html/amigo/amigo/Template00002/Controller/CommonController.class.php 第 64 行.
SQL: SHOW COLUMNS FROM `market_system_news` [ RunTime:0.0006s ]
SQL: SELECT COUNT(*) AS tp_count FROM `market_system_news` WHERE `obj_id` = 744 AND `obj_type` = 1 AND `status` <> '-1' AND `is_read` = 0 LIMIT 1   [ RunTime:0.0004s ]
SQL: SHOW COLUMNS FROM `market_button_click_statistics` [ RunTime:0.0005s ]
SQL: SELECT * FROM `market_button_click_statistics` WHERE `company_id` = 22 AND `date` = 1511625600 AND `button_type` = 2 LIMIT 1   [ RunTime:0.0004s ]
SQL: UPDATE `market_button_click_statistics` SET `click_total`=click_total+1 WHERE `company_id` = 22 AND `date` = 1511625600 AND `button_type` = 2 [ RunTime:0.0004s ]

[ 2017-11-26T13:32:56+08:00 ] 183.3.226.234 /Template00002/Index/ajaxControl.html?companyName=huanbao&flag=indexButtonClickStatistics&button=2
INFO: [ app_init ] --START--
INFO: Run Behavior\BuildLiteBehavior [ RunTime:0.000011s ]
INFO: [ app_init ] --END-- [ RunTime:0.000288s ]
INFO: [ app_begin ] --START--
INFO: Run Behavior\ReadHtmlCacheBehavior [ RunTime:0.000330s ]
INFO: [ app_begin ] --END-- [ RunTime:0.000369s ]
SQL: SHOW COLUMNS FROM `market_project` [ RunTime:0.0007s ]
SQL: SELECT `id`,`template_id`,`category_id` FROM `market_project` WHERE `project_link` = 'www.chinaimigo.com' AND `status` = 0 LIMIT 1   [ RunTime:0.0004s ]
SQL: SHOW COLUMNS FROM `market_template_change` [ RunTime:0.0005s ]
SQL: SELECT `template_path` FROM `market_template_change` WHERE `id` = 2 LIMIT 1   [ RunTime:0.0003s ]
SQL: SHOW COLUMNS FROM `market_write_info` [ RunTime:0.0005s ]
SQL: SELECT `market_name`,`principal`,`phone`,`project_logo`,`email`,`address_id`,`address_info`,`abstruct`,`app_id`,`app_secret`,`mch_id`,`mch_sectet` FROM `market_write_info` WHERE `relevance_id` = 9 LIMIT 1   [ RunTime:0.0004s ]
SQL: SELECT `id` FROM `market_project` WHERE `project_link` = 'www.chinaimigo.com' LIMIT 1   [ RunTime:0.0003s ]
SQL: SHOW COLUMNS FROM `market_company` [ RunTime:0.0007s ]
SQL: SELECT `id` FROM `market_company` WHERE `web_postfix` = 'huanbao' AND `status` = 0 AND `relevance_id` = 9 LIMIT 1   [ RunTime:0.0004s ]
NOTIC: [8] Undefined index: visitor /var/www/html/amigo/amigo/Template00002/Controller/CommonController.class.php 第 56 行.
NOTIC: [8192] Non-static method Template00002\Model\CommonModel::saveStatis() should not be called statically, assuming $this from incompatible context /var/www/html/amigo/amigo/Template00002/Controller/CommonController.class.php 第 64 行.
SQL: SHOW COLUMNS FROM `market_system_news` [ RunTime:0.0005s ]
SQL: SELECT COUNT(*) AS tp_count FROM `market_system_news` WHERE `obj_id` = 744 AND `obj_type` = 1 AND `status` <> '-1' AND `is_read` = 0 LIMIT 1   [ RunTime:0.0004s ]
SQL: SHOW COLUMNS FROM `market_button_click_statistics` [ RunTime:0.0005s ]
SQL: SELECT * FROM `market_button_click_statistics` WHERE `company_id` = 22 AND `date` = 1511625600 AND `button_type` = 2 LIMIT 1   [ RunTime:0.0004s ]
SQL: UPDATE `market_button_click_statistics` SET `click_total`=click_total+1 WHERE `company_id` = 22 AND `date` = 1511625600 AND `button_type` = 2 [ RunTime:0.0004s ]

[ 2017-11-26T13:34:27+08:00 ] 183.3.226.234 /Template00002/Index/ajaxControl.html?companyName=huanbao&flag=indexButtonClickStatistics&button=2
INFO: [ app_init ] --START--
INFO: Run Behavior\BuildLiteBehavior [ RunTime:0.000019s ]
INFO: [ app_init ] --END-- [ RunTime:0.000360s ]
INFO: [ app_begin ] --START--
INFO: Run Behavior\ReadHtmlCacheBehavior [ RunTime:0.000332s ]
INFO: [ app_begin ] --END-- [ RunTime:0.000371s ]
SQL: SHOW COLUMNS FROM `market_project` [ RunTime:0.0007s ]
SQL: SELECT `id`,`template_id`,`category_id` FROM `market_project` WHERE `project_link` = 'www.chinaimigo.com' AND `status` = 0 LIMIT 1   [ RunTime:0.0004s ]
SQL: SHOW COLUMNS FROM `market_template_change` [ RunTime:0.0006s ]
SQL: SELECT `template_path` FROM `market_template_change` WHERE `id` = 2 LIMIT 1   [ RunTime:0.0004s ]
SQL: SHOW COLUMNS FROM `market_write_info` [ RunTime:0.0006s ]
SQL: SELECT `market_name`,`principal`,`phone`,`project_logo`,`email`,`address_id`,`address_info`,`abstruct`,`app_id`,`app_secret`,`mch_id`,`mch_sectet` FROM `market_write_info` WHERE `relevance_id` = 9 LIMIT 1   [ RunTime:0.0005s ]
SQL: SELECT `id` FROM `market_project` WHERE `project_link` = 'www.chinaimigo.com' LIMIT 1   [ RunTime:0.0005s ]
SQL: SHOW COLUMNS FROM `market_company` [ RunTime:0.0008s ]
SQL: SELECT `id` FROM `market_company` WHERE `web_postfix` = 'huanbao' AND `status` = 0 AND `relevance_id` = 9 LIMIT 1   [ RunTime:0.0005s ]
NOTIC: [8] Undefined index: visitor /var/www/html/amigo/amigo/Template00002/Controller/CommonController.class.php 第 56 行.
NOTIC: [8192] Non-static method Template00002\Model\CommonModel::saveStatis() should not be called statically, assuming $this from incompatible context /var/www/html/amigo/amigo/Template00002/Controller/CommonController.class.php 第 64 行.
SQL: SHOW COLUMNS FROM `market_system_news` [ RunTime:0.0006s ]
SQL: SELECT COUNT(*) AS tp_count FROM `market_system_news` WHERE `obj_id` = 744 AND `obj_type` = 1 AND `status` <> '-1' AND `is_read` = 0 LIMIT 1   [ RunTime:0.0005s ]
SQL: SHOW COLUMNS FROM `market_button_click_statistics` [ RunTime:0.0007s ]
SQL: SELECT * FROM `market_button_click_statistics` WHERE `company_id` = 22 AND `date` = 1511625600 AND `button_type` = 2 LIMIT 1   [ RunTime:0.0004s ]
SQL: UPDATE `market_button_click_statistics` SET `click_total`=click_total+1 WHERE `company_id` = 22 AND `date` = 1511625600 AND `button_type` = 2 [ RunTime:0.0005s ]

[ 2017-11-26T13:45:37+08:00 ] 183.3.226.234 /Template00002/Index/ajaxControl.html?companyName=yumigou&flag=indexButtonClickStatistics&button=2
INFO: [ app_init ] --START--
INFO: Run Behavior\BuildLiteBehavior [ RunTime:0.000016s ]
INFO: [ app_init ] --END-- [ RunTime:0.000359s ]
INFO: [ app_begin ] --START--
INFO: Run Behavior\ReadHtmlCacheBehavior [ RunTime:0.000427s ]
INFO: [ app_begin ] --END-- [ RunTime:0.000475s ]
SQL: SHOW COLUMNS FROM `market_project` [ RunTime:0.0006s ]
SQL: SELECT `id`,`template_id`,`category_id` FROM `market_project` WHERE `project_link` = 'www.chinaimigo.com' AND `status` = 0 LIMIT 1   [ RunTime:0.0004s ]
SQL: SHOW COLUMNS FROM `market_template_change` [ RunTime:0.0005s ]
SQL: SELECT `template_path` FROM `market_template_change` WHERE `id` = 2 LIMIT 1   [ RunTime:0.0003s ]
SQL: SHOW COLUMNS FROM `market_write_info` [ RunTime:0.0006s ]
SQL: SELECT `market_name`,`principal`,`phone`,`project_logo`,`email`,`address_id`,`address_info`,`abstruct`,`app_id`,`app_secret`,`mch_id`,`mch_sectet` FROM `market_write_info` WHERE `relevance_id` = 9 LIMIT 1   [ RunTime:0.0004s ]
SQL: SELECT `id` FROM `market_project` WHERE `project_link` = 'www.chinaimigo.com' LIMIT 1   [ RunTime:0.0004s ]
SQL: SHOW COLUMNS FROM `market_company` [ RunTime:0.0007s ]
SQL: SELECT `id` FROM `market_company` WHERE `web_postfix` = 'yumigou' AND `status` = 0 AND `relevance_id` = 9 LIMIT 1   [ RunTime:0.0004s ]
NOTIC: [8] Undefined index: visitor /var/www/html/amigo/amigo/Template00002/Controller/CommonController.class.php 第 56 行.
NOTIC: [8192] Non-static method Template00002\Model\CommonModel::saveStatis() should not be called statically, assuming $this from incompatible context /var/www/html/amigo/amigo/Template00002/Controller/CommonController.class.php 第 64 行.
SQL: SHOW COLUMNS FROM `market_company_statistics` [ RunTime:0.0005s ]
SQL: SELECT * FROM `market_company_statistics` WHERE `relevance_id` = 18 AND `date` = 1511625600 LIMIT 1   [ RunTime:0.0004s ]
SQL: UPDATE `market_company_statistics` SET `visit_total`=visit_total+1 WHERE `relevance_id` = 18 AND `date` = 1511625600 [ RunTime:0.0004s ]
SQL: SHOW COLUMNS FROM `market_system_news` [ RunTime:0.0005s ]
SQL: SELECT COUNT(*) AS tp_count FROM `market_system_news` WHERE `obj_id` = 743 AND `obj_type` = 1 AND `status` <> '-1' AND `is_read` = 0 LIMIT 1   [ RunTime:0.0004s ]
SQL: SHOW COLUMNS FROM `market_button_click_statistics` [ RunTime:0.0006s ]
SQL: SELECT * FROM `market_button_click_statistics` WHERE `company_id` = 18 AND `date` = 1511625600 AND `button_type` = 2 LIMIT 1   [ RunTime:0.0005s ]
SQL: INSERT INTO `market_button_click_statistics` (`company_id`,`date`,`button_type`) VALUES ('18','1511625600','2') [ RunTime:0.0004s ]

[ 2017-11-26T14:08:12+08:00 ] 14.17.3.64 /Template00002/Index/ajaxControl.html?companyName%3Dhuanbao%26flag%3DindexButtonClickStatistics%26button%3D2
INFO: [ app_init ] --START--
INFO: Run Behavior\BuildLiteBehavior [ RunTime:0.000014s ]
INFO: [ app_init ] --END-- [ RunTime:0.000285s ]
INFO: [ app_begin ] --START--
INFO: Run Behavior\ReadHtmlCacheBehavior [ RunTime:0.000424s ]
INFO: [ app_begin ] --END-- [ RunTime:0.000470s ]
SQL: SHOW COLUMNS FROM `market_project` [ RunTime:0.0007s ]
SQL: SELECT `id`,`template_id`,`category_id` FROM `market_project` WHERE `project_link` = 'www.chinaimigo.com' AND `status` = 0 LIMIT 1   [ RunTime:0.0004s ]
SQL: SHOW COLUMNS FROM `market_template_change` [ RunTime:0.0005s ]
SQL: SELECT `template_path` FROM `market_template_change` WHERE `id` = 2 LIMIT 1   [ RunTime:0.0003s ]
SQL: SHOW COLUMNS FROM `market_write_info` [ RunTime:0.0006s ]
SQL: SELECT `market_name`,`principal`,`phone`,`project_logo`,`email`,`address_id`,`address_info`,`abstruct`,`app_id`,`app_secret`,`mch_id`,`mch_sectet` FROM `market_write_info` WHERE `relevance_id` = 9 LIMIT 1   [ RunTime:0.0004s ]
INFO: [ view_parse ] --START--
INFO: [ template_filter ] --START--
INFO: Run Behavior\ContentReplaceBehavior [ RunTime:0.000049s ]
INFO: [ template_filter ] --END-- [ RunTime:0.000123s ]
INFO: Run Behavior\ParseTemplateBehavior [ RunTime:0.003878s ]
INFO: [ view_parse ] --END-- [ RunTime:0.003927s ]
INFO: [ view_filter ] --START--
INFO: Run Behavior\WriteHtmlCacheBehavior [ RunTime:0.000109s ]
INFO: Run Behavior\TokenBuildBehavior [ RunTime:0.000206s ]
INFO: [ view_filter ] --END-- [ RunTime:0.000370s ]

[ 2017-11-26T15:57:12+08:00 ] 183.3.226.234 /Template00002/Index/ajaxControl.html?companyName=huanbao&flag=indexButtonClickStatistics&button=2
INFO: [ app_init ] --START--
INFO: Run Behavior\BuildLiteBehavior [ RunTime:0.000017s ]
INFO: [ app_init ] --END-- [ RunTime:0.000315s ]
INFO: [ app_begin ] --START--
INFO: Run Behavior\ReadHtmlCacheBehavior [ RunTime:0.000416s ]
INFO: [ app_begin ] --END-- [ RunTime:0.000459s ]
SQL: SHOW COLUMNS FROM `market_project` [ RunTime:0.0007s ]
SQL: SELECT `id`,`template_id`,`category_id` FROM `market_project` WHERE `project_link` = 'www.chinaimigo.com' AND `status` = 0 LIMIT 1   [ RunTime:0.0004s ]
SQL: SHOW COLUMNS FROM `market_template_change` [ RunTime:0.0012s ]
SQL: SELECT `template_path` FROM `market_template_change` WHERE `id` = 2 LIMIT 1   [ RunTime:0.0004s ]
SQL: SHOW COLUMNS FROM `market_write_info` [ RunTime:0.0005s ]
SQL: SELECT `market_name`,`principal`,`phone`,`project_logo`,`email`,`address_id`,`address_info`,`abstruct`,`app_id`,`app_secret`,`mch_id`,`mch_sectet` FROM `market_write_info` WHERE `relevance_id` = 9 LIMIT 1   [ RunTime:0.0004s ]
SQL: SELECT `id` FROM `market_project` WHERE `project_link` = 'www.chinaimigo.com' LIMIT 1   [ RunTime:0.0007s ]
SQL: SHOW COLUMNS FROM `market_company` [ RunTime:0.0007s ]
SQL: SELECT `id` FROM `market_company` WHERE `web_postfix` = 'huanbao' AND `status` = 0 AND `relevance_id` = 9 LIMIT 1   [ RunTime:0.0004s ]
NOTIC: [8] Undefined index: visitor /var/www/html/amigo/amigo/Template00002/Controller/CommonController.class.php 第 56 行.
NOTIC: [8192] Non-static method Template00002\Model\CommonModel::saveStatis() should not be called statically, assuming $this from incompatible context /var/www/html/amigo/amigo/Template00002/Controller/CommonController.class.php 第 64 行.
SQL: SHOW COLUMNS FROM `market_system_news` [ RunTime:0.0006s ]
SQL: SELECT COUNT(*) AS tp_count FROM `market_system_news` WHERE `obj_id` = 744 AND `obj_type` = 1 AND `status` <> '-1' AND `is_read` = 0 LIMIT 1   [ RunTime:0.0004s ]
SQL: SHOW COLUMNS FROM `market_button_click_statistics` [ RunTime:0.0005s ]
SQL: SELECT * FROM `market_button_click_statistics` WHERE `company_id` = 22 AND `date` = 1511625600 AND `button_type` = 2 LIMIT 1   [ RunTime:0.0004s ]
SQL: UPDATE `market_button_click_statistics` SET `click_total`=click_total+1 WHERE `company_id` = 22 AND `date` = 1511625600 AND `button_type` = 2 [ RunTime:0.0004s ]

[ 2017-11-26T15:57:21+08:00 ] 183.3.226.234 /Template00002/Index/ajaxControl.html?companyName=huanbao&flag=indexButtonClickStatistics&button=5
INFO: [ app_init ] --START--
INFO: Run Behavior\BuildLiteBehavior [ RunTime:0.000017s ]
INFO: [ app_init ] --END-- [ RunTime:0.000345s ]
INFO: [ app_begin ] --START--
INFO: Run Behavior\ReadHtmlCacheBehavior [ RunTime:0.000441s ]
INFO: [ app_begin ] --END-- [ RunTime:0.000485s ]
SQL: SHOW COLUMNS FROM `market_project` [ RunTime:0.0007s ]
SQL: SELECT `id`,`template_id`,`category_id` FROM `market_project` WHERE `project_link` = 'www.chinaimigo.com' AND `status` = 0 LIMIT 1   [ RunTime:0.0004s ]
SQL: SHOW COLUMNS FROM `market_template_change` [ RunTime:0.0005s ]
SQL: SELECT `template_path` FROM `market_template_change` WHERE `id` = 2 LIMIT 1   [ RunTime:0.0003s ]
SQL: SHOW COLUMNS FROM `market_write_info` [ RunTime:0.0006s ]
SQL: SELECT `market_name`,`principal`,`phone`,`project_logo`,`email`,`address_id`,`address_info`,`abstruct`,`app_id`,`app_secret`,`mch_id`,`mch_sectet` FROM `market_write_info` WHERE `relevance_id` = 9 LIMIT 1   [ RunTime:0.0004s ]
SQL: SELECT `id` FROM `market_project` WHERE `project_link` = 'www.chinaimigo.com' LIMIT 1   [ RunTime:0.0004s ]
SQL: SHOW COLUMNS FROM `market_company` [ RunTime:0.0008s ]
SQL: SELECT `id` FROM `market_company` WHERE `web_postfix` = 'huanbao' AND `status` = 0 AND `relevance_id` = 9 LIMIT 1   [ RunTime:0.0004s ]
NOTIC: [8] Undefined index: visitor /var/www/html/amigo/amigo/Template00002/Controller/CommonController.class.php 第 56 行.
NOTIC: [8192] Non-static method Template00002\Model\CommonModel::saveStatis() should not be called statically, assuming $this from incompatible context /var/www/html/amigo/amigo/Template00002/Controller/CommonController.class.php 第 64 行.
SQL: SHOW COLUMNS FROM `market_system_news` [ RunTime:0.0005s ]
SQL: SELECT COUNT(*) AS tp_count FROM `market_system_news` WHERE `obj_id` = 744 AND `obj_type` = 1 AND `status` <> '-1' AND `is_read` = 0 LIMIT 1   [ RunTime:0.0004s ]
SQL: SHOW COLUMNS FROM `market_button_click_statistics` [ RunTime:0.0005s ]
SQL: SELECT * FROM `market_button_click_statistics` WHERE `company_id` = 22 AND `date` = 1511625600 AND `button_type` = 5 LIMIT 1   [ RunTime:0.0004s ]
SQL: UPDATE `market_button_click_statistics` SET `click_total`=click_total+1 WHERE `company_id` = 22 AND `date` = 1511625600 AND `button_type` = 5 [ RunTime:0.0004s ]

[ 2017-11-26T20:00:53+08:00 ] 183.3.226.234 /Template00002/Index/ajaxControl.html?companyName=huanbao&flag=indexButtonClickStatistics&button=2
INFO: [ app_init ] --START--
INFO: Run Behavior\BuildLiteBehavior [ RunTime:0.000017s ]
INFO: [ app_init ] --END-- [ RunTime:0.000331s ]
INFO: [ app_begin ] --START--
INFO: Run Behavior\ReadHtmlCacheBehavior [ RunTime:0.000417s ]
INFO: [ app_begin ] --END-- [ RunTime:0.000457s ]
SQL: SHOW COLUMNS FROM `market_project` [ RunTime:0.0007s ]
SQL: SELECT `id`,`template_id`,`category_id` FROM `market_project` WHERE `project_link` = 'www.chinaimigo.com' AND `status` = 0 LIMIT 1   [ RunTime:0.0004s ]
SQL: SHOW COLUMNS FROM `market_template_change` [ RunTime:0.0005s ]
SQL: SELECT `template_path` FROM `market_template_change` WHERE `id` = 2 LIMIT 1   [ RunTime:0.0003s ]
SQL: SHOW COLUMNS FROM `market_write_info` [ RunTime:0.0006s ]
SQL: SELECT `market_name`,`principal`,`phone`,`project_logo`,`email`,`address_id`,`address_info`,`abstruct`,`app_id`,`app_secret`,`mch_id`,`mch_sectet` FROM `market_write_info` WHERE `relevance_id` = 9 LIMIT 1   [ RunTime:0.0004s ]
SQL: SELECT `id` FROM `market_project` WHERE `project_link` = 'www.chinaimigo.com' LIMIT 1   [ RunTime:0.0005s ]
SQL: SHOW COLUMNS FROM `market_company` [ RunTime:0.0008s ]
SQL: SELECT `id` FROM `market_company` WHERE `web_postfix` = 'huanbao' AND `status` = 0 AND `relevance_id` = 9 LIMIT 1   [ RunTime:0.0004s ]
NOTIC: [8] Undefined index: visitor /var/www/html/amigo/amigo/Template00002/Controller/CommonController.class.php 第 56 行.
NOTIC: [8192] Non-static method Template00002\Model\CommonModel::saveStatis() should not be called statically, assuming $this from incompatible context /var/www/html/amigo/amigo/Template00002/Controller/CommonController.class.php 第 64 行.
SQL: SHOW COLUMNS FROM `market_system_news` [ RunTime:0.0006s ]
SQL: SELECT COUNT(*) AS tp_count FROM `market_system_news` WHERE `obj_id` = 744 AND `obj_type` = 1 AND `status` <> '-1' AND `is_read` = 0 LIMIT 1   [ RunTime:0.0005s ]
SQL: SHOW COLUMNS FROM `market_button_click_statistics` [ RunTime:0.0005s ]
SQL: SELECT * FROM `market_button_click_statistics` WHERE `company_id` = 22 AND `date` = 1511625600 AND `button_type` = 2 LIMIT 1   [ RunTime:0.0004s ]
SQL: UPDATE `market_button_click_statistics` SET `click_total`=click_total+1 WHERE `company_id` = 22 AND `date` = 1511625600 AND `button_type` = 2 [ RunTime:0.0005s ]

[ 2017-11-26T20:01:05+08:00 ] 183.3.226.234 /Template00002/Index/ajaxControl.html?companyName=huanbao&flag=indexButtonClickStatistics&button=3
INFO: [ app_init ] --START--
INFO: Run Behavior\BuildLiteBehavior [ RunTime:0.000016s ]
INFO: [ app_init ] --END-- [ RunTime:0.000334s ]
INFO: [ app_begin ] --START--
INFO: Run Behavior\ReadHtmlCacheBehavior [ RunTime:0.000306s ]
INFO: [ app_begin ] --END-- [ RunTime:0.000341s ]
SQL: SHOW COLUMNS FROM `market_project` [ RunTime:0.0008s ]
SQL: SELECT `id`,`template_id`,`category_id` FROM `market_project` WHERE `project_link` = 'www.chinaimigo.com' AND `status` = 0 LIMIT 1   [ RunTime:0.0004s ]
SQL: SHOW COLUMNS FROM `market_template_change` [ RunTime:0.0006s ]
SQL: SELECT `template_path` FROM `market_template_change` WHERE `id` = 2 LIMIT 1   [ RunTime:0.0004s ]
SQL: SHOW COLUMNS FROM `market_write_info` [ RunTime:0.0006s ]
SQL: SELECT `market_name`,`principal`,`phone`,`project_logo`,`email`,`address_id`,`address_info`,`abstruct`,`app_id`,`app_secret`,`mch_id`,`mch_sectet` FROM `market_write_info` WHERE `relevance_id` = 9 LIMIT 1   [ RunTime:0.0004s ]
SQL: SELECT `id` FROM `market_project` WHERE `project_link` = 'www.chinaimigo.com' LIMIT 1   [ RunTime:0.0004s ]
SQL: SHOW COLUMNS FROM `market_company` [ RunTime:0.0007s ]
SQL: SELECT `id` FROM `market_company` WHERE `web_postfix` = 'huanbao' AND `status` = 0 AND `relevance_id` = 9 LIMIT 1   [ RunTime:0.0004s ]
NOTIC: [8] Undefined index: visitor /var/www/html/amigo/amigo/Template00002/Controller/CommonController.class.php 第 56 行.
NOTIC: [8192] Non-static method Template00002\Model\CommonModel::saveStatis() should not be called statically, assuming $this from incompatible context /var/www/html/amigo/amigo/Template00002/Controller/CommonController.class.php 第 64 行.
SQL: SHOW COLUMNS FROM `market_system_news` [ RunTime:0.0006s ]
SQL: SELECT COUNT(*) AS tp_count FROM `market_system_news` WHERE `obj_id` = 744 AND `obj_type` = 1 AND `status` <> '-1' AND `is_read` = 0 LIMIT 1   [ RunTime:0.0005s ]
SQL: SHOW COLUMNS FROM `market_button_click_statistics` [ RunTime:0.0006s ]
SQL: SELECT * FROM `market_button_click_statistics` WHERE `company_id` = 22 AND `date` = 1511625600 AND `button_type` = 3 LIMIT 1   [ RunTime:0.0004s ]
SQL: INSERT INTO `market_button_click_statistics` (`company_id`,`date`,`button_type`) VALUES ('22','1511625600','3') [ RunTime:0.0005s ]

[ 2017-11-26T20:27:26+08:00 ] 183.3.226.234 /Template00002/Index/ajaxControl.html?companyName=huanbao&flag=indexButtonClickStatistics&button=2
INFO: [ app_init ] --START--
INFO: Run Behavior\BuildLiteBehavior [ RunTime:0.000013s ]
INFO: [ app_init ] --END-- [ RunTime:0.000312s ]
INFO: [ app_begin ] --START--
INFO: Run Behavior\ReadHtmlCacheBehavior [ RunTime:0.000300s ]
INFO: [ app_begin ] --END-- [ RunTime:0.000335s ]
SQL: SHOW COLUMNS FROM `market_project` [ RunTime:0.0009s ]
SQL: SELECT `id`,`template_id`,`category_id` FROM `market_project` WHERE `project_link` = 'www.chinaimigo.com' AND `status` = 0 LIMIT 1   [ RunTime:0.0004s ]
SQL: SHOW COLUMNS FROM `market_template_change` [ RunTime:0.0006s ]
SQL: SELECT `template_path` FROM `market_template_change` WHERE `id` = 2 LIMIT 1   [ RunTime:0.0003s ]
SQL: SHOW COLUMNS FROM `market_write_info` [ RunTime:0.0006s ]
SQL: SELECT `market_name`,`principal`,`phone`,`project_logo`,`email`,`address_id`,`address_info`,`abstruct`,`app_id`,`app_secret`,`mch_id`,`mch_sectet` FROM `market_write_info` WHERE `relevance_id` = 9 LIMIT 1   [ RunTime:0.0004s ]
SQL: SELECT `id` FROM `market_project` WHERE `project_link` = 'www.chinaimigo.com' LIMIT 1   [ RunTime:0.0004s ]
SQL: SHOW COLUMNS FROM `market_company` [ RunTime:0.0007s ]
SQL: SELECT `id` FROM `market_company` WHERE `web_postfix` = 'huanbao' AND `status` = 0 AND `relevance_id` = 9 LIMIT 1   [ RunTime:0.0004s ]
NOTIC: [8] Undefined index: visitor /var/www/html/amigo/amigo/Template00002/Controller/CommonController.class.php 第 56 行.
NOTIC: [8192] Non-static method Template00002\Model\CommonModel::saveStatis() should not be called statically, assuming $this from incompatible context /var/www/html/amigo/amigo/Template00002/Controller/CommonController.class.php 第 64 行.
SQL: SHOW COLUMNS FROM `market_system_news` [ RunTime:0.0006s ]
SQL: SELECT COUNT(*) AS tp_count FROM `market_system_news` WHERE `obj_id` = 744 AND `obj_type` = 1 AND `status` <> '-1' AND `is_read` = 0 LIMIT 1   [ RunTime:0.0005s ]
SQL: SHOW COLUMNS FROM `market_button_click_statistics` [ RunTime:0.0006s ]
SQL: SELECT * FROM `market_button_click_statistics` WHERE `company_id` = 22 AND `date` = 1511625600 AND `button_type` = 2 LIMIT 1   [ RunTime:0.0004s ]
SQL: UPDATE `market_button_click_statistics` SET `click_total`=click_total+1 WHERE `company_id` = 22 AND `date` = 1511625600 AND `button_type` = 2 [ RunTime:0.0005s ]

[ 2017-11-26T21:36:16+08:00 ] 183.3.226.234 /Template00002/Index/ajaxControl.html?companyName=yuancun&flag=indexButtonClickStatistics&button=2
INFO: [ app_init ] --START--
INFO: Run Behavior\BuildLiteBehavior [ RunTime:0.000017s ]
INFO: [ app_init ] --END-- [ RunTime:0.000313s ]
INFO: [ app_begin ] --START--
INFO: Run Behavior\ReadHtmlCacheBehavior [ RunTime:0.000436s ]
INFO: [ app_begin ] --END-- [ RunTime:0.000477s ]
SQL: SHOW COLUMNS FROM `market_project` [ RunTime:0.0007s ]
SQL: SELECT `id`,`template_id`,`category_id` FROM `market_project` WHERE `project_link` = 'www.chinaimigo.com' AND `status` = 0 LIMIT 1   [ RunTime:0.0004s ]
SQL: SHOW COLUMNS FROM `market_template_change` [ RunTime:0.0006s ]
SQL: SELECT `template_path` FROM `market_template_change` WHERE `id` = 2 LIMIT 1   [ RunTime:0.0003s ]
SQL: SHOW COLUMNS FROM `market_write_info` [ RunTime:0.0006s ]
SQL: SELECT `market_name`,`principal`,`phone`,`project_logo`,`email`,`address_id`,`address_info`,`abstruct`,`app_id`,`app_secret`,`mch_id`,`mch_sectet` FROM `market_write_info` WHERE `relevance_id` = 9 LIMIT 1   [ RunTime:0.0004s ]
SQL: SELECT `id` FROM `market_project` WHERE `project_link` = 'www.chinaimigo.com' LIMIT 1   [ RunTime:0.0004s ]
SQL: SHOW COLUMNS FROM `market_company` [ RunTime:0.0007s ]
SQL: SELECT `id` FROM `market_company` WHERE `web_postfix` = 'yuancun' AND `status` = 0 AND `relevance_id` = 9 LIMIT 1   [ RunTime:0.0004s ]
NOTIC: [8] Undefined index: visitor /var/www/html/amigo/amigo/Template00002/Controller/CommonController.class.php 第 56 行.
NOTIC: [8192] Non-static method Template00002\Model\CommonModel::saveStatis() should not be called statically, assuming $this from incompatible context /var/www/html/amigo/amigo/Template00002/Controller/CommonController.class.php 第 64 行.
SQL: SHOW COLUMNS FROM `market_company_statistics` [ RunTime:0.0006s ]
SQL: SELECT * FROM `market_company_statistics` WHERE `relevance_id` = 20 AND `date` = 1511625600 LIMIT 1   [ RunTime:0.0004s ]
SQL: UPDATE `market_company_statistics` SET `visit_total`=visit_total+1 WHERE `relevance_id` = 20 AND `date` = 1511625600 [ RunTime:0.0004s ]
SQL: SHOW COLUMNS FROM `market_system_news` [ RunTime:0.0006s ]
SQL: SELECT COUNT(*) AS tp_count FROM `market_system_news` WHERE `obj_id` = 744 AND `obj_type` = 1 AND `status` <> '-1' AND `is_read` = 0 LIMIT 1   [ RunTime:0.0008s ]
SQL: SHOW COLUMNS FROM `market_button_click_statistics` [ RunTime:0.0006s ]
SQL: SELECT * FROM `market_button_click_statistics` WHERE `company_id` = 20 AND `date` = 1511625600 AND `button_type` = 2 LIMIT 1   [ RunTime:0.0004s ]
SQL: INSERT INTO `market_button_click_statistics` (`company_id`,`date`,`button_type`) VALUES ('20','1511625600','2') [ RunTime:0.0004s ]

