[ 2017-11-04T12:17:37+08:00 ] 183.36.112.205 /Template00002/Index/ajaxControl.html?companyName=001&flag=indexButtonClickStatistics&button=2
INFO: [ app_init ] --START--
INFO: Run Behavior\BuildLiteBehavior [ RunTime:0.000015s ]
INFO: [ app_init ] --END-- [ RunTime:0.000238s ]
INFO: [ app_begin ] --START--
INFO: Run Behavior\ReadHtmlCacheBehavior [ RunTime:0.000369s ]
INFO: [ app_begin ] --END-- [ RunTime:0.000402s ]
SQL: SHOW COLUMNS FROM `market_project` [ RunTime:0.0007s ]
SQL: SELECT `id`,`template_id`,`category_id` FROM `market_project` WHERE `project_link` = 'www.chinaimigo.com' AND `status` = 0 LIMIT 1   [ RunTime:0.0004s ]
SQL: SHOW COLUMNS FROM `market_template_change` [ RunTime:0.0005s ]
SQL: SELECT `template_path` FROM `market_template_change` WHERE `id` = 2 LIMIT 1   [ RunTime:0.0003s ]
SQL: SHOW COLUMNS FROM `market_write_info` [ RunTime:0.0005s ]
SQL: SELECT `market_name`,`principal`,`phone`,`project_logo`,`email`,`address_id`,`address_info`,`abstruct`,`app_id`,`app_secret`,`mch_id`,`mch_sectet` FROM `market_write_info` WHERE `relevance_id` = 9 LIMIT 1   [ RunTime:0.0004s ]
SQL: SELECT `id` FROM `market_project` WHERE `project_link` = 'www.chinaimigo.com' LIMIT 1   [ RunTime:0.0004s ]
SQL: SHOW COLUMNS FROM `market_company` [ RunTime:0.0008s ]
SQL: SELECT `id` FROM `market_company` WHERE `web_postfix` = '001' AND `status` = 0 AND `relevance_id` = 9 LIMIT 1   [ RunTime:0.0004s ]
NOTIC: [8] Undefined index: visitor /var/www/html/amigo/amigo/Template00002/Controller/CommonController.class.php 第 56 行.
NOTIC: [8192] Non-static method Template00002\Model\CommonModel::saveStatis() should not be called statically, assuming $this from incompatible context /var/www/html/amigo/amigo/Template00002/Controller/CommonController.class.php 第 64 行.
SQL: SHOW COLUMNS FROM `market_company_statistics` [ RunTime:0.0005s ]
SQL: SELECT * FROM `market_company_statistics` WHERE `relevance_id` = 10 AND `date` = 1509724800 LIMIT 1   [ RunTime:0.0004s ]
SQL: UPDATE `market_company_statistics` SET `visit_total`=visit_total+1 WHERE `relevance_id` = 10 AND `date` = 1509724800 [ RunTime:0.0004s ]
SQL: SHOW COLUMNS FROM `market_system_news` [ RunTime:0.0005s ]
SQL: SELECT COUNT(*) AS tp_count FROM `market_system_news` WHERE `obj_id` = 744 AND `obj_type` = 1 AND `status` <> '-1' AND `is_read` = 0 LIMIT 1   [ RunTime:0.0004s ]
SQL: SHOW COLUMNS FROM `market_button_click_statistics` [ RunTime:0.0005s ]
SQL: SELECT * FROM `market_button_click_statistics` WHERE `company_id` = 10 AND `date` = 1509724800 AND `button_type` = 2 LIMIT 1   [ RunTime:0.0004s ]
SQL: UPDATE `market_button_click_statistics` SET `click_total`=click_total+1 WHERE `company_id` = 10 AND `date` = 1509724800 AND `button_type` = 2 [ RunTime:0.0004s ]

[ 2017-11-04T13:28:22+08:00 ] 183.36.112.205 /Template00002/Index/ajaxControl.html?companyName=001&flag=indexButtonClickStatistics&button=2
INFO: [ app_init ] --START--
INFO: Run Behavior\BuildLiteBehavior [ RunTime:0.000017s ]
INFO: [ app_init ] --END-- [ RunTime:0.000369s ]
INFO: [ app_begin ] --START--
INFO: Run Behavior\ReadHtmlCacheBehavior [ RunTime:0.000463s ]
INFO: [ app_begin ] --END-- [ RunTime:0.000509s ]
SQL: SHOW COLUMNS FROM `market_project` [ RunTime:0.0007s ]
SQL: SELECT `id`,`template_id`,`category_id` FROM `market_project` WHERE `project_link` = 'www.chinaimigo.com' AND `status` = 0 LIMIT 1   [ RunTime:0.0004s ]
SQL: SHOW COLUMNS FROM `market_template_change` [ RunTime:0.0005s ]
SQL: SELECT `template_path` FROM `market_template_change` WHERE `id` = 2 LIMIT 1   [ RunTime:0.0004s ]
SQL: SHOW COLUMNS FROM `market_write_info` [ RunTime:0.0005s ]
SQL: SELECT `market_name`,`principal`,`phone`,`project_logo`,`email`,`address_id`,`address_info`,`abstruct`,`app_id`,`app_secret`,`mch_id`,`mch_sectet` FROM `market_write_info` WHERE `relevance_id` = 9 LIMIT 1   [ RunTime:0.0004s ]
SQL: SELECT `id` FROM `market_project` WHERE `project_link` = 'www.chinaimigo.com' LIMIT 1   [ RunTime:0.0003s ]
SQL: SHOW COLUMNS FROM `market_company` [ RunTime:0.0023s ]
SQL: SELECT `id` FROM `market_company` WHERE `web_postfix` = '001' AND `status` = 0 AND `relevance_id` = 9 LIMIT 1   [ RunTime:0.0004s ]
NOTIC: [8] Undefined index: visitor /var/www/html/amigo/amigo/Template00002/Controller/CommonController.class.php 第 56 行.
NOTIC: [8192] Non-static method Template00002\Model\CommonModel::saveStatis() should not be called statically, assuming $this from incompatible context /var/www/html/amigo/amigo/Template00002/Controller/CommonController.class.php 第 64 行.
SQL: SHOW COLUMNS FROM `market_system_news` [ RunTime:0.0006s ]
SQL: SELECT COUNT(*) AS tp_count FROM `market_system_news` WHERE `obj_id` = 744 AND `obj_type` = 1 AND `status` <> '-1' AND `is_read` = 0 LIMIT 1   [ RunTime:0.0004s ]
SQL: SHOW COLUMNS FROM `market_button_click_statistics` [ RunTime:0.0005s ]
SQL: SELECT * FROM `market_button_click_statistics` WHERE `company_id` = 10 AND `date` = 1509724800 AND `button_type` = 2 LIMIT 1   [ RunTime:0.0005s ]
SQL: UPDATE `market_button_click_statistics` SET `click_total`=click_total+1 WHERE `company_id` = 10 AND `date` = 1509724800 AND `button_type` = 2 [ RunTime:0.0005s ]

[ 2017-11-04T13:28:40+08:00 ] 183.36.112.205 /Template00002/Index/ajaxControl.html?companyName=001&flag=indexButtonClickStatistics&button=1
INFO: [ app_init ] --START--
INFO: Run Behavior\BuildLiteBehavior [ RunTime:0.000011s ]
INFO: [ app_init ] --END-- [ RunTime:0.000252s ]
INFO: [ app_begin ] --START--
INFO: Run Behavior\ReadHtmlCacheBehavior [ RunTime:0.000364s ]
INFO: [ app_begin ] --END-- [ RunTime:0.000404s ]
SQL: SHOW COLUMNS FROM `market_project` [ RunTime:0.0006s ]
SQL: SELECT `id`,`template_id`,`category_id` FROM `market_project` WHERE `project_link` = 'www.chinaimigo.com' AND `status` = 0 LIMIT 1   [ RunTime:0.0004s ]
SQL: SHOW COLUMNS FROM `market_template_change` [ RunTime:0.0005s ]
SQL: SELECT `template_path` FROM `market_template_change` WHERE `id` = 2 LIMIT 1   [ RunTime:0.0003s ]
SQL: SHOW COLUMNS FROM `market_write_info` [ RunTime:0.0006s ]
SQL: SELECT `market_name`,`principal`,`phone`,`project_logo`,`email`,`address_id`,`address_info`,`abstruct`,`app_id`,`app_secret`,`mch_id`,`mch_sectet` FROM `market_write_info` WHERE `relevance_id` = 9 LIMIT 1   [ RunTime:0.0004s ]
SQL: SELECT `id` FROM `market_project` WHERE `project_link` = 'www.chinaimigo.com' LIMIT 1   [ RunTime:0.0003s ]
SQL: SHOW COLUMNS FROM `market_company` [ RunTime:0.0006s ]
SQL: SELECT `id` FROM `market_company` WHERE `web_postfix` = '001' AND `status` = 0 AND `relevance_id` = 9 LIMIT 1   [ RunTime:0.0004s ]
NOTIC: [8] Undefined index: visitor /var/www/html/amigo/amigo/Template00002/Controller/CommonController.class.php 第 56 行.
NOTIC: [8192] Non-static method Template00002\Model\CommonModel::saveStatis() should not be called statically, assuming $this from incompatible context /var/www/html/amigo/amigo/Template00002/Controller/CommonController.class.php 第 64 行.
SQL: SHOW COLUMNS FROM `market_system_news` [ RunTime:0.0005s ]
SQL: SELECT COUNT(*) AS tp_count FROM `market_system_news` WHERE `obj_id` = 744 AND `obj_type` = 1 AND `status` <> '-1' AND `is_read` = 0 LIMIT 1   [ RunTime:0.0004s ]
SQL: SHOW COLUMNS FROM `market_button_click_statistics` [ RunTime:0.0005s ]
SQL: SELECT * FROM `market_button_click_statistics` WHERE `company_id` = 10 AND `date` = 1509724800 AND `button_type` = 1 LIMIT 1   [ RunTime:0.0005s ]
SQL: UPDATE `market_button_click_statistics` SET `click_total`=click_total+1 WHERE `company_id` = 10 AND `date` = 1509724800 AND `button_type` = 1 [ RunTime:0.0004s ]

[ 2017-11-04T13:29:59+08:00 ] 183.36.112.205 /Template00002/Index/ajaxControl.html?companyName=001&flag=indexButtonClickStatistics&button=2
INFO: [ app_init ] --START--
INFO: Run Behavior\BuildLiteBehavior [ RunTime:0.000016s ]
INFO: [ app_init ] --END-- [ RunTime:0.000339s ]
INFO: [ app_begin ] --START--
INFO: Run Behavior\ReadHtmlCacheBehavior [ RunTime:0.000278s ]
INFO: [ app_begin ] --END-- [ RunTime:0.000308s ]
SQL: SHOW COLUMNS FROM `market_project` [ RunTime:0.0007s ]
SQL: SELECT `id`,`template_id`,`category_id` FROM `market_project` WHERE `project_link` = 'www.chinaimigo.com' AND `status` = 0 LIMIT 1   [ RunTime:0.0005s ]
SQL: SHOW COLUMNS FROM `market_template_change` [ RunTime:0.0005s ]
SQL: SELECT `template_path` FROM `market_template_change` WHERE `id` = 2 LIMIT 1   [ RunTime:0.0003s ]
SQL: SHOW COLUMNS FROM `market_write_info` [ RunTime:0.0006s ]
SQL: SELECT `market_name`,`principal`,`phone`,`project_logo`,`email`,`address_id`,`address_info`,`abstruct`,`app_id`,`app_secret`,`mch_id`,`mch_sectet` FROM `market_write_info` WHERE `relevance_id` = 9 LIMIT 1   [ RunTime:0.0004s ]
SQL: SELECT `id` FROM `market_project` WHERE `project_link` = 'www.chinaimigo.com' LIMIT 1   [ RunTime:0.0003s ]
SQL: SHOW COLUMNS FROM `market_company` [ RunTime:0.0007s ]
SQL: SELECT `id` FROM `market_company` WHERE `web_postfix` = '001' AND `status` = 0 AND `relevance_id` = 9 LIMIT 1   [ RunTime:0.0004s ]
NOTIC: [8] Undefined index: visitor /var/www/html/amigo/amigo/Template00002/Controller/CommonController.class.php 第 56 行.
NOTIC: [8192] Non-static method Template00002\Model\CommonModel::saveStatis() should not be called statically, assuming $this from incompatible context /var/www/html/amigo/amigo/Template00002/Controller/CommonController.class.php 第 64 行.
SQL: SHOW COLUMNS FROM `market_system_news` [ RunTime:0.0006s ]
SQL: SELECT COUNT(*) AS tp_count FROM `market_system_news` WHERE `obj_id` = 744 AND `obj_type` = 1 AND `status` <> '-1' AND `is_read` = 0 LIMIT 1   [ RunTime:0.0004s ]
SQL: SHOW COLUMNS FROM `market_button_click_statistics` [ RunTime:0.0005s ]
SQL: SELECT * FROM `market_button_click_statistics` WHERE `company_id` = 10 AND `date` = 1509724800 AND `button_type` = 2 LIMIT 1   [ RunTime:0.0004s ]
SQL: UPDATE `market_button_click_statistics` SET `click_total`=click_total+1 WHERE `company_id` = 10 AND `date` = 1509724800 AND `button_type` = 2 [ RunTime:0.0005s ]

[ 2017-11-04T13:34:31+08:00 ] 183.36.112.205 /Template00002/Index/ajaxControl.html?companyName=001&flag=indexButtonClickStatistics&button=1
INFO: [ app_init ] --START--
INFO: Run Behavior\BuildLiteBehavior [ RunTime:0.000013s ]
INFO: [ app_init ] --END-- [ RunTime:0.000303s ]
INFO: [ app_begin ] --START--
INFO: Run Behavior\ReadHtmlCacheBehavior [ RunTime:0.000404s ]
INFO: [ app_begin ] --END-- [ RunTime:0.000446s ]
SQL: SHOW COLUMNS FROM `market_project` [ RunTime:0.0006s ]
SQL: SELECT `id`,`template_id`,`category_id` FROM `market_project` WHERE `project_link` = 'www.chinaimigo.com' AND `status` = 0 LIMIT 1   [ RunTime:0.0004s ]
SQL: SHOW COLUMNS FROM `market_template_change` [ RunTime:0.0005s ]
SQL: SELECT `template_path` FROM `market_template_change` WHERE `id` = 2 LIMIT 1   [ RunTime:0.0003s ]
SQL: SHOW COLUMNS FROM `market_write_info` [ RunTime:0.0006s ]
SQL: SELECT `market_name`,`principal`,`phone`,`project_logo`,`email`,`address_id`,`address_info`,`abstruct`,`app_id`,`app_secret`,`mch_id`,`mch_sectet` FROM `market_write_info` WHERE `relevance_id` = 9 LIMIT 1   [ RunTime:0.0004s ]
SQL: SELECT `id` FROM `market_project` WHERE `project_link` = 'www.chinaimigo.com' LIMIT 1   [ RunTime:0.0004s ]
SQL: SHOW COLUMNS FROM `market_company` [ RunTime:0.0007s ]
SQL: SELECT `id` FROM `market_company` WHERE `web_postfix` = '001' AND `status` = 0 AND `relevance_id` = 9 LIMIT 1   [ RunTime:0.0004s ]
NOTIC: [8] Undefined index: visitor /var/www/html/amigo/amigo/Template00002/Controller/CommonController.class.php 第 56 行.
NOTIC: [8192] Non-static method Template00002\Model\CommonModel::saveStatis() should not be called statically, assuming $this from incompatible context /var/www/html/amigo/amigo/Template00002/Controller/CommonController.class.php 第 64 行.
SQL: SHOW COLUMNS FROM `market_system_news` [ RunTime:0.0005s ]
SQL: SELECT COUNT(*) AS tp_count FROM `market_system_news` WHERE `obj_id` = 744 AND `obj_type` = 1 AND `status` <> '-1' AND `is_read` = 0 LIMIT 1   [ RunTime:0.0004s ]
SQL: SHOW COLUMNS FROM `market_button_click_statistics` [ RunTime:0.0005s ]
SQL: SELECT * FROM `market_button_click_statistics` WHERE `company_id` = 10 AND `date` = 1509724800 AND `button_type` = 1 LIMIT 1   [ RunTime:0.0004s ]
SQL: UPDATE `market_button_click_statistics` SET `click_total`=click_total+1 WHERE `company_id` = 10 AND `date` = 1509724800 AND `button_type` = 1 [ RunTime:0.0004s ]

[ 2017-11-04T13:34:32+08:00 ] 183.36.112.205 /Template00002/Index/ajaxControl.html?companyName=001&flag=indexButtonClickStatistics&button=1
INFO: [ app_init ] --START--
INFO: Run Behavior\BuildLiteBehavior [ RunTime:0.000010s ]
INFO: [ app_init ] --END-- [ RunTime:0.000216s ]
INFO: [ app_begin ] --START--
INFO: Run Behavior\ReadHtmlCacheBehavior [ RunTime:0.000341s ]
INFO: [ app_begin ] --END-- [ RunTime:0.000371s ]
SQL: SHOW COLUMNS FROM `market_project` [ RunTime:0.0007s ]
SQL: SELECT `id`,`template_id`,`category_id` FROM `market_project` WHERE `project_link` = 'www.chinaimigo.com' AND `status` = 0 LIMIT 1   [ RunTime:0.0004s ]
SQL: SHOW COLUMNS FROM `market_template_change` [ RunTime:0.0005s ]
SQL: SELECT `template_path` FROM `market_template_change` WHERE `id` = 2 LIMIT 1   [ RunTime:0.0003s ]
SQL: SHOW COLUMNS FROM `market_write_info` [ RunTime:0.0006s ]
SQL: SELECT `market_name`,`principal`,`phone`,`project_logo`,`email`,`address_id`,`address_info`,`abstruct`,`app_id`,`app_secret`,`mch_id`,`mch_sectet` FROM `market_write_info` WHERE `relevance_id` = 9 LIMIT 1   [ RunTime:0.0004s ]
SQL: SELECT `id` FROM `market_project` WHERE `project_link` = 'www.chinaimigo.com' LIMIT 1   [ RunTime:0.0004s ]
SQL: SHOW COLUMNS FROM `market_company` [ RunTime:0.0006s ]
SQL: SELECT `id` FROM `market_company` WHERE `web_postfix` = '001' AND `status` = 0 AND `relevance_id` = 9 LIMIT 1   [ RunTime:0.0004s ]
NOTIC: [8] Undefined index: visitor /var/www/html/amigo/amigo/Template00002/Controller/CommonController.class.php 第 56 行.
NOTIC: [8192] Non-static method Template00002\Model\CommonModel::saveStatis() should not be called statically, assuming $this from incompatible context /var/www/html/amigo/amigo/Template00002/Controller/CommonController.class.php 第 64 行.
SQL: SHOW COLUMNS FROM `market_system_news` [ RunTime:0.0006s ]
SQL: SELECT COUNT(*) AS tp_count FROM `market_system_news` WHERE `obj_id` = 744 AND `obj_type` = 1 AND `status` <> '-1' AND `is_read` = 0 LIMIT 1   [ RunTime:0.0004s ]
SQL: SHOW COLUMNS FROM `market_button_click_statistics` [ RunTime:0.0005s ]
SQL: SELECT * FROM `market_button_click_statistics` WHERE `company_id` = 10 AND `date` = 1509724800 AND `button_type` = 1 LIMIT 1   [ RunTime:0.0006s ]
SQL: UPDATE `market_button_click_statistics` SET `click_total`=click_total+1 WHERE `company_id` = 10 AND `date` = 1509724800 AND `button_type` = 1 [ RunTime:0.0005s ]

[ 2017-11-04T13:35:14+08:00 ] 183.36.112.205 /Template00002/Index/ajaxControl.html?companyName=001&flag=indexButtonClickStatistics&button=2
INFO: [ app_init ] --START--
INFO: Run Behavior\BuildLiteBehavior [ RunTime:0.000009s ]
INFO: [ app_init ] --END-- [ RunTime:0.000209s ]
INFO: [ app_begin ] --START--
INFO: Run Behavior\ReadHtmlCacheBehavior [ RunTime:0.000322s ]
INFO: [ app_begin ] --END-- [ RunTime:0.000355s ]
SQL: SHOW COLUMNS FROM `market_project` [ RunTime:0.0007s ]
SQL: SELECT `id`,`template_id`,`category_id` FROM `market_project` WHERE `project_link` = 'www.chinaimigo.com' AND `status` = 0 LIMIT 1   [ RunTime:0.0004s ]
SQL: SHOW COLUMNS FROM `market_template_change` [ RunTime:0.0005s ]
SQL: SELECT `template_path` FROM `market_template_change` WHERE `id` = 2 LIMIT 1   [ RunTime:0.0003s ]
SQL: SHOW COLUMNS FROM `market_write_info` [ RunTime:0.0006s ]
SQL: SELECT `market_name`,`principal`,`phone`,`project_logo`,`email`,`address_id`,`address_info`,`abstruct`,`app_id`,`app_secret`,`mch_id`,`mch_sectet` FROM `market_write_info` WHERE `relevance_id` = 9 LIMIT 1   [ RunTime:0.0003s ]
SQL: SELECT `id` FROM `market_project` WHERE `project_link` = 'www.chinaimigo.com' LIMIT 1   [ RunTime:0.0003s ]
SQL: SHOW COLUMNS FROM `market_company` [ RunTime:0.0007s ]
SQL: SELECT `id` FROM `market_company` WHERE `web_postfix` = '001' AND `status` = 0 AND `relevance_id` = 9 LIMIT 1   [ RunTime:0.0004s ]
NOTIC: [8] Undefined index: visitor /var/www/html/amigo/amigo/Template00002/Controller/CommonController.class.php 第 56 行.
NOTIC: [8192] Non-static method Template00002\Model\CommonModel::saveStatis() should not be called statically, assuming $this from incompatible context /var/www/html/amigo/amigo/Template00002/Controller/CommonController.class.php 第 64 行.
SQL: SHOW COLUMNS FROM `market_system_news` [ RunTime:0.0006s ]
SQL: SELECT COUNT(*) AS tp_count FROM `market_system_news` WHERE `obj_id` = 744 AND `obj_type` = 1 AND `status` <> '-1' AND `is_read` = 0 LIMIT 1   [ RunTime:0.0004s ]
SQL: SHOW COLUMNS FROM `market_button_click_statistics` [ RunTime:0.0005s ]
SQL: SELECT * FROM `market_button_click_statistics` WHERE `company_id` = 10 AND `date` = 1509724800 AND `button_type` = 2 LIMIT 1   [ RunTime:0.0004s ]
SQL: UPDATE `market_button_click_statistics` SET `click_total`=click_total+1 WHERE `company_id` = 10 AND `date` = 1509724800 AND `button_type` = 2 [ RunTime:0.0005s ]

[ 2017-11-04T13:35:16+08:00 ] 121.51.14.20 /Template00002/Index/ajaxControl.html?companyName=001&flag=indexButtonClickStatistics&button=3
INFO: [ app_init ] --START--
INFO: Run Behavior\BuildLiteBehavior [ RunTime:0.000012s ]
INFO: [ app_init ] --END-- [ RunTime:0.000236s ]
INFO: [ app_begin ] --START--
INFO: Run Behavior\ReadHtmlCacheBehavior [ RunTime:0.000328s ]
INFO: [ app_begin ] --END-- [ RunTime:0.000359s ]
SQL: SHOW COLUMNS FROM `market_project` [ RunTime:0.0007s ]
SQL: SELECT `id`,`template_id`,`category_id` FROM `market_project` WHERE `project_link` = 'www.chinaimigo.com' AND `status` = 0 LIMIT 1   [ RunTime:0.0004s ]
SQL: SHOW COLUMNS FROM `market_template_change` [ RunTime:0.0005s ]
SQL: SELECT `template_path` FROM `market_template_change` WHERE `id` = 2 LIMIT 1   [ RunTime:0.0003s ]
SQL: SHOW COLUMNS FROM `market_write_info` [ RunTime:0.0006s ]
SQL: SELECT `market_name`,`principal`,`phone`,`project_logo`,`email`,`address_id`,`address_info`,`abstruct`,`app_id`,`app_secret`,`mch_id`,`mch_sectet` FROM `market_write_info` WHERE `relevance_id` = 9 LIMIT 1   [ RunTime:0.0004s ]
SQL: SELECT `id` FROM `market_project` WHERE `project_link` = 'www.chinaimigo.com' LIMIT 1   [ RunTime:0.0003s ]
SQL: SHOW COLUMNS FROM `market_company` [ RunTime:0.0007s ]
SQL: SELECT `id` FROM `market_company` WHERE `web_postfix` = '001' AND `status` = 0 AND `relevance_id` = 9 LIMIT 1   [ RunTime:0.0004s ]
NOTIC: [8] Undefined index: visitor /var/www/html/amigo/amigo/Template00002/Controller/CommonController.class.php 第 56 行.
NOTIC: [8192] Non-static method Template00002\Model\CommonModel::saveStatis() should not be called statically, assuming $this from incompatible context /var/www/html/amigo/amigo/Template00002/Controller/CommonController.class.php 第 64 行.
SQL: SHOW COLUMNS FROM `market_system_news` [ RunTime:0.0005s ]
SQL: SELECT COUNT(*) AS tp_count FROM `market_system_news` WHERE `obj_id` = 744 AND `obj_type` = 1 AND `status` <> '-1' AND `is_read` = 0 LIMIT 1   [ RunTime:0.0004s ]
SQL: SHOW COLUMNS FROM `market_button_click_statistics` [ RunTime:0.0005s ]
SQL: SELECT * FROM `market_button_click_statistics` WHERE `company_id` = 10 AND `date` = 1509724800 AND `button_type` = 3 LIMIT 1   [ RunTime:0.0004s ]
SQL: UPDATE `market_button_click_statistics` SET `click_total`=click_total+1 WHERE `company_id` = 10 AND `date` = 1509724800 AND `button_type` = 3 [ RunTime:0.0004s ]

[ 2017-11-04T14:37:40+08:00 ] 183.36.112.205 /Template00002/Index/ajaxControl.html?companyName=001&flag=indexButtonClickStatistics&button=2
INFO: [ app_init ] --START--
INFO: Run Behavior\BuildLiteBehavior [ RunTime:0.000012s ]
INFO: [ app_init ] --END-- [ RunTime:0.000227s ]
INFO: [ app_begin ] --START--
INFO: Run Behavior\ReadHtmlCacheBehavior [ RunTime:0.000354s ]
INFO: [ app_begin ] --END-- [ RunTime:0.000386s ]
SQL: SHOW COLUMNS FROM `market_project` [ RunTime:0.0007s ]
SQL: SELECT `id`,`template_id`,`category_id` FROM `market_project` WHERE `project_link` = 'www.chinaimigo.com' AND `status` = 0 LIMIT 1   [ RunTime:0.0004s ]
SQL: SHOW COLUMNS FROM `market_template_change` [ RunTime:0.0005s ]
SQL: SELECT `template_path` FROM `market_template_change` WHERE `id` = 2 LIMIT 1   [ RunTime:0.0003s ]
SQL: SHOW COLUMNS FROM `market_write_info` [ RunTime:0.0006s ]
SQL: SELECT `market_name`,`principal`,`phone`,`project_logo`,`email`,`address_id`,`address_info`,`abstruct`,`app_id`,`app_secret`,`mch_id`,`mch_sectet` FROM `market_write_info` WHERE `relevance_id` = 9 LIMIT 1   [ RunTime:0.0004s ]
SQL: SELECT `id` FROM `market_project` WHERE `project_link` = 'www.chinaimigo.com' LIMIT 1   [ RunTime:0.0004s ]
SQL: SHOW COLUMNS FROM `market_company` [ RunTime:0.0007s ]
SQL: SELECT `id` FROM `market_company` WHERE `web_postfix` = '001' AND `status` = 0 AND `relevance_id` = 9 LIMIT 1   [ RunTime:0.0004s ]
NOTIC: [8] Undefined index: visitor /var/www/html/amigo/amigo/Template00002/Controller/CommonController.class.php 第 56 行.
NOTIC: [8192] Non-static method Template00002\Model\CommonModel::saveStatis() should not be called statically, assuming $this from incompatible context /var/www/html/amigo/amigo/Template00002/Controller/CommonController.class.php 第 64 行.
SQL: SHOW COLUMNS FROM `market_system_news` [ RunTime:0.0006s ]
SQL: SELECT COUNT(*) AS tp_count FROM `market_system_news` WHERE `obj_id` = 744 AND `obj_type` = 1 AND `status` <> '-1' AND `is_read` = 0 LIMIT 1   [ RunTime:0.0004s ]
SQL: SHOW COLUMNS FROM `market_button_click_statistics` [ RunTime:0.0006s ]
SQL: SELECT * FROM `market_button_click_statistics` WHERE `company_id` = 10 AND `date` = 1509724800 AND `button_type` = 2 LIMIT 1   [ RunTime:0.0005s ]
SQL: UPDATE `market_button_click_statistics` SET `click_total`=click_total+1 WHERE `company_id` = 10 AND `date` = 1509724800 AND `button_type` = 2 [ RunTime:0.0005s ]

[ 2017-11-04T14:38:04+08:00 ] 183.36.112.205 /Template00002/Index/ajaxControl.html?companyName=001&flag=indexButtonClickStatistics&button=3
INFO: [ app_init ] --START--
INFO: Run Behavior\BuildLiteBehavior [ RunTime:0.000014s ]
INFO: [ app_init ] --END-- [ RunTime:0.000316s ]
INFO: [ app_begin ] --START--
INFO: Run Behavior\ReadHtmlCacheBehavior [ RunTime:0.000474s ]
INFO: [ app_begin ] --END-- [ RunTime:0.000519s ]
SQL: SHOW COLUMNS FROM `market_project` [ RunTime:0.0007s ]
SQL: SELECT `id`,`template_id`,`category_id` FROM `market_project` WHERE `project_link` = 'www.chinaimigo.com' AND `status` = 0 LIMIT 1   [ RunTime:0.0004s ]
SQL: SHOW COLUMNS FROM `market_template_change` [ RunTime:0.0005s ]
SQL: SELECT `template_path` FROM `market_template_change` WHERE `id` = 2 LIMIT 1   [ RunTime:0.0003s ]
SQL: SHOW COLUMNS FROM `market_write_info` [ RunTime:0.0006s ]
SQL: SELECT `market_name`,`principal`,`phone`,`project_logo`,`email`,`address_id`,`address_info`,`abstruct`,`app_id`,`app_secret`,`mch_id`,`mch_sectet` FROM `market_write_info` WHERE `relevance_id` = 9 LIMIT 1   [ RunTime:0.0004s ]
SQL: SELECT `id` FROM `market_project` WHERE `project_link` = 'www.chinaimigo.com' LIMIT 1   [ RunTime:0.0004s ]
SQL: SHOW COLUMNS FROM `market_company` [ RunTime:0.0007s ]
SQL: SELECT `id` FROM `market_company` WHERE `web_postfix` = '001' AND `status` = 0 AND `relevance_id` = 9 LIMIT 1   [ RunTime:0.0004s ]
NOTIC: [8] Undefined index: visitor /var/www/html/amigo/amigo/Template00002/Controller/CommonController.class.php 第 56 行.
NOTIC: [8192] Non-static method Template00002\Model\CommonModel::saveStatis() should not be called statically, assuming $this from incompatible context /var/www/html/amigo/amigo/Template00002/Controller/CommonController.class.php 第 64 行.
SQL: SHOW COLUMNS FROM `market_system_news` [ RunTime:0.0006s ]
SQL: SELECT COUNT(*) AS tp_count FROM `market_system_news` WHERE `obj_id` = 744 AND `obj_type` = 1 AND `status` <> '-1' AND `is_read` = 0 LIMIT 1   [ RunTime:0.0004s ]
SQL: SHOW COLUMNS FROM `market_button_click_statistics` [ RunTime:0.0005s ]
SQL: SELECT * FROM `market_button_click_statistics` WHERE `company_id` = 10 AND `date` = 1509724800 AND `button_type` = 3 LIMIT 1   [ RunTime:0.0005s ]
SQL: UPDATE `market_button_click_statistics` SET `click_total`=click_total+1 WHERE `company_id` = 10 AND `date` = 1509724800 AND `button_type` = 3 [ RunTime:0.0005s ]

[ 2017-11-04T14:38:19+08:00 ] 183.36.112.205 /Template00002/Index/ajaxControl.html?companyName=001&flag=indexButtonClickStatistics&button=1
INFO: [ app_init ] --START--
INFO: Run Behavior\BuildLiteBehavior [ RunTime:0.000012s ]
INFO: [ app_init ] --END-- [ RunTime:0.000272s ]
INFO: [ app_begin ] --START--
INFO: Run Behavior\ReadHtmlCacheBehavior [ RunTime:0.000477s ]
INFO: [ app_begin ] --END-- [ RunTime:0.000528s ]
SQL: SHOW COLUMNS FROM `market_project` [ RunTime:0.0007s ]
SQL: SELECT `id`,`template_id`,`category_id` FROM `market_project` WHERE `project_link` = 'www.chinaimigo.com' AND `status` = 0 LIMIT 1   [ RunTime:0.0004s ]
SQL: SHOW COLUMNS FROM `market_template_change` [ RunTime:0.0005s ]
SQL: SELECT `template_path` FROM `market_template_change` WHERE `id` = 2 LIMIT 1   [ RunTime:0.0004s ]
SQL: SHOW COLUMNS FROM `market_write_info` [ RunTime:0.0006s ]
SQL: SELECT `market_name`,`principal`,`phone`,`project_logo`,`email`,`address_id`,`address_info`,`abstruct`,`app_id`,`app_secret`,`mch_id`,`mch_sectet` FROM `market_write_info` WHERE `relevance_id` = 9 LIMIT 1   [ RunTime:0.0004s ]
SQL: SELECT `id` FROM `market_project` WHERE `project_link` = 'www.chinaimigo.com' LIMIT 1   [ RunTime:0.0003s ]
SQL: SHOW COLUMNS FROM `market_company` [ RunTime:0.0007s ]
SQL: SELECT `id` FROM `market_company` WHERE `web_postfix` = '001' AND `status` = 0 AND `relevance_id` = 9 LIMIT 1   [ RunTime:0.0003s ]
NOTIC: [8] Undefined index: visitor /var/www/html/amigo/amigo/Template00002/Controller/CommonController.class.php 第 56 行.
NOTIC: [8192] Non-static method Template00002\Model\CommonModel::saveStatis() should not be called statically, assuming $this from incompatible context /var/www/html/amigo/amigo/Template00002/Controller/CommonController.class.php 第 64 行.
SQL: SHOW COLUMNS FROM `market_system_news` [ RunTime:0.0005s ]
SQL: SELECT COUNT(*) AS tp_count FROM `market_system_news` WHERE `obj_id` = 744 AND `obj_type` = 1 AND `status` <> '-1' AND `is_read` = 0 LIMIT 1   [ RunTime:0.0004s ]
SQL: SHOW COLUMNS FROM `market_button_click_statistics` [ RunTime:0.0005s ]
SQL: SELECT * FROM `market_button_click_statistics` WHERE `company_id` = 10 AND `date` = 1509724800 AND `button_type` = 1 LIMIT 1   [ RunTime:0.0004s ]
SQL: UPDATE `market_button_click_statistics` SET `click_total`=click_total+1 WHERE `company_id` = 10 AND `date` = 1509724800 AND `button_type` = 1 [ RunTime:0.0004s ]

[ 2017-11-04T14:38:27+08:00 ] 121.51.14.20 /Template00002/Index/ajaxControl.html?companyName=001&flag=indexButtonClickStatistics&button=2
INFO: [ app_init ] --START--
INFO: Run Behavior\BuildLiteBehavior [ RunTime:0.000013s ]
INFO: [ app_init ] --END-- [ RunTime:0.000230s ]
INFO: [ app_begin ] --START--
INFO: Run Behavior\ReadHtmlCacheBehavior [ RunTime:0.000281s ]
INFO: [ app_begin ] --END-- [ RunTime:0.000313s ]
SQL: SHOW COLUMNS FROM `market_project` [ RunTime:0.0007s ]
SQL: SELECT `id`,`template_id`,`category_id` FROM `market_project` WHERE `project_link` = 'www.chinaimigo.com' AND `status` = 0 LIMIT 1   [ RunTime:0.0004s ]
SQL: SHOW COLUMNS FROM `market_template_change` [ RunTime:0.0005s ]
SQL: SELECT `template_path` FROM `market_template_change` WHERE `id` = 2 LIMIT 1   [ RunTime:0.0004s ]
SQL: SHOW COLUMNS FROM `market_write_info` [ RunTime:0.0006s ]
SQL: SELECT `market_name`,`principal`,`phone`,`project_logo`,`email`,`address_id`,`address_info`,`abstruct`,`app_id`,`app_secret`,`mch_id`,`mch_sectet` FROM `market_write_info` WHERE `relevance_id` = 9 LIMIT 1   [ RunTime:0.0004s ]
SQL: SELECT `id` FROM `market_project` WHERE `project_link` = 'www.chinaimigo.com' LIMIT 1   [ RunTime:0.0004s ]
SQL: SHOW COLUMNS FROM `market_company` [ RunTime:0.0007s ]
SQL: SELECT `id` FROM `market_company` WHERE `web_postfix` = '001' AND `status` = 0 AND `relevance_id` = 9 LIMIT 1   [ RunTime:0.0004s ]
NOTIC: [8] Undefined index: visitor /var/www/html/amigo/amigo/Template00002/Controller/CommonController.class.php 第 56 行.
NOTIC: [8192] Non-static method Template00002\Model\CommonModel::saveStatis() should not be called statically, assuming $this from incompatible context /var/www/html/amigo/amigo/Template00002/Controller/CommonController.class.php 第 64 行.
SQL: SHOW COLUMNS FROM `market_system_news` [ RunTime:0.0006s ]
SQL: SELECT COUNT(*) AS tp_count FROM `market_system_news` WHERE `obj_id` = 744 AND `obj_type` = 1 AND `status` <> '-1' AND `is_read` = 0 LIMIT 1   [ RunTime:0.0004s ]
SQL: SHOW COLUMNS FROM `market_button_click_statistics` [ RunTime:0.0006s ]
SQL: SELECT * FROM `market_button_click_statistics` WHERE `company_id` = 10 AND `date` = 1509724800 AND `button_type` = 2 LIMIT 1   [ RunTime:0.0004s ]
SQL: UPDATE `market_button_click_statistics` SET `click_total`=click_total+1 WHERE `company_id` = 10 AND `date` = 1509724800 AND `button_type` = 2 [ RunTime:0.0005s ]

[ 2017-11-04T15:23:57+08:00 ] 183.36.112.205 /Template00002/Index/ajaxControl.html?companyName=001&flag=indexButtonClickStatistics&button=2
INFO: [ app_init ] --START--
INFO: Run Behavior\BuildLiteBehavior [ RunTime:0.000015s ]
INFO: [ app_init ] --END-- [ RunTime:0.000314s ]
INFO: [ app_begin ] --START--
INFO: Run Behavior\ReadHtmlCacheBehavior [ RunTime:0.000412s ]
INFO: [ app_begin ] --END-- [ RunTime:0.000456s ]
SQL: SHOW COLUMNS FROM `market_project` [ RunTime:0.0007s ]
SQL: SELECT `id`,`template_id`,`category_id` FROM `market_project` WHERE `project_link` = 'www.chinaimigo.com' AND `status` = 0 LIMIT 1   [ RunTime:0.0004s ]
SQL: SHOW COLUMNS FROM `market_template_change` [ RunTime:0.0005s ]
SQL: SELECT `template_path` FROM `market_template_change` WHERE `id` = 2 LIMIT 1   [ RunTime:0.0004s ]
SQL: SHOW COLUMNS FROM `market_write_info` [ RunTime:0.0005s ]
SQL: SELECT `market_name`,`principal`,`phone`,`project_logo`,`email`,`address_id`,`address_info`,`abstruct`,`app_id`,`app_secret`,`mch_id`,`mch_sectet` FROM `market_write_info` WHERE `relevance_id` = 9 LIMIT 1   [ RunTime:0.0004s ]
SQL: SELECT `id` FROM `market_project` WHERE `project_link` = 'www.chinaimigo.com' LIMIT 1   [ RunTime:0.0003s ]
SQL: SHOW COLUMNS FROM `market_company` [ RunTime:0.0007s ]
SQL: SELECT `id` FROM `market_company` WHERE `web_postfix` = '001' AND `status` = 0 AND `relevance_id` = 9 LIMIT 1   [ RunTime:0.0004s ]
NOTIC: [8] Undefined index: visitor /var/www/html/amigo/amigo/Template00002/Controller/CommonController.class.php 第 56 行.
NOTIC: [8192] Non-static method Template00002\Model\CommonModel::saveStatis() should not be called statically, assuming $this from incompatible context /var/www/html/amigo/amigo/Template00002/Controller/CommonController.class.php 第 64 行.
SQL: SHOW COLUMNS FROM `market_system_news` [ RunTime:0.0005s ]
SQL: SELECT COUNT(*) AS tp_count FROM `market_system_news` WHERE `obj_id` = 744 AND `obj_type` = 1 AND `status` <> '-1' AND `is_read` = 0 LIMIT 1   [ RunTime:0.0004s ]
SQL: SHOW COLUMNS FROM `market_button_click_statistics` [ RunTime:0.0005s ]
SQL: SELECT * FROM `market_button_click_statistics` WHERE `company_id` = 10 AND `date` = 1509724800 AND `button_type` = 2 LIMIT 1   [ RunTime:0.0004s ]
SQL: UPDATE `market_button_click_statistics` SET `click_total`=click_total+1 WHERE `company_id` = 10 AND `date` = 1509724800 AND `button_type` = 2 [ RunTime:0.0005s ]

[ 2017-11-04T15:25:00+08:00 ] 183.36.112.205 /Template00002/Index/ajaxControl.html?companyName=001&flag=indexButtonClickStatistics&button=5
INFO: [ app_init ] --START--
INFO: Run Behavior\BuildLiteBehavior [ RunTime:0.000012s ]
INFO: [ app_init ] --END-- [ RunTime:0.000281s ]
INFO: [ app_begin ] --START--
INFO: Run Behavior\ReadHtmlCacheBehavior [ RunTime:0.000336s ]
INFO: [ app_begin ] --END-- [ RunTime:0.000373s ]
SQL: SHOW COLUMNS FROM `market_project` [ RunTime:0.0008s ]
SQL: SELECT `id`,`template_id`,`category_id` FROM `market_project` WHERE `project_link` = 'www.chinaimigo.com' AND `status` = 0 LIMIT 1   [ RunTime:0.0004s ]
SQL: SHOW COLUMNS FROM `market_template_change` [ RunTime:0.0005s ]
SQL: SELECT `template_path` FROM `market_template_change` WHERE `id` = 2 LIMIT 1   [ RunTime:0.0004s ]
SQL: SHOW COLUMNS FROM `market_write_info` [ RunTime:0.0006s ]
SQL: SELECT `market_name`,`principal`,`phone`,`project_logo`,`email`,`address_id`,`address_info`,`abstruct`,`app_id`,`app_secret`,`mch_id`,`mch_sectet` FROM `market_write_info` WHERE `relevance_id` = 9 LIMIT 1   [ RunTime:0.0004s ]
SQL: SELECT `id` FROM `market_project` WHERE `project_link` = 'www.chinaimigo.com' LIMIT 1   [ RunTime:0.0004s ]
SQL: SHOW COLUMNS FROM `market_company` [ RunTime:0.0007s ]
SQL: SELECT `id` FROM `market_company` WHERE `web_postfix` = '001' AND `status` = 0 AND `relevance_id` = 9 LIMIT 1   [ RunTime:0.0004s ]
NOTIC: [8] Undefined index: visitor /var/www/html/amigo/amigo/Template00002/Controller/CommonController.class.php 第 56 行.
NOTIC: [8192] Non-static method Template00002\Model\CommonModel::saveStatis() should not be called statically, assuming $this from incompatible context /var/www/html/amigo/amigo/Template00002/Controller/CommonController.class.php 第 64 行.
SQL: SHOW COLUMNS FROM `market_system_news` [ RunTime:0.0005s ]
SQL: SELECT COUNT(*) AS tp_count FROM `market_system_news` WHERE `obj_id` = 744 AND `obj_type` = 1 AND `status` <> '-1' AND `is_read` = 0 LIMIT 1   [ RunTime:0.0004s ]
SQL: SHOW COLUMNS FROM `market_button_click_statistics` [ RunTime:0.0005s ]
SQL: SELECT * FROM `market_button_click_statistics` WHERE `company_id` = 10 AND `date` = 1509724800 AND `button_type` = 5 LIMIT 1   [ RunTime:0.0004s ]
SQL: UPDATE `market_button_click_statistics` SET `click_total`=click_total+1 WHERE `company_id` = 10 AND `date` = 1509724800 AND `button_type` = 5 [ RunTime:0.0004s ]

[ 2017-11-04T15:25:13+08:00 ] 183.36.112.205 /Template00002/Index/ajaxControl.html?companyName=004&flag=indexButtonClickStatistics&button=2
INFO: [ app_init ] --START--
INFO: Run Behavior\BuildLiteBehavior [ RunTime:0.000015s ]
INFO: [ app_init ] --END-- [ RunTime:0.000256s ]
INFO: [ app_begin ] --START--
INFO: Run Behavior\ReadHtmlCacheBehavior [ RunTime:0.000267s ]
INFO: [ app_begin ] --END-- [ RunTime:0.000301s ]
SQL: SHOW COLUMNS FROM `market_project` [ RunTime:0.0007s ]
SQL: SELECT `id`,`template_id`,`category_id` FROM `market_project` WHERE `project_link` = 'www.chinaimigo.com' AND `status` = 0 LIMIT 1   [ RunTime:0.0004s ]
SQL: SHOW COLUMNS FROM `market_template_change` [ RunTime:0.0005s ]
SQL: SELECT `template_path` FROM `market_template_change` WHERE `id` = 2 LIMIT 1   [ RunTime:0.0003s ]
SQL: SHOW COLUMNS FROM `market_write_info` [ RunTime:0.0006s ]
SQL: SELECT `market_name`,`principal`,`phone`,`project_logo`,`email`,`address_id`,`address_info`,`abstruct`,`app_id`,`app_secret`,`mch_id`,`mch_sectet` FROM `market_write_info` WHERE `relevance_id` = 9 LIMIT 1   [ RunTime:0.0004s ]
SQL: SELECT `id` FROM `market_project` WHERE `project_link` = 'www.chinaimigo.com' LIMIT 1   [ RunTime:0.0004s ]
SQL: SHOW COLUMNS FROM `market_company` [ RunTime:0.0007s ]
SQL: SELECT `id` FROM `market_company` WHERE `web_postfix` = '004' AND `status` = 0 AND `relevance_id` = 9 LIMIT 1   [ RunTime:0.0004s ]
NOTIC: [8] Undefined index: visitor /var/www/html/amigo/amigo/Template00002/Controller/CommonController.class.php 第 56 行.
NOTIC: [8192] Non-static method Template00002\Model\CommonModel::saveStatis() should not be called statically, assuming $this from incompatible context /var/www/html/amigo/amigo/Template00002/Controller/CommonController.class.php 第 64 行.
SQL: SHOW COLUMNS FROM `market_company_statistics` [ RunTime:0.0005s ]
SQL: SELECT * FROM `market_company_statistics` WHERE `relevance_id` = 13 AND `date` = 1509724800 LIMIT 1   [ RunTime:0.0004s ]
SQL: UPDATE `market_company_statistics` SET `visit_total`=visit_total+1 WHERE `relevance_id` = 13 AND `date` = 1509724800 [ RunTime:0.0005s ]
SQL: SHOW COLUMNS FROM `market_system_news` [ RunTime:0.0006s ]
SQL: SELECT COUNT(*) AS tp_count FROM `market_system_news` WHERE `obj_id` = 744 AND `obj_type` = 1 AND `status` <> '-1' AND `is_read` = 0 LIMIT 1   [ RunTime:0.0004s ]
SQL: SHOW COLUMNS FROM `market_button_click_statistics` [ RunTime:0.0005s ]
SQL: SELECT * FROM `market_button_click_statistics` WHERE `company_id` = 13 AND `date` = 1509724800 AND `button_type` = 2 LIMIT 1   [ RunTime:0.0004s ]
SQL: INSERT INTO `market_button_click_statistics` (`company_id`,`date`,`button_type`) VALUES ('13','1509724800','2') [ RunTime:0.0004s ]

[ 2017-11-04T15:25:25+08:00 ] 183.36.112.205 /Template00002/Index/ajaxControl.html?companyName=004&flag=indexButtonClickStatistics&button=1
INFO: [ app_init ] --START--
INFO: Run Behavior\BuildLiteBehavior [ RunTime:0.000017s ]
INFO: [ app_init ] --END-- [ RunTime:0.000296s ]
INFO: [ app_begin ] --START--
INFO: Run Behavior\ReadHtmlCacheBehavior [ RunTime:0.000389s ]
INFO: [ app_begin ] --END-- [ RunTime:0.000428s ]
SQL: SHOW COLUMNS FROM `market_project` [ RunTime:0.0007s ]
SQL: SELECT `id`,`template_id`,`category_id` FROM `market_project` WHERE `project_link` = 'www.chinaimigo.com' AND `status` = 0 LIMIT 1   [ RunTime:0.0004s ]
SQL: SHOW COLUMNS FROM `market_template_change` [ RunTime:0.0005s ]
SQL: SELECT `template_path` FROM `market_template_change` WHERE `id` = 2 LIMIT 1   [ RunTime:0.0003s ]
SQL: SHOW COLUMNS FROM `market_write_info` [ RunTime:0.0006s ]
SQL: SELECT `market_name`,`principal`,`phone`,`project_logo`,`email`,`address_id`,`address_info`,`abstruct`,`app_id`,`app_secret`,`mch_id`,`mch_sectet` FROM `market_write_info` WHERE `relevance_id` = 9 LIMIT 1   [ RunTime:0.0004s ]
SQL: SELECT `id` FROM `market_project` WHERE `project_link` = 'www.chinaimigo.com' LIMIT 1   [ RunTime:0.0004s ]
SQL: SHOW COLUMNS FROM `market_company` [ RunTime:0.0007s ]
SQL: SELECT `id` FROM `market_company` WHERE `web_postfix` = '004' AND `status` = 0 AND `relevance_id` = 9 LIMIT 1   [ RunTime:0.0005s ]
NOTIC: [8] Undefined index: visitor /var/www/html/amigo/amigo/Template00002/Controller/CommonController.class.php 第 56 行.
NOTIC: [8192] Non-static method Template00002\Model\CommonModel::saveStatis() should not be called statically, assuming $this from incompatible context /var/www/html/amigo/amigo/Template00002/Controller/CommonController.class.php 第 64 行.
SQL: SHOW COLUMNS FROM `market_system_news` [ RunTime:0.0006s ]
SQL: SELECT COUNT(*) AS tp_count FROM `market_system_news` WHERE `obj_id` = 744 AND `obj_type` = 1 AND `status` <> '-1' AND `is_read` = 0 LIMIT 1   [ RunTime:0.0004s ]
SQL: SHOW COLUMNS FROM `market_button_click_statistics` [ RunTime:0.0005s ]
SQL: SELECT * FROM `market_button_click_statistics` WHERE `company_id` = 13 AND `date` = 1509724800 AND `button_type` = 1 LIMIT 1   [ RunTime:0.0004s ]
SQL: INSERT INTO `market_button_click_statistics` (`company_id`,`date`,`button_type`) VALUES ('13','1509724800','1') [ RunTime:0.0004s ]

[ 2017-11-04T15:55:54+08:00 ] 183.36.112.205 /Template00002/Index/ajaxControl.html?companyName=001&flag=indexButtonClickStatistics&button=2
INFO: [ app_init ] --START--
INFO: Run Behavior\BuildLiteBehavior [ RunTime:0.000019s ]
INFO: [ app_init ] --END-- [ RunTime:0.000355s ]
INFO: [ app_begin ] --START--
INFO: Run Behavior\ReadHtmlCacheBehavior [ RunTime:0.000402s ]
INFO: [ app_begin ] --END-- [ RunTime:0.000447s ]
SQL: SHOW COLUMNS FROM `market_project` [ RunTime:0.0007s ]
SQL: SELECT `id`,`template_id`,`category_id` FROM `market_project` WHERE `project_link` = 'www.chinaimigo.com' AND `status` = 0 LIMIT 1   [ RunTime:0.0004s ]
SQL: SHOW COLUMNS FROM `market_template_change` [ RunTime:0.0005s ]
SQL: SELECT `template_path` FROM `market_template_change` WHERE `id` = 2 LIMIT 1   [ RunTime:0.0003s ]
SQL: SHOW COLUMNS FROM `market_write_info` [ RunTime:0.0006s ]
SQL: SELECT `market_name`,`principal`,`phone`,`project_logo`,`email`,`address_id`,`address_info`,`abstruct`,`app_id`,`app_secret`,`mch_id`,`mch_sectet` FROM `market_write_info` WHERE `relevance_id` = 9 LIMIT 1   [ RunTime:0.0004s ]
SQL: SELECT `id` FROM `market_project` WHERE `project_link` = 'www.chinaimigo.com' LIMIT 1   [ RunTime:0.0003s ]
SQL: SHOW COLUMNS FROM `market_company` [ RunTime:0.0007s ]
SQL: SELECT `id` FROM `market_company` WHERE `web_postfix` = '001' AND `status` = 0 AND `relevance_id` = 9 LIMIT 1   [ RunTime:0.0004s ]
NOTIC: [8] Undefined index: visitor /var/www/html/amigo/amigo/Template00002/Controller/CommonController.class.php 第 56 行.
NOTIC: [8192] Non-static method Template00002\Model\CommonModel::saveStatis() should not be called statically, assuming $this from incompatible context /var/www/html/amigo/amigo/Template00002/Controller/CommonController.class.php 第 64 行.
SQL: SHOW COLUMNS FROM `market_system_news` [ RunTime:0.0006s ]
SQL: SELECT COUNT(*) AS tp_count FROM `market_system_news` WHERE `obj_id` = 744 AND `obj_type` = 1 AND `status` <> '-1' AND `is_read` = 0 LIMIT 1   [ RunTime:0.0004s ]
SQL: SHOW COLUMNS FROM `market_button_click_statistics` [ RunTime:0.0005s ]
SQL: SELECT * FROM `market_button_click_statistics` WHERE `company_id` = 10 AND `date` = 1509724800 AND `button_type` = 2 LIMIT 1   [ RunTime:0.0005s ]
SQL: UPDATE `market_button_click_statistics` SET `click_total`=click_total+1 WHERE `company_id` = 10 AND `date` = 1509724800 AND `button_type` = 2 [ RunTime:0.0006s ]

[ 2017-11-04T17:46:38+08:00 ] 183.36.112.205 /Template00002/Index/ajaxControl.html?companyName=001&flag=indexButtonClickStatistics&button=5
INFO: [ app_init ] --START--
INFO: Run Behavior\BuildLiteBehavior [ RunTime:0.000011s ]
INFO: [ app_init ] --END-- [ RunTime:0.000234s ]
INFO: [ app_begin ] --START--
INFO: Run Behavior\ReadHtmlCacheBehavior [ RunTime:0.000303s ]
INFO: [ app_begin ] --END-- [ RunTime:0.000334s ]
SQL: SHOW COLUMNS FROM `market_project` [ RunTime:0.0007s ]
SQL: SELECT `id`,`template_id`,`category_id` FROM `market_project` WHERE `project_link` = 'www.chinaimigo.com' AND `status` = 0 LIMIT 1   [ RunTime:0.0004s ]
SQL: SHOW COLUMNS FROM `market_template_change` [ RunTime:0.0005s ]
SQL: SELECT `template_path` FROM `market_template_change` WHERE `id` = 2 LIMIT 1   [ RunTime:0.0003s ]
SQL: SHOW COLUMNS FROM `market_write_info` [ RunTime:0.0006s ]
SQL: SELECT `market_name`,`principal`,`phone`,`project_logo`,`email`,`address_id`,`address_info`,`abstruct`,`app_id`,`app_secret`,`mch_id`,`mch_sectet` FROM `market_write_info` WHERE `relevance_id` = 9 LIMIT 1   [ RunTime:0.0004s ]
SQL: SELECT `id` FROM `market_project` WHERE `project_link` = 'www.chinaimigo.com' LIMIT 1   [ RunTime:0.0003s ]
SQL: SHOW COLUMNS FROM `market_company` [ RunTime:0.0007s ]
SQL: SELECT `id` FROM `market_company` WHERE `web_postfix` = '001' AND `status` = 0 AND `relevance_id` = 9 LIMIT 1   [ RunTime:0.0004s ]
NOTIC: [8] Undefined index: visitor /var/www/html/amigo/amigo/Template00002/Controller/CommonController.class.php 第 56 行.
NOTIC: [8192] Non-static method Template00002\Model\CommonModel::saveStatis() should not be called statically, assuming $this from incompatible context /var/www/html/amigo/amigo/Template00002/Controller/CommonController.class.php 第 64 行.
SQL: SHOW COLUMNS FROM `market_system_news` [ RunTime:0.0006s ]
SQL: SELECT COUNT(*) AS tp_count FROM `market_system_news` WHERE `obj_id` = 744 AND `obj_type` = 1 AND `status` <> '-1' AND `is_read` = 0 LIMIT 1   [ RunTime:0.0004s ]
SQL: SHOW COLUMNS FROM `market_button_click_statistics` [ RunTime:0.0006s ]
SQL: SELECT * FROM `market_button_click_statistics` WHERE `company_id` = 10 AND `date` = 1509724800 AND `button_type` = 5 LIMIT 1   [ RunTime:0.0005s ]
SQL: UPDATE `market_button_click_statistics` SET `click_total`=click_total+1 WHERE `company_id` = 10 AND `date` = 1509724800 AND `button_type` = 5 [ RunTime:0.0006s ]

[ 2017-11-04T17:46:46+08:00 ] 183.36.112.205 /Template00002/Index/ajaxControl.html?companyName=001&flag=indexButtonClickStatistics&button=3
INFO: [ app_init ] --START--
INFO: Run Behavior\BuildLiteBehavior [ RunTime:0.000013s ]
INFO: [ app_init ] --END-- [ RunTime:0.000242s ]
INFO: [ app_begin ] --START--
INFO: Run Behavior\ReadHtmlCacheBehavior [ RunTime:0.000430s ]
INFO: [ app_begin ] --END-- [ RunTime:0.000475s ]
SQL: SHOW COLUMNS FROM `market_project` [ RunTime:0.0007s ]
SQL: SELECT `id`,`template_id`,`category_id` FROM `market_project` WHERE `project_link` = 'www.chinaimigo.com' AND `status` = 0 LIMIT 1   [ RunTime:0.0004s ]
SQL: SHOW COLUMNS FROM `market_template_change` [ RunTime:0.0005s ]
SQL: SELECT `template_path` FROM `market_template_change` WHERE `id` = 2 LIMIT 1   [ RunTime:0.0003s ]
SQL: SHOW COLUMNS FROM `market_write_info` [ RunTime:0.0005s ]
SQL: SELECT `market_name`,`principal`,`phone`,`project_logo`,`email`,`address_id`,`address_info`,`abstruct`,`app_id`,`app_secret`,`mch_id`,`mch_sectet` FROM `market_write_info` WHERE `relevance_id` = 9 LIMIT 1   [ RunTime:0.0004s ]
SQL: SELECT `id` FROM `market_project` WHERE `project_link` = 'www.chinaimigo.com' LIMIT 1   [ RunTime:0.0003s ]
SQL: SHOW COLUMNS FROM `market_company` [ RunTime:0.0007s ]
SQL: SELECT `id` FROM `market_company` WHERE `web_postfix` = '001' AND `status` = 0 AND `relevance_id` = 9 LIMIT 1   [ RunTime:0.0003s ]
NOTIC: [8] Undefined index: visitor /var/www/html/amigo/amigo/Template00002/Controller/CommonController.class.php 第 56 行.
NOTIC: [8192] Non-static method Template00002\Model\CommonModel::saveStatis() should not be called statically, assuming $this from incompatible context /var/www/html/amigo/amigo/Template00002/Controller/CommonController.class.php 第 64 行.
SQL: SHOW COLUMNS FROM `market_system_news` [ RunTime:0.0005s ]
SQL: SELECT COUNT(*) AS tp_count FROM `market_system_news` WHERE `obj_id` = 744 AND `obj_type` = 1 AND `status` <> '-1' AND `is_read` = 0 LIMIT 1   [ RunTime:0.0004s ]
SQL: SHOW COLUMNS FROM `market_button_click_statistics` [ RunTime:0.0005s ]
SQL: SELECT * FROM `market_button_click_statistics` WHERE `company_id` = 10 AND `date` = 1509724800 AND `button_type` = 3 LIMIT 1   [ RunTime:0.0004s ]
SQL: UPDATE `market_button_click_statistics` SET `click_total`=click_total+1 WHERE `company_id` = 10 AND `date` = 1509724800 AND `button_type` = 3 [ RunTime:0.0004s ]

[ 2017-11-04T17:46:50+08:00 ] 183.36.112.205 /Template00002/Index/ajaxControl.html?companyName=001&flag=indexButtonClickStatistics&button=2
INFO: [ app_init ] --START--
INFO: Run Behavior\BuildLiteBehavior [ RunTime:0.000014s ]
INFO: [ app_init ] --END-- [ RunTime:0.000484s ]
INFO: [ app_begin ] --START--
INFO: Run Behavior\ReadHtmlCacheBehavior [ RunTime:0.000420s ]
INFO: [ app_begin ] --END-- [ RunTime:0.000467s ]
SQL: SHOW COLUMNS FROM `market_project` [ RunTime:0.0007s ]
SQL: SELECT `id`,`template_id`,`category_id` FROM `market_project` WHERE `project_link` = 'www.chinaimigo.com' AND `status` = 0 LIMIT 1   [ RunTime:0.0004s ]
SQL: SHOW COLUMNS FROM `market_template_change` [ RunTime:0.0005s ]
SQL: SELECT `template_path` FROM `market_template_change` WHERE `id` = 2 LIMIT 1   [ RunTime:0.0004s ]
SQL: SHOW COLUMNS FROM `market_write_info` [ RunTime:0.0006s ]
SQL: SELECT `market_name`,`principal`,`phone`,`project_logo`,`email`,`address_id`,`address_info`,`abstruct`,`app_id`,`app_secret`,`mch_id`,`mch_sectet` FROM `market_write_info` WHERE `relevance_id` = 9 LIMIT 1   [ RunTime:0.0004s ]
SQL: SELECT `id` FROM `market_project` WHERE `project_link` = 'www.chinaimigo.com' LIMIT 1   [ RunTime:0.0004s ]
SQL: SHOW COLUMNS FROM `market_company` [ RunTime:0.0007s ]
SQL: SELECT `id` FROM `market_company` WHERE `web_postfix` = '001' AND `status` = 0 AND `relevance_id` = 9 LIMIT 1   [ RunTime:0.0004s ]
NOTIC: [8] Undefined index: visitor /var/www/html/amigo/amigo/Template00002/Controller/CommonController.class.php 第 56 行.
NOTIC: [8192] Non-static method Template00002\Model\CommonModel::saveStatis() should not be called statically, assuming $this from incompatible context /var/www/html/amigo/amigo/Template00002/Controller/CommonController.class.php 第 64 行.
SQL: SHOW COLUMNS FROM `market_system_news` [ RunTime:0.0006s ]
SQL: SELECT COUNT(*) AS tp_count FROM `market_system_news` WHERE `obj_id` = 744 AND `obj_type` = 1 AND `status` <> '-1' AND `is_read` = 0 LIMIT 1   [ RunTime:0.0004s ]
SQL: SHOW COLUMNS FROM `market_button_click_statistics` [ RunTime:0.0005s ]
SQL: SELECT * FROM `market_button_click_statistics` WHERE `company_id` = 10 AND `date` = 1509724800 AND `button_type` = 2 LIMIT 1   [ RunTime:0.0004s ]
SQL: UPDATE `market_button_click_statistics` SET `click_total`=click_total+1 WHERE `company_id` = 10 AND `date` = 1509724800 AND `button_type` = 2 [ RunTime:0.0005s ]

[ 2017-11-04T17:46:52+08:00 ] 183.36.112.205 /Template00002/Index/ajaxControl.html?companyName=001&flag=indexButtonClickStatistics&button=1
INFO: [ app_init ] --START--
INFO: Run Behavior\BuildLiteBehavior [ RunTime:0.000011s ]
INFO: [ app_init ] --END-- [ RunTime:0.000248s ]
INFO: [ app_begin ] --START--
INFO: Run Behavior\ReadHtmlCacheBehavior [ RunTime:0.000286s ]
INFO: [ app_begin ] --END-- [ RunTime:0.000326s ]
SQL: SHOW COLUMNS FROM `market_project` [ RunTime:0.0007s ]
SQL: SELECT `id`,`template_id`,`category_id` FROM `market_project` WHERE `project_link` = 'www.chinaimigo.com' AND `status` = 0 LIMIT 1   [ RunTime:0.0004s ]
SQL: SHOW COLUMNS FROM `market_template_change` [ RunTime:0.0005s ]
SQL: SELECT `template_path` FROM `market_template_change` WHERE `id` = 2 LIMIT 1   [ RunTime:0.0004s ]
SQL: SHOW COLUMNS FROM `market_write_info` [ RunTime:0.0005s ]
SQL: SELECT `market_name`,`principal`,`phone`,`project_logo`,`email`,`address_id`,`address_info`,`abstruct`,`app_id`,`app_secret`,`mch_id`,`mch_sectet` FROM `market_write_info` WHERE `relevance_id` = 9 LIMIT 1   [ RunTime:0.0004s ]
SQL: SELECT `id` FROM `market_project` WHERE `project_link` = 'www.chinaimigo.com' LIMIT 1   [ RunTime:0.0003s ]
SQL: SHOW COLUMNS FROM `market_company` [ RunTime:0.0007s ]
SQL: SELECT `id` FROM `market_company` WHERE `web_postfix` = '001' AND `status` = 0 AND `relevance_id` = 9 LIMIT 1   [ RunTime:0.0003s ]
NOTIC: [8] Undefined index: visitor /var/www/html/amigo/amigo/Template00002/Controller/CommonController.class.php 第 56 行.
NOTIC: [8192] Non-static method Template00002\Model\CommonModel::saveStatis() should not be called statically, assuming $this from incompatible context /var/www/html/amigo/amigo/Template00002/Controller/CommonController.class.php 第 64 行.
SQL: SHOW COLUMNS FROM `market_system_news` [ RunTime:0.0005s ]
SQL: SELECT COUNT(*) AS tp_count FROM `market_system_news` WHERE `obj_id` = 744 AND `obj_type` = 1 AND `status` <> '-1' AND `is_read` = 0 LIMIT 1   [ RunTime:0.0006s ]
SQL: SHOW COLUMNS FROM `market_button_click_statistics` [ RunTime:0.0007s ]
SQL: SELECT * FROM `market_button_click_statistics` WHERE `company_id` = 10 AND `date` = 1509724800 AND `button_type` = 1 LIMIT 1   [ RunTime:0.0004s ]
SQL: UPDATE `market_button_click_statistics` SET `click_total`=click_total+1 WHERE `company_id` = 10 AND `date` = 1509724800 AND `button_type` = 1 [ RunTime:0.0004s ]

[ 2017-11-04T17:46:56+08:00 ] 183.36.112.205 /Template00002/Index/ajaxControl.html?companyName=001&flag=indexButtonClickStatistics&button=5
INFO: [ app_init ] --START--
INFO: Run Behavior\BuildLiteBehavior [ RunTime:0.000012s ]
INFO: [ app_init ] --END-- [ RunTime:0.000222s ]
INFO: [ app_begin ] --START--
INFO: Run Behavior\ReadHtmlCacheBehavior [ RunTime:0.000297s ]
INFO: [ app_begin ] --END-- [ RunTime:0.000333s ]
SQL: SHOW COLUMNS FROM `market_project` [ RunTime:0.0007s ]
SQL: SELECT `id`,`template_id`,`category_id` FROM `market_project` WHERE `project_link` = 'www.chinaimigo.com' AND `status` = 0 LIMIT 1   [ RunTime:0.0004s ]
SQL: SHOW COLUMNS FROM `market_template_change` [ RunTime:0.0005s ]
SQL: SELECT `template_path` FROM `market_template_change` WHERE `id` = 2 LIMIT 1   [ RunTime:0.0003s ]
SQL: SHOW COLUMNS FROM `market_write_info` [ RunTime:0.0006s ]
SQL: SELECT `market_name`,`principal`,`phone`,`project_logo`,`email`,`address_id`,`address_info`,`abstruct`,`app_id`,`app_secret`,`mch_id`,`mch_sectet` FROM `market_write_info` WHERE `relevance_id` = 9 LIMIT 1   [ RunTime:0.0004s ]
SQL: SELECT `id` FROM `market_project` WHERE `project_link` = 'www.chinaimigo.com' LIMIT 1   [ RunTime:0.0003s ]
SQL: SHOW COLUMNS FROM `market_company` [ RunTime:0.0007s ]
SQL: SELECT `id` FROM `market_company` WHERE `web_postfix` = '001' AND `status` = 0 AND `relevance_id` = 9 LIMIT 1   [ RunTime:0.0004s ]
NOTIC: [8] Undefined index: visitor /var/www/html/amigo/amigo/Template00002/Controller/CommonController.class.php 第 56 行.
NOTIC: [8192] Non-static method Template00002\Model\CommonModel::saveStatis() should not be called statically, assuming $this from incompatible context /var/www/html/amigo/amigo/Template00002/Controller/CommonController.class.php 第 64 行.
SQL: SHOW COLUMNS FROM `market_system_news` [ RunTime:0.0005s ]
SQL: SELECT COUNT(*) AS tp_count FROM `market_system_news` WHERE `obj_id` = 744 AND `obj_type` = 1 AND `status` <> '-1' AND `is_read` = 0 LIMIT 1   [ RunTime:0.0004s ]
SQL: SHOW COLUMNS FROM `market_button_click_statistics` [ RunTime:0.0005s ]
SQL: SELECT * FROM `market_button_click_statistics` WHERE `company_id` = 10 AND `date` = 1509724800 AND `button_type` = 5 LIMIT 1   [ RunTime:0.0004s ]
SQL: UPDATE `market_button_click_statistics` SET `click_total`=click_total+1 WHERE `company_id` = 10 AND `date` = 1509724800 AND `button_type` = 5 [ RunTime:0.0005s ]

[ 2017-11-04T17:46:58+08:00 ] 183.36.112.205 /Template00002/Index/ajaxControl.html?companyName=001&flag=indexButtonClickStatistics&button=2
INFO: [ app_init ] --START--
INFO: Run Behavior\BuildLiteBehavior [ RunTime:0.000020s ]
INFO: [ app_init ] --END-- [ RunTime:0.000319s ]
INFO: [ app_begin ] --START--
INFO: Run Behavior\ReadHtmlCacheBehavior [ RunTime:0.000355s ]
INFO: [ app_begin ] --END-- [ RunTime:0.000401s ]
SQL: SHOW COLUMNS FROM `market_project` [ RunTime:0.0007s ]
SQL: SELECT `id`,`template_id`,`category_id` FROM `market_project` WHERE `project_link` = 'www.chinaimigo.com' AND `status` = 0 LIMIT 1   [ RunTime:0.0004s ]
SQL: SHOW COLUMNS FROM `market_template_change` [ RunTime:0.0005s ]
SQL: SELECT `template_path` FROM `market_template_change` WHERE `id` = 2 LIMIT 1   [ RunTime:0.0003s ]
SQL: SHOW COLUMNS FROM `market_write_info` [ RunTime:0.0006s ]
SQL: SELECT `market_name`,`principal`,`phone`,`project_logo`,`email`,`address_id`,`address_info`,`abstruct`,`app_id`,`app_secret`,`mch_id`,`mch_sectet` FROM `market_write_info` WHERE `relevance_id` = 9 LIMIT 1   [ RunTime:0.0004s ]
SQL: SELECT `id` FROM `market_project` WHERE `project_link` = 'www.chinaimigo.com' LIMIT 1   [ RunTime:0.0004s ]
SQL: SHOW COLUMNS FROM `market_company` [ RunTime:0.0007s ]
SQL: SELECT `id` FROM `market_company` WHERE `web_postfix` = '001' AND `status` = 0 AND `relevance_id` = 9 LIMIT 1   [ RunTime:0.0004s ]
NOTIC: [8] Undefined index: visitor /var/www/html/amigo/amigo/Template00002/Controller/CommonController.class.php 第 56 行.
NOTIC: [8192] Non-static method Template00002\Model\CommonModel::saveStatis() should not be called statically, assuming $this from incompatible context /var/www/html/amigo/amigo/Template00002/Controller/CommonController.class.php 第 64 行.
SQL: SHOW COLUMNS FROM `market_system_news` [ RunTime:0.0006s ]
SQL: SELECT COUNT(*) AS tp_count FROM `market_system_news` WHERE `obj_id` = 744 AND `obj_type` = 1 AND `status` <> '-1' AND `is_read` = 0 LIMIT 1   [ RunTime:0.0004s ]
SQL: SHOW COLUMNS FROM `market_button_click_statistics` [ RunTime:0.0005s ]
SQL: SELECT * FROM `market_button_click_statistics` WHERE `company_id` = 10 AND `date` = 1509724800 AND `button_type` = 2 LIMIT 1   [ RunTime:0.0004s ]
SQL: UPDATE `market_button_click_statistics` SET `click_total`=click_total+1 WHERE `company_id` = 10 AND `date` = 1509724800 AND `button_type` = 2 [ RunTime:0.0005s ]

[ 2017-11-04T18:09:31+08:00 ] 183.36.112.205 /Template00002/Index/ajaxControl.html?companyName=001&flag=indexButtonClickStatistics&button=2
INFO: [ app_init ] --START--
INFO: Run Behavior\BuildLiteBehavior [ RunTime:0.000016s ]
INFO: [ app_init ] --END-- [ RunTime:0.000300s ]
INFO: [ app_begin ] --START--
INFO: Run Behavior\ReadHtmlCacheBehavior [ RunTime:0.000436s ]
INFO: [ app_begin ] --END-- [ RunTime:0.000493s ]
SQL: SHOW COLUMNS FROM `market_project` [ RunTime:0.0007s ]
SQL: SELECT `id`,`template_id`,`category_id` FROM `market_project` WHERE `project_link` = 'www.chinaimigo.com' AND `status` = 0 LIMIT 1   [ RunTime:0.0004s ]
SQL: SHOW COLUMNS FROM `market_template_change` [ RunTime:0.0005s ]
SQL: SELECT `template_path` FROM `market_template_change` WHERE `id` = 2 LIMIT 1   [ RunTime:0.0003s ]
SQL: SHOW COLUMNS FROM `market_write_info` [ RunTime:0.0006s ]
SQL: SELECT `market_name`,`principal`,`phone`,`project_logo`,`email`,`address_id`,`address_info`,`abstruct`,`app_id`,`app_secret`,`mch_id`,`mch_sectet` FROM `market_write_info` WHERE `relevance_id` = 9 LIMIT 1   [ RunTime:0.0004s ]
SQL: SELECT `id` FROM `market_project` WHERE `project_link` = 'www.chinaimigo.com' LIMIT 1   [ RunTime:0.0004s ]
SQL: SHOW COLUMNS FROM `market_company` [ RunTime:0.0007s ]
SQL: SELECT `id` FROM `market_company` WHERE `web_postfix` = '001' AND `status` = 0 AND `relevance_id` = 9 LIMIT 1   [ RunTime:0.0005s ]
NOTIC: [8] Undefined index: visitor /var/www/html/amigo/amigo/Template00002/Controller/CommonController.class.php 第 56 行.
NOTIC: [8192] Non-static method Template00002\Model\CommonModel::saveStatis() should not be called statically, assuming $this from incompatible context /var/www/html/amigo/amigo/Template00002/Controller/CommonController.class.php 第 64 行.
SQL: SHOW COLUMNS FROM `market_system_news` [ RunTime:0.0006s ]
SQL: SELECT COUNT(*) AS tp_count FROM `market_system_news` WHERE `obj_id` = 744 AND `obj_type` = 1 AND `status` <> '-1' AND `is_read` = 0 LIMIT 1   [ RunTime:0.0004s ]
SQL: SHOW COLUMNS FROM `market_button_click_statistics` [ RunTime:0.0005s ]
SQL: SELECT * FROM `market_button_click_statistics` WHERE `company_id` = 10 AND `date` = 1509724800 AND `button_type` = 2 LIMIT 1   [ RunTime:0.0005s ]
SQL: UPDATE `market_button_click_statistics` SET `click_total`=click_total+1 WHERE `company_id` = 10 AND `date` = 1509724800 AND `button_type` = 2 [ RunTime:0.0005s ]

[ 2017-11-04T19:00:52+08:00 ] 183.36.112.205 /Template00002/Index/ajaxControl.html?companyName=001&flag=indexButtonClickStatistics&button=3
INFO: [ app_init ] --START--
INFO: Run Behavior\BuildLiteBehavior [ RunTime:0.000016s ]
INFO: [ app_init ] --END-- [ RunTime:0.000246s ]
INFO: [ app_begin ] --START--
INFO: Run Behavior\ReadHtmlCacheBehavior [ RunTime:0.000323s ]
INFO: [ app_begin ] --END-- [ RunTime:0.000373s ]
SQL: SHOW COLUMNS FROM `market_project` [ RunTime:0.0007s ]
SQL: SELECT `id`,`template_id`,`category_id` FROM `market_project` WHERE `project_link` = 'www.chinaimigo.com' AND `status` = 0 LIMIT 1   [ RunTime:0.0005s ]
SQL: SHOW COLUMNS FROM `market_template_change` [ RunTime:0.0005s ]
SQL: SELECT `template_path` FROM `market_template_change` WHERE `id` = 2 LIMIT 1   [ RunTime:0.0003s ]
SQL: SHOW COLUMNS FROM `market_write_info` [ RunTime:0.0006s ]
SQL: SELECT `market_name`,`principal`,`phone`,`project_logo`,`email`,`address_id`,`address_info`,`abstruct`,`app_id`,`app_secret`,`mch_id`,`mch_sectet` FROM `market_write_info` WHERE `relevance_id` = 9 LIMIT 1   [ RunTime:0.0004s ]
SQL: SELECT `id` FROM `market_project` WHERE `project_link` = 'www.chinaimigo.com' LIMIT 1   [ RunTime:0.0003s ]
SQL: SHOW COLUMNS FROM `market_company` [ RunTime:0.0007s ]
SQL: SELECT `id` FROM `market_company` WHERE `web_postfix` = '001' AND `status` = 0 AND `relevance_id` = 9 LIMIT 1   [ RunTime:0.0004s ]
NOTIC: [8] Undefined index: visitor /var/www/html/amigo/amigo/Template00002/Controller/CommonController.class.php 第 56 行.
NOTIC: [8192] Non-static method Template00002\Model\CommonModel::saveStatis() should not be called statically, assuming $this from incompatible context /var/www/html/amigo/amigo/Template00002/Controller/CommonController.class.php 第 64 行.
SQL: SHOW COLUMNS FROM `market_system_news` [ RunTime:0.0005s ]
SQL: SELECT COUNT(*) AS tp_count FROM `market_system_news` WHERE `obj_id` = 744 AND `obj_type` = 1 AND `status` <> '-1' AND `is_read` = 0 LIMIT 1   [ RunTime:0.0004s ]
SQL: SHOW COLUMNS FROM `market_button_click_statistics` [ RunTime:0.0005s ]
SQL: SELECT * FROM `market_button_click_statistics` WHERE `company_id` = 10 AND `date` = 1509724800 AND `button_type` = 3 LIMIT 1   [ RunTime:0.0004s ]
SQL: UPDATE `market_button_click_statistics` SET `click_total`=click_total+1 WHERE `company_id` = 10 AND `date` = 1509724800 AND `button_type` = 3 [ RunTime:0.0005s ]

[ 2017-11-04T19:00:54+08:00 ] 183.36.112.205 /Template00002/Index/ajaxControl.html?companyName=001&flag=indexButtonClickStatistics&button=5
INFO: [ app_init ] --START--
INFO: Run Behavior\BuildLiteBehavior [ RunTime:0.000011s ]
INFO: [ app_init ] --END-- [ RunTime:0.000210s ]
INFO: [ app_begin ] --START--
INFO: Run Behavior\ReadHtmlCacheBehavior [ RunTime:0.000374s ]
INFO: [ app_begin ] --END-- [ RunTime:0.000415s ]
SQL: SHOW COLUMNS FROM `market_project` [ RunTime:0.0007s ]
SQL: SELECT `id`,`template_id`,`category_id` FROM `market_project` WHERE `project_link` = 'www.chinaimigo.com' AND `status` = 0 LIMIT 1   [ RunTime:0.0004s ]
SQL: SHOW COLUMNS FROM `market_template_change` [ RunTime:0.0005s ]
SQL: SELECT `template_path` FROM `market_template_change` WHERE `id` = 2 LIMIT 1   [ RunTime:0.0004s ]
SQL: SHOW COLUMNS FROM `market_write_info` [ RunTime:0.0006s ]
SQL: SELECT `market_name`,`principal`,`phone`,`project_logo`,`email`,`address_id`,`address_info`,`abstruct`,`app_id`,`app_secret`,`mch_id`,`mch_sectet` FROM `market_write_info` WHERE `relevance_id` = 9 LIMIT 1   [ RunTime:0.0004s ]
SQL: SELECT `id` FROM `market_project` WHERE `project_link` = 'www.chinaimigo.com' LIMIT 1   [ RunTime:0.0003s ]
SQL: SHOW COLUMNS FROM `market_company` [ RunTime:0.0006s ]
SQL: SELECT `id` FROM `market_company` WHERE `web_postfix` = '001' AND `status` = 0 AND `relevance_id` = 9 LIMIT 1   [ RunTime:0.0004s ]
NOTIC: [8] Undefined index: visitor /var/www/html/amigo/amigo/Template00002/Controller/CommonController.class.php 第 56 行.
NOTIC: [8192] Non-static method Template00002\Model\CommonModel::saveStatis() should not be called statically, assuming $this from incompatible context /var/www/html/amigo/amigo/Template00002/Controller/CommonController.class.php 第 64 行.
SQL: SHOW COLUMNS FROM `market_system_news` [ RunTime:0.0005s ]
SQL: SELECT COUNT(*) AS tp_count FROM `market_system_news` WHERE `obj_id` = 744 AND `obj_type` = 1 AND `status` <> '-1' AND `is_read` = 0 LIMIT 1   [ RunTime:0.0004s ]
SQL: SHOW COLUMNS FROM `market_button_click_statistics` [ RunTime:0.0005s ]
SQL: SELECT * FROM `market_button_click_statistics` WHERE `company_id` = 10 AND `date` = 1509724800 AND `button_type` = 5 LIMIT 1   [ RunTime:0.0004s ]
SQL: UPDATE `market_button_click_statistics` SET `click_total`=click_total+1 WHERE `company_id` = 10 AND `date` = 1509724800 AND `button_type` = 5 [ RunTime:0.0004s ]

[ 2017-11-04T19:01:16+08:00 ] 183.36.112.205 /Template00002/Index/ajaxControl.html?companyName=001&flag=indexButtonClickStatistics&button=1
INFO: [ app_init ] --START--
INFO: Run Behavior\BuildLiteBehavior [ RunTime:0.000014s ]
INFO: [ app_init ] --END-- [ RunTime:0.000225s ]
INFO: [ app_begin ] --START--
INFO: Run Behavior\ReadHtmlCacheBehavior [ RunTime:0.000278s ]
INFO: [ app_begin ] --END-- [ RunTime:0.000309s ]
SQL: SHOW COLUMNS FROM `market_project` [ RunTime:0.0007s ]
SQL: SELECT `id`,`template_id`,`category_id` FROM `market_project` WHERE `project_link` = 'www.chinaimigo.com' AND `status` = 0 LIMIT 1   [ RunTime:0.0004s ]
SQL: SHOW COLUMNS FROM `market_template_change` [ RunTime:0.0005s ]
SQL: SELECT `template_path` FROM `market_template_change` WHERE `id` = 2 LIMIT 1   [ RunTime:0.0004s ]
SQL: SHOW COLUMNS FROM `market_write_info` [ RunTime:0.0006s ]
SQL: SELECT `market_name`,`principal`,`phone`,`project_logo`,`email`,`address_id`,`address_info`,`abstruct`,`app_id`,`app_secret`,`mch_id`,`mch_sectet` FROM `market_write_info` WHERE `relevance_id` = 9 LIMIT 1   [ RunTime:0.0004s ]
SQL: SELECT `id` FROM `market_project` WHERE `project_link` = 'www.chinaimigo.com' LIMIT 1   [ RunTime:0.0003s ]
SQL: SHOW COLUMNS FROM `market_company` [ RunTime:0.0007s ]
SQL: SELECT `id` FROM `market_company` WHERE `web_postfix` = '001' AND `status` = 0 AND `relevance_id` = 9 LIMIT 1   [ RunTime:0.0004s ]
NOTIC: [8] Undefined index: visitor /var/www/html/amigo/amigo/Template00002/Controller/CommonController.class.php 第 56 行.
NOTIC: [8192] Non-static method Template00002\Model\CommonModel::saveStatis() should not be called statically, assuming $this from incompatible context /var/www/html/amigo/amigo/Template00002/Controller/CommonController.class.php 第 64 行.
SQL: SHOW COLUMNS FROM `market_system_news` [ RunTime:0.0005s ]
SQL: SELECT COUNT(*) AS tp_count FROM `market_system_news` WHERE `obj_id` = 744 AND `obj_type` = 1 AND `status` <> '-1' AND `is_read` = 0 LIMIT 1   [ RunTime:0.0004s ]
SQL: SHOW COLUMNS FROM `market_button_click_statistics` [ RunTime:0.0005s ]
SQL: SELECT * FROM `market_button_click_statistics` WHERE `company_id` = 10 AND `date` = 1509724800 AND `button_type` = 1 LIMIT 1   [ RunTime:0.0004s ]
SQL: UPDATE `market_button_click_statistics` SET `click_total`=click_total+1 WHERE `company_id` = 10 AND `date` = 1509724800 AND `button_type` = 1 [ RunTime:0.0005s ]

[ 2017-11-04T19:39:08+08:00 ] 116.22.208.186 /Template00002/Index/ajaxControl.html?companyName=001&flag=indexButtonClickStatistics&button=2
INFO: [ app_init ] --START--
INFO: Run Behavior\BuildLiteBehavior [ RunTime:0.000009s ]
INFO: [ app_init ] --END-- [ RunTime:0.000209s ]
INFO: [ app_begin ] --START--
INFO: Run Behavior\ReadHtmlCacheBehavior [ RunTime:0.000355s ]
INFO: [ app_begin ] --END-- [ RunTime:0.000393s ]
SQL: SHOW COLUMNS FROM `market_project` [ RunTime:0.0006s ]
SQL: SELECT `id`,`template_id`,`category_id` FROM `market_project` WHERE `project_link` = 'www.chinaimigo.com' AND `status` = 0 LIMIT 1   [ RunTime:0.0004s ]
SQL: SHOW COLUMNS FROM `market_template_change` [ RunTime:0.0006s ]
SQL: SELECT `template_path` FROM `market_template_change` WHERE `id` = 2 LIMIT 1   [ RunTime:0.0003s ]
SQL: SHOW COLUMNS FROM `market_write_info` [ RunTime:0.0005s ]
SQL: SELECT `market_name`,`principal`,`phone`,`project_logo`,`email`,`address_id`,`address_info`,`abstruct`,`app_id`,`app_secret`,`mch_id`,`mch_sectet` FROM `market_write_info` WHERE `relevance_id` = 9 LIMIT 1   [ RunTime:0.0004s ]
SQL: SELECT `id` FROM `market_project` WHERE `project_link` = 'www.chinaimigo.com' LIMIT 1   [ RunTime:0.0003s ]
SQL: SHOW COLUMNS FROM `market_company` [ RunTime:0.0006s ]
SQL: SELECT `id` FROM `market_company` WHERE `web_postfix` = '001' AND `status` = 0 AND `relevance_id` = 9 LIMIT 1   [ RunTime:0.0004s ]
NOTIC: [8] Undefined index: visitor /var/www/html/amigo/amigo/Template00002/Controller/CommonController.class.php 第 56 行.
NOTIC: [8192] Non-static method Template00002\Model\CommonModel::saveStatis() should not be called statically, assuming $this from incompatible context /var/www/html/amigo/amigo/Template00002/Controller/CommonController.class.php 第 64 行.
SQL: SHOW COLUMNS FROM `market_system_news` [ RunTime:0.0006s ]
SQL: SELECT COUNT(*) AS tp_count FROM `market_system_news` WHERE `obj_id` = 744 AND `obj_type` = 1 AND `status` <> '-1' AND `is_read` = 0 LIMIT 1   [ RunTime:0.0004s ]
SQL: SHOW COLUMNS FROM `market_button_click_statistics` [ RunTime:0.0005s ]
SQL: SELECT * FROM `market_button_click_statistics` WHERE `company_id` = 10 AND `date` = 1509724800 AND `button_type` = 2 LIMIT 1   [ RunTime:0.0004s ]
SQL: UPDATE `market_button_click_statistics` SET `click_total`=click_total+1 WHERE `company_id` = 10 AND `date` = 1509724800 AND `button_type` = 2 [ RunTime:0.0004s ]

[ 2017-11-04T21:19:02+08:00 ] 183.36.112.205 /Template00002/Index/ajaxControl.html?companyName=001&flag=indexButtonClickStatistics&button=1
INFO: [ app_init ] --START--
INFO: Run Behavior\BuildLiteBehavior [ RunTime:0.000011s ]
INFO: [ app_init ] --END-- [ RunTime:0.000218s ]
INFO: [ app_begin ] --START--
INFO: Run Behavior\ReadHtmlCacheBehavior [ RunTime:0.000419s ]
INFO: [ app_begin ] --END-- [ RunTime:0.000460s ]
SQL: SHOW COLUMNS FROM `market_project` [ RunTime:0.0007s ]
SQL: SELECT `id`,`template_id`,`category_id` FROM `market_project` WHERE `project_link` = 'www.chinaimigo.com' AND `status` = 0 LIMIT 1   [ RunTime:0.0004s ]
SQL: SHOW COLUMNS FROM `market_template_change` [ RunTime:0.0011s ]
SQL: SELECT `template_path` FROM `market_template_change` WHERE `id` = 2 LIMIT 1   [ RunTime:0.0003s ]
SQL: SHOW COLUMNS FROM `market_write_info` [ RunTime:0.0006s ]
SQL: SELECT `market_name`,`principal`,`phone`,`project_logo`,`email`,`address_id`,`address_info`,`abstruct`,`app_id`,`app_secret`,`mch_id`,`mch_sectet` FROM `market_write_info` WHERE `relevance_id` = 9 LIMIT 1   [ RunTime:0.0010s ]
SQL: SELECT `id` FROM `market_project` WHERE `project_link` = 'www.chinaimigo.com' LIMIT 1   [ RunTime:0.0004s ]
SQL: SHOW COLUMNS FROM `market_company` [ RunTime:0.0007s ]
SQL: SELECT `id` FROM `market_company` WHERE `web_postfix` = '001' AND `status` = 0 AND `relevance_id` = 9 LIMIT 1   [ RunTime:0.0004s ]
NOTIC: [8] Undefined index: visitor /var/www/html/amigo/amigo/Template00002/Controller/CommonController.class.php 第 56 行.
NOTIC: [8192] Non-static method Template00002\Model\CommonModel::saveStatis() should not be called statically, assuming $this from incompatible context /var/www/html/amigo/amigo/Template00002/Controller/CommonController.class.php 第 64 行.
SQL: SHOW COLUMNS FROM `market_system_news` [ RunTime:0.0006s ]
SQL: SELECT COUNT(*) AS tp_count FROM `market_system_news` WHERE `obj_id` = 744 AND `obj_type` = 1 AND `status` <> '-1' AND `is_read` = 0 LIMIT 1   [ RunTime:0.0004s ]
SQL: SHOW COLUMNS FROM `market_button_click_statistics` [ RunTime:0.0005s ]
SQL: SELECT * FROM `market_button_click_statistics` WHERE `company_id` = 10 AND `date` = 1509724800 AND `button_type` = 1 LIMIT 1   [ RunTime:0.0004s ]
SQL: UPDATE `market_button_click_statistics` SET `click_total`=click_total+1 WHERE `company_id` = 10 AND `date` = 1509724800 AND `button_type` = 1 [ RunTime:0.0005s ]

[ 2017-11-04T21:30:39+08:00 ] 183.36.112.205 /Template00002/Index/ajaxControl.html?companyName=001&flag=indexButtonClickStatistics&button=5
INFO: [ app_init ] --START--
INFO: Run Behavior\BuildLiteBehavior [ RunTime:0.000017s ]
INFO: [ app_init ] --END-- [ RunTime:0.000370s ]
INFO: [ app_begin ] --START--
INFO: Run Behavior\ReadHtmlCacheBehavior [ RunTime:0.000473s ]
INFO: [ app_begin ] --END-- [ RunTime:0.000518s ]
SQL: SHOW COLUMNS FROM `market_project` [ RunTime:0.0007s ]
SQL: SELECT `id`,`template_id`,`category_id` FROM `market_project` WHERE `project_link` = 'www.chinaimigo.com' AND `status` = 0 LIMIT 1   [ RunTime:0.0004s ]
SQL: SHOW COLUMNS FROM `market_template_change` [ RunTime:0.0005s ]
SQL: SELECT `template_path` FROM `market_template_change` WHERE `id` = 2 LIMIT 1   [ RunTime:0.0003s ]
SQL: SHOW COLUMNS FROM `market_write_info` [ RunTime:0.0005s ]
SQL: SELECT `market_name`,`principal`,`phone`,`project_logo`,`email`,`address_id`,`address_info`,`abstruct`,`app_id`,`app_secret`,`mch_id`,`mch_sectet` FROM `market_write_info` WHERE `relevance_id` = 9 LIMIT 1   [ RunTime:0.0004s ]
SQL: SELECT `id` FROM `market_project` WHERE `project_link` = 'www.chinaimigo.com' LIMIT 1   [ RunTime:0.0003s ]
SQL: SHOW COLUMNS FROM `market_company` [ RunTime:0.0007s ]
SQL: SELECT `id` FROM `market_company` WHERE `web_postfix` = '001' AND `status` = 0 AND `relevance_id` = 9 LIMIT 1   [ RunTime:0.0004s ]
NOTIC: [8] Undefined index: visitor /var/www/html/amigo/amigo/Template00002/Controller/CommonController.class.php 第 56 行.
NOTIC: [8192] Non-static method Template00002\Model\CommonModel::saveStatis() should not be called statically, assuming $this from incompatible context /var/www/html/amigo/amigo/Template00002/Controller/CommonController.class.php 第 64 行.
SQL: SHOW COLUMNS FROM `market_system_news` [ RunTime:0.0005s ]
SQL: SELECT COUNT(*) AS tp_count FROM `market_system_news` WHERE `obj_id` = 744 AND `obj_type` = 1 AND `status` <> '-1' AND `is_read` = 0 LIMIT 1   [ RunTime:0.0004s ]
SQL: SHOW COLUMNS FROM `market_button_click_statistics` [ RunTime:0.0005s ]
SQL: SELECT * FROM `market_button_click_statistics` WHERE `company_id` = 10 AND `date` = 1509724800 AND `button_type` = 5 LIMIT 1   [ RunTime:0.0005s ]
SQL: UPDATE `market_button_click_statistics` SET `click_total`=click_total+1 WHERE `company_id` = 10 AND `date` = 1509724800 AND `button_type` = 5 [ RunTime:0.0005s ]

[ 2017-11-04T21:30:44+08:00 ] 183.36.112.205 /Template00002/Index/ajaxControl.html?companyName=004&flag=indexButtonClickStatistics&button=2
INFO: [ app_init ] --START--
INFO: Run Behavior\BuildLiteBehavior [ RunTime:0.000013s ]
INFO: [ app_init ] --END-- [ RunTime:0.000229s ]
INFO: [ app_begin ] --START--
INFO: Run Behavior\ReadHtmlCacheBehavior [ RunTime:0.000280s ]
INFO: [ app_begin ] --END-- [ RunTime:0.000325s ]
SQL: SHOW COLUMNS FROM `market_project` [ RunTime:0.0007s ]
SQL: SELECT `id`,`template_id`,`category_id` FROM `market_project` WHERE `project_link` = 'www.chinaimigo.com' AND `status` = 0 LIMIT 1   [ RunTime:0.0004s ]
SQL: SHOW COLUMNS FROM `market_template_change` [ RunTime:0.0005s ]
SQL: SELECT `template_path` FROM `market_template_change` WHERE `id` = 2 LIMIT 1   [ RunTime:0.0003s ]
SQL: SHOW COLUMNS FROM `market_write_info` [ RunTime:0.0006s ]
SQL: SELECT `market_name`,`principal`,`phone`,`project_logo`,`email`,`address_id`,`address_info`,`abstruct`,`app_id`,`app_secret`,`mch_id`,`mch_sectet` FROM `market_write_info` WHERE `relevance_id` = 9 LIMIT 1   [ RunTime:0.0004s ]
SQL: SELECT `id` FROM `market_project` WHERE `project_link` = 'www.chinaimigo.com' LIMIT 1   [ RunTime:0.0003s ]
SQL: SHOW COLUMNS FROM `market_company` [ RunTime:0.0007s ]
SQL: SELECT `id` FROM `market_company` WHERE `web_postfix` = '004' AND `status` = 0 AND `relevance_id` = 9 LIMIT 1   [ RunTime:0.0004s ]
NOTIC: [8] Undefined index: visitor /var/www/html/amigo/amigo/Template00002/Controller/CommonController.class.php 第 56 行.
NOTIC: [8192] Non-static method Template00002\Model\CommonModel::saveStatis() should not be called statically, assuming $this from incompatible context /var/www/html/amigo/amigo/Template00002/Controller/CommonController.class.php 第 64 行.
SQL: SHOW COLUMNS FROM `market_system_news` [ RunTime:0.0007s ]
SQL: SELECT COUNT(*) AS tp_count FROM `market_system_news` WHERE `obj_id` = 744 AND `obj_type` = 1 AND `status` <> '-1' AND `is_read` = 0 LIMIT 1   [ RunTime:0.0004s ]
SQL: SHOW COLUMNS FROM `market_button_click_statistics` [ RunTime:0.0005s ]
SQL: SELECT * FROM `market_button_click_statistics` WHERE `company_id` = 13 AND `date` = 1509724800 AND `button_type` = 2 LIMIT 1   [ RunTime:0.0005s ]
SQL: UPDATE `market_button_click_statistics` SET `click_total`=click_total+1 WHERE `company_id` = 13 AND `date` = 1509724800 AND `button_type` = 2 [ RunTime:0.0005s ]

[ 2017-11-04T21:35:00+08:00 ] 183.36.112.205 /Template00002/Index/ajaxControl.html?companyName=001&flag=indexButtonClickStatistics&button=3
INFO: [ app_init ] --START--
INFO: Run Behavior\BuildLiteBehavior [ RunTime:0.000011s ]
INFO: [ app_init ] --END-- [ RunTime:0.000227s ]
INFO: [ app_begin ] --START--
INFO: Run Behavior\ReadHtmlCacheBehavior [ RunTime:0.000276s ]
INFO: [ app_begin ] --END-- [ RunTime:0.000314s ]
SQL: SHOW COLUMNS FROM `market_project` [ RunTime:0.0008s ]
SQL: SELECT `id`,`template_id`,`category_id` FROM `market_project` WHERE `project_link` = 'www.chinaimigo.com' AND `status` = 0 LIMIT 1   [ RunTime:0.0004s ]
SQL: SHOW COLUMNS FROM `market_template_change` [ RunTime:0.0005s ]
SQL: SELECT `template_path` FROM `market_template_change` WHERE `id` = 2 LIMIT 1   [ RunTime:0.0003s ]
SQL: SHOW COLUMNS FROM `market_write_info` [ RunTime:0.0005s ]
SQL: SELECT `market_name`,`principal`,`phone`,`project_logo`,`email`,`address_id`,`address_info`,`abstruct`,`app_id`,`app_secret`,`mch_id`,`mch_sectet` FROM `market_write_info` WHERE `relevance_id` = 9 LIMIT 1   [ RunTime:0.0004s ]
SQL: SELECT `id` FROM `market_project` WHERE `project_link` = 'www.chinaimigo.com' LIMIT 1   [ RunTime:0.0004s ]
SQL: SHOW COLUMNS FROM `market_company` [ RunTime:0.0007s ]
SQL: SELECT `id` FROM `market_company` WHERE `web_postfix` = '001' AND `status` = 0 AND `relevance_id` = 9 LIMIT 1   [ RunTime:0.0004s ]
NOTIC: [8] Undefined index: visitor /var/www/html/amigo/amigo/Template00002/Controller/CommonController.class.php 第 56 行.
NOTIC: [8192] Non-static method Template00002\Model\CommonModel::saveStatis() should not be called statically, assuming $this from incompatible context /var/www/html/amigo/amigo/Template00002/Controller/CommonController.class.php 第 64 行.
SQL: SHOW COLUMNS FROM `market_system_news` [ RunTime:0.0006s ]
SQL: SELECT COUNT(*) AS tp_count FROM `market_system_news` WHERE `obj_id` = 744 AND `obj_type` = 1 AND `status` <> '-1' AND `is_read` = 0 LIMIT 1   [ RunTime:0.0004s ]
SQL: SHOW COLUMNS FROM `market_button_click_statistics` [ RunTime:0.0005s ]
SQL: SELECT * FROM `market_button_click_statistics` WHERE `company_id` = 10 AND `date` = 1509724800 AND `button_type` = 3 LIMIT 1   [ RunTime:0.0004s ]
SQL: UPDATE `market_button_click_statistics` SET `click_total`=click_total+1 WHERE `company_id` = 10 AND `date` = 1509724800 AND `button_type` = 3 [ RunTime:0.0005s ]

[ 2017-11-04T21:43:26+08:00 ] 183.36.112.205 /Template00002/Index/ajaxControl.html?companyName=001&flag=indexButtonClickStatistics&button=3
INFO: [ app_init ] --START--
INFO: Run Behavior\BuildLiteBehavior [ RunTime:0.000012s ]
INFO: [ app_init ] --END-- [ RunTime:0.000215s ]
INFO: [ app_begin ] --START--
INFO: Run Behavior\ReadHtmlCacheBehavior [ RunTime:0.000299s ]
INFO: [ app_begin ] --END-- [ RunTime:0.000338s ]
SQL: SHOW COLUMNS FROM `market_project` [ RunTime:0.0007s ]
SQL: SELECT `id`,`template_id`,`category_id` FROM `market_project` WHERE `project_link` = 'www.chinaimigo.com' AND `status` = 0 LIMIT 1   [ RunTime:0.0004s ]
SQL: SHOW COLUMNS FROM `market_template_change` [ RunTime:0.0005s ]
SQL: SELECT `template_path` FROM `market_template_change` WHERE `id` = 2 LIMIT 1   [ RunTime:0.0003s ]
SQL: SHOW COLUMNS FROM `market_write_info` [ RunTime:0.0006s ]
SQL: SELECT `market_name`,`principal`,`phone`,`project_logo`,`email`,`address_id`,`address_info`,`abstruct`,`app_id`,`app_secret`,`mch_id`,`mch_sectet` FROM `market_write_info` WHERE `relevance_id` = 9 LIMIT 1   [ RunTime:0.0004s ]
SQL: SELECT `id` FROM `market_project` WHERE `project_link` = 'www.chinaimigo.com' LIMIT 1   [ RunTime:0.0003s ]
SQL: SHOW COLUMNS FROM `market_company` [ RunTime:0.0007s ]
SQL: SELECT `id` FROM `market_company` WHERE `web_postfix` = '001' AND `status` = 0 AND `relevance_id` = 9 LIMIT 1   [ RunTime:0.0004s ]
NOTIC: [8] Undefined index: visitor /var/www/html/amigo/amigo/Template00002/Controller/CommonController.class.php 第 56 行.
NOTIC: [8192] Non-static method Template00002\Model\CommonModel::saveStatis() should not be called statically, assuming $this from incompatible context /var/www/html/amigo/amigo/Template00002/Controller/CommonController.class.php 第 64 行.
SQL: SHOW COLUMNS FROM `market_system_news` [ RunTime:0.0005s ]
SQL: SELECT COUNT(*) AS tp_count FROM `market_system_news` WHERE `obj_id` = 744 AND `obj_type` = 1 AND `status` <> '-1' AND `is_read` = 0 LIMIT 1   [ RunTime:0.0004s ]
SQL: SHOW COLUMNS FROM `market_button_click_statistics` [ RunTime:0.0006s ]
SQL: SELECT * FROM `market_button_click_statistics` WHERE `company_id` = 10 AND `date` = 1509724800 AND `button_type` = 3 LIMIT 1   [ RunTime:0.0004s ]
SQL: UPDATE `market_button_click_statistics` SET `click_total`=click_total+1 WHERE `company_id` = 10 AND `date` = 1509724800 AND `button_type` = 3 [ RunTime:0.0005s ]

[ 2017-11-04T21:43:28+08:00 ] 183.36.112.205 /Template00002/Index/ajaxControl.html?companyName=001&flag=indexButtonClickStatistics&button=2
INFO: [ app_init ] --START--
INFO: Run Behavior\BuildLiteBehavior [ RunTime:0.000012s ]
INFO: [ app_init ] --END-- [ RunTime:0.000227s ]
INFO: [ app_begin ] --START--
INFO: Run Behavior\ReadHtmlCacheBehavior [ RunTime:0.000268s ]
INFO: [ app_begin ] --END-- [ RunTime:0.000329s ]
SQL: SHOW COLUMNS FROM `market_project` [ RunTime:0.0007s ]
SQL: SELECT `id`,`template_id`,`category_id` FROM `market_project` WHERE `project_link` = 'www.chinaimigo.com' AND `status` = 0 LIMIT 1   [ RunTime:0.0004s ]
SQL: SHOW COLUMNS FROM `market_template_change` [ RunTime:0.0006s ]
SQL: SELECT `template_path` FROM `market_template_change` WHERE `id` = 2 LIMIT 1   [ RunTime:0.0003s ]
SQL: SHOW COLUMNS FROM `market_write_info` [ RunTime:0.0005s ]
SQL: SELECT `market_name`,`principal`,`phone`,`project_logo`,`email`,`address_id`,`address_info`,`abstruct`,`app_id`,`app_secret`,`mch_id`,`mch_sectet` FROM `market_write_info` WHERE `relevance_id` = 9 LIMIT 1   [ RunTime:0.0004s ]
SQL: SELECT `id` FROM `market_project` WHERE `project_link` = 'www.chinaimigo.com' LIMIT 1   [ RunTime:0.0004s ]
SQL: SHOW COLUMNS FROM `market_company` [ RunTime:0.0007s ]
SQL: SELECT `id` FROM `market_company` WHERE `web_postfix` = '001' AND `status` = 0 AND `relevance_id` = 9 LIMIT 1   [ RunTime:0.0004s ]
NOTIC: [8] Undefined index: visitor /var/www/html/amigo/amigo/Template00002/Controller/CommonController.class.php 第 56 行.
NOTIC: [8192] Non-static method Template00002\Model\CommonModel::saveStatis() should not be called statically, assuming $this from incompatible context /var/www/html/amigo/amigo/Template00002/Controller/CommonController.class.php 第 64 行.
SQL: SHOW COLUMNS FROM `market_system_news` [ RunTime:0.0005s ]
SQL: SELECT COUNT(*) AS tp_count FROM `market_system_news` WHERE `obj_id` = 744 AND `obj_type` = 1 AND `status` <> '-1' AND `is_read` = 0 LIMIT 1   [ RunTime:0.0004s ]
SQL: SHOW COLUMNS FROM `market_button_click_statistics` [ RunTime:0.0005s ]
SQL: SELECT * FROM `market_button_click_statistics` WHERE `company_id` = 10 AND `date` = 1509724800 AND `button_type` = 2 LIMIT 1   [ RunTime:0.0005s ]
SQL: UPDATE `market_button_click_statistics` SET `click_total`=click_total+1 WHERE `company_id` = 10 AND `date` = 1509724800 AND `button_type` = 2 [ RunTime:0.0005s ]

